<?xml version="1.0" encoding="utf-8"?><testsuites name="pytest tests"><testsuite name="pytest" errors="0" failures="0" skipped="4" tests="248" time="101.054" timestamp="2025-11-18T09:24:59.086671+00:00" hostname="runnervmg1sw1"><testcase classname="" name="tests.e2e.e2e_basic_test" time="0.000"><skipped message="collection skipped">('/home/runner/work/invenio-bug-verification/invenio-bug-verification/package-repo/tests/e2e/conftest.py', 85, 'Skipped: E2E_WEBDRIVER_BROWSERS not set, end-to-end tests skipped.')</skipped></testcase><testcase classname="tests.conftest" name="PYDOCSTYLE" time="0.027" /><testcase classname="tests.conftest" name="ISORT" time="0.140" /><testcase classname="tests.conftest" name="black" time="0.312" /><testcase classname="tests.e2e.conftest" name="PYDOCSTYLE" time="0.010" /><testcase classname="tests.e2e.conftest" name="ISORT" time="0.023" /><testcase classname="tests.e2e.conftest" name="black" time="0.163" /><testcase classname="tests.e2e.e2e_basic_test" name="PYDOCSTYLE" time="0.008" /><testcase classname="tests.e2e.e2e_basic_test" name="ISORT" time="0.016" /><testcase classname="tests.e2e.e2e_basic_test" name="black" time="0.161" /><testcase classname="tests.test_admin" name="ISORT" time="0.026" /><testcase classname="tests.test_admin" name="black" time="0.178" /><testcase classname="tests.test_admin" name="test_admin" time="0.747" /><testcase classname="tests.test_admin" name="test_admin_createuser" time="0.706" /><testcase classname="tests.test_admin" name="test_admin_sessions" time="0.657" /><testcase classname="tests.test_cli" name="ISORT" time="0.024" /><testcase classname="tests.test_cli" name="black" time="0.170" /><testcase classname="tests.test_cli" name="test_cli_createuser" time="0.440" /><testcase classname="tests.test_cli" name="test_cli_createrole" time="0.206" /><testcase classname="tests.test_cli" name="test_cli_addremove_role" time="0.277" /><testcase classname="tests.test_cli" name="test_cli_activate_deactivate" time="0.263" /><testcase classname="tests.test_forms" name="ISORT" time="0.011" /><testcase classname="tests.test_forms" name="black" time="0.150" /><testcase classname="tests.test_forms" name="test_confirm_register_form_factory" time="0.208" /><testcase classname="tests.test_forms" name="test_register_form_factory" time="0.202" /><testcase classname="tests.test_hash" name="ISORT" time="0.025" /><testcase classname="tests.test_hash" name="black" time="0.170" /><testcase classname="tests.test_hash" name="test_mysql_aes_encrypt" time="0.009" /><testcase classname="tests.test_hash" name="test_mysql_aes_decrypt" time="0.001" /><testcase classname="tests.test_hash" name="test_context" time="0.280" /><testcase classname="tests.test_hash" name="test_conversion" time="0.001" /><testcase classname="tests.test_hash" name="test_unicode_regression" time="0.212" /><testcase classname="tests.test_hash" name="test_invenio_aes_encrypted_email" time="0.222" /><testcase classname="tests.test_hash" name="test_user_login" time="0.310" /><testcase classname="tests.test_hash" name="test_legacy_user_login" time="0.381" /><testcase classname="tests.test_hash" name="test_monkey_patch" time="0.256" /><testcase classname="tests.test_hash" name="test_monkey_patch_legacy" time="0.220" /><testcase classname="tests.test_invenio_accounts" name="ISORT" time="0.045" /><testcase classname="tests.test_invenio_accounts" name="black" time="0.199" /><testcase classname="tests.test_invenio_accounts" name="test_version" time="0.001" /><testcase classname="tests.test_invenio_accounts" name="test_init" time="0.091" /><testcase classname="tests.test_invenio_accounts" name="test_init_rest" time="0.170" /><testcase classname="tests.test_invenio_accounts" name="test_accounts_settings_blueprint" time="0.195" /><testcase classname="tests.test_invenio_accounts" name="test_alembic" time="0.000"><skipped type="pytest.skip" message="Mergepoint is on invenio-access.">/home/runner/work/invenio-bug-verification/invenio-bug-verification/package-repo/tests/test_invenio_accounts.py:127: Mergepoint is on invenio-access.</skipped></testcase><testcase classname="tests.test_invenio_accounts" name="test_datastore_usercreate" time="0.219" /><testcase classname="tests.test_invenio_accounts" name="test_datastore_rolecreate" time="0.215" /><testcase classname="tests.test_invenio_accounts" name="test_datastore_update_role" time="0.219" /><testcase classname="tests.test_invenio_accounts" name="test_datastore_assignrole" time="0.230" /><testcase classname="tests.test_invenio_accounts" name="test_view" time="0.236" /><testcase classname="tests.test_invenio_accounts" name="test_configuration" time="0.207" /><testcase classname="tests.test_invenio_accounts" name="test_cookies" time="0.308" /><testcase classname="tests.test_invenio_accounts" name="test_kvsession_store_init_with_default_factory" time="0.202" /><testcase classname="tests.test_invenio_accounts" name="test_kvsession_store_init_with_redis_url" time="0.391" /><testcase classname="tests.test_invenio_accounts" name="test_headers_info" time="0.300" /><testcase classname="tests.test_models" name="ISORT" time="0.031" /><testcase classname="tests.test_models" name="black" time="0.182" /><testcase classname="tests.test_models" name="test_session_activity_model" time="0.267" /><testcase classname="tests.test_models" name="test_profiles" time="0.206" /><testcase classname="tests.test_models" name="test_custom_profiles" time="0.202" /><testcase classname="tests.test_models" name="test_user_domain_attr" time="0.211" /><testcase classname="tests.test_models" name="test_user_username_case_insensitive_comparator" time="0.217" /><testcase classname="tests.test_models" name="test_domain_model" time="0.227" /><testcase classname="tests.test_models" name="test_domain_org" time="0.225" /><testcase classname="tests.test_models" name="test_domain_category" time="0.212" /><testcase classname="tests.test_schemas" name="ISORT" time="0.011" /><testcase classname="tests.test_schemas" name="black" time="0.149" /><testcase classname="tests.test_schemas" name="test_validate_visibility" time="0.001" /><testcase classname="tests.test_schemas" name="test_validate_locale" time="0.202" /><testcase classname="tests.test_schemas" name="test_validate_timezone" time="0.203" /><testcase classname="tests.test_sessions" name="ISORT" time="0.041" /><testcase classname="tests.test_sessions" name="black" time="0.199" /><testcase classname="tests.test_sessions" name="test_login_listener" time="0.322" /><testcase classname="tests.test_sessions" name="test_repeated_login_session_population" time="0.477" /><testcase classname="tests.test_sessions" name="test_login_multiple_clients_single_user_session_population" time="0.409" /><testcase classname="tests.test_sessions" name="test_sessionstore_default_ttl_secs" time="0.206"><skipped type="pytest.skip" message="TTL support needed, this test requires Redis.">/home/runner/work/invenio-bug-verification/invenio-bug-verification/package-repo/tests/test_sessions.py:115: TTL support needed, this test requires Redis.</skipped></testcase><testcase classname="tests.test_sessions" name="test_session_ttl" time="0.203"><skipped type="pytest.skip" message="TTL support needed, this test requires Redis.">/home/runner/work/invenio-bug-verification/invenio-bug-verification/package-repo/tests/test_sessions.py:147: TTL support needed, this test requires Redis.</skipped></testcase><testcase classname="tests.test_sessions" name="test_repeated_login_session_expiration" time="4.329" /><testcase classname="tests.test_sessions" name="test_session_deletion" time="0.340" /><testcase classname="tests.test_sessions" name="test_deactivate_user" time="0.339" /><testcase classname="tests.test_sessions" name="test_session_extra_info_on_login" time="0.325" /><testcase classname="tests.test_sessions" name="test_session_ip_no_country" time="0.319" /><testcase classname="tests.test_tasks" name="ISORT" time="0.029" /><testcase classname="tests.test_tasks" name="black" time="0.176" /><testcase classname="tests.test_tasks" name="test_send_message_outbox" time="0.212" /><testcase classname="tests.test_tasks" name="test_send_message_through_security" time="0.272" /><testcase classname="tests.test_tasks" name="test_clean_session_table" time="40.384" /><testcase classname="tests.test_tasks" name="test_delete_ips" time="0.312" /><testcase classname="tests.test_template_context_processors" name="ISORT" time="0.008" /><testcase classname="tests.test_template_context_processors" name="black" time="0.150" /><testcase classname="tests.test_template_context_processors" name="test_context_processor_jwt" time="0.214" /><testcase classname="tests.test_template_context_processors" name="test_context_processor_jwt_token" time="0.216" /><testcase classname="tests.test_token_duration" name="ISORT" time="0.013" /><testcase classname="tests.test_token_duration" name="black" time="0.157" /><testcase classname="tests.test_token_duration" name="test_forgot_password_token[0-False]" time="1.563" /><testcase classname="tests.test_token_duration" name="test_forgot_password_token[4-True]" time="5.561" /><testcase classname="tests.test_token_duration" name="test_confirmation_token" time="5.070" /><testcase classname="tests.test_utils" name="ISORT" time="0.029" /><testcase classname="tests.test_utils" name="black" time="0.177" /><testcase classname="tests.test_utils" name="test_client_authenticated" time="0.348" /><testcase classname="tests.test_utils" name="test_create_test_user" time="0.273" /><testcase classname="tests.test_utils" name="test_create_test_user_defaults" time="0.444" /><testcase classname="tests.test_utils" name="test_login_user_via_view" time="0.324" /><testcase classname="tests.test_utils" name="test_login_user_via_session" time="0.288" /><testcase classname="tests.test_utils" name="test_jwt_token" time="0.210" /><testcase classname="tests.test_utils" name="test_jwt_expired_token" time="0.205" /><testcase classname="tests.test_utils" name="test_register_user_send_mail" time="0.794" /><testcase classname="tests.test_validated_dicts" name="ISORT" time="0.017" /><testcase classname="tests.test_validated_dicts" name="black" time="0.163" /><testcase classname="tests.test_validated_dicts" name="test_validated_dict_required_fields" time="0.002" /><testcase classname="tests.test_validated_dicts" name="test_validated_dict_optional_fields" time="0.001" /><testcase classname="tests.test_validated_dicts" name="test_validated_dict" time="0.001" /><testcase classname="tests.test_views" name="ISORT" time="0.034" /><testcase classname="tests.test_views" name="black" time="0.185" /><testcase classname="tests.test_views" name="test_no_log_in_message_for_logged_in_users" time="0.592" /><testcase classname="tests.test_views" name="test_registration_blocked" time="0.261" /><testcase classname="tests.test_views" name="test_view_list_sessions" time="0.426" /><testcase classname="tests.test_views" name="test_login_remember_me_disabled" time="0.320" /><testcase classname="tests.test_views" name="test_login_from_headers_disabled" time="0.270" /><testcase classname="tests.test_views" name="test_disabled_login" time="0.270" /><testcase classname="tests.test_views_rest" name="ISORT" time="0.076" /><testcase classname="tests.test_views_rest" name="black" time="0.249" /><testcase classname="tests.test_views_rest" name="test_login_view" time="0.372" /><testcase classname="tests.test_views_rest" name="test_disabled_login_view" time="0.249" /><testcase classname="tests.test_views_rest" name="test_registration_view" time="0.583" /><testcase classname="tests.test_views_rest" name="test_custom_registration_view" time="0.581" /><testcase classname="tests.test_views_rest" name="test_registration_view_blocked_by_domain" time="0.226" /><testcase classname="tests.test_views_rest" name="test_logout_view" time="0.299" /><testcase classname="tests.test_views_rest" name="test_forgot_password_view" time="0.882" /><testcase classname="tests.test_views_rest" name="test_disabled_forgot_password_view" time="0.881" /><testcase classname="tests.test_views_rest" name="test_reset_password_view" time="1.564" /><testcase classname="tests.test_views_rest" name="test_disabled_reset_password_view" time="0.876" /><testcase classname="tests.test_views_rest" name="test_change_password_view" time="1.014" /><testcase classname="tests.test_views_rest" name="test_disabled_change_password_view" time="0.304" /><testcase classname="tests.test_views_rest" name="test_send_confirmation_email_view" time="0.752" /><testcase classname="tests.test_views_rest" name="test_confirm_email_view" time="1.374" /><testcase classname="tests.test_views_rest" name="test_sessions_list_view" time="0.406" /><testcase classname="tests.test_views_rest" name="test_sessions_item_view" time="0.423" /><testcase classname="invenio_accounts.__init__" name="PYDOCSTYLE" time="0.004" /><testcase classname="invenio_accounts.__init__" name="ISORT" time="0.014" /><testcase classname="invenio_accounts.__init__" name="black" time="0.151" /><testcase classname="invenio_accounts.admin" name="PYDOCSTYLE" time="0.018" /><testcase classname="invenio_accounts.admin" name="ISORT" time="0.042" /><testcase classname="invenio_accounts.admin" name="black" time="0.190" /><testcase classname="invenio_accounts.alembic.037afe10e9ff_add_user_moderation_fields" name="PYDOCSTYLE" time="0.004" /><testcase classname="invenio_accounts.alembic.037afe10e9ff_add_user_moderation_fields" name="ISORT" time="0.009" /><testcase classname="invenio_accounts.alembic.037afe10e9ff_add_user_moderation_fields" name="black" time="0.152" /><testcase classname="invenio_accounts.alembic.62efc52773d4_create_useridentity_table" name="PYDOCSTYLE" time="0.005" /><testcase classname="invenio_accounts.alembic.62efc52773d4_create_useridentity_table" name="ISORT" time="0.011" /><testcase classname="invenio_accounts.alembic.62efc52773d4_create_useridentity_table" name="black" time="0.154" /><testcase classname="invenio_accounts.alembic.6ec5ce377ca3_create_domains" name="PYDOCSTYLE" time="0.011" /><testcase classname="invenio_accounts.alembic.6ec5ce377ca3_create_domains" name="ISORT" time="0.018" /><testcase classname="invenio_accounts.alembic.6ec5ce377ca3_create_domains" name="black" time="0.173" /><testcase classname="invenio_accounts.alembic.843bc79c426f_create_accounts_branch" name="PYDOCSTYLE" time="0.003" /><testcase classname="invenio_accounts.alembic.843bc79c426f_create_accounts_branch" name="ISORT" time="0.008" /><testcase classname="invenio_accounts.alembic.843bc79c426f_create_accounts_branch" name="black" time="0.149" /><testcase classname="invenio_accounts.alembic.9848d0149abd_create_accounts_tables" name="PYDOCSTYLE" time="0.011" /><testcase classname="invenio_accounts.alembic.9848d0149abd_create_accounts_tables" name="ISORT" time="0.020" /><testcase classname="invenio_accounts.alembic.9848d0149abd_create_accounts_tables" name="black" time="0.170" /><testcase classname="invenio_accounts.alembic.999dcbd19ace_users_versioning" name="PYDOCSTYLE" time="0.006" /><testcase classname="invenio_accounts.alembic.999dcbd19ace_users_versioning" name="ISORT" time="0.013" /><testcase classname="invenio_accounts.alembic.999dcbd19ace_users_versioning" name="black" time="0.162" /><testcase classname="invenio_accounts.alembic.dfbdf43a3e96_separate_login_info" name="PYDOCSTYLE" time="0.009" /><testcase classname="invenio_accounts.alembic.dfbdf43a3e96_separate_login_info" name="ISORT" time="0.019" /><testcase classname="invenio_accounts.alembic.dfbdf43a3e96_separate_login_info" name="black" time="0.162" /><testcase classname="invenio_accounts.alembic.e12419831262_add_new_columns_on_sessionactivity" name="PYDOCSTYLE" time="0.005" /><testcase classname="invenio_accounts.alembic.e12419831262_add_new_columns_on_sessionactivity" name="ISORT" time="0.010" /><testcase classname="invenio_accounts.alembic.e12419831262_add_new_columns_on_sessionactivity" name="black" time="0.154" /><testcase classname="invenio_accounts.alembic.eb9743315a9d_add_userprofile" name="PYDOCSTYLE" time="0.006" /><testcase classname="invenio_accounts.alembic.eb9743315a9d_add_userprofile" name="ISORT" time="0.015" /><testcase classname="invenio_accounts.alembic.eb9743315a9d_add_userprofile" name="black" time="0.159" /><testcase classname="invenio_accounts.alembic.f2522cdd5fcd_change_accountsrole_primary_key_to_string" name="PYDOCSTYLE" time="0.009" /><testcase classname="invenio_accounts.alembic.f2522cdd5fcd_change_accountsrole_primary_key_to_string" name="ISORT" time="0.024" /><testcase classname="invenio_accounts.alembic.f2522cdd5fcd_change_accountsrole_primary_key_to_string" name="black" time="0.166" /><testcase classname="invenio_accounts.api" name="PYDOCSTYLE" time="0.009" /><testcase classname="invenio_accounts.api" name="ISORT" time="0.011" /><testcase classname="invenio_accounts.api" name="black" time="0.159" /><testcase classname="invenio_accounts.cli" name="PYDOCSTYLE" time="0.017" /><testcase classname="invenio_accounts.cli" name="ISORT" time="0.030" /><testcase classname="invenio_accounts.cli" name="black" time="0.180" /><testcase classname="invenio_accounts.config" name="PYDOCSTYLE" time="0.009" /><testcase classname="invenio_accounts.config" name="ISORT" time="0.038" /><testcase classname="invenio_accounts.config" name="black" time="0.184" /><testcase classname="invenio_accounts.context_processors.__init__" name="PYDOCSTYLE" time="0.002" /><testcase classname="invenio_accounts.context_processors.__init__" name="ISORT" time="0.004" /><testcase classname="invenio_accounts.context_processors.__init__" name="black" time="0.148" /><testcase classname="invenio_accounts.context_processors.jwt" name="PYDOCSTYLE" time="0.005" /><testcase classname="invenio_accounts.context_processors.jwt" name="ISORT" time="0.009" /><testcase classname="invenio_accounts.context_processors.jwt" name="black" time="0.153" /><testcase classname="invenio_accounts.datastore" name="PYDOCSTYLE" time="0.014" /><testcase classname="invenio_accounts.datastore" name="ISORT" time="0.023" /><testcase classname="invenio_accounts.datastore" name="black" time="0.173" /><testcase classname="invenio_accounts.domains" name="PYDOCSTYLE" time="0.004" /><testcase classname="invenio_accounts.domains" name="ISORT" time="0.007" /><testcase classname="invenio_accounts.domains" name="black" time="0.153" /><testcase classname="invenio_accounts.errors" name="PYDOCSTYLE" time="0.004" /><testcase classname="invenio_accounts.errors" name="ISORT" time="0.006" /><testcase classname="invenio_accounts.errors" name="black" time="0.152" /><testcase classname="invenio_accounts.ext" name="PYDOCSTYLE" time="0.029" /><testcase classname="invenio_accounts.ext" name="ISORT" time="0.058" /><testcase classname="invenio_accounts.ext" name="black" time="0.206" /><testcase classname="invenio_accounts.forms" name="PYDOCSTYLE" time="0.011" /><testcase classname="invenio_accounts.forms" name="ISORT" time="0.020" /><testcase classname="invenio_accounts.forms" name="black" time="0.164" /><testcase classname="invenio_accounts.hash" name="PYDOCSTYLE" time="0.014" /><testcase classname="invenio_accounts.hash" name="ISORT" time="0.020" /><testcase classname="invenio_accounts.hash" name="black" time="0.167" /><testcase classname="invenio_accounts.models" name="PYDOCSTYLE" time="0.053" /><testcase classname="invenio_accounts.models" name="ISORT" time="0.084" /><testcase classname="invenio_accounts.models" name="black" time="0.258" /><testcase classname="invenio_accounts.profiles.__init__" name="PYDOCSTYLE" time="0.003" /><testcase classname="invenio_accounts.profiles.__init__" name="ISORT" time="0.006" /><testcase classname="invenio_accounts.profiles.__init__" name="black" time="0.151" /><testcase classname="invenio_accounts.profiles.dicts" name="PYDOCSTYLE" time="0.012" /><testcase classname="invenio_accounts.profiles.dicts" name="ISORT" time="0.016" /><testcase classname="invenio_accounts.profiles.dicts" name="black" time="0.166" /><testcase classname="invenio_accounts.profiles.schemas" name="PYDOCSTYLE" time="0.006" /><testcase classname="invenio_accounts.profiles.schemas" name="ISORT" time="0.012" /><testcase classname="invenio_accounts.profiles.schemas" name="black" time="0.157" /><testcase classname="invenio_accounts.proxies" name="PYDOCSTYLE" time="0.004" /><testcase classname="invenio_accounts.proxies" name="ISORT" time="0.010" /><testcase classname="invenio_accounts.proxies" name="black" time="0.153" /><testcase classname="invenio_accounts.sessions" name="PYDOCSTYLE" time="0.016" /><testcase classname="invenio_accounts.sessions" name="ISORT" time="0.028" /><testcase classname="invenio_accounts.sessions" name="black" time="0.172" /><testcase classname="invenio_accounts.signals" name="PYDOCSTYLE" time="0.003" /><testcase classname="invenio_accounts.signals" name="ISORT" time="0.008" /><testcase classname="invenio_accounts.signals" name="black" time="0.151" /><testcase classname="invenio_accounts.tasks" name="PYDOCSTYLE" time="0.013" /><testcase classname="invenio_accounts.tasks" name="ISORT" time="0.024" /><testcase classname="invenio_accounts.tasks" name="black" time="0.174" /><testcase classname="invenio_accounts.testutils" name="PYDOCSTYLE" time="0.011" /><testcase classname="invenio_accounts.testutils" name="ISORT" time="0.019" /><testcase classname="invenio_accounts.testutils" name="black" time="0.165" /><testcase classname="invenio_accounts.utils" name="PYDOCSTYLE" time="0.022" /><testcase classname="invenio_accounts.utils" name="ISORT" time="0.043" /><testcase classname="invenio_accounts.utils" name="black" time="0.189" /><testcase classname="invenio_accounts.views.__init__" name="PYDOCSTYLE" time="0.003" /><testcase classname="invenio_accounts.views.__init__" name="ISORT" time="0.005" /><testcase classname="invenio_accounts.views.__init__" name="black" time="0.148" /><testcase classname="invenio_accounts.views.rest" name="PYDOCSTYLE" time="0.050" /><testcase classname="invenio_accounts.views.rest" name="ISORT" time="0.083" /><testcase classname="invenio_accounts.views.rest" name="black" time="0.253" /><testcase classname="invenio_accounts.views.security" name="PYDOCSTYLE" time="0.007" /><testcase classname="invenio_accounts.views.security" name="ISORT" time="0.015" /><testcase classname="invenio_accounts.views.security" name="black" time="0.159" /><testcase classname="invenio_accounts.views.settings" name="PYDOCSTYLE" time="0.005" /><testcase classname="invenio_accounts.views.settings" name="ISORT" time="0.012" /><testcase classname="invenio_accounts.views.settings" name="black" time="0.158" /></testsuite></testsuites>