<?xml version="1.0" encoding="utf-8"?><testsuites name="pytest tests"><testsuite name="pytest" errors="0" failures="7" skipped="0" tests="933" time="199.067" timestamp="2025-11-18T13:52:55.302465+00:00" hostname="runnervmg1sw1"><testcase classname="tests.conftest" name="PYDOCSTYLE" time="0.028" /><testcase classname="tests.conftest" name="ISORT" time="0.144" /><testcase classname="tests.conftest" name="black" time="0.399" /><testcase classname="tests.contrib.affiliations.conftest" name="PYDOCSTYLE" time="0.008" /><testcase classname="tests.contrib.affiliations.conftest" name="ISORT" time="0.015" /><testcase classname="tests.contrib.affiliations.conftest" name="black" time="0.155" /><testcase classname="tests.contrib.affiliations.test_affiliations_api" name="ISORT" time="0.019" /><testcase classname="tests.contrib.affiliations.test_affiliations_api" name="black" time="0.162" /><testcase classname="tests.contrib.affiliations.test_affiliations_api" name="test_affiliation_schema_validation" time="3.017" /><testcase classname="tests.contrib.affiliations.test_affiliations_api" name="test_affiliation_indexing" time="0.074" /><testcase classname="tests.contrib.affiliations.test_affiliations_api" name="test_affiliation_pid" time="0.403" /><testcase classname="tests.contrib.affiliations.test_affiliations_datastreams" name="ISORT" time="0.058" /><testcase classname="tests.contrib.affiliations.test_affiliations_datastreams" name="black" time="0.215" /><testcase classname="tests.contrib.affiliations.test_affiliations_datastreams" name="test_ror_transformer" time="2.006" /><testcase classname="tests.contrib.affiliations.test_affiliations_datastreams" name="test_affiliations_service_writer_create" time="1.393" /><testcase classname="tests.contrib.affiliations.test_affiliations_datastreams" name="test_affiliations_service_writer_duplicate" time="1.410" /><testcase classname="tests.contrib.affiliations.test_affiliations_datastreams" name="test_affiliations_service_writer_update_existing" time="1.349"><failure message="jsonschema.exceptions.ValidationError: Additional properties are not allowed ('pid' was unexpected)&#10;&#10;Failed validating 'additionalProperties' in schema:&#10;    {'$schema': 'http://json-schema.org/draft-07/schema#',&#10;     '$id': 'local://affiliations/affiliation-v1.0.0.json',&#10;     'type': 'object',&#10;     'additionalProperties': False,&#10;     'properties': {'$schema': {'$ref': 'local://definitions-v1.0.0.json#/$schema'},&#10;                    'tags': {'$ref': 'local://vocabularies/definitions-v1.0.0.json#/tags'},&#10;                    'country': {'type': 'string',&#10;                                'description': &quot;Represents a affiliation's &quot;&#10;                                               'country as a country '&#10;                                               'code.'},&#10;                    'country_name': {'type': 'string',&#10;                                     'description': 'Represents a '&#10;                                                    &quot;affiliation's country &quot;&#10;                                                    'as a full name.'},&#10;                    'location_name': {'type': 'string',&#10;                                      'description': 'Represents a '&#10;                                                     &quot;affiliation's &quot;&#10;                                                     'location name '&#10;                                                     '(usually a city).'},&#10;                    'acronym': {'type': 'string'},&#10;                    'identifiers': {'description': 'Alternate identifiers '&#10;                                                   'for the record.',&#10;                                    'type': 'array',&#10;                                    'items': {'$ref': 'local://definitions-v1.0.0.json#/identifiers_with_scheme'},&#10;                                    'uniqueItems': True},&#10;                    'status': {'type': 'string',&#10;                               'description': 'Status of the affiliation '&#10;                                              'organization.'},&#10;                    'aliases': {'description': 'Alternate names for the '&#10;                                               'affiliation.',&#10;                                'type': 'array',&#10;                                'items': {'type': 'string'},&#10;                                'uniqueItems': True},&#10;                    'types': {'description': 'Types of affiliation '&#10;                                             'organization.',&#10;                              'type': 'array',&#10;                              'items': {'type': 'string'},&#10;                              'uniqueItems': True},&#10;                    'name': {'type': 'string'},&#10;                    'title': {'$ref': 'local://vocabularies/definitions-v1.0.0.json#/title'}}}&#10;&#10;On instance:&#10;    {'name': 'Updated Name',&#10;     'title': {'en': 'Test affiliation', 'es': 'Afiliacion de test'},&#10;     'types': ['facility', 'funder'],&#10;     'status': 'active',&#10;     '$schema': 'local://affiliations/affiliation-v1.0.0.json',&#10;     'acronym': 'CERN',&#10;     'country': 'CH',&#10;     'identifiers': [{'identifier': '03yrm5c26', 'scheme': 'ror'}],&#10;     'country_name': 'Switzerland',&#10;     'location_name': 'Geneva',&#10;     'pid': '01ggx4157'}">app = &lt;Flask 'invenio'&gt;
search_clear = &lt;OpenSearch([{'host': 'localhost', 'port': 9200}])&gt;
affiliation_full_data = {'acronym': 'CERN', 'country': 'CH', 'country_name': 'Switzerland', 'id': '01ggx4157', ...}
service = &lt;invenio_records_resources.factories.factory.AffiliationService object at 0x7fcb868d87a0&gt;

    def test_affiliations_service_writer_update_existing(
        app, search_clear, affiliation_full_data, service
    ):
        """Test updating an existing affiliation using AffiliationsServiceWriter."""
        # create vocabulary
        writer = AffiliationsServiceWriter(update=True)
        orig_affiliation_rec = writer.write(stream_entry=StreamEntry(affiliation_full_data))
        Affiliation.index.refresh()  # refresh index to make changes live
        # update vocabulary
        updated_affiliation = deepcopy(affiliation_full_data)
        updated_affiliation["name"] = "Updated Name"
    
        # check changes vocabulary
&gt;       _ = writer.write(stream_entry=StreamEntry(updated_affiliation))
            ^^^^^^^^^^^^^^^^^^^^^^^^^^^^^^^^^^^^^^^^^^^^^^^^^^^^^^^^^^^

tests/contrib/affiliations/test_affiliations_datastreams.py:145: 
_ _ _ _ _ _ _ _ _ _ _ _ _ _ _ _ _ _ _ _ _ _ _ _ _ _ _ _ _ _ _ _ _ _ _ _ _ _ _ _ 
invenio_vocabularies/datastreams/writers.py:115: in write
    return self._do_update(entry)
           ^^^^^^^^^^^^^^^^^^^^^^
invenio_vocabularies/datastreams/writers.py:97: in _do_update
    self._service.update(self._identity, vocab_id, updated), op_type="update"
    ^^^^^^^^^^^^^^^^^^^^^^^^^^^^^^^^^^^^^^^^^^^^^^^^^^^^^^^
.venv/lib/python3.12/site-packages/invenio_db/uow.py:251: in inner
    res = f(self, *args, **kwargs)
          ^^^^^^^^^^^^^^^^^^^^^^^^
.venv/lib/python3.12/site-packages/invenio_records_resources/services/records/service.py:495: in update
    uow.register(RecordCommitOp(record, self.indexer))
.venv/lib/python3.12/site-packages/invenio_db/uow.py:224: in register
    op.on_register(self)
.venv/lib/python3.12/site-packages/invenio_records_resources/services/uow.py:136: in on_register
    self._record.commit()
.venv/lib/python3.12/site-packages/invenio_records/api.py:454: in commit
    json = self._validate(format_checker=format_checker, validator=validator)
           ^^^^^^^^^^^^^^^^^^^^^^^^^^^^^^^^^^^^^^^^^^^^^^^^^^^^^^^^^^^^^^^^^^
.venv/lib/python3.12/site-packages/invenio_records/api.py:194: in _validate
    _records_state.validate(
.venv/lib/python3.12/site-packages/invenio_records/ext.py:67: in validate
    return validate(data, schema, cls=validator_cls, resolver=resolver, **kwargs)
           ^^^^^^^^^^^^^^^^^^^^^^^^^^^^^^^^^^^^^^^^^^^^^^^^^^^^^^^^^^^^^^^^^^^^^^
_ _ _ _ _ _ _ _ _ _ _ _ _ _ _ _ _ _ _ _ _ _ _ _ _ _ _ _ _ _ _ _ _ _ _ _ _ _ _ _ 

instance = {'$schema': 'local://affiliations/affiliation-v1.0.0.json', 'acronym': 'CERN', 'country': 'CH', 'country_name': 'Switzerland', ...}
schema = {'$ref': 'local://affiliations/affiliation-v1.0.0.json'}
cls = &lt;class 'jsonschema.validators.Draft202012Validator'&gt;, args = ()
kwargs = {'format_checker': None, 'resolver': &lt;invenio_records.resolver.InvenioRefResolver object at 0x7fcb86356a80&gt;}
validator = Draft202012Validator(schema={'$ref': 'local://affi...n-v1.0.0.json'}, format_checker=None)
error = &lt;ValidationError: "Additional properties are not allowed ('pid' was unexpected)"&gt;

    def validate(instance, schema, cls=None, *args, **kwargs):  # noqa: D417
        """
        Validate an instance under the given schema.
    
            &gt;&gt;&gt; validate([2, 3, 4], {"maxItems": 2})
            Traceback (most recent call last):
                ...
            ValidationError: [2, 3, 4] is too long
    
        :func:`~jsonschema.validators.validate` will first verify that the
        provided schema is itself valid, since not doing so can lead to less
        obvious error messages and fail in less obvious or consistent ways.
    
        If you know you have a valid schema already, especially
        if you intend to validate multiple instances with
        the same schema, you likely would prefer using the
        `jsonschema.protocols.Validator.validate` method directly on a
        specific validator (e.g. ``Draft202012Validator.validate``).
    
    
        Arguments:
    
            instance:
    
                The instance to validate
    
            schema:
    
                The schema to validate with
    
            cls (jsonschema.protocols.Validator):
    
                The class that will be used to validate the instance.
    
        If the ``cls`` argument is not provided, two things will happen
        in accordance with the specification. First, if the schema has a
        :kw:`$schema` keyword containing a known meta-schema [#]_ then the
        proper validator will be used. The specification recommends that
        all schemas contain :kw:`$schema` properties for this reason. If no
        :kw:`$schema` property is found, the default validator class is the
        latest released draft.
    
        Any other provided positional and keyword arguments will be passed
        on when instantiating the ``cls``.
    
        Raises:
    
            `jsonschema.exceptions.ValidationError`:
    
                if the instance is invalid
    
            `jsonschema.exceptions.SchemaError`:
    
                if the schema itself is invalid
    
        .. rubric:: Footnotes
        .. [#] known by a validator registered with
            `jsonschema.validators.validates`
    
        """
        if cls is None:
            cls = validator_for(schema)
    
        cls.check_schema(schema)
        validator = cls(schema, *args, **kwargs)
        error = exceptions.best_match(validator.iter_errors(instance))
        if error is not None:
&gt;           raise error
E           jsonschema.exceptions.ValidationError: Additional properties are not allowed ('pid' was unexpected)
E           
E           Failed validating 'additionalProperties' in schema:
E               {'$schema': 'http://json-schema.org/draft-07/schema#',
E                '$id': 'local://affiliations/affiliation-v1.0.0.json',
E                'type': 'object',
E                'additionalProperties': False,
E                'properties': {'$schema': {'$ref': 'local://definitions-v1.0.0.json#/$schema'},
E                               'tags': {'$ref': 'local://vocabularies/definitions-v1.0.0.json#/tags'},
E                               'country': {'type': 'string',
E                                           'description': "Represents a affiliation's "
E                                                          'country as a country '
E                                                          'code.'},
E                               'country_name': {'type': 'string',
E                                                'description': 'Represents a '
E                                                               "affiliation's country "
E                                                               'as a full name.'},
E                               'location_name': {'type': 'string',
E                                                 'description': 'Represents a '
E                                                                "affiliation's "
E                                                                'location name '
E                                                                '(usually a city).'},
E                               'acronym': {'type': 'string'},
E                               'identifiers': {'description': 'Alternate identifiers '
E                                                              'for the record.',
E                                               'type': 'array',
E                                               'items': {'$ref': 'local://definitions-v1.0.0.json#/identifiers_with_scheme'},
E                                               'uniqueItems': True},
E                               'status': {'type': 'string',
E                                          'description': 'Status of the affiliation '
E                                                         'organization.'},
E                               'aliases': {'description': 'Alternate names for the '
E                                                          'affiliation.',
E                                           'type': 'array',
E                                           'items': {'type': 'string'},
E                                           'uniqueItems': True},
E                               'types': {'description': 'Types of affiliation '
E                                                        'organization.',
E                                         'type': 'array',
E                                         'items': {'type': 'string'},
E                                         'uniqueItems': True},
E                               'name': {'type': 'string'},
E                               'title': {'$ref': 'local://vocabularies/definitions-v1.0.0.json#/title'}}}
E           
E           On instance:
E               {'name': 'Updated Name',
E                'title': {'en': 'Test affiliation', 'es': 'Afiliacion de test'},
E                'types': ['facility', 'funder'],
E                'status': 'active',
E                '$schema': 'local://affiliations/affiliation-v1.0.0.json',
E                'acronym': 'CERN',
E                'country': 'CH',
E                'identifiers': [{'identifier': '03yrm5c26', 'scheme': 'ror'}],
E                'country_name': 'Switzerland',
E                'location_name': 'Geneva',
E                'pid': '01ggx4157'}

.venv/lib/python3.12/site-packages/jsonschema/validators.py:1332: ValidationError</failure></testcase><testcase classname="tests.contrib.affiliations.test_affiliations_datastreams" name="test_affiliations_service_writer_update_non_existing" time="1.223"><failure message="jsonschema.exceptions.ValidationError: Additional properties are not allowed ('pid' was unexpected)&#10;&#10;Failed validating 'additionalProperties' in schema:&#10;    {'$schema': 'http://json-schema.org/draft-07/schema#',&#10;     '$id': 'local://affiliations/affiliation-v1.0.0.json',&#10;     'type': 'object',&#10;     'additionalProperties': False,&#10;     'properties': {'$schema': {'$ref': 'local://definitions-v1.0.0.json#/$schema'},&#10;                    'tags': {'$ref': 'local://vocabularies/definitions-v1.0.0.json#/tags'},&#10;                    'country': {'type': 'string',&#10;                                'description': &quot;Represents a affiliation's &quot;&#10;                                               'country as a country '&#10;                                               'code.'},&#10;                    'country_name': {'type': 'string',&#10;                                     'description': 'Represents a '&#10;                                                    &quot;affiliation's country &quot;&#10;                                                    'as a full name.'},&#10;                    'location_name': {'type': 'string',&#10;                                      'description': 'Represents a '&#10;                                                     &quot;affiliation's &quot;&#10;                                                     'location name '&#10;                                                     '(usually a city).'},&#10;                    'acronym': {'type': 'string'},&#10;                    'identifiers': {'description': 'Alternate identifiers '&#10;                                                   'for the record.',&#10;                                    'type': 'array',&#10;                                    'items': {'$ref': 'local://definitions-v1.0.0.json#/identifiers_with_scheme'},&#10;                                    'uniqueItems': True},&#10;                    'status': {'type': 'string',&#10;                               'description': 'Status of the affiliation '&#10;                                              'organization.'},&#10;                    'aliases': {'description': 'Alternate names for the '&#10;                                               'affiliation.',&#10;                                'type': 'array',&#10;                                'items': {'type': 'string'},&#10;                                'uniqueItems': True},&#10;                    'types': {'description': 'Types of affiliation '&#10;                                             'organization.',&#10;                              'type': 'array',&#10;                              'items': {'type': 'string'},&#10;                              'uniqueItems': True},&#10;                    'name': {'type': 'string'},&#10;                    'title': {'$ref': 'local://vocabularies/definitions-v1.0.0.json#/title'}}}&#10;&#10;On instance:&#10;    {'name': 'New name',&#10;     'title': {'en': 'Test affiliation', 'es': 'Afiliacion de test'},&#10;     'types': ['facility', 'funder'],&#10;     'status': 'active',&#10;     '$schema': 'local://affiliations/affiliation-v1.0.0.json',&#10;     'acronym': 'CERN',&#10;     'country': 'CH',&#10;     'identifiers': [{'identifier': '03yrm5c26', 'scheme': 'ror'}],&#10;     'country_name': 'Switzerland',&#10;     'location_name': 'Geneva',&#10;     'pid': '01ggx4157'}">app = &lt;Flask 'invenio'&gt;
search_clear = &lt;OpenSearch([{'host': 'localhost', 'port': 9200}])&gt;
affiliation_full_data = {'acronym': 'CERN', 'country': 'CH', 'country_name': 'Switzerland', 'id': '01ggx4157', ...}
service = &lt;invenio_records_resources.factories.factory.AffiliationService object at 0x7fcb868d87a0&gt;

    def test_affiliations_service_writer_update_non_existing(
        app, search_clear, affiliation_full_data, service
    ):
        """Test creating a new affiliation when updating a non-existing entry."""
        # vocabulary item not created, call update directly
        updated_affiliation = deepcopy(affiliation_full_data)
        updated_affiliation["name"] = "New name"
        # check changes vocabulary
        writer = AffiliationsServiceWriter(update=True)
&gt;       affiliation_rec = writer.write(stream_entry=StreamEntry(updated_affiliation))
                          ^^^^^^^^^^^^^^^^^^^^^^^^^^^^^^^^^^^^^^^^^^^^^^^^^^^^^^^^^^^

tests/contrib/affiliations/test_affiliations_datastreams.py:167: 
_ _ _ _ _ _ _ _ _ _ _ _ _ _ _ _ _ _ _ _ _ _ _ _ _ _ _ _ _ _ _ _ _ _ _ _ _ _ _ _ 
invenio_vocabularies/datastreams/writers.py:115: in write
    return self._do_update(entry)
           ^^^^^^^^^^^^^^^^^^^^^^
invenio_vocabularies/datastreams/writers.py:97: in _do_update
    self._service.update(self._identity, vocab_id, updated), op_type="update"
    ^^^^^^^^^^^^^^^^^^^^^^^^^^^^^^^^^^^^^^^^^^^^^^^^^^^^^^^
.venv/lib/python3.12/site-packages/invenio_db/uow.py:251: in inner
    res = f(self, *args, **kwargs)
          ^^^^^^^^^^^^^^^^^^^^^^^^
.venv/lib/python3.12/site-packages/invenio_records_resources/services/records/service.py:495: in update
    uow.register(RecordCommitOp(record, self.indexer))
.venv/lib/python3.12/site-packages/invenio_db/uow.py:224: in register
    op.on_register(self)
.venv/lib/python3.12/site-packages/invenio_records_resources/services/uow.py:136: in on_register
    self._record.commit()
.venv/lib/python3.12/site-packages/invenio_records/api.py:454: in commit
    json = self._validate(format_checker=format_checker, validator=validator)
           ^^^^^^^^^^^^^^^^^^^^^^^^^^^^^^^^^^^^^^^^^^^^^^^^^^^^^^^^^^^^^^^^^^
.venv/lib/python3.12/site-packages/invenio_records/api.py:194: in _validate
    _records_state.validate(
.venv/lib/python3.12/site-packages/invenio_records/ext.py:67: in validate
    return validate(data, schema, cls=validator_cls, resolver=resolver, **kwargs)
           ^^^^^^^^^^^^^^^^^^^^^^^^^^^^^^^^^^^^^^^^^^^^^^^^^^^^^^^^^^^^^^^^^^^^^^
_ _ _ _ _ _ _ _ _ _ _ _ _ _ _ _ _ _ _ _ _ _ _ _ _ _ _ _ _ _ _ _ _ _ _ _ _ _ _ _ 

instance = {'$schema': 'local://affiliations/affiliation-v1.0.0.json', 'acronym': 'CERN', 'country': 'CH', 'country_name': 'Switzerland', ...}
schema = {'$ref': 'local://affiliations/affiliation-v1.0.0.json'}
cls = &lt;class 'jsonschema.validators.Draft202012Validator'&gt;, args = ()
kwargs = {'format_checker': None, 'resolver': &lt;invenio_records.resolver.InvenioRefResolver object at 0x7fcb862022d0&gt;}
validator = Draft202012Validator(schema={'$ref': 'local://affi...n-v1.0.0.json'}, format_checker=None)
error = &lt;ValidationError: "Additional properties are not allowed ('pid' was unexpected)"&gt;

    def validate(instance, schema, cls=None, *args, **kwargs):  # noqa: D417
        """
        Validate an instance under the given schema.
    
            &gt;&gt;&gt; validate([2, 3, 4], {"maxItems": 2})
            Traceback (most recent call last):
                ...
            ValidationError: [2, 3, 4] is too long
    
        :func:`~jsonschema.validators.validate` will first verify that the
        provided schema is itself valid, since not doing so can lead to less
        obvious error messages and fail in less obvious or consistent ways.
    
        If you know you have a valid schema already, especially
        if you intend to validate multiple instances with
        the same schema, you likely would prefer using the
        `jsonschema.protocols.Validator.validate` method directly on a
        specific validator (e.g. ``Draft202012Validator.validate``).
    
    
        Arguments:
    
            instance:
    
                The instance to validate
    
            schema:
    
                The schema to validate with
    
            cls (jsonschema.protocols.Validator):
    
                The class that will be used to validate the instance.
    
        If the ``cls`` argument is not provided, two things will happen
        in accordance with the specification. First, if the schema has a
        :kw:`$schema` keyword containing a known meta-schema [#]_ then the
        proper validator will be used. The specification recommends that
        all schemas contain :kw:`$schema` properties for this reason. If no
        :kw:`$schema` property is found, the default validator class is the
        latest released draft.
    
        Any other provided positional and keyword arguments will be passed
        on when instantiating the ``cls``.
    
        Raises:
    
            `jsonschema.exceptions.ValidationError`:
    
                if the instance is invalid
    
            `jsonschema.exceptions.SchemaError`:
    
                if the schema itself is invalid
    
        .. rubric:: Footnotes
        .. [#] known by a validator registered with
            `jsonschema.validators.validates`
    
        """
        if cls is None:
            cls = validator_for(schema)
    
        cls.check_schema(schema)
        validator = cls(schema, *args, **kwargs)
        error = exceptions.best_match(validator.iter_errors(instance))
        if error is not None:
&gt;           raise error
E           jsonschema.exceptions.ValidationError: Additional properties are not allowed ('pid' was unexpected)
E           
E           Failed validating 'additionalProperties' in schema:
E               {'$schema': 'http://json-schema.org/draft-07/schema#',
E                '$id': 'local://affiliations/affiliation-v1.0.0.json',
E                'type': 'object',
E                'additionalProperties': False,
E                'properties': {'$schema': {'$ref': 'local://definitions-v1.0.0.json#/$schema'},
E                               'tags': {'$ref': 'local://vocabularies/definitions-v1.0.0.json#/tags'},
E                               'country': {'type': 'string',
E                                           'description': "Represents a affiliation's "
E                                                          'country as a country '
E                                                          'code.'},
E                               'country_name': {'type': 'string',
E                                                'description': 'Represents a '
E                                                               "affiliation's country "
E                                                               'as a full name.'},
E                               'location_name': {'type': 'string',
E                                                 'description': 'Represents a '
E                                                                "affiliation's "
E                                                                'location name '
E                                                                '(usually a city).'},
E                               'acronym': {'type': 'string'},
E                               'identifiers': {'description': 'Alternate identifiers '
E                                                              'for the record.',
E                                               'type': 'array',
E                                               'items': {'$ref': 'local://definitions-v1.0.0.json#/identifiers_with_scheme'},
E                                               'uniqueItems': True},
E                               'status': {'type': 'string',
E                                          'description': 'Status of the affiliation '
E                                                         'organization.'},
E                               'aliases': {'description': 'Alternate names for the '
E                                                          'affiliation.',
E                                           'type': 'array',
E                                           'items': {'type': 'string'},
E                                           'uniqueItems': True},
E                               'types': {'description': 'Types of affiliation '
E                                                        'organization.',
E                                         'type': 'array',
E                                         'items': {'type': 'string'},
E                                         'uniqueItems': True},
E                               'name': {'type': 'string'},
E                               'title': {'$ref': 'local://vocabularies/definitions-v1.0.0.json#/title'}}}
E           
E           On instance:
E               {'name': 'New name',
E                'title': {'en': 'Test affiliation', 'es': 'Afiliacion de test'},
E                'types': ['facility', 'funder'],
E                'status': 'active',
E                '$schema': 'local://affiliations/affiliation-v1.0.0.json',
E                'acronym': 'CERN',
E                'country': 'CH',
E                'identifiers': [{'identifier': '03yrm5c26', 'scheme': 'ror'}],
E                'country_name': 'Switzerland',
E                'location_name': 'Geneva',
E                'pid': '01ggx4157'}

.venv/lib/python3.12/site-packages/jsonschema/validators.py:1332: ValidationError</failure></testcase><testcase classname="tests.contrib.affiliations.test_affiliations_datastreams" name="test_openaire_organization_transformer" time="0.002" /><testcase classname="tests.contrib.affiliations.test_affiliations_datastreams" name="test_openaire_affiliations_service_writer" time="1.173"><failure message="invenio_vocabularies.datastreams.errors.WriterError: [&quot;Vocabulary entry already exists: {'acronym': 'CERN', 'id': '01ggx4157', 'identifiers': [{'identifier': '03yrm5c26', 'scheme': 'ror'}], 'name': 'Test affiliation', 'title': {'en': 'Test affiliation', 'es': 'Afiliacion de test'}, 'country': 'CH', 'country_name': 'Switzerland', 'location_name': 'Geneva', 'status': 'active', 'types': ['facility', 'funder']}&quot;]">self = &lt;invenio_vocabularies.contrib.affiliations.datastreams.AffiliationsServiceWriter object at 0x7fcb86329130&gt;
stream_entry = &lt;invenio_vocabularies.datastreams.datastreams.StreamEntry object at 0x7fcb86328980&gt;
args = (), kwargs = {}
entry = {'acronym': 'CERN', 'country': 'CH', 'country_name': 'Switzerland', 'id': '01ggx4157', ...}

    def write(self, stream_entry, *args, **kwargs):
        """Writes the input entry using a given service."""
        entry = stream_entry.entry
        current_app.logger.debug(f"Writing entry: {entry}")
    
        try:
            if self._insert:
                try:
                    current_app.logger.debug("Inserting entry.")
                    return StreamEntry(
&gt;                       self._service.create(self._identity, entry), op_type="create"
                        ^^^^^^^^^^^^^^^^^^^^^^^^^^^^^^^^^^^^^^^^^^^
                    )

invenio_vocabularies/datastreams/writers.py:110: 
_ _ _ _ _ _ _ _ _ _ _ _ _ _ _ _ _ _ _ _ _ _ _ _ _ _ _ _ _ _ _ _ _ _ _ _ _ _ _ _ 
.venv/lib/python3.12/site-packages/invenio_db/uow.py:251: in inner
    res = f(self, *args, **kwargs)
          ^^^^^^^^^^^^^^^^^^^^^^^^
.venv/lib/python3.12/site-packages/invenio_records_resources/services/records/service.py:329: in create
    return self._create(self.record_cls, identity, data, uow=uow, expand=expand)
           ^^^^^^^^^^^^^^^^^^^^^^^^^^^^^^^^^^^^^^^^^^^^^^^^^^^^^^^^^^^^^^^^^^^^^
.venv/lib/python3.12/site-packages/invenio_db/uow.py:255: in inner
    return f(self, *args, **kwargs)
           ^^^^^^^^^^^^^^^^^^^^^^^^
.venv/lib/python3.12/site-packages/invenio_records_resources/services/records/service.py:356: in _create
    self.run_components(
.venv/lib/python3.12/site-packages/invenio_records_resources/services/base/service.py:72: in run_components
    getattr(component, action)(*args, **kwargs)
invenio_vocabularies/services/components.py:49: in create
    self.service.record_cls.pid.create(record)
.venv/lib/python3.12/site-packages/invenio_records_resources/records/systemfields/pid.py:233: in create
    self.field._provider.create(pid_value, record, self.field.model_field_name)
_ _ _ _ _ _ _ _ _ _ _ _ _ _ _ _ _ _ _ _ _ _ _ _ _ _ _ _ _ _ _ _ _ _ _ _ _ _ _ _ 

cls = &lt;class 'invenio_records_resources.records.providers.ModelPIDProvider'&gt;
pid_value = '01ggx4157'
record = {'$schema': 'local://affiliations/affiliation-v1.0.0.json', 'title': {'en': 'Test affiliation', 'es': 'Afiliacion de t...': 'CH', 'country_name': 'Switzerland', 'location_name': 'Geneva', 'status': 'active', 'types': ['facility', 'funder']}
model_field_name = 'pid', kwargs = {}, filters = {'pid': '01ggx4157'}
obj = &lt;AffiliationMetadata 738de6b2-e6c3-4362-837c-879a3ad2c3ea&gt;

    @classmethod
    def create(cls, pid_value, record, model_field_name, **kwargs):
        """Sets the pid in the record model.
    
        Checks for duplicates.
        """
        filters = {model_field_name: pid_value}
        obj = record.model_cls.query.filter_by(**filters).one_or_none()
        if obj:
&gt;           raise PIDAlreadyExists(
                pid_value=pid_value,
                pid_type=record.__class__.__name__,  # FIXME: is informative
            )
E           invenio_pidstore.errors.PIDAlreadyExists

.venv/lib/python3.12/site-packages/invenio_records_resources/records/providers.py:31: PIDAlreadyExists

During handling of the above exception, another exception occurred:

app = &lt;Flask 'invenio'&gt;
search_clear = &lt;OpenSearch([{'host': 'localhost', 'port': 9200}])&gt;
affiliation_full_data = {'acronym': 'CERN', 'country': 'CH', 'country_name': 'Switzerland', 'id': '01ggx4157', ...}
openaire_affiliation_full_data = {'id': '01ggx4157', 'identifiers': [{'identifier': '999988133', 'scheme': 'pic'}]}
service = &lt;invenio_records_resources.factories.factory.AffiliationService object at 0x7fcb868d87a0&gt;

    def test_openaire_affiliations_service_writer(
        app,
        search_clear,
        affiliation_full_data,
        openaire_affiliation_full_data,
        service,
    ):
        """Test writing and updating an OpenAIRE affiliation entry."""
        # create vocabulary with original service writer
        orig_writer = AffiliationsServiceWriter()
    
&gt;       orig_affiliation_rec = orig_writer.write(StreamEntry(affiliation_full_data))
                               ^^^^^^^^^^^^^^^^^^^^^^^^^^^^^^^^^^^^^^^^^^^^^^^^^^^^^

tests/contrib/affiliations/test_affiliations_datastreams.py:238: 
_ _ _ _ _ _ _ _ _ _ _ _ _ _ _ _ _ _ _ _ _ _ _ _ _ _ _ _ _ _ _ _ _ _ _ _ _ _ _ _ 

self = &lt;invenio_vocabularies.contrib.affiliations.datastreams.AffiliationsServiceWriter object at 0x7fcb86329130&gt;
stream_entry = &lt;invenio_vocabularies.datastreams.datastreams.StreamEntry object at 0x7fcb86328980&gt;
args = (), kwargs = {}
entry = {'acronym': 'CERN', 'country': 'CH', 'country_name': 'Switzerland', 'id': '01ggx4157', ...}

    def write(self, stream_entry, *args, **kwargs):
        """Writes the input entry using a given service."""
        entry = stream_entry.entry
        current_app.logger.debug(f"Writing entry: {entry}")
    
        try:
            if self._insert:
                try:
                    current_app.logger.debug("Inserting entry.")
                    return StreamEntry(
                        self._service.create(self._identity, entry), op_type="create"
                    )
                except PIDAlreadyExists:
                    if not self._update:
&gt;                       raise WriterError([f"Vocabulary entry already exists: {entry}"])
E                       invenio_vocabularies.datastreams.errors.WriterError: ["Vocabulary entry already exists: {'acronym': 'CERN', 'id': '01ggx4157', 'identifiers': [{'identifier': '03yrm5c26', 'scheme': 'ror'}], 'name': 'Test affiliation', 'title': {'en': 'Test affiliation', 'es': 'Afiliacion de test'}, 'country': 'CH', 'country_name': 'Switzerland', 'location_name': 'Geneva', 'status': 'active', 'types': ['facility', 'funder']}"]

invenio_vocabularies/datastreams/writers.py:114: WriterError</failure></testcase><testcase classname="tests.contrib.affiliations.test_affiliations_datastreams" name="test_openaire_affiliations_transformer_non_openorgs" time="0.002" /><testcase classname="tests.contrib.affiliations.test_affiliations_datastreams" name="test_openaire_affiliations_transformer_no_id" time="0.002" /><testcase classname="tests.contrib.affiliations.test_affiliations_datastreams" name="test_openaire_affiliations_transformer_no_alternative_identifiers" time="0.002" /><testcase classname="tests.contrib.affiliations.test_affiliations_datastreams" name="test_edmo_organization_http_reader" time="0.303" /><testcase classname="tests.contrib.affiliations.test_affiliations_jsonschema" name="ISORT" time="0.014" /><testcase classname="tests.contrib.affiliations.test_affiliations_jsonschema" name="black" time="0.156" /><testcase classname="tests.contrib.affiliations.test_affiliations_jsonschema" name="test_valid_full" time="0.676" /><testcase classname="tests.contrib.affiliations.test_affiliations_jsonschema" name="test_valid_empty" time="0.003" /><testcase classname="tests.contrib.affiliations.test_affiliations_jsonschema" name="test_fails_acronym" time="0.003" /><testcase classname="tests.contrib.affiliations.test_affiliations_jsonschema" name="test_fails_name" time="0.003" /><testcase classname="tests.contrib.affiliations.test_affiliations_resource" name="ISORT" time="0.030" /><testcase classname="tests.contrib.affiliations.test_affiliations_resource" name="black" time="0.202" /><testcase classname="tests.contrib.affiliations.test_affiliations_resource" name="test_affiliations_invalid" time="1.727" /><testcase classname="tests.contrib.affiliations.test_affiliations_resource" name="test_affiliations_forbidden" time="1.197" /><testcase classname="tests.contrib.affiliations.test_affiliations_resource" name="test_affiliations_get" time="1.203" /><testcase classname="tests.contrib.affiliations.test_affiliations_resource" name="test_affiliations_search" time="1.265" /><testcase classname="tests.contrib.affiliations.test_affiliations_resource" name="test_affiliations_prefix_search" time="1.301" /><testcase classname="tests.contrib.affiliations.test_affiliations_resource" name="test_affiliations_suggest_sort" time="2.574" /><testcase classname="tests.contrib.affiliations.test_affiliations_schema" name="ISORT" time="0.015" /><testcase classname="tests.contrib.affiliations.test_affiliations_schema" name="black" time="0.159" /><testcase classname="tests.contrib.affiliations.test_affiliations_schema" name="test_valid_full" time="1.588" /><testcase classname="tests.contrib.affiliations.test_affiliations_schema" name="test_valid_minimal" time="0.003" /><testcase classname="tests.contrib.affiliations.test_affiliations_schema" name="test_invalid_no_name" time="0.003" /><testcase classname="tests.contrib.affiliations.test_affiliations_schema" name="test_valid_id" time="0.001" /><testcase classname="tests.contrib.affiliations.test_affiliations_schema" name="test_valid_name" time="0.001" /><testcase classname="tests.contrib.affiliations.test_affiliations_schema" name="test_valid_both_id_name" time="0.001" /><testcase classname="tests.contrib.affiliations.test_affiliations_schema" name="test_invalid_empty" time="0.287" /><testcase classname="tests.contrib.affiliations.test_affiliations_service" name="ISORT" time="0.017" /><testcase classname="tests.contrib.affiliations.test_affiliations_service" name="black" time="0.168" /><testcase classname="tests.contrib.affiliations.test_affiliations_service" name="test_simple_flow" time="1.855"><failure message="jsonschema.exceptions.ValidationError: Additional properties are not allowed ('pid' was unexpected)&#10;&#10;Failed validating 'additionalProperties' in schema:&#10;    {'$schema': 'http://json-schema.org/draft-07/schema#',&#10;     '$id': 'local://affiliations/affiliation-v1.0.0.json',&#10;     'type': 'object',&#10;     'additionalProperties': False,&#10;     'properties': {'$schema': {'$ref': 'local://definitions-v1.0.0.json#/$schema'},&#10;                    'tags': {'$ref': 'local://vocabularies/definitions-v1.0.0.json#/tags'},&#10;                    'country': {'type': 'string',&#10;                                'description': &quot;Represents a affiliation's &quot;&#10;                                               'country as a country '&#10;                                               'code.'},&#10;                    'country_name': {'type': 'string',&#10;                                     'description': 'Represents a '&#10;                                                    &quot;affiliation's country &quot;&#10;                                                    'as a full name.'},&#10;                    'location_name': {'type': 'string',&#10;                                      'description': 'Represents a '&#10;                                                     &quot;affiliation's &quot;&#10;                                                     'location name '&#10;                                                     '(usually a city).'},&#10;                    'acronym': {'type': 'string'},&#10;                    'identifiers': {'description': 'Alternate identifiers '&#10;                                                   'for the record.',&#10;                                    'type': 'array',&#10;                                    'items': {'$ref': 'local://definitions-v1.0.0.json#/identifiers_with_scheme'},&#10;                                    'uniqueItems': True},&#10;                    'status': {'type': 'string',&#10;                               'description': 'Status of the affiliation '&#10;                                              'organization.'},&#10;                    'aliases': {'description': 'Alternate names for the '&#10;                                               'affiliation.',&#10;                                'type': 'array',&#10;                                'items': {'type': 'string'},&#10;                                'uniqueItems': True},&#10;                    'types': {'description': 'Types of affiliation '&#10;                                             'organization.',&#10;                              'type': 'array',&#10;                              'items': {'type': 'string'},&#10;                              'uniqueItems': True},&#10;                    'name': {'type': 'string'},&#10;                    'title': {'$ref': 'local://vocabularies/definitions-v1.0.0.json#/title'}}}&#10;&#10;On instance:&#10;    {'name': 'Test affiliation',&#10;     'title': {'en': 'New title', 'es': 'Afiliacion de test'},&#10;     'types': ['facility', 'funder'],&#10;     'status': 'active',&#10;     '$schema': 'local://affiliations/affiliation-v1.0.0.json',&#10;     'acronym': 'CERN',&#10;     'country': 'CH',&#10;     'identifiers': [{'identifier': '03yrm5c26', 'scheme': 'ror'}],&#10;     'country_name': 'Switzerland',&#10;     'location_name': 'Geneva',&#10;     'pid': '01ggx4157'}">app = &lt;Flask 'invenio'&gt;
db = &lt;SQLAlchemy postgresql+psycopg2://invenio:***@localhost:5432/invenio&gt;
service = &lt;invenio_records_resources.factories.factory.AffiliationService object at 0x7fcb85ba7e30&gt;
identity = &lt;Identity id="1" auth_type="None" provides={Need(method='system_role', value='any_user'), Need(method='system_role', value='system_process'), Need(method='id', value=1)}&gt;
affiliation_full_data = {'acronym': 'CERN', 'country': 'CH', 'country_name': 'Switzerland', 'id': '01ggx4157', ...}

    def test_simple_flow(app, db, service, identity, affiliation_full_data):
        """Test a simple vocabulary service flow."""
        # Service
        assert service.id == "affiliations"
        assert service.config.indexer_queue_name == "affiliations"
    
        # Create it
        item = service.create(identity, affiliation_full_data)
        id_ = item.id
    
        assert item.id == affiliation_full_data["id"]
        for k, v in affiliation_full_data.items():
            assert item.data[k] == v
    
        # Read it
        read_item = service.read(identity, "01ggx4157")
        assert item.id == read_item.id
        assert item.data == read_item.data
    
        # Refresh index to make changes live.
        Affiliation.index.refresh()
    
        # Search it
        res = service.search(identity, q=f"id:{id_}", size=25, page=1)
        assert res.total == 1
        assert list(res.hits)[0] == read_item.data
    
        # Update it
        data = read_item.data
        data["title"]["en"] = "New title"
&gt;       update_item = service.update(identity, id_, data)
                      ^^^^^^^^^^^^^^^^^^^^^^^^^^^^^^^^^^^

tests/contrib/affiliations/test_affiliations_service.py:51: 
_ _ _ _ _ _ _ _ _ _ _ _ _ _ _ _ _ _ _ _ _ _ _ _ _ _ _ _ _ _ _ _ _ _ _ _ _ _ _ _ 
.venv/lib/python3.12/site-packages/invenio_db/uow.py:251: in inner
    res = f(self, *args, **kwargs)
          ^^^^^^^^^^^^^^^^^^^^^^^^
.venv/lib/python3.12/site-packages/invenio_records_resources/services/records/service.py:495: in update
    uow.register(RecordCommitOp(record, self.indexer))
.venv/lib/python3.12/site-packages/invenio_db/uow.py:224: in register
    op.on_register(self)
.venv/lib/python3.12/site-packages/invenio_records_resources/services/uow.py:136: in on_register
    self._record.commit()
.venv/lib/python3.12/site-packages/invenio_records/api.py:454: in commit
    json = self._validate(format_checker=format_checker, validator=validator)
           ^^^^^^^^^^^^^^^^^^^^^^^^^^^^^^^^^^^^^^^^^^^^^^^^^^^^^^^^^^^^^^^^^^
.venv/lib/python3.12/site-packages/invenio_records/api.py:194: in _validate
    _records_state.validate(
.venv/lib/python3.12/site-packages/invenio_records/ext.py:67: in validate
    return validate(data, schema, cls=validator_cls, resolver=resolver, **kwargs)
           ^^^^^^^^^^^^^^^^^^^^^^^^^^^^^^^^^^^^^^^^^^^^^^^^^^^^^^^^^^^^^^^^^^^^^^
_ _ _ _ _ _ _ _ _ _ _ _ _ _ _ _ _ _ _ _ _ _ _ _ _ _ _ _ _ _ _ _ _ _ _ _ _ _ _ _ 

instance = {'$schema': 'local://affiliations/affiliation-v1.0.0.json', 'acronym': 'CERN', 'country': 'CH', 'country_name': 'Switzerland', ...}
schema = {'$ref': 'local://affiliations/affiliation-v1.0.0.json'}
cls = &lt;class 'jsonschema.validators.Draft202012Validator'&gt;, args = ()
kwargs = {'format_checker': None, 'resolver': &lt;invenio_records.resolver.InvenioRefResolver object at 0x7fcb861fc230&gt;}
validator = Draft202012Validator(schema={'$ref': 'local://affi...n-v1.0.0.json'}, format_checker=None)
error = &lt;ValidationError: "Additional properties are not allowed ('pid' was unexpected)"&gt;

    def validate(instance, schema, cls=None, *args, **kwargs):  # noqa: D417
        """
        Validate an instance under the given schema.
    
            &gt;&gt;&gt; validate([2, 3, 4], {"maxItems": 2})
            Traceback (most recent call last):
                ...
            ValidationError: [2, 3, 4] is too long
    
        :func:`~jsonschema.validators.validate` will first verify that the
        provided schema is itself valid, since not doing so can lead to less
        obvious error messages and fail in less obvious or consistent ways.
    
        If you know you have a valid schema already, especially
        if you intend to validate multiple instances with
        the same schema, you likely would prefer using the
        `jsonschema.protocols.Validator.validate` method directly on a
        specific validator (e.g. ``Draft202012Validator.validate``).
    
    
        Arguments:
    
            instance:
    
                The instance to validate
    
            schema:
    
                The schema to validate with
    
            cls (jsonschema.protocols.Validator):
    
                The class that will be used to validate the instance.
    
        If the ``cls`` argument is not provided, two things will happen
        in accordance with the specification. First, if the schema has a
        :kw:`$schema` keyword containing a known meta-schema [#]_ then the
        proper validator will be used. The specification recommends that
        all schemas contain :kw:`$schema` properties for this reason. If no
        :kw:`$schema` property is found, the default validator class is the
        latest released draft.
    
        Any other provided positional and keyword arguments will be passed
        on when instantiating the ``cls``.
    
        Raises:
    
            `jsonschema.exceptions.ValidationError`:
    
                if the instance is invalid
    
            `jsonschema.exceptions.SchemaError`:
    
                if the schema itself is invalid
    
        .. rubric:: Footnotes
        .. [#] known by a validator registered with
            `jsonschema.validators.validates`
    
        """
        if cls is None:
            cls = validator_for(schema)
    
        cls.check_schema(schema)
        validator = cls(schema, *args, **kwargs)
        error = exceptions.best_match(validator.iter_errors(instance))
        if error is not None:
&gt;           raise error
E           jsonschema.exceptions.ValidationError: Additional properties are not allowed ('pid' was unexpected)
E           
E           Failed validating 'additionalProperties' in schema:
E               {'$schema': 'http://json-schema.org/draft-07/schema#',
E                '$id': 'local://affiliations/affiliation-v1.0.0.json',
E                'type': 'object',
E                'additionalProperties': False,
E                'properties': {'$schema': {'$ref': 'local://definitions-v1.0.0.json#/$schema'},
E                               'tags': {'$ref': 'local://vocabularies/definitions-v1.0.0.json#/tags'},
E                               'country': {'type': 'string',
E                                           'description': "Represents a affiliation's "
E                                                          'country as a country '
E                                                          'code.'},
E                               'country_name': {'type': 'string',
E                                                'description': 'Represents a '
E                                                               "affiliation's country "
E                                                               'as a full name.'},
E                               'location_name': {'type': 'string',
E                                                 'description': 'Represents a '
E                                                                "affiliation's "
E                                                                'location name '
E                                                                '(usually a city).'},
E                               'acronym': {'type': 'string'},
E                               'identifiers': {'description': 'Alternate identifiers '
E                                                              'for the record.',
E                                               'type': 'array',
E                                               'items': {'$ref': 'local://definitions-v1.0.0.json#/identifiers_with_scheme'},
E                                               'uniqueItems': True},
E                               'status': {'type': 'string',
E                                          'description': 'Status of the affiliation '
E                                                         'organization.'},
E                               'aliases': {'description': 'Alternate names for the '
E                                                          'affiliation.',
E                                           'type': 'array',
E                                           'items': {'type': 'string'},
E                                           'uniqueItems': True},
E                               'types': {'description': 'Types of affiliation '
E                                                        'organization.',
E                                         'type': 'array',
E                                         'items': {'type': 'string'},
E                                         'uniqueItems': True},
E                               'name': {'type': 'string'},
E                               'title': {'$ref': 'local://vocabularies/definitions-v1.0.0.json#/title'}}}
E           
E           On instance:
E               {'name': 'Test affiliation',
E                'title': {'en': 'New title', 'es': 'Afiliacion de test'},
E                'types': ['facility', 'funder'],
E                'status': 'active',
E                '$schema': 'local://affiliations/affiliation-v1.0.0.json',
E                'acronym': 'CERN',
E                'country': 'CH',
E                'identifiers': [{'identifier': '03yrm5c26', 'scheme': 'ror'}],
E                'country_name': 'Switzerland',
E                'location_name': 'Geneva',
E                'pid': '01ggx4157'}

.venv/lib/python3.12/site-packages/jsonschema/validators.py:1332: ValidationError</failure></testcase><testcase classname="tests.contrib.affiliations.test_affiliations_service" name="test_pid_already_registered" time="1.041" /><testcase classname="tests.contrib.affiliations.test_affiliations_service" name="test_extra_fields" time="0.015" /><testcase classname="tests.contrib.affiliations.test_affiliations_service" name="test_indexed_at_query" time="0.368" /><testcase classname="tests.contrib.awards.conftest" name="PYDOCSTYLE" time="0.016" /><testcase classname="tests.contrib.awards.conftest" name="ISORT" time="0.025" /><testcase classname="tests.contrib.awards.conftest" name="black" time="0.169" /><testcase classname="tests.contrib.awards.test_awards_api" name="ISORT" time="0.018" /><testcase classname="tests.contrib.awards.test_awards_api" name="black" time="0.161" /><testcase classname="tests.contrib.awards.test_awards_api" name="test_award_schema_validation" time="1.732" /><testcase classname="tests.contrib.awards.test_awards_api" name="test_award_indexing" time="0.101" /><testcase classname="tests.contrib.awards.test_awards_api" name="test_award_pid" time="0.338" /><testcase classname="tests.contrib.awards.test_awards_datastreams" name="ISORT" time="0.045" /><testcase classname="tests.contrib.awards.test_awards_datastreams" name="black" time="0.196" /><testcase classname="tests.contrib.awards.test_awards_datastreams" name="test_awards_transformer" time="1.568" /><testcase classname="tests.contrib.awards.test_awards_datastreams" name="test_awards_service_writer_create" time="1.123" /><testcase classname="tests.contrib.awards.test_awards_datastreams" name="test_awards_funder_id_not_exist" time="1.142" /><testcase classname="tests.contrib.awards.test_awards_datastreams" name="test_awards_funder_id_not_exist_no_funders" time="0.954" /><testcase classname="tests.contrib.awards.test_awards_datastreams" name="test_awards_transformer_ec_functionality" time="1.026" /><testcase classname="tests.contrib.awards.test_awards_datastreams" name="test_awards_service_writer_duplicate" time="1.147" /><testcase classname="tests.contrib.awards.test_awards_datastreams" name="test_awards_service_writer_update_existing" time="1.182" /><testcase classname="tests.contrib.awards.test_awards_datastreams" name="test_awards_service_writer_update_non_existing" time="1.027" /><testcase classname="tests.contrib.awards.test_awards_datastreams" name="test_awards_cordis_transformer" time="0.278" /><testcase classname="tests.contrib.awards.test_awards_jsonschema" name="ISORT" time="0.013" /><testcase classname="tests.contrib.awards.test_awards_jsonschema" name="black" time="0.157" /><testcase classname="tests.contrib.awards.test_awards_jsonschema" name="test_valid_full" time="0.679" /><testcase classname="tests.contrib.awards.test_awards_jsonschema" name="test_valid_empty" time="0.003" /><testcase classname="tests.contrib.awards.test_awards_jsonschema" name="test_fails_number" time="0.004" /><testcase classname="tests.contrib.awards.test_awards_resource" name="ISORT" time="0.031" /><testcase classname="tests.contrib.awards.test_awards_resource" name="black" time="0.188" /><testcase classname="tests.contrib.awards.test_awards_resource" name="test_awards_invalid" time="1.517" /><testcase classname="tests.contrib.awards.test_awards_resource" name="test_awards_forbidden" time="0.182" /><testcase classname="tests.contrib.awards.test_awards_resource" name="test_awards_get" time="0.118" /><testcase classname="tests.contrib.awards.test_awards_resource" name="test_awards_search" time="0.167" /><testcase classname="tests.contrib.awards.test_awards_resource" name="test_awards_suggest_sort" time="0.261" /><testcase classname="tests.contrib.awards.test_awards_resource" name="test_awards_faceted_suggest" time="0.255" /><testcase classname="tests.contrib.awards.test_awards_resource" name="test_awards_delete" time="0.240" /><testcase classname="tests.contrib.awards.test_awards_resource" name="test_awards_update" time="0.182" /><testcase classname="tests.contrib.awards.test_awards_resource" name="test_awards_create" time="0.399" /><testcase classname="tests.contrib.awards.test_awards_schema" name="ISORT" time="0.024" /><testcase classname="tests.contrib.awards.test_awards_schema" name="black" time="0.173" /><testcase classname="tests.contrib.awards.test_awards_schema" name="test_valid_full" time="1.744" /><testcase classname="tests.contrib.awards.test_awards_schema" name="test_valid_minimal" time="0.002" /><testcase classname="tests.contrib.awards.test_awards_schema" name="test_invalid_no_number" time="0.003" /><testcase classname="tests.contrib.awards.test_awards_schema" name="test_invalid_empty_number" time="0.004" /><testcase classname="tests.contrib.awards.test_awards_schema" name="test_invalid_empty_pid" time="0.003" /><testcase classname="tests.contrib.awards.test_awards_schema" name="test_award_funder_name" time="0.002" /><testcase classname="tests.contrib.awards.test_awards_schema" name="test_award_funder_id" time="0.002" /><testcase classname="tests.contrib.awards.test_awards_schema" name="test_valid_id" time="0.002" /><testcase classname="tests.contrib.awards.test_awards_schema" name="test_valid_number_title" time="0.001" /><testcase classname="tests.contrib.awards.test_awards_schema" name="test_invalid_empty" time="0.001" /><testcase classname="tests.contrib.awards.test_awards_schema" name="test_invalid_number_type" time="0.001" /><testcase classname="tests.contrib.awards.test_awards_schema" name="test_valid_award_funding" time="0.002" /><testcase classname="tests.contrib.awards.test_awards_schema" name="test_invalid_award_funding" time="0.001" /><testcase classname="tests.contrib.awards.test_awards_schema" name="test_valid_funder_funding" time="0.002" /><testcase classname="tests.contrib.awards.test_awards_schema" name="test_invalid_funder_funding" time="0.001" /><testcase classname="tests.contrib.awards.test_awards_schema" name="test_valid_award_funder_funding" time="0.002" /><testcase classname="tests.contrib.awards.test_awards_schema" name="test_invalid_empty_funding" time="0.253" /><testcase classname="tests.contrib.awards.test_awards_service" name="ISORT" time="0.024" /><testcase classname="tests.contrib.awards.test_awards_service" name="black" time="0.176" /><testcase classname="tests.contrib.awards.test_awards_service" name="test_simple_flow" time="1.793" /><testcase classname="tests.contrib.awards.test_awards_service" name="test_create_invalid_funder" time="0.067" /><testcase classname="tests.contrib.awards.test_awards_service" name="test_pid_already_registered" time="0.123" /><testcase classname="tests.contrib.awards.test_awards_service" name="test_extra_fields" time="0.061" /><testcase classname="tests.contrib.awards.test_awards_service" name="test_award_dereferenced" time="1.032" /><testcase classname="tests.contrib.awards.test_awards_service" name="test_indexed_at_query" time="0.421" /><testcase classname="tests.contrib.common.openaire.test_openaire_datastreams" name="ISORT" time="0.023" /><testcase classname="tests.contrib.common.openaire.test_openaire_datastreams" name="black" time="0.167" /><testcase classname="tests.contrib.common.openaire.test_openaire_datastreams" name="test_openaire_http_reader" time="0.002" /><testcase classname="tests.contrib.common.openaire.test_openaire_datastreams" name="test_openaire_http_reader_wrong_number_tar_items_error" time="0.002" /><testcase classname="tests.contrib.common.openaire.test_openaire_datastreams" name="test_openaire_http_reader_unsupported_origin_option" time="0.001" /><testcase classname="tests.contrib.common.openaire.test_openaire_datastreams" name="test_openaire_http_reader_item_not_implemented" time="0.001" /><testcase classname="tests.contrib.common.openaire.test_openaire_datastreams" name="test_openaire_http_reader_iter_not_implemented" time="0.001" /><testcase classname="tests.contrib.common.ror.test_ror_datastreams" name="ISORT" time="0.035" /><testcase classname="tests.contrib.common.ror.test_ror_datastreams" name="black" time="0.185" /><testcase classname="tests.contrib.common.ror.test_ror_datastreams" name="test_ror_http_reader" time="0.005" /><testcase classname="tests.contrib.common.ror.test_ror_datastreams" name="test_ror_http_reader_since_before_publish" time="0.004" /><testcase classname="tests.contrib.common.ror.test_ror_datastreams" name="test_ror_http_reader_since_after_publish" time="0.004" /><testcase classname="tests.contrib.common.ror.test_ror_datastreams" name="test_ror_http_reader_wrong_number_zip_items_error" time="0.001" /><testcase classname="tests.contrib.common.ror.test_ror_datastreams" name="test_ror_http_reader_no_json_ld" time="0.001" /><testcase classname="tests.contrib.common.ror.test_ror_datastreams" name="test_ror_http_reader_item_not_implemented" time="0.001" /><testcase classname="tests.contrib.common.ror.test_ror_datastreams" name="test_ror_http_reader_iter_not_implemented" time="0.001" /><testcase classname="tests.contrib.common.ror.test_ror_datastreams" name="test_ror_transformer" time="1.965" /><testcase classname="tests.contrib.funders.conftest" name="PYDOCSTYLE" time="0.007" /><testcase classname="tests.contrib.funders.conftest" name="ISORT" time="0.015" /><testcase classname="tests.contrib.funders.conftest" name="black" time="0.160" /><testcase classname="tests.contrib.funders.test_funders_api" name="ISORT" time="0.016" /><testcase classname="tests.contrib.funders.test_funders_api" name="black" time="0.161" /><testcase classname="tests.contrib.funders.test_funders_api" name="test_funder_schema_validation" time="1.549" /><testcase classname="tests.contrib.funders.test_funders_api" name="test_funder_indexing" time="0.041" /><testcase classname="tests.contrib.funders.test_funders_api" name="test_funder_pid" time="0.268" /><testcase classname="tests.contrib.funders.test_funders_datastreams" name="ISORT" time="0.024" /><testcase classname="tests.contrib.funders.test_funders_datastreams" name="black" time="0.168" /><testcase classname="tests.contrib.funders.test_funders_datastreams" name="test_ror_transformer" time="1.638" /><testcase classname="tests.contrib.funders.test_funders_datastreams" name="test_funders_service_writer_create" time="0.957" /><testcase classname="tests.contrib.funders.test_funders_datastreams" name="test_funders_service_writer_duplicate" time="0.992" /><testcase classname="tests.contrib.funders.test_funders_datastreams" name="test_funders_service_writer_update_existing" time="1.027" /><testcase classname="tests.contrib.funders.test_funders_datastreams" name="test_funders_service_writer_update_non_existing" time="1.200" /><testcase classname="tests.contrib.funders.test_funders_jsonschema" name="ISORT" time="0.014" /><testcase classname="tests.contrib.funders.test_funders_jsonschema" name="black" time="0.158" /><testcase classname="tests.contrib.funders.test_funders_jsonschema" name="test_valid_full" time="0.674" /><testcase classname="tests.contrib.funders.test_funders_jsonschema" name="test_valid_empty" time="0.003" /><testcase classname="tests.contrib.funders.test_funders_jsonschema" name="test_fails_name" time="0.003" /><testcase classname="tests.contrib.funders.test_funders_jsonschema" name="test_fails_country" time="0.003" /><testcase classname="tests.contrib.funders.test_funders_resource" name="ISORT" time="0.029" /><testcase classname="tests.contrib.funders.test_funders_resource" name="black" time="0.186" /><testcase classname="tests.contrib.funders.test_funders_resource" name="test_funders_invalid" time="1.588" /><testcase classname="tests.contrib.funders.test_funders_resource" name="test_funders_forbidden" time="0.110" /><testcase classname="tests.contrib.funders.test_funders_resource" name="test_funders_get" time="0.067" /><testcase classname="tests.contrib.funders.test_funders_resource" name="test_funders_search" time="0.076" /><testcase classname="tests.contrib.funders.test_funders_resource" name="test_funders_prefix_search" time="0.224" /><testcase classname="tests.contrib.funders.test_funders_resource" name="test_funders_suggest_sort" time="0.334" /><testcase classname="tests.contrib.funders.test_funders_resource" name="test_funders_delete" time="0.140" /><testcase classname="tests.contrib.funders.test_funders_resource" name="test_funders_update" time="0.128" /><testcase classname="tests.contrib.funders.test_funders_resource" name="test_funders_create" time="0.340" /><testcase classname="tests.contrib.funders.test_funders_schema" name="ISORT" time="0.019" /><testcase classname="tests.contrib.funders.test_funders_schema" name="black" time="0.166" /><testcase classname="tests.contrib.funders.test_funders_schema" name="test_valid_full" time="1.518" /><testcase classname="tests.contrib.funders.test_funders_schema" name="test_valid_minimal" time="0.003" /><testcase classname="tests.contrib.funders.test_funders_schema" name="test_invalid_no_name" time="0.002" /><testcase classname="tests.contrib.funders.test_funders_schema" name="test_invalid_empty" time="0.004" /><testcase classname="tests.contrib.funders.test_funders_schema" name="test_invalid_empty_funder" time="0.002" /><testcase classname="tests.contrib.funders.test_funders_schema" name="test_invalid_country" time="0.002" /><testcase classname="tests.contrib.funders.test_funders_schema" name="test_valid_id" time="0.001" /><testcase classname="tests.contrib.funders.test_funders_schema" name="test_valid_name" time="0.001" /><testcase classname="tests.contrib.funders.test_funders_schema" name="test_valid_both_id_name" time="0.001" /><testcase classname="tests.contrib.funders.test_funders_schema" name="test_invalid_empty_relation" time="0.261" /><testcase classname="tests.contrib.funders.test_funders_service" name="ISORT" time="0.019" /><testcase classname="tests.contrib.funders.test_funders_service" name="black" time="0.165" /><testcase classname="tests.contrib.funders.test_funders_service" name="test_simple_flow" time="1.711" /><testcase classname="tests.contrib.funders.test_funders_service" name="test_pid_already_registered" time="0.071" /><testcase classname="tests.contrib.funders.test_funders_service" name="test_extra_fields" time="0.014" /><testcase classname="tests.contrib.funders.test_funders_service" name="test_indexed_at_query" time="0.316" /><testcase classname="tests.contrib.names.conftest" name="PYDOCSTYLE" time="0.009" /><testcase classname="tests.contrib.names.conftest" name="ISORT" time="0.017" /><testcase classname="tests.contrib.names.conftest" name="black" time="0.165" /><testcase classname="tests.contrib.names.test_name_permissions" name="ISORT" time="0.015" /><testcase classname="tests.contrib.names.test_name_permissions" name="black" time="0.161" /><testcase classname="tests.contrib.names.test_name_permissions" name="test_non_searchable_tag" time="1.951" /><testcase classname="tests.contrib.names.test_names_api" name="ISORT" time="0.018" /><testcase classname="tests.contrib.names.test_names_api" name="black" time="0.164" /><testcase classname="tests.contrib.names.test_names_api" name="test_name_schema_validation" time="1.654" /><testcase classname="tests.contrib.names.test_names_api" name="test_name_indexing" time="0.088" /><testcase classname="tests.contrib.names.test_names_api" name="test_name_pid" time="0.326" /><testcase classname="tests.contrib.names.test_names_datastreams" name="ISORT" time="0.056" /><testcase classname="tests.contrib.names.test_names_datastreams" name="black" time="0.214" /><testcase classname="tests.contrib.names.test_names_datastreams" name="test_orcid_xml_transform" time="0.002" /><testcase classname="tests.contrib.names.test_names_datastreams" name="test_orcid_transformer" time="1.801" /><testcase classname="tests.contrib.names.test_names_datastreams" name="test_orcid_transformer_org_ids_mapping_from_file" time="0.004" /><testcase classname="tests.contrib.names.test_names_datastreams" name="test_orcid_transformer_name_filtering[Lars Holm, Nielsen-True]" time="0.003" /><testcase classname="tests.contrib.names.test_names_datastreams" name="test_orcid_transformer_name_filtering[Lars Nielsen:)-False]" time="0.003" /><testcase classname="tests.contrib.names.test_names_datastreams" name="test_orcid_transformer_name_filtering[Lars Nielsen-H-True]" time="0.002" /><testcase classname="tests.contrib.names.test_names_datastreams" name="test_orcid_transformer_name_filtering[Lars Nielsen \U0001f44d-False]" time="0.003" /><testcase classname="tests.contrib.names.test_names_datastreams" name="test_orcid_transformer_name_filtering[Lars Nielsen (CERN)-True]" time="0.002" /><testcase classname="tests.contrib.names.test_names_datastreams" name="test_orcid_transformer_different_names_no_regex[Lars Holm, Nielsen]" time="0.002" /><testcase classname="tests.contrib.names.test_names_datastreams" name="test_orcid_transformer_different_names_no_regex[Lars Nielsen:)]" time="0.002" /><testcase classname="tests.contrib.names.test_names_datastreams" name="test_orcid_transformer_different_names_no_regex[Lars Nielsen-H]" time="0.002" /><testcase classname="tests.contrib.names.test_names_datastreams" name="test_orcid_transformer_different_names_no_regex[Lars Nielsen \U0001f44d]" time="0.002" /><testcase classname="tests.contrib.names.test_names_datastreams" name="test_orcid_transformer_different_names_no_regex[Lars Nielsen (CERN)]" time="0.002" /><testcase classname="tests.contrib.names.test_names_datastreams" name="test_orcid_http_reader" time="0.001" /><testcase classname="tests.contrib.names.test_names_datastreams" name="test_names_service_writer_create" time="0.925" /><testcase classname="tests.contrib.names.test_names_datastreams" name="test_names_service_writer_duplicate" time="0.964" /><testcase classname="tests.contrib.names.test_names_datastreams" name="test_names_service_writer_update_existing" time="0.958"><failure message="jsonschema.exceptions.ValidationError: Additional properties are not allowed ('pid' was unexpected)&#10;&#10;Failed validating 'additionalProperties' in schema:&#10;    {'$schema': 'http://json-schema.org/draft-07/schema#',&#10;     '$id': 'local://names/name-v1.0.0.json',&#10;     'description': 'Names vocabulary.',&#10;     'type': 'object',&#10;     'additionalProperties': False,&#10;     'properties': {'$schema': {'$ref': 'local://definitions-v1.0.0.json#/$schema'},&#10;                    'tags': {'$ref': 'local://vocabularies/definitions-v1.0.0.json#/tags'},&#10;                    'scheme': {'description': 'Identifier of the name '&#10;                                              'scheme.',&#10;                               '$ref': 'local://definitions-v1.0.0.json#/identifier'},&#10;                    'name': {'type': 'string'},&#10;                    'given_name': {'type': 'string'},&#10;                    'family_name': {'type': 'string'},&#10;                    'identifiers': {'description': 'Identifiers for the '&#10;                                                   'person.',&#10;                                    'type': 'array',&#10;                                    'items': {'$ref': 'local://definitions-v1.0.0.json#/identifiers_with_scheme'},&#10;                                    'uniqueItems': True},&#10;                    'props': {'type': 'object',&#10;                              'patternProperties': {'^.*$': {'oneOf': [{'type': 'string'},&#10;                                                                       {'type': 'boolean'}]}}},&#10;                    'affiliations': {'description': 'Affiliations of the '&#10;                                                    'person.',&#10;                                     'type': 'array',&#10;                                     'items': {'type': 'object',&#10;                                               'additionalProperties': False,&#10;                                               'properties': {'id': {'$ref': 'local://definitions-v1.0.0.json#/identifier'},&#10;                                                              'name': {'type': 'string'}}},&#10;                                     'uniqueItems': True}}}&#10;&#10;On instance:&#10;    {'name': 'Panero, Pablo',&#10;     '$schema': 'local://names/name-v1.0.0.json',&#10;     'given_name': 'Pablo',&#10;     'family_name': 'Panero',&#10;     'identifiers': [{'identifier': '0000-0001-8135-3489',&#10;                      'scheme': 'orcid'}],&#10;     'affiliations': [{'name': 'CERN'}],&#10;     'pid': '0000-0001-8135-3489'}">app = &lt;Flask 'invenio'&gt;
db = &lt;SQLAlchemy postgresql+psycopg2://invenio:***@localhost:5432/invenio&gt;
search_clear = &lt;OpenSearch([{'host': 'localhost', 'port': 9200}])&gt;
name_full_data = {'affiliations': [{'name': 'CERN'}], 'family_name': 'Nielsen', 'given_name': 'Lars Holm', 'id': '0000-0001-8135-3489', ...}

    def test_names_service_writer_update_existing(app, db, search_clear, name_full_data):
        # create vocabulary
        writer = NamesServiceWriter(update=True)
        name = writer.write(stream_entry=StreamEntry(name_full_data))
        Name.index.refresh()  # refresh index to make changes live
        # update vocabulary
        updated_name = deepcopy(name_full_data)
        updated_name["given_name"] = "Pablo"
        updated_name["family_name"] = "Panero"
        updated_name["name"] = "Panero, Pablo"
        # check changes vocabulary
&gt;       _ = writer.write(stream_entry=StreamEntry(updated_name))
            ^^^^^^^^^^^^^^^^^^^^^^^^^^^^^^^^^^^^^^^^^^^^^^^^^^^^

tests/contrib/names/test_names_datastreams.py:419: 
_ _ _ _ _ _ _ _ _ _ _ _ _ _ _ _ _ _ _ _ _ _ _ _ _ _ _ _ _ _ _ _ _ _ _ _ _ _ _ _ 
invenio_vocabularies/datastreams/writers.py:115: in write
    return self._do_update(entry)
           ^^^^^^^^^^^^^^^^^^^^^^
invenio_vocabularies/datastreams/writers.py:97: in _do_update
    self._service.update(self._identity, vocab_id, updated), op_type="update"
    ^^^^^^^^^^^^^^^^^^^^^^^^^^^^^^^^^^^^^^^^^^^^^^^^^^^^^^^
.venv/lib/python3.12/site-packages/invenio_db/uow.py:251: in inner
    res = f(self, *args, **kwargs)
          ^^^^^^^^^^^^^^^^^^^^^^^^
.venv/lib/python3.12/site-packages/invenio_records_resources/services/records/service.py:495: in update
    uow.register(RecordCommitOp(record, self.indexer))
.venv/lib/python3.12/site-packages/invenio_db/uow.py:224: in register
    op.on_register(self)
.venv/lib/python3.12/site-packages/invenio_records_resources/services/uow.py:136: in on_register
    self._record.commit()
.venv/lib/python3.12/site-packages/invenio_records/api.py:454: in commit
    json = self._validate(format_checker=format_checker, validator=validator)
           ^^^^^^^^^^^^^^^^^^^^^^^^^^^^^^^^^^^^^^^^^^^^^^^^^^^^^^^^^^^^^^^^^^
.venv/lib/python3.12/site-packages/invenio_records/api.py:194: in _validate
    _records_state.validate(
.venv/lib/python3.12/site-packages/invenio_records/ext.py:67: in validate
    return validate(data, schema, cls=validator_cls, resolver=resolver, **kwargs)
           ^^^^^^^^^^^^^^^^^^^^^^^^^^^^^^^^^^^^^^^^^^^^^^^^^^^^^^^^^^^^^^^^^^^^^^
_ _ _ _ _ _ _ _ _ _ _ _ _ _ _ _ _ _ _ _ _ _ _ _ _ _ _ _ _ _ _ _ _ _ _ _ _ _ _ _ 

instance = {'$schema': 'local://names/name-v1.0.0.json', 'affiliations': [{'name': 'CERN'}], 'family_name': 'Panero', 'given_name': 'Pablo', ...}
schema = {'$ref': 'local://names/name-v1.0.0.json'}
cls = &lt;class 'jsonschema.validators.Draft202012Validator'&gt;, args = ()
kwargs = {'format_checker': None, 'resolver': &lt;invenio_records.resolver.InvenioRefResolver object at 0x7fcb84525820&gt;}
validator = Draft202012Validator(schema={'$ref': 'local://name...e-v1.0.0.json'}, format_checker=None)
error = &lt;ValidationError: "Additional properties are not allowed ('pid' was unexpected)"&gt;

    def validate(instance, schema, cls=None, *args, **kwargs):  # noqa: D417
        """
        Validate an instance under the given schema.
    
            &gt;&gt;&gt; validate([2, 3, 4], {"maxItems": 2})
            Traceback (most recent call last):
                ...
            ValidationError: [2, 3, 4] is too long
    
        :func:`~jsonschema.validators.validate` will first verify that the
        provided schema is itself valid, since not doing so can lead to less
        obvious error messages and fail in less obvious or consistent ways.
    
        If you know you have a valid schema already, especially
        if you intend to validate multiple instances with
        the same schema, you likely would prefer using the
        `jsonschema.protocols.Validator.validate` method directly on a
        specific validator (e.g. ``Draft202012Validator.validate``).
    
    
        Arguments:
    
            instance:
    
                The instance to validate
    
            schema:
    
                The schema to validate with
    
            cls (jsonschema.protocols.Validator):
    
                The class that will be used to validate the instance.
    
        If the ``cls`` argument is not provided, two things will happen
        in accordance with the specification. First, if the schema has a
        :kw:`$schema` keyword containing a known meta-schema [#]_ then the
        proper validator will be used. The specification recommends that
        all schemas contain :kw:`$schema` properties for this reason. If no
        :kw:`$schema` property is found, the default validator class is the
        latest released draft.
    
        Any other provided positional and keyword arguments will be passed
        on when instantiating the ``cls``.
    
        Raises:
    
            `jsonschema.exceptions.ValidationError`:
    
                if the instance is invalid
    
            `jsonschema.exceptions.SchemaError`:
    
                if the schema itself is invalid
    
        .. rubric:: Footnotes
        .. [#] known by a validator registered with
            `jsonschema.validators.validates`
    
        """
        if cls is None:
            cls = validator_for(schema)
    
        cls.check_schema(schema)
        validator = cls(schema, *args, **kwargs)
        error = exceptions.best_match(validator.iter_errors(instance))
        if error is not None:
&gt;           raise error
E           jsonschema.exceptions.ValidationError: Additional properties are not allowed ('pid' was unexpected)
E           
E           Failed validating 'additionalProperties' in schema:
E               {'$schema': 'http://json-schema.org/draft-07/schema#',
E                '$id': 'local://names/name-v1.0.0.json',
E                'description': 'Names vocabulary.',
E                'type': 'object',
E                'additionalProperties': False,
E                'properties': {'$schema': {'$ref': 'local://definitions-v1.0.0.json#/$schema'},
E                               'tags': {'$ref': 'local://vocabularies/definitions-v1.0.0.json#/tags'},
E                               'scheme': {'description': 'Identifier of the name '
E                                                         'scheme.',
E                                          '$ref': 'local://definitions-v1.0.0.json#/identifier'},
E                               'name': {'type': 'string'},
E                               'given_name': {'type': 'string'},
E                               'family_name': {'type': 'string'},
E                               'identifiers': {'description': 'Identifiers for the '
E                                                              'person.',
E                                               'type': 'array',
E                                               'items': {'$ref': 'local://definitions-v1.0.0.json#/identifiers_with_scheme'},
E                                               'uniqueItems': True},
E                               'props': {'type': 'object',
[...]
time="0.006" /><testcase classname="invenio_vocabularies.contrib.subjects.__init__" name="black" time="0.148" /><testcase classname="invenio_vocabularies.contrib.subjects.api" name="PYDOCSTYLE" time="0.003" /><testcase classname="invenio_vocabularies.contrib.subjects.api" name="ISORT" time="0.005" /><testcase classname="invenio_vocabularies.contrib.subjects.api" name="black" time="0.148" /><testcase classname="invenio_vocabularies.contrib.subjects.config" name="PYDOCSTYLE" time="0.007" /><testcase classname="invenio_vocabularies.contrib.subjects.config" name="ISORT" time="0.018" /><testcase classname="invenio_vocabularies.contrib.subjects.config" name="black" time="0.163" /><testcase classname="invenio_vocabularies.contrib.subjects.datastreams" name="PYDOCSTYLE" time="0.008" /><testcase classname="invenio_vocabularies.contrib.subjects.datastreams" name="ISORT" time="0.019" /><testcase classname="invenio_vocabularies.contrib.subjects.datastreams" name="black" time="0.162" /><testcase classname="invenio_vocabularies.contrib.subjects.euroscivoc.__init__" name="PYDOCSTYLE" time="0.003" /><testcase classname="invenio_vocabularies.contrib.subjects.euroscivoc.__init__" name="ISORT" time="0.004" /><testcase classname="invenio_vocabularies.contrib.subjects.euroscivoc.__init__" name="black" time="0.151" /><testcase classname="invenio_vocabularies.contrib.subjects.euroscivoc.datastreams" name="PYDOCSTYLE" time="0.008" /><testcase classname="invenio_vocabularies.contrib.subjects.euroscivoc.datastreams" name="ISORT" time="0.015" /><testcase classname="invenio_vocabularies.contrib.subjects.euroscivoc.datastreams" name="black" time="0.162" /><testcase classname="invenio_vocabularies.contrib.subjects.facets" name="PYDOCSTYLE" time="0.004" /><testcase classname="invenio_vocabularies.contrib.subjects.facets" name="ISORT" time="0.005" /><testcase classname="invenio_vocabularies.contrib.subjects.facets" name="black" time="0.149" /><testcase classname="invenio_vocabularies.contrib.subjects.gemet.__init__" name="PYDOCSTYLE" time="0.003" /><testcase classname="invenio_vocabularies.contrib.subjects.gemet.__init__" name="ISORT" time="0.004" /><testcase classname="invenio_vocabularies.contrib.subjects.gemet.__init__" name="black" time="0.149" /><testcase classname="invenio_vocabularies.contrib.subjects.gemet.datastreams" name="PYDOCSTYLE" time="0.011" /><testcase classname="invenio_vocabularies.contrib.subjects.gemet.datastreams" name="ISORT" time="0.021" /><testcase classname="invenio_vocabularies.contrib.subjects.gemet.datastreams" name="black" time="0.171" /><testcase classname="invenio_vocabularies.contrib.subjects.jsonschemas.__init__" name="PYDOCSTYLE" time="0.004" /><testcase classname="invenio_vocabularies.contrib.subjects.jsonschemas.__init__" name="ISORT" time="0.004" /><testcase classname="invenio_vocabularies.contrib.subjects.jsonschemas.__init__" name="black" time="0.152" /><testcase classname="invenio_vocabularies.contrib.subjects.mappings.__init__" name="PYDOCSTYLE" time="0.003" /><testcase classname="invenio_vocabularies.contrib.subjects.mappings.__init__" name="ISORT" time="0.004" /><testcase classname="invenio_vocabularies.contrib.subjects.mappings.__init__" name="black" time="0.152" /><testcase classname="invenio_vocabularies.contrib.subjects.mappings.os-v1.__init__" name="PYDOCSTYLE" time="0.003" /><testcase classname="invenio_vocabularies.contrib.subjects.mappings.os-v1.__init__" name="ISORT" time="0.004" /><testcase classname="invenio_vocabularies.contrib.subjects.mappings.os-v1.__init__" name="black" time="0.152" /><testcase classname="invenio_vocabularies.contrib.subjects.mappings.os-v2.__init__" name="PYDOCSTYLE" time="0.003" /><testcase classname="invenio_vocabularies.contrib.subjects.mappings.os-v2.__init__" name="ISORT" time="0.004" /><testcase classname="invenio_vocabularies.contrib.subjects.mappings.os-v2.__init__" name="black" time="0.151" /><testcase classname="invenio_vocabularies.contrib.subjects.mappings.v7.__init__" name="PYDOCSTYLE" time="0.004" /><testcase classname="invenio_vocabularies.contrib.subjects.mappings.v7.__init__" name="ISORT" time="0.005" /><testcase classname="invenio_vocabularies.contrib.subjects.mappings.v7.__init__" name="black" time="0.152" /><testcase classname="invenio_vocabularies.contrib.subjects.mesh.__init__" name="PYDOCSTYLE" time="0.003" /><testcase classname="invenio_vocabularies.contrib.subjects.mesh.__init__" name="ISORT" time="0.004" /><testcase classname="invenio_vocabularies.contrib.subjects.mesh.__init__" name="black" time="0.152" /><testcase classname="invenio_vocabularies.contrib.subjects.mesh.datastreams" name="PYDOCSTYLE" time="0.005" /><testcase classname="invenio_vocabularies.contrib.subjects.mesh.datastreams" name="ISORT" time="0.010" /><testcase classname="invenio_vocabularies.contrib.subjects.mesh.datastreams" name="black" time="0.157" /><testcase classname="invenio_vocabularies.contrib.subjects.models" name="PYDOCSTYLE" time="0.003" /><testcase classname="invenio_vocabularies.contrib.subjects.models" name="ISORT" time="0.005" /><testcase classname="invenio_vocabularies.contrib.subjects.models" name="black" time="0.150" /><testcase classname="invenio_vocabularies.contrib.subjects.nvs.__init__" name="PYDOCSTYLE" time="0.004" /><testcase classname="invenio_vocabularies.contrib.subjects.nvs.__init__" name="ISORT" time="0.004" /><testcase classname="invenio_vocabularies.contrib.subjects.nvs.__init__" name="black" time="0.150" /><testcase classname="invenio_vocabularies.contrib.subjects.nvs.datastreams" name="PYDOCSTYLE" time="0.011" /><testcase classname="invenio_vocabularies.contrib.subjects.nvs.datastreams" name="ISORT" time="0.021" /><testcase classname="invenio_vocabularies.contrib.subjects.nvs.datastreams" name="black" time="0.168" /><testcase classname="invenio_vocabularies.contrib.subjects.resources" name="PYDOCSTYLE" time="0.003" /><testcase classname="invenio_vocabularies.contrib.subjects.resources" name="ISORT" time="0.005" /><testcase classname="invenio_vocabularies.contrib.subjects.resources" name="black" time="0.151" /><testcase classname="invenio_vocabularies.contrib.subjects.schema" name="PYDOCSTYLE" time="0.010" /><testcase classname="invenio_vocabularies.contrib.subjects.schema" name="ISORT" time="0.018" /><testcase classname="invenio_vocabularies.contrib.subjects.schema" name="black" time="0.166" /><testcase classname="invenio_vocabularies.contrib.subjects.services" name="PYDOCSTYLE" time="0.005" /><testcase classname="invenio_vocabularies.contrib.subjects.services" name="ISORT" time="0.012" /><testcase classname="invenio_vocabularies.contrib.subjects.services" name="black" time="0.153" /><testcase classname="invenio_vocabularies.contrib.subjects.subjects" name="PYDOCSTYLE" time="0.006" /><testcase classname="invenio_vocabularies.contrib.subjects.subjects" name="ISORT" time="0.015" /><testcase classname="invenio_vocabularies.contrib.subjects.subjects" name="black" time="0.158" /><testcase classname="invenio_vocabularies.datastreams.__init__" name="PYDOCSTYLE" time="0.005" /><testcase classname="invenio_vocabularies.datastreams.__init__" name="ISORT" time="0.009" /><testcase classname="invenio_vocabularies.datastreams.__init__" name="black" time="0.151" /><testcase classname="invenio_vocabularies.datastreams.datastreams" name="PYDOCSTYLE" time="0.023" /><testcase classname="invenio_vocabularies.datastreams.datastreams" name="ISORT" time="0.036" /><testcase classname="invenio_vocabularies.datastreams.datastreams" name="black" time="0.194" /><testcase classname="invenio_vocabularies.datastreams.errors" name="PYDOCSTYLE" time="0.010" /><testcase classname="invenio_vocabularies.datastreams.errors" name="ISORT" time="0.006" /><testcase classname="invenio_vocabularies.datastreams.errors" name="black" time="0.152" /><testcase classname="invenio_vocabularies.datastreams.factories" name="PYDOCSTYLE" time="0.010" /><testcase classname="invenio_vocabularies.datastreams.factories" name="ISORT" time="0.014" /><testcase classname="invenio_vocabularies.datastreams.factories" name="black" time="0.159" /><testcase classname="invenio_vocabularies.datastreams.readers" name="PYDOCSTYLE" time="0.043" /><testcase classname="invenio_vocabularies.datastreams.readers" name="ISORT" time="0.062" /><testcase classname="invenio_vocabularies.datastreams.readers" name="black" time="0.231" /><testcase classname="invenio_vocabularies.datastreams.tasks" name="PYDOCSTYLE" time="0.012" /><testcase classname="invenio_vocabularies.datastreams.tasks" name="ISORT" time="0.020" /><testcase classname="invenio_vocabularies.datastreams.tasks" name="black" time="0.168" /><testcase classname="invenio_vocabularies.datastreams.transformers" name="PYDOCSTYLE" time="0.016" /><testcase classname="invenio_vocabularies.datastreams.transformers" name="ISORT" time="0.021" /><testcase classname="invenio_vocabularies.datastreams.transformers" name="black" time="0.167" /><testcase classname="invenio_vocabularies.datastreams.writers" name="PYDOCSTYLE" time="0.028" /><testcase classname="invenio_vocabularies.datastreams.writers" name="ISORT" time="0.034" /><testcase classname="invenio_vocabularies.datastreams.writers" name="black" time="0.186" /><testcase classname="invenio_vocabularies.datastreams.xml" name="PYDOCSTYLE" time="0.006" /><testcase classname="invenio_vocabularies.datastreams.xml" name="ISORT" time="0.008" /><testcase classname="invenio_vocabularies.datastreams.xml" name="black" time="0.155" /><testcase classname="invenio_vocabularies.ext" name="PYDOCSTYLE" time="0.016" /><testcase classname="invenio_vocabularies.ext" name="ISORT" time="0.023" /><testcase classname="invenio_vocabularies.ext" name="black" time="0.177" /><testcase classname="invenio_vocabularies.factories" name="PYDOCSTYLE" time="0.017" /><testcase classname="invenio_vocabularies.factories" name="ISORT" time="0.028" /><testcase classname="invenio_vocabularies.factories" name="black" time="0.173" /><testcase classname="invenio_vocabularies.fixtures" name="PYDOCSTYLE" time="0.007" /><testcase classname="invenio_vocabularies.fixtures" name="ISORT" time="0.012" /><testcase classname="invenio_vocabularies.fixtures" name="black" time="0.161" /><testcase classname="invenio_vocabularies.jobs" name="PYDOCSTYLE" time="0.016" /><testcase classname="invenio_vocabularies.jobs" name="ISORT" time="0.030" /><testcase classname="invenio_vocabularies.jobs" name="black" time="0.181" /><testcase classname="invenio_vocabularies.proxies" name="PYDOCSTYLE" time="0.004" /><testcase classname="invenio_vocabularies.proxies" name="ISORT" time="0.008" /><testcase classname="invenio_vocabularies.proxies" name="black" time="0.153" /><testcase classname="invenio_vocabularies.records.__init__" name="PYDOCSTYLE" time="0.003" /><testcase classname="invenio_vocabularies.records.__init__" name="ISORT" time="0.004" /><testcase classname="invenio_vocabularies.records.__init__" name="black" time="0.147" /><testcase classname="invenio_vocabularies.records.api" name="PYDOCSTYLE" time="0.006" /><testcase classname="invenio_vocabularies.records.api" name="ISORT" time="0.014" /><testcase classname="invenio_vocabularies.records.api" name="black" time="0.154" /><testcase classname="invenio_vocabularies.records.jsonschemas.__init__" name="PYDOCSTYLE" time="0.003" /><testcase classname="invenio_vocabularies.records.jsonschemas.__init__" name="ISORT" time="0.004" /><testcase classname="invenio_vocabularies.records.jsonschemas.__init__" name="black" time="0.148" /><testcase classname="invenio_vocabularies.records.mappings.__init__" name="PYDOCSTYLE" time="0.003" /><testcase classname="invenio_vocabularies.records.mappings.__init__" name="ISORT" time="0.004" /><testcase classname="invenio_vocabularies.records.mappings.__init__" name="black" time="0.149" /><testcase classname="invenio_vocabularies.records.mappings.os-v1.__init__" name="PYDOCSTYLE" time="0.004" /><testcase classname="invenio_vocabularies.records.mappings.os-v1.__init__" name="ISORT" time="0.004" /><testcase classname="invenio_vocabularies.records.mappings.os-v1.__init__" name="black" time="0.148" /><testcase classname="invenio_vocabularies.records.mappings.os-v2.__init__" name="PYDOCSTYLE" time="0.003" /><testcase classname="invenio_vocabularies.records.mappings.os-v2.__init__" name="ISORT" time="0.004" /><testcase classname="invenio_vocabularies.records.mappings.os-v2.__init__" name="black" time="0.149" /><testcase classname="invenio_vocabularies.records.mappings.v7.__init__" name="PYDOCSTYLE" time="0.004" /><testcase classname="invenio_vocabularies.records.mappings.v7.__init__" name="ISORT" time="0.004" /><testcase classname="invenio_vocabularies.records.mappings.v7.__init__" name="black" time="0.147" /><testcase classname="invenio_vocabularies.records.models" name="PYDOCSTYLE" time="0.011" /><testcase classname="invenio_vocabularies.records.models" name="ISORT" time="0.015" /><testcase classname="invenio_vocabularies.records.models" name="black" time="0.162" /><testcase classname="invenio_vocabularies.records.pidprovider" name="PYDOCSTYLE" time="0.010" /><testcase classname="invenio_vocabularies.records.pidprovider" name="ISORT" time="0.017" /><testcase classname="invenio_vocabularies.records.pidprovider" name="black" time="0.160" /><testcase classname="invenio_vocabularies.records.systemfields.__init__" name="PYDOCSTYLE" time="0.004" /><testcase classname="invenio_vocabularies.records.systemfields.__init__" name="ISORT" time="0.005" /><testcase classname="invenio_vocabularies.records.systemfields.__init__" name="black" time="0.149" /><testcase classname="invenio_vocabularies.records.systemfields.pid" name="PYDOCSTYLE" time="0.011" /><testcase classname="invenio_vocabularies.records.systemfields.pid" name="ISORT" time="0.018" /><testcase classname="invenio_vocabularies.records.systemfields.pid" name="black" time="0.168" /><testcase classname="invenio_vocabularies.records.systemfields.relations" name="PYDOCSTYLE" time="0.007" /><testcase classname="invenio_vocabularies.records.systemfields.relations" name="ISORT" time="0.012" /><testcase classname="invenio_vocabularies.records.systemfields.relations" name="black" time="0.155" /><testcase classname="invenio_vocabularies.resources.__init__" name="PYDOCSTYLE" time="0.004" /><testcase classname="invenio_vocabularies.resources.__init__" name="ISORT" time="0.008" /><testcase classname="invenio_vocabularies.resources.__init__" name="black" time="0.151" /><testcase classname="invenio_vocabularies.resources.config" name="PYDOCSTYLE" time="0.008" /><testcase classname="invenio_vocabularies.resources.config" name="ISORT" time="0.020" /><testcase classname="invenio_vocabularies.resources.config" name="black" time="0.164" /><testcase classname="invenio_vocabularies.resources.resource" name="PYDOCSTYLE" time="0.017" /><testcase classname="invenio_vocabularies.resources.resource" name="ISORT" time="0.028" /><testcase classname="invenio_vocabularies.resources.resource" name="black" time="0.172" /><testcase classname="invenio_vocabularies.resources.schema" name="PYDOCSTYLE" time="0.004" /><testcase classname="invenio_vocabularies.resources.schema" name="ISORT" time="0.008" /><testcase classname="invenio_vocabularies.resources.schema" name="black" time="0.150" /><testcase classname="invenio_vocabularies.resources.serializer" name="PYDOCSTYLE" time="0.006" /><testcase classname="invenio_vocabularies.resources.serializer" name="ISORT" time="0.011" /><testcase classname="invenio_vocabularies.resources.serializer" name="black" time="0.159" /><testcase classname="invenio_vocabularies.services.__init__" name="PYDOCSTYLE" time="0.004" /><testcase classname="invenio_vocabularies.services.__init__" name="ISORT" time="0.006" /><testcase classname="invenio_vocabularies.services.__init__" name="black" time="0.148" /><testcase classname="invenio_vocabularies.services.components" name="PYDOCSTYLE" time="0.008" /><testcase classname="invenio_vocabularies.services.components" name="ISORT" time="0.013" /><testcase classname="invenio_vocabularies.services.components" name="black" time="0.157" /><testcase classname="invenio_vocabularies.services.config" name="PYDOCSTYLE" time="0.015" /><testcase classname="invenio_vocabularies.services.config" name="ISORT" time="0.029" /><testcase classname="invenio_vocabularies.services.config" name="black" time="0.183" /><testcase classname="invenio_vocabularies.services.custom_fields.__init__" name="PYDOCSTYLE" time="0.004" /><testcase classname="invenio_vocabularies.services.custom_fields.__init__" name="ISORT" time="0.006" /><testcase classname="invenio_vocabularies.services.custom_fields.__init__" name="black" time="0.151" /><testcase classname="invenio_vocabularies.services.custom_fields.subject" name="PYDOCSTYLE" time="0.008" /><testcase classname="invenio_vocabularies.services.custom_fields.subject" name="ISORT" time="0.015" /><testcase classname="invenio_vocabularies.services.custom_fields.subject" name="black" time="0.161" /><testcase classname="invenio_vocabularies.services.custom_fields.vocabulary" name="PYDOCSTYLE" time="0.011" /><testcase classname="invenio_vocabularies.services.custom_fields.vocabulary" name="ISORT" time="0.018" /><testcase classname="invenio_vocabularies.services.custom_fields.vocabulary" name="black" time="0.162" /><testcase classname="invenio_vocabularies.services.facets" name="PYDOCSTYLE" time="0.014" /><testcase classname="invenio_vocabularies.services.facets" name="ISORT" time="0.022" /><testcase classname="invenio_vocabularies.services.facets" name="black" time="0.164" /><testcase classname="invenio_vocabularies.services.generators" name="PYDOCSTYLE" time="0.007" /><testcase classname="invenio_vocabularies.services.generators" name="ISORT" time="0.010" /><testcase classname="invenio_vocabularies.services.generators" name="black" time="0.153" /><testcase classname="invenio_vocabularies.services.permissions" name="PYDOCSTYLE" time="0.005" /><testcase classname="invenio_vocabularies.services.permissions" name="ISORT" time="0.009" /><testcase classname="invenio_vocabularies.services.permissions" name="black" time="0.152" /><testcase classname="invenio_vocabularies.services.querystr" name="PYDOCSTYLE" time="0.008" /><testcase classname="invenio_vocabularies.services.querystr" name="ISORT" time="0.012" /><testcase classname="invenio_vocabularies.services.querystr" name="black" time="0.156" /><testcase classname="invenio_vocabularies.services.results" name="PYDOCSTYLE" time="0.011" /><testcase classname="invenio_vocabularies.services.results" name="ISORT" time="0.020" /><testcase classname="invenio_vocabularies.services.results" name="black" time="0.167" /><testcase classname="invenio_vocabularies.services.schema" name="PYDOCSTYLE" time="0.015" /><testcase classname="invenio_vocabularies.services.schema" name="ISORT" time="0.024" /><testcase classname="invenio_vocabularies.services.schema" name="black" time="0.172" /><testcase classname="invenio_vocabularies.services.service" name="PYDOCSTYLE" time="0.018" /><testcase classname="invenio_vocabularies.services.service" name="ISORT" time="0.030" /><testcase classname="invenio_vocabularies.services.service" name="black" time="0.181" /><testcase classname="invenio_vocabularies.services.tasks" name="PYDOCSTYLE" time="0.006" /><testcase classname="invenio_vocabularies.services.tasks" name="ISORT" time="0.010" /><testcase classname="invenio_vocabularies.services.tasks" name="black" time="0.152" /><testcase classname="invenio_vocabularies.views" name="PYDOCSTYLE" time="0.008" /><testcase classname="invenio_vocabularies.views" name="ISORT" time="0.010" /><testcase classname="invenio_vocabularies.views" name="black" time="0.155" /><testcase classname="invenio_vocabularies.webpack" name="PYDOCSTYLE" time="0.005" /><testcase classname="invenio_vocabularies.webpack" name="ISORT" time="0.011" /><testcase classname="invenio_vocabularies.webpack" name="black" time="0.595" /></testsuite></testsuites>