<?xml version="1.0" encoding="utf-8"?><testsuites name="pytest tests"><testsuite name="pytest" errors="0" failures="1" skipped="6" tests="138" time="14.790" timestamp="2025-11-18T08:27:39.327002+00:00" hostname="runnervmg1sw1"><testcase classname="docs._ext.ultramock" name="PYDOCSTYLE" time="0.011" /><testcase classname="docs._ext.ultramock" name="ISORT" time="0.129" /><testcase classname="docs._ext.ultramock" name="black" time="0.306" /><testcase classname="docs.conf" name="PYDOCSTYLE" time="0.010" /><testcase classname="docs.conf" name="ISORT" time="0.036" /><testcase classname="docs.conf" name="black" time="0.182" /><testcase classname="tests.alembic.test_alembic" name="ISORT" time="0.012" /><testcase classname="tests.alembic.test_alembic" name="black" time="0.169" /><testcase classname="tests.alembic.test_alembic" name="test_alembic" time="2.058"><failure message="AssertionError: assert 58 == 0&#10; +  where 58 = len([('add_table', Table('access_actionssystemroles', MetaData(), Column('role_name', String(length=40), table=&lt;access_actionssystemroles&gt;, nullable=False), Column('id', Integer(), table=&lt;access_actionssystemroles&gt;, primary_key=True, nullable=False), Column('action', String(length=80), table=&lt;access_actionssystemroles&gt;), Column('exclude', Boolean(name='exclude'), table=&lt;access_actionssystemroles&gt;, nullable=False, default=ScalarElementColumnDefault(False), server_default=DefaultClause('0', for_update=False)), Column('argument', String(length=255), table=&lt;access_actionssystemroles&gt;), schema=None)), ('add_index', Index('ix_access_actionssystemroles_action', Column('action', String(length=80), table=&lt;access_actionssystemroles&gt;))), ('add_index', Index('ix_access_actionssystemroles_argument', Column('argument', String(length=255), table=&lt;access_actionssystemroles&gt;))), ('add_index', Index('ix_access_actionssystemroles_role_name', Column('role_name', String(length=40), table=&lt;access_actionssystemroles&gt;, nullable=False))), ('add_table', Table('accounts_domain_category', MetaData(), Column('id', Integer(), table=&lt;accounts_domain_category&gt;, primary_key=True, nullable=False), Column('label', String(length=255), table=&lt;accounts_domain_category&gt;), schema=None)), ('add_table', Table('accounts_domain_org', MetaData(), Column('id', Integer(), table=&lt;accounts_domain_org&gt;, primary_key=True, nullable=False), Column('pid', String(length=255), table=&lt;accounts_domain_org&gt;), Column('name', String(length=255), table=&lt;accounts_domain_org&gt;, nullable=False), Column('json', JSON(), table=&lt;accounts_domain_org&gt;, nullable=False, default=CallableColumnDefault(&lt;function DomainOrg.&lt;lambda&gt; at 0x7f5a1435dee0&gt;)), Column('parent_id', Integer(), ForeignKey('accounts_domain_org.id'), table=&lt;accounts_domain_org&gt;), schema=None)), ('add_table', Table('accounts_role', MetaData(), Column('id', String(length=80), table=&lt;accounts_role&gt;, primary_key=True, nullable=False, default=CallableColumnDefault(&lt;function Role.&lt;lambda&gt; at 0x7f5a147c96c0&gt;)), Column('name', String(length=80), table=&lt;accounts_role&gt;), Column('description', String(length=255), table=&lt;accounts_role&gt;), Column('is_managed', Boolean(), table=&lt;accounts_role&gt;, nullable=False, default=ScalarElementColumnDefault(True)), Column('version_id', Integer(), table=&lt;accounts_role&gt;, nullable=False), Column('created', DateTime(), table=&lt;accounts_role&gt;, nullable=False, default=CallableColumnDefault(&lt;function datetime.utcnow at 0x7f5a16104220&gt;)), Column('updated', DateTime(), table=&lt;accounts_role&gt;, nullable=False, default=CallableColumnDefault(&lt;function datetime.utcnow at 0x7f5a16104360&gt;)), schema=None)), ('add_table', Table('accounts_user', MetaData(), Column('id', Integer(), table=&lt;accounts_user&gt;, primary_key=True, nullable=False), Column('username', String(length=255), table=&lt;accounts_user&gt;), Column('displayname', String(length=255), table=&lt;accounts_user&gt;), Column('email', String(length=255), table=&lt;accounts_user&gt;), Column('domain', String(length=255), table=&lt;accounts_user&gt;), Column('password', String(length=255), table=&lt;accounts_user&gt;), Column('active', Boolean(name='active'), table=&lt;accounts_user&gt;), Column('confirmed_at', DateTime(), table=&lt;accounts_user&gt;), Column('version_id', Integer(), table=&lt;accounts_user&gt;, nullable=False), Column('profile', JSON(), table=&lt;accounts_user&gt;, default=CallableColumnDefault(&lt;function User.&lt;lambda&gt; at 0x7f5a147cbce0&gt;)), Column('preferences', JSON(), table=&lt;accounts_user&gt;, default=CallableColumnDefault(&lt;function User.&lt;lambda&gt; at 0x7f5a147cbe20&gt;)), Column('blocked_at', DateTime(), table=&lt;accounts_user&gt;), Column('verified_at', DateTime(), table=&lt;accounts_user&gt;), Column('created', DateTime(), table=&lt;accounts_user&gt;, nullable=False, default=CallableColumnDefault(&lt;function datetime.utcnow at 0x7f5a16104220&gt;)), Column('updated', DateTime(), table=&lt;accounts_user&gt;, nullable=False, default=CallableColumnDefault(&lt;function datetime.utcnow at 0x7f5a16104360&gt;)), schema=None)), ('add_table', Table('files_files', MetaData(), Column('id', UUIDType(), table=&lt;files_files&gt;, primary_key=True, nullable=False, default=CallableColumnDefault(&lt;function uuid4 at 0x7f5a123a5300&gt;)), Column('uri', Text(), table=&lt;files_files&gt;), Column('storage_class', String(length=1), table=&lt;files_files&gt;), Column('size', BigInteger(), table=&lt;files_files&gt;, default=ScalarElementColumnDefault(0)), Column('checksum', String(length=255), table=&lt;files_files&gt;), Column('readable', Boolean(name='readable'), table=&lt;files_files&gt;, nullable=False, default=ScalarElementColumnDefault(True)), Column('writable', Boolean(name='writable'), table=&lt;files_files&gt;, nullable=False, default=ScalarElementColumnDefault(True)), Column('last_check_at', DateTime(), table=&lt;files_files&gt;), Column('last_check', Boolean(name='last_check'), table=&lt;files_files&gt;, default=ScalarElementColumnDefault(True)), Column('created', DateTime(), table=&lt;files_files&gt;, nullable=False, default=CallableColumnDefault(&lt;function datetime.utcnow at 0x7f5a12388180&gt;)), Column('updated', DateTime(), table=&lt;files_files&gt;, nullable=False, default=CallableColumnDefault(&lt;function datetime.utcnow at 0x7f5a12388220&gt;)), schema=None)), ('add_table', Table('files_location', MetaData(), Column('id', Integer(), table=&lt;files_location&gt;, primary_key=True, nullable=False), Column('name', String(length=20), table=&lt;files_location&gt;, nullable=False), Column('uri', String(length=255), table=&lt;files_location&gt;, nullable=False), Column('default', Boolean(name='default'), table=&lt;files_location&gt;, nullable=False, default=ScalarElementColumnDefault(False)), Column('created', DateTime(), table=&lt;files_location&gt;, nullable=False, default=CallableColumnDefault(&lt;function datetime.utcnow at 0x7f5a12388180&gt;)), Column('updated', DateTime(), table=&lt;files_location&gt;, nullable=False, default=CallableColumnDefault(&lt;function datetime.utcnow at 0x7f5a12388220&gt;)), schema=None)), ('add_table', Table('pages_page', MetaData(), Column('id', Integer(), table=&lt;pages_page&gt;, primary_key=True, nullable=False), Column('url', String(length=100), table=&lt;pages_page&gt;, nullable=False), Column('title', String(length=200), table=&lt;pages_page&gt;, nullable=False, default=ScalarElementColumnDefault('')), Column('lang', CHAR(length=2), table=&lt;pages_page&gt;, nullable=False, server_default=DefaultClause('en', for_update=False)), Column('content', Text(), table=&lt;pages_page&gt;, nullable=False, default=ScalarElementColumnDefault('')), Column('description', String(length=200), table=&lt;pages_page&gt;, nullable=False, default=ScalarElementColumnDefault('')), Column('template_name', String(length=70), table=&lt;pages_page&gt;, nullable=False), Column('created', DateTime(), table=&lt;pages_page&gt;, nullable=False, default=CallableColumnDefault(&lt;function datetime.utcnow at 0x7f5a16104220&gt;)), Column('updated', DateTime(), table=&lt;pages_page&gt;, nullable=False, default=CallableColumnDefault(&lt;function datetime.utcnow at 0x7f5a16104360&gt;)), schema=None)), ('add_table', Table('pages_page_version', MetaData(), Column('id', Integer(), table=&lt;pages_page_version&gt;, primary_key=True, nullable=False), Column('url', String(length=100), table=&lt;pages_page_version&gt;), Column('title', String(length=200), table=&lt;pages_page_version&gt;, default=ScalarElementColumnDefault('')), Column('lang', CHAR(length=2), table=&lt;pages_page_version&gt;, server_default=DefaultClause('en', for_update=False)), Column('content', Text(), table=&lt;pages_page_version&gt;, default=ScalarElementColumnDefault('')), Column('description', String(length=200), table=&lt;pages_page_version&gt;, default=ScalarElementColumnDefault('')), Column('template_name', String(length=70), table=&lt;pages_page_version&gt;), Column('created', DateTime(), table=&lt;pages_page_version&gt;, default=CallableColumnDefault(&lt;function datetime.utcnow at 0x7f5a16104220&gt;)), Column('updated', DateTime(), table=&lt;pages_page_version&gt;, default=CallableColumnDefault(&lt;function datetime.utcnow at 0x7f5a16104360&gt;)), Column('transaction_id', BigInteger(), table=&lt;pages_page_version&gt;, primary_key=True, nullable=False), Column('end_transaction_id', BigInteger(), table=&lt;pages_page_version&gt;), Column('operation_type', SmallInteger(), table=&lt;pages_page_version&gt;, nullable=False), schema=None)), ('add_index', Index('ix_pages_page_version_end_transaction_id', Column('end_transaction_id', BigInteger(), table=&lt;pages_page_version&gt;))), ('add_index', Index('ix_pages_page_version_operation_type', Column('operation_type', SmallInteger(), table=&lt;pages_page_version&gt;, nullable=False))), ('add_index', Index('ix_pages_page_version_transaction_id', Column('transaction_id', BigInteger(), table=&lt;pages_page_version&gt;, primary_key=True, nullable=False))), ('add_table', Table('pages_pagelist_version', MetaData(), Column('id', Integer(), table=&lt;pages_pagelist_version&gt;, primary_key=True, nullable=False), Column('list_id', Integer(), table=&lt;pages_pagelist_version&gt;), Column('page_id', Integer(), table=&lt;pages_pagelist_version&gt;), Column('order', Integer(), table=&lt;pages_pagelist_version&gt;), Column('transaction_id', BigInteger(), table=&lt;pages_pagelist_version&gt;, primary_key=True, nullable=False), Column('end_transaction_id', BigInteger(), table=&lt;pages_pagelist_version&gt;), Column('operation_type', SmallInteger(), table=&lt;pages_pagelist_version&gt;, nullable=False), schema=None)), ('add_index', Index('ix_pages_pagelist_version_end_transaction_id', Column('end_transaction_id', BigInteger(), table=&lt;pages_pagelist_version&gt;))), ('add_index', Index('ix_pages_pagelist_version_operation_type', Column('operation_type', SmallInteger(), table=&lt;pages_pagelist_version&gt;, nullable=False))), ('add_index', Index('ix_pages_pagelist_version_transaction_id', Column('transaction_id', BigInteger(), table=&lt;pages_pagelist_version&gt;, primary_key=True, nullable=False))), ('add_table', Table('pidstore_pid', MetaData(), Column('id', Integer(), table=&lt;pidstore_pid&gt;, primary_key=True, nullable=False), Column('pid_type', String(length=6), table=&lt;pidstore_pid&gt;, nullable=False), Column('pid_value', String(length=255), table=&lt;pidstore_pid&gt;, nullable=False), Column('pid_provider', String(length=8), table=&lt;pidstore_pid&gt;), Column('status', ChoiceType(length=1), table=&lt;pidstore_pid&gt;, nullable=False), Column('object_type', String(length=3), table=&lt;pidstore_pid&gt;), Column('object_uuid', UUIDType(), table=&lt;pidstore_pid&gt;), Column('created', DateTime(), table=&lt;pidstore_pid&gt;, nullable=False, default=CallableColumnDefault(&lt;function datetime.utcnow at 0x7f5a16104220&gt;)), Column('updated', DateTime(), table=&lt;pidstore_pid&gt;, nullable=False, default=CallableColumnDefault(&lt;function datetime.utcnow at 0x7f5a16104360&gt;)), schema=None)), ('add_index', Index('idx_object', Column('object_type', String(length=3), table=&lt;pidstore_pid&gt;), Column('object_uuid', UUIDType(), table=&lt;pidstore_pid&gt;))), ('add_index', Index('idx_status', Column('status', ChoiceType(length=1), table=&lt;pidstore_pid&gt;, nullable=False))), ('add_index', Index('uidx_type_pid', Column('pid_type', String(length=6), table=&lt;pidstore_pid&gt;, nullable=False), Column('pid_value', String(length=255), table=&lt;pidstore_pid&gt;, nullable=False), unique=True)), ('add_table', Table('pidstore_recid', MetaData(), Column('recid', BigInteger(), table=&lt;pidstore_recid&gt;, primary_key=True, nullable=False), schema=None)), ('add_table', Table('records_metadata', MetaData(), Column('id', UUIDType(), table=&lt;records_metadata&gt;, primary_key=True, nullable=False, default=CallableColumnDefault(&lt;function uuid4 at 0x7f5a11d31b20&gt;)), Column('json', JSON(), table=&lt;records_metadata&gt;, default=CallableColumnDefault(&lt;function RecordMetadataBase.&lt;lambda&gt; at 0x7f5a11d31c60&gt;)), Column('version_id', Integer(), table=&lt;records_metadata&gt;, nullable=False), Column('created', DateTime(), table=&lt;records_metadata&gt;, nullable=False, default=CallableColumnDefault(&lt;function datetime.utcnow at 0x7f5a11ef65c0&gt;)), Column('updated', DateTime(), table=&lt;records_metadata&gt;, nullable=False, default=CallableColumnDefault(&lt;function datetime.utcnow at 0x7f5a11ef6520&gt;)), schema=None)), ('add_table', Table('records_metadata_version', MetaData(), Column('id', UUIDType(), table=&lt;records_metadata_version&gt;, primary_key=True, nullable=False, default=CallableColumnDefault(&lt;function uuid4 at 0x7f5a11d31b20&gt;)), Column('json', JSON(), table=&lt;records_metadata_version&gt;, default=CallableColumnDefault(&lt;function RecordMetadataBase.&lt;lambda&gt; at 0x7f5a11d31c60&gt;)), Column('version_id', Integer(), table=&lt;records_metadata_version&gt;), Column('created', DateTime(), table=&lt;records_metadata_version&gt;, default=CallableColumnDefault(&lt;function datetime.utcnow at 0x7f5a11ef65c0&gt;)), Column('updated', DateTime(), table=&lt;records_metadata_version&gt;, default=CallableColumnDefault(&lt;function datetime.utcnow at 0x7f5a11ef6520&gt;)), Column('transaction_id', BigInteger(), table=&lt;records_metadata_version&gt;, primary_key=True, nullable=False), Column('end_transaction_id', BigInteger(), table=&lt;records_metadata_version&gt;), Column('operation_type', SmallInteger(), table=&lt;records_metadata_version&gt;, nullable=False), schema=None)), ('add_index', Index('ix_records_metadata_version_end_transaction_id', Column('end_transaction_id', BigInteger(), table=&lt;records_metadata_version&gt;))), ('add_index', Index('ix_records_metadata_version_operation_type', Column('operation_type', SmallInteger(), table=&lt;records_metadata_version&gt;, nullable=False))), ('add_index', Index('ix_records_metadata_version_transaction_id', Column('transaction_id', BigInteger(), table=&lt;records_metadata_version&gt;, primary_key=True, nullable=False))), ('add_table', Table('access_actionsroles', MetaData(), Column('role_id', String(length=80), ForeignKey('accounts_role.id'), table=&lt;access_actionsroles&gt;, nullable=False), Column('id', Integer(), table=&lt;access_actionsroles&gt;, primary_key=True, nullable=False), Column('action', String(length=80), table=&lt;access_actionsroles&gt;), Column('exclude', Boolean(name='exclude'), table=&lt;access_actionsroles&gt;, nullable=False, default=ScalarElementColumnDefault(False), server_default=DefaultClause('0', for_update=False)), Column('argument', String(length=255), table=&lt;access_actionsroles&gt;), schema=None)), ('add_index', Index('ix_access_actionsroles_action', Column('action', String(length=80), table=&lt;access_actionsroles&gt;))), ('add_index', Index('ix_access_actionsroles_argument', Column('argument', String(length=255), table=&lt;access_actionsroles&gt;))), ('add_index', Index('ix_access_actionsroles_role_id', Column('role_id', String(length=80), table=&lt;access_actionsroles&gt;, nullable=False))), ('add_table', Table('access_actionsusers', MetaData(), Column('user_id', Integer(), ForeignKey('accounts_user.id'), table=&lt;access_actionsusers&gt;, nullable=False), Column('id', Integer(), table=&lt;access_actionsusers&gt;, primary_key=True, nullable=False), Column('action', String(length=80), table=&lt;access_actionsusers&gt;), Column('exclude', Boolean(name='exclude'), table=&lt;access_actionsusers&gt;, nullable=False, default=ScalarElementColumnDefault(False), server_default=DefaultClause('0', for_update=False)), Column('argument', String(length=255), table=&lt;access_actionsusers&gt;), schema=None)), ('add_index', Index('ix_access_actionsusers_action', Column('action', String(length=80), table=&lt;access_actionsusers&gt;))), ('add_index', Index('ix_access_actionsusers_argument', Column('argument', String(length=255), table=&lt;access_actionsusers&gt;))), ('add_index', Index('ix_access_actionsusers_user_id', Column('user_id', Integer(), table=&lt;access_actionsusers&gt;, nullable=False))), ('add_table', Table('accounts_domains', MetaData(), Column('id', Integer(), table=&lt;accounts_domains&gt;, primary_key=True, nullable=False), Column('domain', String(length=255), table=&lt;accounts_domains&gt;, nullable=False), Column('tld', String(length=255), table=&lt;accounts_domains&gt;, nullable=False), Column('status', ChoiceType(), table=&lt;accounts_domains&gt;, nullable=False, default=ScalarElementColumnDefault(&lt;DomainStatus.new: 1&gt;)), Column('flagged', Boolean(), table=&lt;accounts_domains&gt;, nullable=False, default=ScalarElementColumnDefault(False)), Column('flagged_source', String(length=255), table=&lt;accounts_domains&gt;, nullable=False, default=ScalarElementColumnDefault('')), Column('org_id', Integer(), ForeignKey('accounts_domain_org.id'), table=&lt;accounts_domains&gt;), Column('category', Integer(), ForeignKey('accounts_domain_category.id'), table=&lt;accounts_domains&gt;), Column('num_users', Integer(), table=&lt;accounts_domains&gt;, nullable=False, default=ScalarElementColumnDefault(0)), Column('num_active', Integer(), table=&lt;accounts_domains&gt;, nullable=False, default=ScalarElementColumnDefault(0)), Column('num_inactive', Integer(), table=&lt;accounts_domains&gt;, nullable=False, default=ScalarElementColumnDefault(0)), Column('num_confirmed', Integer(), table=&lt;accounts_domains&gt;, nullable=False, default=ScalarElementColumnDefault(0)), Column('num_verified', Integer(), table=&lt;accounts_domains&gt;, nullable=False, default=ScalarElementColumnDefault(0)), Column('num_blocked', Integer(), table=&lt;accounts_domains&gt;, nullable=False, default=ScalarElementColumnDefault(0)), Column('created', DateTime(), table=&lt;accounts_domains&gt;, nullable=False, default=CallableColumnDefault(&lt;function datetime.utcnow at 0x7f5a16104220&gt;)), Column('updated', DateTime(), table=&lt;accounts_domains&gt;, nullable=False, default=CallableColumnDefault(&lt;function datetime.utcnow at 0x7f5a16104360&gt;)), schema=None)), ('add_table', Table('accounts_user_login_information', MetaData(), Column('user_id', Integer(), ForeignKey('accounts_user.id'), table=&lt;accounts_user_login_information&gt;, primary_key=True, nullable=False), Column('last_login_at', DateTime(), table=&lt;accounts_user_login_information&gt;), Column('current_login_at', DateTime(), table=&lt;accounts_user_login_information&gt;), Column('last_login_ip', IPAddressType(length=50), table=&lt;accounts_user_login_information&gt;), Column('current_login_ip', IPAddressType(length=50), table=&lt;accounts_user_login_information&gt;), Column('login_count', Integer(), table=&lt;accounts_user_login_information&gt;), schema=None)), ('add_table', Table('accounts_user_session_activity', MetaData(), Column('sid_s', String(length=255), table=&lt;accounts_user_session_activity&gt;, primary_key=True, nullable=False), Column('user_id', Integer(), ForeignKey('accounts_user.id'), table=&lt;accounts_user_session_activity&gt;), Column('ip', String(length=80), table=&lt;accounts_user_session_activity&gt;), Column('country', String(length=3), table=&lt;accounts_user_session_activity&gt;), Column('browser', String(length=80), table=&lt;accounts_user_session_activity&gt;), Column('browser_version', String(length=30), table=&lt;accounts_user_session_activity&gt;), Column('os', String(length=80), table=&lt;accounts_user_session_activity&gt;), Column('device', String(length=80), table=&lt;accounts_user_session_activity&gt;), Column('created', DateTime(), table=&lt;accounts_user_session_activity&gt;, nullable=False, default=CallableColumnDefault(&lt;function datetime.utcnow at 0x7f5a16104220&gt;)), Column('updated', DateTime(), table=&lt;accounts_user_session_activity&gt;, nullable=False, default=CallableColumnDefault(&lt;function datetime.utcnow at 0x7f5a16104360&gt;)), schema=None)), ('add_table', Table('accounts_useridentity', MetaData(), Column('id', String(length=255), table=&lt;accounts_useridentity&gt;, primary_key=True, nullable=False), Column('method', String(length=255), table=&lt;accounts_useridentity&gt;, primary_key=True, nullable=False), Column('id_user', Integer(), ForeignKey('accounts_user.id'), table=&lt;accounts_useridentity&gt;, nullable=False), Column('created', DateTime(), table=&lt;accounts_useridentity&gt;, nullable=False, default=CallableColumnDefault(&lt;function datetime.utcnow at 0x7f5a16104220&gt;)), Column('updated', DateTime(), table=&lt;accounts_useridentity&gt;, nullable=False, default=CallableColumnDefault(&lt;function datetime.utcnow at 0x7f5a16104360&gt;)), schema=None)), ('add_index', Index('accounts_useridentity_id_user_method', Column('id_user', Integer(), table=&lt;accounts_useridentity&gt;, nullable=False), Column('method', String(length=255), table=&lt;accounts_useridentity&gt;, primary_key=True, nullable=False), unique=True)), ('add_table', Table('accounts_userrole', MetaData(), Column('user_id', Integer(), ForeignKey('accounts_user.id'), table=&lt;accounts_userrole&gt;), Column('role_id', String(length=80), ForeignKey('accounts_role.id'), table=&lt;accounts_userrole&gt;), schema=None)), ('add_table', Table('files_bucket', MetaData(), Column('id', UUIDType(), table=&lt;files_bucket&gt;, primary_key=True, nullable=False, default=CallableColumnDefault(&lt;function uuid4 at 0x7f5a12388fe0&gt;)), Column('default_location', Integer(), ForeignKey('files_location.id'), table=&lt;files_bucket&gt;, nullable=False), Column('default_storage_class', String(length=1), table=&lt;files_bucket&gt;, nullable=False, default=CallableColumnDefault(&lt;function Bucket.&lt;lambda&gt; at 0x7f5a12389bc0&gt;)), Column('size', BigInteger(), table=&lt;files_bucket&gt;, nullable=False, default=ScalarElementColumnDefault(0)), Column('quota_size', BigInteger(), table=&lt;files_bucket&gt;, default=CallableColumnDefault(&lt;function Bucket.&lt;lambda&gt; at 0x7f5a12389da0&gt;)), Column('max_file_size', BigInteger(), table=&lt;files_bucket&gt;, default=CallableColumnDefault(&lt;function Bucket.&lt;lambda&gt; at 0x7f5a12389ee0&gt;)), Column('locked', Boolean(name='locked'), table=&lt;files_bucket&gt;, nullable=False, default=ScalarElementColumnDefault(False)), Column('deleted', Boolean(name='deleted'), table=&lt;files_bucket&gt;, nullable=False, default=ScalarElementColumnDefault(False)), Column('created', DateTime(), table=&lt;files_bucket&gt;, nullable=False, default=CallableColumnDefault(&lt;function datetime.utcnow at 0x7f5a12388180&gt;)), Column('updated', DateTime(), table=&lt;files_bucket&gt;, nullable=False, default=CallableColumnDefault(&lt;function datetime.utcnow at 0x7f5a12388220&gt;)), schema=None)), ('add_table', Table('pages_pagelist', MetaData(), Column('id', Integer(), table=&lt;pages_pagelist&gt;, primary_key=True, nullable=False), Column('list_id', Integer(), ForeignKey('pages_page.id'), table=&lt;pages_pagelist&gt;, nullable=False), Column('page_id', Integer(), ForeignKey('pages_page.id'), table=&lt;pages_pagelist&gt;, nullable=False), Column('order', Integer(), table=&lt;pages_pagelist&gt;, nullable=False), schema=None)), ('add_table', Table('pidstore_redirect', MetaData(), Column('id', UUIDType(), table=&lt;pidstore_redirect&gt;, primary_key=True, nullable=False, default=CallableColumnDefault(&lt;function uuid4 at 0x7f5a119ca520&gt;)), Column('pid_id', Integer(), ForeignKey('pidstore_pid.id'), table=&lt;pidstore_redirect&gt;, nullable=False), Column('created', DateTime(), table=&lt;pidstore_redirect&gt;, nullable=False, default=CallableColumnDefault(&lt;function datetime.utcnow at 0x7f5a16104220&gt;)), Column('updated', DateTime(), table=&lt;pidstore_redirect&gt;, nullable=False, default=CallableColumnDefault(&lt;function datetime.utcnow at 0x7f5a16104360&gt;)), schema=None)), ('add_table', Table('transaction', MetaData(), Column('id', BigInteger(), table=&lt;transaction&gt;, primary_key=True, nullable=False, default=Sequence('transaction_id_seq', metadata=MetaData())), Column('remote_addr', String(length=50), table=&lt;transaction&gt;), Column('user_id', Integer(), ForeignKey('accounts_user.id'), table=&lt;transaction&gt;), Column('issued_at', DateTime(), table=&lt;transaction&gt;, default=CallableColumnDefault(&lt;function utc_now at 0x7f5a11ee7c40&gt;)), schema=None)), ('add_index', Index('ix_transaction_user_id', Column('user_id', Integer(), table=&lt;transaction&gt;))), ('add_table', Table('files_buckettags', MetaData(), Column('bucket_id', UUIDType(), ForeignKey('files_bucket.id'), table=&lt;files_buckettags&gt;, primary_key=True, nullable=False, default=CallableColumnDefault(&lt;function uuid4 at 0x7f5a123a4040&gt;)), Column('key', String(length=255), table=&lt;files_buckettags&gt;, primary_key=True, nullable=False), Column('value', Text(), table=&lt;files_buckettags&gt;, nullable=False), schema=None)), ('add_index', Index('ix_files_buckettags_bucket_id', Column('bucket_id', UUIDType(), table=&lt;files_buckettags&gt;, primary_key=True, nullable=False, default=CallableColumnDefault(&lt;function uuid4 at 0x7f5a123a4040&gt;)))), ('add_table', Table('files_multipartobject', MetaData(), Column('upload_id', UUIDType(), table=&lt;files_multipartobject&gt;, primary_key=True, nullable=False, default=CallableColumnDefault(&lt;function uuid4 at 0x7f5a123c7a60&gt;)), Column('bucket_id', UUIDType(), ForeignKey('files_bucket.id'), table=&lt;files_multipartobject&gt;), Column('key', Text(), table=&lt;files_multipartobject&gt;), Column('file_id', UUIDType(), ForeignKey('files_files.id'), table=&lt;files_multipartobject&gt;, nullable=False), Column('chunk_size', Integer(), table=&lt;files_multipartobject&gt;), Column('size', BigInteger(), table=&lt;files_multipartobject&gt;), Column('completed', Boolean(name='completed'), table=&lt;files_multipartobject&gt;, nullable=False, default=ScalarElementColumnDefault(False)), Column('created', DateTime(), table=&lt;files_multipartobject&gt;, nullable=False, default=CallableColumnDefault(&lt;function datetime.utcnow at 0x7f5a12388180&gt;)), Column('updated', DateTime(), table=&lt;files_multipartobject&gt;, nullable=False, default=CallableColumnDefault(&lt;function datetime.utcnow at 0x7f5a12388220&gt;)), schema=None)), ('add_index', Index('ix_files_multipartobject_bucket_id', Column('bucket_id', UUIDType(), table=&lt;files_multipartobject&gt;))), ('add_table', Table('files_object', MetaData(), Column('version_id', UUIDType(), table=&lt;files_object&gt;, primary_key=True, nullable=False, default=CallableColumnDefault(&lt;function uuid4 at 0x7f5a123a6980&gt;)), Column('key', Text(), table=&lt;files_object&gt;, nullable=False), Column('bucket_id', UUIDType(), ForeignKey('files_bucket.id'), table=&lt;files_object&gt;, nullable=False, default=CallableColumnDefault(&lt;function uuid4 at 0x7f5a123a7600&gt;)), Column('file_id', UUIDType(), ForeignKey('files_files.id'), table=&lt;files_object&gt;), Column('_mimetype', String(length=255), table=&lt;files_object&gt;), Column('is_head', Boolean(name='is_head'), table=&lt;files_object&gt;, nullable=False, default=ScalarElementColumnDefault(True)), Column('created', DateTime(), table=&lt;files_object&gt;, nullable=False, default=CallableColumnDefault(&lt;function datetime.utcnow at 0x7f5a12388180&gt;)), Column('updated', DateTime(), table=&lt;files_object&gt;, nullable=False, default=CallableColumnDefault(&lt;function datetime.utcnow at 0x7f5a12388220&gt;)), schema=None)), ('add_index', Index('ix_files_object__mimetype', Column('_mimetype', String(length=255), table=&lt;files_object&gt;))), ('add_index', Index('ix_files_object_bucket_id', Column('bucket_id', UUIDType(), table=&lt;files_object&gt;, nullable=False, default=CallableColumnDefault(&lt;function uuid4 at 0x7f5a123a7600&gt;)))), ('add_table', Table('files_multipartobject_part', MetaData(), Column('upload_id', UUIDType(), ForeignKey('files_multipartobject.upload_id'), table=&lt;files_multipartobject_part&gt;, primary_key=True, nullable=False), Column('part_number', Integer(), table=&lt;files_multipartobject_part&gt;, primary_key=True, nullable=False), Column('checksum', String(length=255), table=&lt;files_multipartobject_part&gt;), Column('created', DateTime(), table=&lt;files_multipartobject_part&gt;, nullable=False, default=CallableColumnDefault(&lt;function datetime.utcnow at 0x7f5a12388180&gt;)), Column('updated', DateTime(), table=&lt;files_multipartobject_part&gt;, nullable=False, default=CallableColumnDefault(&lt;function datetime.utcnow at 0x7f5a12388220&gt;)), schema=None)), ('add_table', Table('files_objecttags', MetaData(), Column('version_id', UUIDType(), ForeignKey('files_object.version_id'), table=&lt;files_objecttags&gt;, primary_key=True, nullable=False, default=CallableColumnDefault(&lt;function uuid4 at 0x7f5a16bd1e40&gt;)), Column('key', String(length=255), table=&lt;files_objecttags&gt;, primary_key=True, nullable=False), Column('value', Text(), table=&lt;files_objecttags&gt;, nullable=False), schema=None)), ('add_index', Index('ix_files_objecttags_version_id', Column('version_id', UUIDType(), table=&lt;files_objecttags&gt;, primary_key=True, nullable=False, default=CallableColumnDefault(&lt;function uuid4 at 0x7f5a16bd1e40&gt;))))])&#10; +    where [('add_table', Table('access_actionssystemroles', MetaData(), Column('role_name', String(length=40), table=&lt;access_actionssystemroles&gt;, nullable=False), Column('id', Integer(), table=&lt;access_actionssystemroles&gt;, primary_key=True, nullable=False), Column('action', String(length=80), table=&lt;access_actionssystemroles&gt;), Column('exclude', Boolean(name='exclude'), table=&lt;access_actionssystemroles&gt;, nullable=False, default=ScalarElementColumnDefault(False), server_default=DefaultClause('0', for_update=False)), Column('argument', String(length=255), table=&lt;access_actionssystemroles&gt;), schema=None)), ('add_index', Index('ix_access_actionssystemroles_action', Column('action', String(length=80), table=&lt;access_actionssystemroles&gt;))), ('add_index', Index('ix_access_actionssystemroles_argument', Column('argument', String(length=255), table=&lt;access_actionssystemroles&gt;))), ('add_index', Index('ix_access_actionssystemroles_role_name', Column('role_name', String(length=40), table=&lt;access_actionssystemroles&gt;, nullable=False))), ('add_table', Table('accounts_domain_category', MetaData(), Column('id', Integer(), table=&lt;accounts_domain_category&gt;, primary_key=True, nullable=False), Column('label', String(length=255), table=&lt;accounts_domain_category&gt;), schema=None)), ('add_table', Table('accounts_domain_org', MetaData(), Column('id', Integer(), table=&lt;accounts_domain_org&gt;, primary_key=True, nullable=False), Column('pid', String(length=255), table=&lt;accounts_domain_org&gt;), Column('name', String(length=255), table=&lt;accounts_domain_org&gt;, nullable=False), Column('json', JSON(), table=&lt;accounts_domain_org&gt;, nullable=False, default=CallableColumnDefault(&lt;function DomainOrg.&lt;lambda&gt; at 0x7f5a1435dee0&gt;)), Column('parent_id', Integer(), ForeignKey('accounts_domain_org.id'), table=&lt;accounts_domain_org&gt;), schema=None)), ('add_table', Table('accounts_role', MetaData(), Column('id', String(length=80), table=&lt;accounts_role&gt;, primary_key=True, nullable=False, default=CallableColumnDefault(&lt;function Role.&lt;lambda&gt; at 0x7f5a147c96c0&gt;)), Column('name', String(length=80), table=&lt;accounts_role&gt;), Column('description', String(length=255), table=&lt;accounts_role&gt;), Column('is_managed', Boolean(), table=&lt;accounts_role&gt;, nullable=False, default=ScalarElementColumnDefault(True)), Column('version_id', Integer(), table=&lt;accounts_role&gt;, nullable=False), Column('created', DateTime(), table=&lt;accounts_role&gt;, nullable=False, default=CallableColumnDefault(&lt;function datetime.utcnow at 0x7f5a16104220&gt;)), Column('updated', DateTime(), table=&lt;accounts_role&gt;, nullable=False, default=CallableColumnDefault(&lt;function datetime.utcnow at 0x7f5a16104360&gt;)), schema=None)), ('add_table', Table('accounts_user', MetaData(), Column('id', Integer(), table=&lt;accounts_user&gt;, primary_key=True, nullable=False), Column('username', String(length=255), table=&lt;accounts_user&gt;), Column('displayname', String(length=255), table=&lt;accounts_user&gt;), Column('email', String(length=255), table=&lt;accounts_user&gt;), Column('domain', String(length=255), table=&lt;accounts_user&gt;), Column('password', String(length=255), table=&lt;accounts_user&gt;), Column('active', Boolean(name='active'), table=&lt;accounts_user&gt;), Column('confirmed_at', DateTime(), table=&lt;accounts_user&gt;), Column('version_id', Integer(), table=&lt;accounts_user&gt;, nullable=False), Column('profile', JSON(), table=&lt;accounts_user&gt;, default=CallableColumnDefault(&lt;function User.&lt;lambda&gt; at 0x7f5a147cbce0&gt;)), Column('preferences', JSON(), table=&lt;accounts_user&gt;, default=CallableColumnDefault(&lt;function User.&lt;lambda&gt; at 0x7f5a147cbe20&gt;)), Column('blocked_at', DateTime(), table=&lt;accounts_user&gt;), Column('verified_at', DateTime(), table=&lt;accounts_user&gt;), Column('created', DateTime(), table=&lt;accounts_user&gt;, nullable=False, default=CallableColumnDefault(&lt;function datetime.utcnow at 0x7f5a16104220&gt;)), Column('updated', DateTime(), table=&lt;accounts_user&gt;, nullable=False, default=CallableColumnDefault(&lt;function datetime.utcnow at 0x7f5a16104360&gt;)), schema=None)), ('add_table', Table('files_files', MetaData(), Column('id', UUIDType(), table=&lt;files_files&gt;, primary_key=True, nullable=False, default=CallableColumnDefault(&lt;function uuid4 at 0x7f5a123a5300&gt;)), Column('uri', Text(), table=&lt;files_files&gt;), Column('storage_class', String(length=1), table=&lt;files_files&gt;), Column('size', BigInteger(), table=&lt;files_files&gt;, default=ScalarElementColumnDefault(0)), Column('checksum', String(length=255), table=&lt;files_files&gt;), Column('readable', Boolean(name='readable'), table=&lt;files_files&gt;, nullable=False, default=ScalarElementColumnDefault(True)), Column('writable', Boolean(name='writable'), table=&lt;files_files&gt;, nullable=False, default=ScalarElementColumnDefault(True)), Column('last_check_at', DateTime(), table=&lt;files_files&gt;), Column('last_check', Boolean(name='last_check'), table=&lt;files_files&gt;, default=ScalarElementColumnDefault(True)), Column('created', DateTime(), table=&lt;files_files&gt;, nullable=False, default=CallableColumnDefault(&lt;function datetime.utcnow at 0x7f5a12388180&gt;)), Column('updated', DateTime(), table=&lt;files_files&gt;, nullable=False, default=CallableColumnDefault(&lt;function datetime.utcnow at 0x7f5a12388220&gt;)), schema=None)), ('add_table', Table('files_location', MetaData(), Column('id', Integer(), table=&lt;files_location&gt;, primary_key=True, nullable=False), Column('name', String(length=20), table=&lt;files_location&gt;, nullable=False), Column('uri', String(length=255), table=&lt;files_location&gt;, nullable=False), Column('default', Boolean(name='default'), table=&lt;files_location&gt;, nullable=False, default=ScalarElementColumnDefault(False)), Column('created', DateTime(), table=&lt;files_location&gt;, nullable=False, default=CallableColumnDefault(&lt;function datetime.utcnow at 0x7f5a12388180&gt;)), Column('updated', DateTime(), table=&lt;files_location&gt;, nullable=False, default=CallableColumnDefault(&lt;function datetime.utcnow at 0x7f5a12388220&gt;)), schema=None)), ('add_table', Table('pages_page', MetaData(), Column('id', Integer(), table=&lt;pages_page&gt;, primary_key=True, nullable=False), Column('url', String(length=100), table=&lt;pages_page&gt;, nullable=False), Column('title', String(length=200), table=&lt;pages_page&gt;, nullable=False, default=ScalarElementColumnDefault('')), Column('lang', CHAR(length=2), table=&lt;pages_page&gt;, nullable=False, server_default=DefaultClause('en', for_update=False)), Column('content', Text(), table=&lt;pages_page&gt;, nullable=False, default=ScalarElementColumnDefault('')), Column('description', String(length=200), table=&lt;pages_page&gt;, nullable=False, default=ScalarElementColumnDefault('')), Column('template_name', String(length=70), table=&lt;pages_page&gt;, nullable=False), Column('created', DateTime(), table=&lt;pages_page&gt;, nullable=False, default=CallableColumnDefault(&lt;function datetime.utcnow at 0x7f5a16104220&gt;)), Column('updated', DateTime(), table=&lt;pages_page&gt;, nullable=False, default=CallableColumnDefault(&lt;function datetime.utcnow at 0x7f5a16104360&gt;)), schema=None)), ('add_table', Table('pages_page_version', MetaData(), Column('id', Integer(), table=&lt;pages_page_version&gt;, primary_key=True, nullable=False), Column('url', String(length=100), table=&lt;pages_page_version&gt;), Column('title', String(length=200), table=&lt;pages_page_version&gt;, default=ScalarElementColumnDefault('')), Column('lang', CHAR(length=2), table=&lt;pages_page_version&gt;, server_default=DefaultClause('en', for_update=False)), Column('content', Text(), table=&lt;pages_page_version&gt;, default=ScalarElementColumnDefault('')), Column('description', String(length=200), table=&lt;pages_page_version&gt;, default=ScalarElementColumnDefault('')), Column('template_name', String(length=70), table=&lt;pages_page_version&gt;), Column('created', DateTime(), table=&lt;pages_page_version&gt;, default=CallableColumnDefault(&lt;function datetime.utcnow at 0x7f5a16104220&gt;)), Column('updated', DateTime(), table=&lt;pages_page_version&gt;, default=CallableColumnDefault(&lt;function datetime.utcnow at 0x7f5a16104360&gt;)), Column('transaction_id', BigInteger(), table=&lt;pages_page_version&gt;, primary_key=True, nullable=False), Column('end_transaction_id', BigInteger(), table=&lt;pages_page_version&gt;), Column('operation_type', SmallInteger(), table=&lt;pages_page_version&gt;, nullable=False), schema=None)), ('add_index', Index('ix_pages_page_version_end_transaction_id', Column('end_transaction_id', BigInteger(), table=&lt;pages_page_version&gt;))), ('add_index', Index('ix_pages_page_version_operation_type', Column('operation_type', SmallInteger(), table=&lt;pages_page_version&gt;, nullable=False))), ('add_index', Index('ix_pages_page_version_transaction_id', Column('transaction_id', BigInteger(), table=&lt;pages_page_version&gt;, primary_key=True, nullable=False))), ('add_table', Table('pages_pagelist_version', MetaData(), Column('id', Integer(), table=&lt;pages_pagelist_version&gt;, primary_key=True, nullable=False), Column('list_id', Integer(), table=&lt;pages_pagelist_version&gt;), Column('page_id', Integer(), table=&lt;pages_pagelist_version&gt;), Column('order', Integer(), table=&lt;pages_pagelist_version&gt;), Column('transaction_id', BigInteger(), table=&lt;pages_pagelist_version&gt;, primary_key=True, nullable=False), Column('end_transaction_id', BigInteger(), table=&lt;pages_pagelist_version&gt;), Column('operation_type', SmallInteger(), table=&lt;pages_pagelist_version&gt;, nullable=False), schema=None)), ('add_index', Index('ix_pages_pagelist_version_end_transaction_id', Column('end_transaction_id', BigInteger(), table=&lt;pages_pagelist_version&gt;))), ('add_index', Index('ix_pages_pagelist_version_operation_type', Column('operation_type', SmallInteger(), table=&lt;pages_pagelist_version&gt;, nullable=False))), ('add_index', Index('ix_pages_pagelist_version_transaction_id', Column('transaction_id', BigInteger(), table=&lt;pages_pagelist_version&gt;, primary_key=True, nullable=False))), ('add_table', Table('pidstore_pid', MetaData(), Column('id', Integer(), table=&lt;pidstore_pid&gt;, primary_key=True, nullable=False), Column('pid_type', String(length=6), table=&lt;pidstore_pid&gt;, nullable=False), Column('pid_value', String(length=255), table=&lt;pidstore_pid&gt;, nullable=False), Column('pid_provider', String(length=8), table=&lt;pidstore_pid&gt;), Column('status', ChoiceType(length=1), table=&lt;pidstore_pid&gt;, nullable=False), Column('object_type', String(length=3), table=&lt;pidstore_pid&gt;), Column('object_uuid', UUIDType(), table=&lt;pidstore_pid&gt;), Column('created', DateTime(), table=&lt;pidstore_pid&gt;, nullable=False, default=CallableColumnDefault(&lt;function datetime.utcnow at 0x7f5a16104220&gt;)), Column('updated', DateTime(), table=&lt;pidstore_pid&gt;, nullable=False, default=CallableColumnDefault(&lt;function datetime.utcnow at 0x7f5a16104360&gt;)), schema=None)), ('add_index', Index('idx_object', Column('object_type', String(length=3), table=&lt;pidstore_pid&gt;), Column('object_uuid', UUIDType(), table=&lt;pidstore_pid&gt;))), ('add_index', Index('idx_status', Column('status', ChoiceType(length=1), table=&lt;pidstore_pid&gt;, nullable=False))), ('add_index', Index('uidx_type_pid', Column('pid_type', String(length=6), table=&lt;pidstore_pid&gt;, nullable=False), Column('pid_value', String(length=255), table=&lt;pidstore_pid&gt;, nullable=False), unique=True)), ('add_table', Table('pidstore_recid', MetaData(), Column('recid', BigInteger(), table=&lt;pidstore_recid&gt;, primary_key=True, nullable=False), schema=None)), ('add_table', Table('records_metadata', MetaData(), Column('id', UUIDType(), table=&lt;records_metadata&gt;, primary_key=True, nullable=False, default=CallableColumnDefault(&lt;function uuid4 at 0x7f5a11d31b20&gt;)), Column('json', JSON(), table=&lt;records_metadata&gt;, default=CallableColumnDefault(&lt;function RecordMetadataBase.&lt;lambda&gt; at 0x7f5a11d31c60&gt;)), Column('version_id', Integer(), table=&lt;records_metadata&gt;, nullable=False), Column('created', DateTime(), table=&lt;records_metadata&gt;, nullable=False, default=CallableColumnDefault(&lt;function datetime.utcnow at 0x7f5a11ef65c0&gt;)), Column('updated', DateTime(), table=&lt;records_metadata&gt;, nullable=False, default=CallableColumnDefault(&lt;function datetime.utcnow at 0x7f5a11ef6520&gt;)), schema=None)), ('add_table', Table('records_metadata_version', MetaData(), Column('id', UUIDType(), table=&lt;records_metadata_version&gt;, primary_key=True, nullable=False, default=CallableColumnDefault(&lt;function uuid4 at 0x7f5a11d31b20&gt;)), Column('json', JSON(), table=&lt;records_metadata_version&gt;, default=CallableColumnDefault(&lt;function RecordMetadataBase.&lt;lambda&gt; at 0x7f5a11d31c60&gt;)), Column('version_id', Integer(), table=&lt;records_metadata_version&gt;), Column('created', DateTime(), table=&lt;records_metadata_version&gt;, default=CallableColumnDefault(&lt;function datetime.utcnow at 0x7f5a11ef65c0&gt;)), Column('updated', DateTime(), table=&lt;records_metadata_version&gt;, default=CallableColumnDefault(&lt;function datetime.utcnow at 0x7f5a11ef6520&gt;)), Column('transaction_id', BigInteger(), table=&lt;records_metadata_version&gt;, primary_key=True, nullable=False), Column('end_transaction_id', BigInteger(), table=&lt;records_metadata_version&gt;), Column('operation_type', SmallInteger(), table=&lt;records_metadata_version&gt;, nullable=False), schema=None)), ('add_index', Index('ix_records_metadata_version_end_transaction_id', Column('end_transaction_id', BigInteger(), table=&lt;records_metadata_version&gt;))), ('add_index', Index('ix_records_metadata_version_operation_type', Column('operation_type', SmallInteger(), table=&lt;records_metadata_version&gt;, nullable=False))), ('add_index', Index('ix_records_metadata_version_transaction_id', Column('transaction_id', BigInteger(), table=&lt;records_metadata_version&gt;, primary_key=True, nullable=False))), ('add_table', Table('access_actionsroles', MetaData(), Column('role_id', String(length=80), ForeignKey('accounts_role.id'), table=&lt;access_actionsroles&gt;, nullable=False), Column('id', Integer(), table=&lt;access_actionsroles&gt;, primary_key=True, nullable=False), Column('action', String(length=80), table=&lt;access_actionsroles&gt;), Column('exclude', Boolean(name='exclude'), table=&lt;access_actionsroles&gt;, nullable=False, default=ScalarElementColumnDefault(False), server_default=DefaultClause('0', for_update=False)), Column('argument', String(length=255), table=&lt;access_actionsroles&gt;), schema=None)), ('add_index', Index('ix_access_actionsroles_action', Column('action', String(length=80), table=&lt;access_actionsroles&gt;))), ('add_index', Index('ix_access_actionsroles_argument', Column('argument', String(length=255), table=&lt;access_actionsroles&gt;))), ('add_index', Index('ix_access_actionsroles_role_id', Column('role_id', String(length=80), table=&lt;access_actionsroles&gt;, nullable=False))), ('add_table', Table('access_actionsusers', MetaData(), Column('user_id', Integer(), ForeignKey('accounts_user.id'), table=&lt;access_actionsusers&gt;, nullable=False), Column('id', Integer(), table=&lt;access_actionsusers&gt;, primary_key=True, nullable=False), Column('action', String(length=80), table=&lt;access_actionsusers&gt;), Column('exclude', Boolean(name='exclude'), table=&lt;access_actionsusers&gt;, nullable=False, default=ScalarElementColumnDefault(False), server_default=DefaultClause('0', for_update=False)), Column('argument', String(length=255), table=&lt;access_actionsusers&gt;), schema=None)), ('add_index', Index('ix_access_actionsusers_action', Column('action', String(length=80), table=&lt;access_actionsusers&gt;))), ('add_index', Index('ix_access_actionsusers_argument', Column('argument', String(length=255), table=&lt;access_actionsusers&gt;))), ('add_index', Index('ix_access_actionsusers_user_id', Column('user_id', Integer(), table=&lt;access_actionsusers&gt;, nullable=False))), ('add_table', Table('accounts_domains', MetaData(), Column('id', Integer(), table=&lt;accounts_domains&gt;, primary_key=True, nullable=False), Column('domain', String(length=255), table=&lt;accounts_domains&gt;, nullable=False), Column('tld', String(length=255), table=&lt;accounts_domains&gt;, nullable=False), Column('status', ChoiceType(), table=&lt;accounts_domains&gt;, nullable=False, default=ScalarElementColumnDefault(&lt;DomainStatus.new: 1&gt;)), Column('flagged', Boolean(), table=&lt;accounts_domains&gt;, nullable=False, default=ScalarElementColumnDefault(False)), Column('flagged_source', String(length=255), table=&lt;accounts_domains&gt;, nullable=False, default=ScalarElementColumnDefault('')), Column('org_id', Integer(), ForeignKey('accounts_domain_org.id'), table=&lt;accounts_domains&gt;), Column('category', Integer(), ForeignKey('accounts_domain_category.id'), table=&lt;accounts_domains&gt;), Column('num_users', Integer(), table=&lt;accounts_domains&gt;, nullable=False, default=ScalarElementColumnDefault(0)), Column('num_active', Integer(), table=&lt;accounts_domains&gt;, nullable=False, default=ScalarElementColumnDefault(0)), Column('num_inactive', Integer(), table=&lt;accounts_domains&gt;, nullable=False, default=ScalarElementColumnDefault(0)), Column('num_confirmed', Integer(), table=&lt;accounts_domains&gt;, nullable=False, default=ScalarElementColumnDefault(0)), Column('num_verified', Integer(), table=&lt;accounts_domains&gt;, nullable=False, default=ScalarElementColumnDefault(0)), Column('num_blocked', Integer(), table=&lt;accounts_domains&gt;, nullable=False, default=ScalarElementColumnDefault(0)), Column('created', DateTime(), table=&lt;accounts_domains&gt;, nullable=False, default=CallableColumnDefault(&lt;function datetime.utcnow at 0x7f5a16104220&gt;)), Column('updated', DateTime(), table=&lt;accounts_domains&gt;, nullable=False, default=CallableColumnDefault(&lt;function datetime.utcnow at 0x7f5a16104360&gt;)), schema=None)), ('add_table', Table('accounts_user_login_information', MetaData(), Column('user_id', Integer(), ForeignKey('accounts_user.id'), table=&lt;accounts_user_login_information&gt;, primary_key=True, nullable=False), Column('last_login_at', DateTime(), table=&lt;accounts_user_login_information&gt;), Column('current_login_at', DateTime(), table=&lt;accounts_user_login_information&gt;), Column('last_login_ip', IPAddressType(length=50), table=&lt;accounts_user_login_information&gt;), Column('current_login_ip', IPAddressType(length=50), table=&lt;accounts_user_login_information&gt;), Column('login_count', Integer(), table=&lt;accounts_user_login_information&gt;), schema=None)), ('add_table', Table('accounts_user_session_activity', MetaData(), Column('sid_s', String(length=255), table=&lt;accounts_user_session_activity&gt;, primary_key=True, nullable=False), Column('user_id', Integer(), ForeignKey('accounts_user.id'), table=&lt;accounts_user_session_activity&gt;), Column('ip', String(length=80), table=&lt;accounts_user_session_activity&gt;), Column('country', String(length=3), table=&lt;accounts_user_session_activity&gt;), Column('browser', String(length=80), table=&lt;accounts_user_session_activity&gt;), Column('browser_version', String(length=30), table=&lt;accounts_user_session_activity&gt;), Column('os', String(length=80), table=&lt;accounts_user_session_activity&gt;), Column('device', String(length=80), table=&lt;accounts_user_session_activity&gt;), Column('created', DateTime(), table=&lt;accounts_user_session_activity&gt;, nullable=False, default=CallableColumnDefault(&lt;function datetime.utcnow at 0x7f5a16104220&gt;)), Column('updated', DateTime(), table=&lt;accounts_user_session_activity&gt;, nullable=False, default=CallableColumnDefault(&lt;function datetime.utcnow at 0x7f5a16104360&gt;)), schema=None)), ('add_table', Table('accounts_useridentity', MetaData(), Column('id', String(length=255), table=&lt;accounts_useridentity&gt;, primary_key=True, nullable=False), Column('method', String(length=255), table=&lt;accounts_useridentity&gt;, primary_key=True, nullable=False), Column('id_user', Integer(), ForeignKey('accounts_user.id'), table=&lt;accounts_useridentity&gt;, nullable=False), Column('created', DateTime(), table=&lt;accounts_useridentity&gt;, nullable=False, default=CallableColumnDefault(&lt;function datetime.utcnow at 0x7f5a16104220&gt;)), Column('updated', DateTime(), table=&lt;accounts_useridentity&gt;, nullable=False, default=CallableColumnDefault(&lt;function datetime.utcnow at 0x7f5a16104360&gt;)), schema=None)), ('add_index', Index('accounts_useridentity_id_user_method', Column('id_user', Integer(), table=&lt;accounts_useridentity&gt;, nullable=False), Column('method', String(length=255), table=&lt;accounts_useridentity&gt;, primary_key=True, nullable=False), unique=True)), ('add_table', Table('accounts_userrole', MetaData(), Column('user_id', Integer(), ForeignKey('accounts_user.id'), table=&lt;accounts_userrole&gt;), Column('role_id', String(length=80), ForeignKey('accounts_role.id'), table=&lt;accounts_userrole&gt;), schema=None)), ('add_table', Table('files_bucket', MetaData(), Column('id', UUIDType(), table=&lt;files_bucket&gt;, primary_key=True, nullable=False, default=CallableColumnDefault(&lt;function uuid4 at 0x7f5a12388fe0&gt;)), Column('default_location', Integer(), ForeignKey('files_location.id'), table=&lt;files_bucket&gt;, nullable=False), Column('default_storage_class', String(length=1), table=&lt;files_bucket&gt;, nullable=False, default=CallableColumnDefault(&lt;function Bucket.&lt;lambda&gt; at 0x7f5a12389bc0&gt;)), Column('size', BigInteger(), table=&lt;files_bucket&gt;, nullable=False, default=ScalarElementColumnDefault(0)), Column('quota_size', BigInteger(), table=&lt;files_bucket&gt;, default=CallableColumnDefault(&lt;function Bucket.&lt;lambda&gt; at 0x7f5a12389da0&gt;)), Column('max_file_size', BigInteger(), table=&lt;files_bucket&gt;, default=CallableColumnDefault(&lt;function Bucket.&lt;lambda&gt; at 0x7f5a12389ee0&gt;)), Column('locked', Boolean(name='locked'), table=&lt;files_bucket&gt;, nullable=False, default=ScalarElementColumnDefault(False)), Column('deleted', Boolean(name='deleted'), table=&lt;files_bucket&gt;, nullable=False, default=ScalarElementColumnDefault(False)), Column('created', DateTime(), table=&lt;files_bucket&gt;, nullable=False, default=CallableColumnDefault(&lt;function datetime.utcnow at 0x7f5a12388180&gt;)), Column('updated', DateTime(), table=&lt;files_bucket&gt;, nullable=False, default=CallableColumnDefault(&lt;function datetime.utcnow at 0x7f5a12388220&gt;)), schema=None)), ('add_table', Table('pages_pagelist', MetaData(), Column('id', Integer(), table=&lt;pages_pagelist&gt;, primary_key=True, nullable=False), Column('list_id', Integer(), ForeignKey('pages_page.id'), table=&lt;pages_pagelist&gt;, nullable=False), Column('page_id', Integer(), ForeignKey('pages_page.id'), table=&lt;pages_pagelist&gt;, nullable=False), Column('order', Integer(), table=&lt;pages_pagelist&gt;, nullable=False), schema=None)), ('add_table', Table('pidstore_redirect', MetaData(), Column('id', UUIDType(), table=&lt;pidstore_redirect&gt;, primary_key=True, nullable=False, default=CallableColumnDefault(&lt;function uuid4 at 0x7f5a119ca520&gt;)), Column('pid_id', Integer(), ForeignKey('pidstore_pid.id'), table=&lt;pidstore_redirect&gt;, nullable=False), Column('created', DateTime(), table=&lt;pidstore_redirect&gt;, nullable=False, default=CallableColumnDefault(&lt;function datetime.utcnow at 0x7f5a16104220&gt;)), Column('updated', DateTime(), table=&lt;pidstore_redirect&gt;, nullable=False, default=CallableColumnDefault(&lt;function datetime.utcnow at 0x7f5a16104360&gt;)), schema=None)), ('add_table', Table('transaction', MetaData(), Column('id', BigInteger(), table=&lt;transaction&gt;, primary_key=True, nullable=False, default=Sequence('transaction_id_seq', metadata=MetaData())), Column('remote_addr', String(length=50), table=&lt;transaction&gt;), Column('user_id', Integer(), ForeignKey('accounts_user.id'), table=&lt;transaction&gt;), Column('issued_at', DateTime(), table=&lt;transaction&gt;, default=CallableColumnDefault(&lt;function utc_now at 0x7f5a11ee7c40&gt;)), schema=None)), ('add_index', Index('ix_transaction_user_id', Column('user_id', Integer(), table=&lt;transaction&gt;))), ('add_table', Table('files_buckettags', MetaData(), Column('bucket_id', UUIDType(), ForeignKey('files_bucket.id'), table=&lt;files_buckettags&gt;, primary_key=True, nullable=False, default=CallableColumnDefault(&lt;function uuid4 at 0x7f5a123a4040&gt;)), Column('key', String(length=255), table=&lt;files_buckettags&gt;, primary_key=True, nullable=False), Column('value', Text(), table=&lt;files_buckettags&gt;, nullable=False), schema=None)), ('add_index', Index('ix_files_buckettags_bucket_id', Column('bucket_id', UUIDType(), table=&lt;files_buckettags&gt;, primary_key=True, nullable=False, default=CallableColumnDefault(&lt;function uuid4 at 0x7f5a123a4040&gt;)))), ('add_table', Table('files_multipartobject', MetaData(), Column('upload_id', UUIDType(), table=&lt;files_multipartobject&gt;, primary_key=True, nullable=False, default=CallableColumnDefault(&lt;function uuid4 at 0x7f5a123c7a60&gt;)), Column('bucket_id', UUIDType(), ForeignKey('files_bucket.id'), table=&lt;files_multipartobject&gt;), Column('key', Text(), table=&lt;files_multipartobject&gt;), Column('file_id', UUIDType(), ForeignKey('files_files.id'), table=&lt;files_multipartobject&gt;, nullable=False), Column('chunk_size', Integer(), table=&lt;files_multipartobject&gt;), Column('size', BigInteger(), table=&lt;files_multipartobject&gt;), Column('completed', Boolean(name='completed'), table=&lt;files_multipartobject&gt;, nullable=False, default=ScalarElementColumnDefault(False)), Column('created', DateTime(), table=&lt;files_multipartobject&gt;, nullable=False, default=CallableColumnDefault(&lt;function datetime.utcnow at 0x7f5a12388180&gt;)), Column('updated', DateTime(), table=&lt;files_multipartobject&gt;, nullable=False, default=CallableColumnDefault(&lt;function datetime.utcnow at 0x7f5a12388220&gt;)), schema=None)), ('add_index', Index('ix_files_multipartobject_bucket_id', Column('bucket_id', UUIDType(), table=&lt;files_multipartobject&gt;))), ('add_table', Table('files_object', MetaData(), Column('version_id', UUIDType(), table=&lt;files_object&gt;, primary_key=True, nullable=False, default=CallableColumnDefault(&lt;function uuid4 at 0x7f5a123a6980&gt;)), Column('key', Text(), table=&lt;files_object&gt;, nullable=False), Column('bucket_id', UUIDType(), ForeignKey('files_bucket.id'), table=&lt;files_object&gt;, nullable=False, default=CallableColumnDefault(&lt;function uuid4 at 0x7f5a123a7600&gt;)), Column('file_id', UUIDType(), ForeignKey('files_files.id'), table=&lt;files_object&gt;), Column('_mimetype', String(length=255), table=&lt;files_object&gt;), Column('is_head', Boolean(name='is_head'), table=&lt;files_object&gt;, nullable=False, default=ScalarElementColumnDefault(True)), Column('created', DateTime(), table=&lt;files_object&gt;, nullable=False, default=CallableColumnDefault(&lt;function datetime.utcnow at 0x7f5a12388180&gt;)), Column('updated', DateTime(), table=&lt;files_object&gt;, nullable=False, default=CallableColumnDefault(&lt;function datetime.utcnow at 0x7f5a12388220&gt;)), schema=None)), ('add_index', Index('ix_files_object__mimetype', Column('_mimetype', String(length=255), table=&lt;files_object&gt;))), ('add_index', Index('ix_files_object_bucket_id', Column('bucket_id', UUIDType(), table=&lt;files_object&gt;, nullable=False, default=CallableColumnDefault(&lt;function uuid4 at 0x7f5a123a7600&gt;)))), ('add_table', Table('files_multipartobject_part', MetaData(), Column('upload_id', UUIDType(), ForeignKey('files_multipartobject.upload_id'), table=&lt;files_multipartobject_part&gt;, primary_key=True, nullable=False), Column('part_number', Integer(), table=&lt;files_multipartobject_part&gt;, primary_key=True, nullable=False), Column('checksum', String(length=255), table=&lt;files_multipartobject_part&gt;), Column('created', DateTime(), table=&lt;files_multipartobject_part&gt;, nullable=False, default=CallableColumnDefault(&lt;function datetime.utcnow at 0x7f5a12388180&gt;)), Column('updated', DateTime(), table=&lt;files_multipartobject_part&gt;, nullable=False, default=CallableColumnDefault(&lt;function datetime.utcnow at 0x7f5a12388220&gt;)), schema=None)), ('add_table', Table('files_objecttags', MetaData(), Column('version_id', UUIDType(), ForeignKey('files_object.version_id'), table=&lt;files_objecttags&gt;, primary_key=True, nullable=False, default=CallableColumnDefault(&lt;function uuid4 at 0x7f5a16bd1e40&gt;)), Column('key', String(length=255), table=&lt;files_objecttags&gt;, primary_key=True, nullable=False), Column('value', Text(), table=&lt;files_objecttags&gt;, nullable=False), schema=None)), ('add_index', Index('ix_files_objecttags_version_id', Column('version_id', UUIDType(), table=&lt;files_objecttags&gt;, primary_key=True, nullable=False, default=CallableColumnDefault(&lt;function uuid4 at 0x7f5a16bd1e40&gt;))))] = compare_metadata()&#10; +      where compare_metadata = &lt;flask_alembic.extension.Alembic object at 0x7f5a0e4f1fd0&gt;.compare_metadata&#10; +        where &lt;flask_alembic.extension.Alembic object at 0x7f5a0e4f1fd0&gt; = &lt;invenio_db.ext.InvenioDB object at 0x7f5a0e594380&gt;.alembic">base_app = &lt;Flask 'invenio'&gt;
db = &lt;SQLAlchemy postgresql+psycopg2://invenio:***@localhost:5432/invenio&gt;

    def test_alembic(base_app, db):
        """Test alembic recipes."""
        ext = base_app.extensions["invenio-db"]
    
        if db.engine.name == "sqlite":
            raise pytest.skip("Upgrades are not supported on SQLite.")
    
        base_app.config["ALEMBIC_CONTEXT"] = alembic_test_context()
        # Check that this package's SQLAlchemy models have been properly registered
        tables = [x for x in db.metadata.tables]
    
        assert "pages_page" in tables
        assert "pages_pagelist" in tables
        assert "pages_page_version" in tables
        assert "pages_pagelist_version" in tables
        # Check that Alembic agrees that there's no further tables to create.
        assert len(ext.alembic.compare_metadata()) == 0
    
        # Drop everything and recreate tables all with Alembic
        db.drop_all()
        drop_alembic_version_table()
        ext.alembic.upgrade()
&gt;       assert len(ext.alembic.compare_metadata()) == 0
E       AssertionError: assert 58 == 0
E        +  where 58 = len([('add_table', Table('access_actionssystemroles', MetaData(), Column('role_name', String(length=40), table=&lt;access_actionssystemroles&gt;, nullable=False), Column('id', Integer(), table=&lt;access_actionssystemroles&gt;, primary_key=True, nullable=False), Column('action', String(length=80), table=&lt;access_actionssystemroles&gt;), Column('exclude', Boolean(name='exclude'), table=&lt;access_actionssystemroles&gt;, nullable=False, default=ScalarElementColumnDefault(False), server_default=DefaultClause('0', for_update=False)), Column('argument', String(length=255), table=&lt;access_actionssystemroles&gt;), schema=None)), ('add_index', Index('ix_access_actionssystemroles_action', Column('action', String(length=80), table=&lt;access_actionssystemroles&gt;))), ('add_index', Index('ix_access_actionssystemroles_argument', Column('argument', String(length=255), table=&lt;access_actionssystemroles&gt;))), ('add_index', Index('ix_access_actionssystemroles_role_name', Column('role_name', String(length=40), table=&lt;access_actionssystemroles&gt;, nullable=False))), ('add_table', Table('accounts_domain_category', MetaData(), Column('id', Integer(), table=&lt;accounts_domain_category&gt;, primary_key=True, nullable=False), Column('label', String(length=255), table=&lt;accounts_domain_category&gt;), schema=None)), ('add_table', Table('accounts_domain_org', MetaData(), Column('id', Integer(), table=&lt;accounts_domain_org&gt;, primary_key=True, nullable=False), Column('pid', String(length=255), table=&lt;accounts_domain_org&gt;), Column('name', String(length=255), table=&lt;accounts_domain_org&gt;, nullable=False), Column('json', JSON(), table=&lt;accounts_domain_org&gt;, nullable=False, default=CallableColumnDefault(&lt;function DomainOrg.&lt;lambda&gt; at 0x7f5a1435dee0&gt;)), Column('parent_id', Integer(), ForeignKey('accounts_domain_org.id'), table=&lt;accounts_domain_org&gt;), schema=None)), ('add_table', Table('accounts_role', MetaData(), Column('id', String(length=80), table=&lt;accounts_role&gt;, primary_key=True, nullable=False, default=CallableColumnDefault(&lt;function Role.&lt;lambda&gt; at 0x7f5a147c96c0&gt;)), Column('name', String(length=80), table=&lt;accounts_role&gt;), Column('description', String(length=255), table=&lt;accounts_role&gt;), Column('is_managed', Boolean(), table=&lt;accounts_role&gt;, nullable=False, default=ScalarElementColumnDefault(True)), Column('version_id', Integer(), table=&lt;accounts_role&gt;, nullable=False), Column('created', DateTime(), table=&lt;accounts_role&gt;, nullable=False, default=CallableColumnDefault(&lt;function datetime.utcnow at 0x7f5a16104220&gt;)), Column('updated', DateTime(), table=&lt;accounts_role&gt;, nullable=False, default=CallableColumnDefault(&lt;function datetime.utcnow at 0x7f5a16104360&gt;)), schema=None)), ('add_table', Table('accounts_user', MetaData(), Column('id', Integer(), table=&lt;accounts_user&gt;, primary_key=True, nullable=False), Column('username', String(length=255), table=&lt;accounts_user&gt;), Column('displayname', String(length=255), table=&lt;accounts_user&gt;), Column('email', String(length=255), table=&lt;accounts_user&gt;), Column('domain', String(length=255), table=&lt;accounts_user&gt;), Column('password', String(length=255), table=&lt;accounts_user&gt;), Column('active', Boolean(name='active'), table=&lt;accounts_user&gt;), Column('confirmed_at', DateTime(), table=&lt;accounts_user&gt;), Column('version_id', Integer(), table=&lt;accounts_user&gt;, nullable=False), Column('profile', JSON(), table=&lt;accounts_user&gt;, default=CallableColumnDefault(&lt;function User.&lt;lambda&gt; at 0x7f5a147cbce0&gt;)), Column('preferences', JSON(), table=&lt;accounts_user&gt;, default=CallableColumnDefault(&lt;function User.&lt;lambda&gt; at 0x7f5a147cbe20&gt;)), Column('blocked_at', DateTime(), table=&lt;accounts_user&gt;), Column('verified_at', DateTime(), table=&lt;accounts_user&gt;), Column('created', DateTime(), table=&lt;accounts_user&gt;, nullable=False, default=CallableColumnDefault(&lt;function datetime.utcnow at 0x7f5a16104220&gt;)), Column('updated', DateTime(), table=&lt;accounts_user&gt;, nullable=False, default=CallableColumnDefault(&lt;function datetime.utcnow at 0x7f5a16104360&gt;)), schema=None)), ('add_table', Table('files_files', MetaData(), Column('id', UUIDType(), table=&lt;files_files&gt;, primary_key=True, nullable=False, default=CallableColumnDefault(&lt;function uuid4 at 0x7f5a123a5300&gt;)), Column('uri', Text(), table=&lt;files_files&gt;), Column('storage_class', String(length=1), table=&lt;files_files&gt;), Column('size', BigInteger(), table=&lt;files_files&gt;, default=ScalarElementColumnDefault(0)), Column('checksum', String(length=255), table=&lt;files_files&gt;), Column('readable', Boolean(name='readable'), table=&lt;files_files&gt;, nullable=False, default=ScalarElementColumnDefault(True)), Column('writable', Boolean(name='writable'), table=&lt;files_files&gt;, nullable=False, default=ScalarElementColumnDefault(True)), Column('last_check_at', DateTime(), table=&lt;files_files&gt;), Column('last_check', Boolean(name='last_check'), table=&lt;files_files&gt;, default=ScalarElementColumnDefault(True)), Column('created', DateTime(), table=&lt;files_files&gt;, nullable=False, default=CallableColumnDefault(&lt;function datetime.utcnow at 0x7f5a12388180&gt;)), Column('updated', DateTime(), table=&lt;files_files&gt;, nullable=False, default=CallableColumnDefault(&lt;function datetime.utcnow at 0x7f5a12388220&gt;)), schema=None)), ('add_table', Table('files_location', MetaData(), Column('id', Integer(), table=&lt;files_location&gt;, primary_key=True, nullable=False), Column('name', String(length=20), table=&lt;files_location&gt;, nullable=False), Column('uri', String(length=255), table=&lt;files_location&gt;, nullable=False), Column('default', Boolean(name='default'), table=&lt;files_location&gt;, nullable=False, default=ScalarElementColumnDefault(False)), Column('created', DateTime(), table=&lt;files_location&gt;, nullable=False, default=CallableColumnDefault(&lt;function datetime.utcnow at 0x7f5a12388180&gt;)), Column('updated', DateTime(), table=&lt;files_location&gt;, nullable=False, default=CallableColumnDefault(&lt;function datetime.utcnow at 0x7f5a12388220&gt;)), schema=None)), ('add_table', Table('pages_page', MetaData(), Column('id', Integer(), table=&lt;pages_page&gt;, primary_key=True, nullable=False), Column('url', String(length=100), table=&lt;pages_page&gt;, nullable=False), Column('title', String(length=200), table=&lt;pages_page&gt;, nullable=False, default=ScalarElementColumnDefault('')), Column('lang', CHAR(length=2), table=&lt;pages_page&gt;, nullable=False, server_default=DefaultClause('en', for_update=False)), Column('content', Text(), table=&lt;pages_page&gt;, nullable=False, default=ScalarElementColumnDefault('')), Column('description', String(length=200), table=&lt;pages_page&gt;, nullable=False, default=ScalarElementColumnDefault('')), Column('template_name', String(length=70), table=&lt;pages_page&gt;, nullable=False), Column('created', DateTime(), table=&lt;pages_page&gt;, nullable=False, default=CallableColumnDefault(&lt;function datetime.utcnow at 0x7f5a16104220&gt;)), Column('updated', DateTime(), table=&lt;pages_page&gt;, nullable=False, default=CallableColumnDefault(&lt;function datetime.utcnow at 0x7f5a16104360&gt;)), schema=None)), ('add_table', Table('pages_page_version', MetaData(), Column('id', Integer(), table=&lt;pages_page_version&gt;, primary_key=True, nullable=False), Column('url', String(length=100), table=&lt;pages_page_version&gt;), Column('title', String(length=200), table=&lt;pages_page_version&gt;, default=ScalarElementColumnDefault('')), Column('lang', CHAR(length=2), table=&lt;pages_page_version&gt;, server_default=DefaultClause('en', for_update=False)), Column('content', Text(), table=&lt;pages_page_version&gt;, default=ScalarElementColumnDefault('')), Column('description', String(length=200), table=&lt;pages_page_version&gt;, default=ScalarElementColumnDefault('')), Column('template_name', String(length=70), table=&lt;pages_page_version&gt;), Column('created', DateTime(), table=&lt;pages_page_version&gt;, default=CallableColumnDefault(&lt;function datetime.utcnow at 0x7f5a16104220&gt;)), Column('updated', DateTime(), table=&lt;pages_page_version&gt;, default=CallableColumnDefault(&lt;function datetime.utcnow at 0x7f5a16104360&gt;)), Column('transaction_id', BigInteger(), table=&lt;pages_page_version&gt;, primary_key=True, nullable=False), Column('end_transaction_id', BigInteger(), table=&lt;pages_page_version&gt;), Column('operation_type', SmallInteger(), table=&lt;pages_page_version&gt;, nullable=False), schema=None)), ('add_index', Index('ix_pages_page_version_end_transaction_id', Column('end_transaction_id', BigInteger(), table=&lt;pages_page_version&gt;))), ('add_index', Index('ix_pages_page_version_operation_type', Column('operation_type', SmallInteger(), table=&lt;pages_page_version&gt;, nullable=False))), ('add_index', Index('ix_pages_page_version_transaction_id', Column('transaction_id', BigInteger(), table=&lt;pages_page_version&gt;, primary_key=True, nullable=False))), ('add_table', Table('pages_pagelist_version', MetaData(), Column('id', Integer(), table=&lt;pages_pagelist_version&gt;, primary_key=True, nullable=False), Column('list_id', Integer(), table=&lt;pages_pagelist_version&gt;), Column('page_id', Integer(), table=&lt;pages_pagelist_version&gt;), Column('order', Integer(), table=&lt;pages_pagelist_version&gt;), Column('transaction_id', BigInteger(), table=&lt;pages_pagelist_version&gt;, primary_key=True, nullable=False), Column('end_transaction_id', BigInteger(), table=&lt;pages_pagelist_version&gt;), Column('operation_type', SmallInteger(), table=&lt;pages_pagelist_version&gt;, nullable=False), schema=None)), ('add_index', Index('ix_pages_pagelist_version_end_transaction_id', Column('end_transaction_id', BigInteger(), table=&lt;pages_pagelist_version&gt;))), ('add_index', Index('ix_pages_pagelist_version_operation_type', Column('operation_type', SmallInteger(), table=&lt;pages_pagelist_version&gt;, nullable=False))), ('add_index', Index('ix_pages_pagelist_version_transaction_id', Column('transaction_id', BigInteger(), table=&lt;pages_pagelist_version&gt;, primary_key=True, nullable=False))), ('add_table', Table('pidstore_pid', MetaData(), Column('id', Integer(), table=&lt;pidstore_pid&gt;, primary_key=True, nullable=False), Column('pid_type', String(length=6), table=&lt;pidstore_pid&gt;, nullable=False), Column('pid_value', String(length=255), table=&lt;pidstore_pid&gt;, nullable=False), Column('pid_provider', String(length=8), table=&lt;pidstore_pid&gt;), Column('status', ChoiceType(length=1), table=&lt;pidstore_pid&gt;, nullable=False), Column('object_type', String(length=3), table=&lt;pidstore_pid&gt;), Column('object_uuid', UUIDType(), table=&lt;pidstore_pid&gt;), Column('created', DateTime(), table=&lt;pidstore_pid&gt;, nullable=False, default=CallableColumnDefault(&lt;function datetime.utcnow at 0x7f5a16104220&gt;)), Column('updated', DateTime(), table=&lt;pidstore_pid&gt;, nullable=False, default=CallableColumnDefault(&lt;function datetime.utcnow at 0x7f5a16104360&gt;)), schema=None)), ('add_index', Index('idx_object', Column('object_type', String(length=3), table=&lt;pidstore_pid&gt;), Column('object_uuid', UUIDType(), table=&lt;pidstore_pid&gt;))), ('add_index', Index('idx_status', Column('status', ChoiceType(length=1), table=&lt;pidstore_pid&gt;, nullable=False))), ('add_index', Index('uidx_type_pid', Column('pid_type', String(length=6), table=&lt;pidstore_pid&gt;, nullable=False), Column('pid_value', String(length=255), table=&lt;pidstore_pid&gt;, nullable=False), unique=True)), ('add_table', Table('pidstore_recid', MetaData(), Column('recid', BigInteger(), table=&lt;pidstore_recid&gt;, primary_key=True, nullable=False), schema=None)), ('add_table', Table('records_metadata', MetaData(), Column('id', UUIDType(), table=&lt;records_metadata&gt;, primary_key=True, nullable=False, default=CallableColumnDefault(&lt;function uuid4 at 0x7f5a11d31b20&gt;)), Column('json', JSON(), table=&lt;records_metadata&gt;, default=CallableColumnDefault(&lt;function RecordMetadataBase.&lt;lambda&gt; at 0x7f5a11d31c60&gt;)), Column('version_id', Integer(), table=&lt;records_metadata&gt;, nullable=False), Column('created', DateTime(), table=&lt;records_metadata&gt;, nullable=False, default=CallableColumnDefault(&lt;function datetime.utcnow at 0x7f5a11ef65c0&gt;)), Column('updated', DateTime(), table=&lt;records_metadata&gt;, nullable=False, default=CallableColumnDefault(&lt;function datetime.utcnow at 0x7f5a11ef6520&gt;)), schema=None)), ('add_table', Table('records_metadata_version', MetaData(), Column('id', UUIDType(), table=&lt;records_metadata_version&gt;, primary_key=True, nullable=False, default=CallableColumnDefault(&lt;function uuid4 at 0x7f5a11d31b20&gt;)), Column('json', JSON(), table=&lt;records_metadata_version&gt;, default=CallableColumnDefault(&lt;function RecordMetadataBase.&lt;lambda&gt; at 0x7f5a11d31c60&gt;)), Column('version_id', Integer(), table=&lt;records_metadata_version&gt;), Column('created', DateTime(), table=&lt;records_metadata_version&gt;, default=CallableColumnDefault(&lt;function datetime.utcnow at 0x7f5a11ef65c0&gt;)), Column('updated', DateTime(), table=&lt;records_metadata_version&gt;, default=CallableColumnDefault(&lt;function datetime.utcnow at 0x7f5a11ef6520&gt;)), Column('transaction_id', BigInteger(), table=&lt;records_metadata_version&gt;, primary_key=True, nullable=False), Column('end_transaction_id', BigInteger(), table=&lt;records_metadata_version&gt;), Column('operation_type', SmallInteger(), table=&lt;records_metadata_version&gt;, nullable=False), schema=None)), ('add_index', Index('ix_records_metadata_version_end_transaction_id', Column('end_transaction_id', BigInteger(), table=&lt;records_metadata_version&gt;))), ('add_index', Index('ix_records_metadata_version_operation_type', Column('operation_type', SmallInteger(), table=&lt;records_metadata_version&gt;, nullable=False))), ('add_index', Index('ix_records_metadata_version_transaction_id', Column('transaction_id', BigInteger(), table=&lt;records_metadata_version&gt;, primary_key=True, nullable=False))), ('add_table', Table('access_actionsroles', MetaData(), Column('role_id', String(length=80), ForeignKey('accounts_role.id'), table=&lt;access_actionsroles&gt;, nullable=False), Column('id', Integer(), table=&lt;access_actionsroles&gt;, primary_key=True, nullable=False), Column('action', String(length=80), table=&lt;access_actionsroles&gt;), Column('exclude', Boolean(name='exclude'), table=&lt;access_actionsroles&gt;, nullable=False, default=ScalarElementColumnDefault(False), server_default=DefaultClause('0', for_update=False)), Column('argument', String(length=255), table=&lt;access_actionsroles&gt;), schema=None)), ('add_index', Index('ix_access_actionsroles_action', Column('action', String(length=80), table=&lt;access_actionsroles&gt;))), ('add_index', Index('ix_access_actionsroles_argument', Column('argument', String(length=255), table=&lt;access_actionsroles&gt;))), ('add_index', Index('ix_access_actionsroles_role_id', Column('role_id', String(length=80), table=&lt;access_actionsroles&gt;, nullable=False))), ('add_table', Table('access_actionsusers', MetaData(), Column('user_id', Integer(), ForeignKey('accounts_user.id'), table=&lt;access_actionsusers&gt;, nullable=False), Column('id', Integer(), table=&lt;access_actionsusers&gt;, primary_key=True, nullable=False), Column('action', String(length=80), table=&lt;access_actionsusers&gt;), Column('exclude', Boolean(name='exclude'), table=&lt;access_actionsusers&gt;, nullable=False, default=ScalarElementColumnDefault(False), server_default=DefaultClause('0', for_update=False)), Column('argument', String(length=255), table=&lt;access_actionsusers&gt;), schema=None)), ('add_index', Index('ix_access_actionsusers_action', Column('action', String(length=80), table=&lt;access_actionsusers&gt;))), ('add_index', Index('ix_access_actionsusers_argument', Column('argument', String(length=255), table=&lt;access_actionsusers&gt;))), ('add_index', Index('ix_access_actionsusers_user_id', Column('user_id', Integer(), table=&lt;access_actionsusers&gt;, nullable=False))), ('add_table', Table('accounts_domains', MetaData(), Column('id', Integer(), table=&lt;accounts_domains&gt;, primary_key=True, nullable=False), Column('domain', String(length=255), table=&lt;accounts_domains&gt;, nullable=False), Column('tld', String(length=255), table=&lt;accounts_domains&gt;, nullable=False), Column('status', ChoiceType(), table=&lt;accounts_domains&gt;, nullable=False, default=ScalarElementColumnDefault(&lt;DomainStatus.new: 1&gt;)), Column('flagged', Boolean(), table=&lt;accounts_domains&gt;, nullable=False, default=ScalarElementColumnDefault(False)), Column('flagged_source', String(length=255), table=&lt;accounts_domains&gt;, nullable=False, default=ScalarElementColumnDefault('')), Column('org_id', Integer(), ForeignKey('accounts_domain_org.id'), table=&lt;accounts_domains&gt;), Column('category', Integer(), ForeignKey('accounts_domain_category.id'), table=&lt;accounts_domains&gt;), Column('num_users', Integer(), table=&lt;accounts_domains&gt;, nullable=False, default=ScalarElementColumnDefault(0)), Column('num_active', Integer(), table=&lt;accounts_domains&gt;, nullable=False, default=ScalarElementColumnDefault(0)), Column('num_inactive', Integer(), table=&lt;accounts_domains&gt;, nullable=False, default=ScalarElementColumnDefault(0)), Column('num_confirmed', Integer(), table=&lt;accounts_domains&gt;, nullable=False, default=ScalarElementColumnDefault(0)), Column('num_verified', Integer(), table=&lt;accounts_domains&gt;, nullable=False, default=ScalarElementColumnDefault(0)), Column('num_blocked', Integer(), table=&lt;accounts_domains&gt;, nullable=False, default=ScalarElementColumnDefault(0)), Column('created', DateTime(), table=&lt;accounts_domains&gt;, nullable=False, default=CallableColumnDefault(&lt;function datetime.utcnow at 0x7f5a16104220&gt;)), Column('updated', DateTime(), table=&lt;accounts_domains&gt;, nullable=False, default=CallableColumnDefault(&lt;function datetime.utcnow at 0x7f5a16104360&gt;)), schema=None)), ('add_table', Table('accounts_user_login_information', MetaData(), Column('user_id', Integer(), ForeignKey('accounts_user.id'), table=&lt;accounts_user_login_information&gt;, primary_key=True, nullable=False), Column('last_login_at', DateTime(), table=&lt;accounts_user_login_information&gt
[...]
0x7f5a119ca520&gt;)), Column('pid_id', Integer(), ForeignKey('pidstore_pid.id'), table=&lt;pidstore_redirect&gt;, nullable=False), Column('created', DateTime(), table=&lt;pidstore_redirect&gt;, nullable=False, default=CallableColumnDefault(&lt;function datetime.utcnow at 0x7f5a16104220&gt;)), Column('updated', DateTime(), table=&lt;pidstore_redirect&gt;, nullable=False, default=CallableColumnDefault(&lt;function datetime.utcnow at 0x7f5a16104360&gt;)), schema=None)), ('add_table', Table('transaction', MetaData(), Column('id', BigInteger(), table=&lt;transaction&gt;, primary_key=True, nullable=False, default=Sequence('transaction_id_seq', metadata=MetaData())), Column('remote_addr', String(length=50), table=&lt;transaction&gt;), Column('user_id', Integer(), ForeignKey('accounts_user.id'), table=&lt;transaction&gt;), Column('issued_at', DateTime(), table=&lt;transaction&gt;, default=CallableColumnDefault(&lt;function utc_now at 0x7f5a11ee7c40&gt;)), schema=None)), ('add_index', Index('ix_transaction_user_id', Column('user_id', Integer(), table=&lt;transaction&gt;))), ('add_table', Table('files_buckettags', MetaData(), Column('bucket_id', UUIDType(), ForeignKey('files_bucket.id'), table=&lt;files_buckettags&gt;, primary_key=True, nullable=False, default=CallableColumnDefault(&lt;function uuid4 at 0x7f5a123a4040&gt;)), Column('key', String(length=255), table=&lt;files_buckettags&gt;, primary_key=True, nullable=False), Column('value', Text(), table=&lt;files_buckettags&gt;, nullable=False), schema=None)), ('add_index', Index('ix_files_buckettags_bucket_id', Column('bucket_id', UUIDType(), table=&lt;files_buckettags&gt;, primary_key=True, nullable=False, default=CallableColumnDefault(&lt;function uuid4 at 0x7f5a123a4040&gt;)))), ('add_table', Table('files_multipartobject', MetaData(), Column('upload_id', UUIDType(), table=&lt;files_multipartobject&gt;, primary_key=True, nullable=False, default=CallableColumnDefault(&lt;function uuid4 at 0x7f5a123c7a60&gt;)), Column('bucket_id', UUIDType(), ForeignKey('files_bucket.id'), table=&lt;files_multipartobject&gt;), Column('key', Text(), table=&lt;files_multipartobject&gt;), Column('file_id', UUIDType(), ForeignKey('files_files.id'), table=&lt;files_multipartobject&gt;, nullable=False), Column('chunk_size', Integer(), table=&lt;files_multipartobject&gt;), Column('size', BigInteger(), table=&lt;files_multipartobject&gt;), Column('completed', Boolean(name='completed'), table=&lt;files_multipartobject&gt;, nullable=False, default=ScalarElementColumnDefault(False)), Column('created', DateTime(), table=&lt;files_multipartobject&gt;, nullable=False, default=CallableColumnDefault(&lt;function datetime.utcnow at 0x7f5a12388180&gt;)), Column('updated', DateTime(), table=&lt;files_multipartobject&gt;, nullable=False, default=CallableColumnDefault(&lt;function datetime.utcnow at 0x7f5a12388220&gt;)), schema=None)), ('add_index', Index('ix_files_multipartobject_bucket_id', Column('bucket_id', UUIDType(), table=&lt;files_multipartobject&gt;))), ('add_table', Table('files_object', MetaData(), Column('version_id', UUIDType(), table=&lt;files_object&gt;, primary_key=True, nullable=False, default=CallableColumnDefault(&lt;function uuid4 at 0x7f5a123a6980&gt;)), Column('key', Text(), table=&lt;files_object&gt;, nullable=False), Column('bucket_id', UUIDType(), ForeignKey('files_bucket.id'), table=&lt;files_object&gt;, nullable=False, default=CallableColumnDefault(&lt;function uuid4 at 0x7f5a123a7600&gt;)), Column('file_id', UUIDType(), ForeignKey('files_files.id'), table=&lt;files_object&gt;), Column('_mimetype', String(length=255), table=&lt;files_object&gt;), Column('is_head', Boolean(name='is_head'), table=&lt;files_object&gt;, nullable=False, default=ScalarElementColumnDefault(True)), Column('created', DateTime(), table=&lt;files_object&gt;, nullable=False, default=CallableColumnDefault(&lt;function datetime.utcnow at 0x7f5a12388180&gt;)), Column('updated', DateTime(), table=&lt;files_object&gt;, nullable=False, default=CallableColumnDefault(&lt;function datetime.utcnow at 0x7f5a12388220&gt;)), schema=None)), ('add_index', Index('ix_files_object__mimetype', Column('_mimetype', String(length=255), table=&lt;files_object&gt;))), ('add_index', Index('ix_files_object_bucket_id', Column('bucket_id', UUIDType(), table=&lt;files_object&gt;, nullable=False, default=CallableColumnDefault(&lt;function uuid4 at 0x7f5a123a7600&gt;)))), ('add_table', Table('files_multipartobject_part', MetaData(), Column('upload_id', UUIDType(), ForeignKey('files_multipartobject.upload_id'), table=&lt;files_multipartobject_part&gt;, primary_key=True, nullable=False), Column('part_number', Integer(), table=&lt;files_multipartobject_part&gt;, primary_key=True, nullable=False), Column('checksum', String(length=255), table=&lt;files_multipartobject_part&gt;), Column('created', DateTime(), table=&lt;files_multipartobject_part&gt;, nullable=False, default=CallableColumnDefault(&lt;function datetime.utcnow at 0x7f5a12388180&gt;)), Column('updated', DateTime(), table=&lt;files_multipartobject_part&gt;, nullable=False, default=CallableColumnDefault(&lt;function datetime.utcnow at 0x7f5a12388220&gt;)), schema=None)), ('add_table', Table('files_objecttags', MetaData(), Column('version_id', UUIDType(), ForeignKey('files_object.version_id'), table=&lt;files_objecttags&gt;, primary_key=True, nullable=False, default=CallableColumnDefault(&lt;function uuid4 at 0x7f5a16bd1e40&gt;)), Column('key', String(length=255), table=&lt;files_objecttags&gt;, primary_key=True, nullable=False), Column('value', Text(), table=&lt;files_objecttags&gt;, nullable=False), schema=None)), ('add_index', Index('ix_files_objecttags_version_id', Column('version_id', UUIDType(), table=&lt;files_objecttags&gt;, primary_key=True, nullable=False, default=CallableColumnDefault(&lt;function uuid4 at 0x7f5a16bd1e40&gt;))))] = compare_metadata()
E        +      where compare_metadata = &lt;flask_alembic.extension.Alembic object at 0x7f5a0e4f1fd0&gt;.compare_metadata
E        +        where &lt;flask_alembic.extension.Alembic object at 0x7f5a0e4f1fd0&gt; = &lt;invenio_db.ext.InvenioDB object at 0x7f5a0e594380&gt;.alembic

base_app   = &lt;Flask 'invenio'&gt;
db         = &lt;SQLAlchemy postgresql+psycopg2://invenio:***@localhost:5432/invenio&gt;
ext        = &lt;invenio_db.ext.InvenioDB object at 0x7f5a0e594380&gt;
tables     = ['accounts_userrole',
 'accounts_role',
 'accounts_user',
 'accounts_user_login_information',
 'accounts_user_session_activity',
 'accounts_useridentity',
 'accounts_domain_org',
 'accounts_domain_category',
 'accounts_domains',
 'access_actionsusers',
 'access_actionsroles',
 'access_actionssystemroles',
 'files_location',
 'files_bucket',
 'files_buckettags',
 'files_files',
 'files_object',
 'files_objecttags',
 'files_multipartobject',
 'files_multipartobject_part',
 'pages_page',
 'pages_pagelist',
 'records_metadata',
 'pidstore_pid',
 'pidstore_redirect',
 'pidstore_recid',
 'pages_page_version',
 'pages_pagelist_version',
 'records_metadata_version',
 'transaction']

tests/alembic/test_alembic.py:38: AssertionError</failure></testcase><testcase classname="tests.conftest" name="PYDOCSTYLE" time="0.018" /><testcase classname="tests.conftest" name="ISORT" time="0.040" /><testcase classname="tests.conftest" name="black" time="0.202" /><testcase classname="tests.records.test_records" name="ISORT" time="0.028" /><testcase classname="tests.records.test_records" name="black" time="0.190" /><testcase classname="tests.records.test_records" name="test_page_repr" time="0.709" /><testcase classname="tests.records.test_records" name="test_page_versions" time="0.032" /><testcase classname="tests.records.test_records" name="test_read" time="0.017" /><testcase classname="tests.records.test_records" name="test_search" time="0.021" /><testcase classname="tests.records.test_records" name="test_create" time="0.013" /><testcase classname="tests.records.test_records" name="test_delete" time="0.021" /><testcase classname="tests.records.test_records" name="test_update" time="0.007" /><testcase classname="tests.records.test_records" name="test_delete_all" time="0.057" /><testcase classname="tests.resources.test_resources" name="ISORT" time="0.035" /><testcase classname="tests.resources.test_resources" name="black" time="0.204" /><testcase classname="tests.resources.test_resources" name="test_page_content" time="0.730" /><testcase classname="tests.resources.test_resources" name="test_html_content" time="0.015" /><testcase classname="tests.resources.test_resources" name="test_search" time="0.183" /><testcase classname="tests.resources.test_resources" name="test_create" time="0.200" /><testcase classname="tests.resources.test_resources" name="test_delete" time="0.154" /><testcase classname="tests.resources.test_resources" name="test_update" time="0.122" /><testcase classname="tests.resources.test_resources" name="test_update_denied" time="0.017" /><testcase classname="tests.resources.test_resources" name="test_create_denied" time="0.075" /><testcase classname="tests.resources.test_resources" name="test_delete_denied" time="0.223" /><testcase classname="tests.services.test_services" name="ISORT" time="0.050" /><testcase classname="tests.services.test_services" name="black" time="0.210" /><testcase classname="tests.services.test_services" name="test_page_read" time="0.754" /><testcase classname="tests.services.test_services" name="test_page_read_by_url" time="0.040" /><testcase classname="tests.services.test_services" name="test_search" time="0.273" /><testcase classname="tests.services.test_services" name="test_create" time="0.099" /><testcase classname="tests.services.test_services" name="test_delete" time="0.108" /><testcase classname="tests.services.test_services" name="test_update" time="0.079" /><testcase classname="tests.services.test_services" name="test_update_denied" time="0.046" /><testcase classname="tests.services.test_services" name="test_create_denied" time="0.046" /><testcase classname="tests.services.test_services" name="test_delete_denied" time="0.104" /><testcase classname="tests.services.test_services" name="test_delete_all" time="0.061" /><testcase classname="tests.services.test_services" name="test_extra_allowed_html_tags" time="0.003" /><testcase classname="tests.services.test_services" name="test_dynamic_sanitized_html_initialization" time="0.001" /><testcase classname="tests.services.test_services" name="test_dynamic_sanitized_html" time="0.055" /><testcase classname="tests.test_invenio_pages" name="ISORT" time="0.011" /><testcase classname="tests.test_invenio_pages" name="black" time="0.165" /><testcase classname="tests.test_invenio_pages" name="test_version" time="0.001" /><testcase classname="tests.test_invenio_pages" name="test_init" time="0.005" /><testcase classname="tests.test_views" name="ISORT" time="0.028" /><testcase classname="tests.test_views" name="black" time="0.189" /><testcase classname="tests.test_views" name="test_page_content" time="0.000"><skipped type="pytest.skip" message="views to be refactored after discussion with architects">/home/runner/work/invenio-bug-verification/invenio-bug-verification/package-repo/tests/test_views.py:20: views to be refactored after discussion with architects</skipped></testcase><testcase classname="tests.test_views" name="test_page_content_dynamic" time="0.000"><skipped type="pytest.skip" message="views to be refactored after discussion with architects">/home/runner/work/invenio-bug-verification/invenio-bug-verification/package-repo/tests/test_views.py:29: views to be refactored after discussion with architects</skipped></testcase><testcase classname="tests.test_views" name="test_current_app_and_config_not_visible" time="0.000"><skipped type="pytest.skip" message="views to be refactored after discussion with architects">/home/runner/work/invenio-bug-verification/invenio-bug-verification/package-repo/tests/test_views.py:54: views to be refactored after discussion with architects</skipped></testcase><testcase classname="tests.test_views" name="test_non_existing_page" time="0.000"><skipped type="pytest.skip" message="views to be refactored after discussion with architects">/home/runner/work/invenio-bug-verification/invenio-bug-verification/package-repo/tests/test_views.py:82: views to be refactored after discussion with architects</skipped></testcase><testcase classname="tests.test_views" name="test_runtime_added_page" time="0.000"><skipped type="pytest.skip" message="views to be refactored after discussion with architects">/home/runner/work/invenio-bug-verification/invenio-bug-verification/package-repo/tests/test_views.py:92: views to be refactored after discussion with architects</skipped></testcase><testcase classname="tests.test_views" name="test_pre_existing_404_function" time="0.000"><skipped type="pytest.skip" message="views to be refactored after discussion with architects">/home/runner/work/invenio-bug-verification/invenio-bug-verification/package-repo/tests/test_views.py:115: views to be refactored after discussion with architects</skipped></testcase><testcase classname="invenio_pages.__init__" name="PYDOCSTYLE" time="0.003" /><testcase classname="invenio_pages.__init__" name="ISORT" time="0.006" /><testcase classname="invenio_pages.__init__" name="black" time="0.162" /><testcase classname="invenio_pages.administration.__init__" name="PYDOCSTYLE" time="0.002" /><testcase classname="invenio_pages.administration.__init__" name="ISORT" time="0.004" /><testcase classname="invenio_pages.administration.__init__" name="black" time="0.160" /><testcase classname="invenio_pages.administration.views.__init__" name="PYDOCSTYLE" time="0.002" /><testcase classname="invenio_pages.administration.views.__init__" name="ISORT" time="0.005" /><testcase classname="invenio_pages.administration.views.__init__" name="black" time="0.162" /><testcase classname="invenio_pages.administration.views.pages" name="PYDOCSTYLE" time="0.009" /><testcase classname="invenio_pages.administration.views.pages" name="ISORT" time="0.024" /><testcase classname="invenio_pages.administration.views.pages" name="black" time="0.189" /><testcase classname="invenio_pages.alembic.__init__" name="PYDOCSTYLE" time="0.002" /><testcase classname="invenio_pages.alembic.__init__" name="ISORT" time="0.004" /><testcase classname="invenio_pages.alembic.__init__" name="black" time="0.162" /><testcase classname="invenio_pages.alembic.145402e8523a_create_pages_table" name="PYDOCSTYLE" time="0.015" /><testcase classname="invenio_pages.alembic.145402e8523a_create_pages_table" name="ISORT" time="0.031" /><testcase classname="invenio_pages.alembic.145402e8523a_create_pages_table" name="black" time="0.201" /><testcase classname="invenio_pages.alembic.1737449793_add_language_and_new_uq" name="PYDOCSTYLE" time="0.005" /><testcase classname="invenio_pages.alembic.1737449793_add_language_and_new_uq" name="ISORT" time="0.014" /><testcase classname="invenio_pages.alembic.1737449793_add_language_and_new_uq" name="black" time="0.171" /><testcase classname="invenio_pages.alembic.98e0a418340d_create_invenio_pages_branch" name="PYDOCSTYLE" time="0.003" /><testcase classname="invenio_pages.alembic.98e0a418340d_create_invenio_pages_branch" name="ISORT" time="0.009" /><testcase classname="invenio_pages.alembic.98e0a418340d_create_invenio_pages_branch" name="black" time="0.164" /><testcase classname="invenio_pages.alembic.9fae3c5404d9_remove_has_custom_view_to_pages" name="PYDOCSTYLE" time="0.005" /><testcase classname="invenio_pages.alembic.9fae3c5404d9_remove_has_custom_view_to_pages" name="ISORT" time="0.013" /><testcase classname="invenio_pages.alembic.9fae3c5404d9_remove_has_custom_view_to_pages" name="black" time="0.171" /><testcase classname="invenio_pages.alembic.b0f93ca4a147_add_has_custom_view_to_pages" name="PYDOCSTYLE" time="0.005" /><testcase classname="invenio_pages.alembic.b0f93ca4a147_add_has_custom_view_to_pages" name="ISORT" time="0.015" /><testcase classname="invenio_pages.alembic.b0f93ca4a147_add_has_custom_view_to_pages" name="black" time="0.167" /><testcase classname="invenio_pages.config" name="PYDOCSTYLE" time="0.005" /><testcase classname="invenio_pages.config" name="ISORT" time="0.014" /><testcase classname="invenio_pages.config" name="black" time="0.197" /><testcase classname="invenio_pages.ext" name="PYDOCSTYLE" time="0.013" /><testcase classname="invenio_pages.ext" name="ISORT" time="0.024" /><testcase classname="invenio_pages.ext" name="black" time="0.183" /><testcase classname="invenio_pages.proxies" name="PYDOCSTYLE" time="0.003" /><testcase classname="invenio_pages.proxies" name="ISORT" time="0.008" /><testcase classname="invenio_pages.proxies" name="black" time="0.164" /><testcase classname="invenio_pages.records.__init__" name="PYDOCSTYLE" time="0.002" /><testcase classname="invenio_pages.records.__init__" name="ISORT" time="0.005" /><testcase classname="invenio_pages.records.__init__" name="black" time="0.162" /><testcase classname="invenio_pages.records.errors" name="PYDOCSTYLE" time="0.004" /><testcase classname="invenio_pages.records.errors" name="ISORT" time="0.010" /><testcase classname="invenio_pages.records.errors" name="black" time="0.164" /><testcase classname="invenio_pages.records.models" name="PYDOCSTYLE" time="0.018" /><testcase classname="invenio_pages.records.models" name="ISORT" time="0.034" /><testcase classname="invenio_pages.records.models" name="black" time="0.197" /><testcase classname="invenio_pages.resources.__init__" name="PYDOCSTYLE" time="0.003" /><testcase classname="invenio_pages.resources.__init__" name="ISORT" time="0.006" /><testcase classname="invenio_pages.resources.__init__" name="black" time="0.164" /><testcase classname="invenio_pages.resources.config" name="PYDOCSTYLE" time="0.004" /><testcase classname="invenio_pages.resources.config" name="ISORT" time="0.012" /><testcase classname="invenio_pages.resources.config" name="black" time="0.166" /><testcase classname="invenio_pages.resources.resource" name="PYDOCSTYLE" time="0.010" /><testcase classname="invenio_pages.resources.resource" name="ISORT" time="0.020" /><testcase classname="invenio_pages.resources.resource" name="black" time="0.178" /><testcase classname="invenio_pages.services.__init__" name="PYDOCSTYLE" time="0.003" /><testcase classname="invenio_pages.services.__init__" name="ISORT" time="0.007" /><testcase classname="invenio_pages.services.__init__" name="black" time="0.163" /><testcase classname="invenio_pages.services.config" name="PYDOCSTYLE" time="0.008" /><testcase classname="invenio_pages.services.config" name="ISORT" time="0.022" /><testcase classname="invenio_pages.services.config" name="black" time="0.178" /><testcase classname="invenio_pages.services.permissions" name="PYDOCSTYLE" time="0.003" /><testcase classname="invenio_pages.services.permissions" name="ISORT" time="0.009" /><testcase classname="invenio_pages.services.permissions" name="black" time="0.164" /><testcase classname="invenio_pages.services.results" name="PYDOCSTYLE" time="0.009" /><testcase classname="invenio_pages.services.results" name="ISORT" time="0.023" /><testcase classname="invenio_pages.services.results" name="black" time="0.176" /><testcase classname="invenio_pages.services.schemas" name="PYDOCSTYLE" time="0.006" /><testcase classname="invenio_pages.services.schemas" name="ISORT" time="0.014" /><testcase classname="invenio_pages.services.schemas" name="black" time="0.172" /><testcase classname="invenio_pages.services.service" name="PYDOCSTYLE" time="0.014" /><testcase classname="invenio_pages.services.service" name="ISORT" time="0.028" /><testcase classname="invenio_pages.services.service" name="black" time="0.190" /><testcase classname="invenio_pages.views" name="PYDOCSTYLE" time="0.013" /><testcase classname="invenio_pages.views" name="ISORT" time="0.023" /><testcase classname="invenio_pages.views" name="black" time="0.183" /></testsuite></testsuites>