<?xml version="1.0" encoding="utf-8"?><testsuites name="pytest tests"><testsuite name="pytest" errors="3" failures="0" skipped="0" tests="3" time="0.662" timestamp="2025-11-18T13:51:55.594407+00:00" hostname="runnervmg1sw1"><testcase classname="" name="tests.test_serializer" time="0.000"><error message="collection failure">ImportError while importing test module '/home/runner/work/invenio-bug-verification/invenio-bug-verification/package-repo/tests/test_serializer.py'.
Hint: make sure your test modules/packages have valid Python names.
Traceback:
/opt/hostedtoolcache/Python/3.12.12/x64/lib/python3.12/importlib/__init__.py:90: in import_module
    return _bootstrap._gcd_import(name[level:], package, level)
           ^^^^^^^^^^^^^^^^^^^^^^^^^^^^^^^^^^^^^^^^^^^^^^^^^^^^
tests/test_serializer.py:17: in &lt;module&gt;
    from invenio_rest.serializer import BaseSchema, result_wrapper
invenio_rest/serializer.py:15: in &lt;module&gt;
    from marshmallow_utils.context import context_schema
E   ModuleNotFoundError: No module named 'marshmallow_utils'</error><error message="collection failure">ImportError while importing test module '/home/runner/work/invenio-bug-verification/invenio-bug-verification/package-repo/tests/test_serializer.py'.
Hint: make sure your test modules/packages have valid Python names.
Traceback:
/opt/hostedtoolcache/Python/3.12.12/x64/lib/python3.12/importlib/__init__.py:90: in import_module
    return _bootstrap._gcd_import(name[level:], package, level)
           ^^^^^^^^^^^^^^^^^^^^^^^^^^^^^^^^^^^^^^^^^^^^^^^^^^^^
tests/test_serializer.py:17: in &lt;module&gt;
    from invenio_rest.serializer import BaseSchema, result_wrapper
invenio_rest/serializer.py:15: in &lt;module&gt;
    from marshmallow_utils.context import context_schema
E   ModuleNotFoundError: No module named 'marshmallow_utils'</error></testcase><testcase classname="" name="invenio_rest.serializer" time="0.000"><error message="collection failure">ImportError while importing test module '/home/runner/work/invenio-bug-verification/invenio-bug-verification/package-repo/invenio_rest/serializer.py'.
Hint: make sure your test modules/packages have valid Python names.
Traceback:
/opt/hostedtoolcache/Python/3.12.12/x64/lib/python3.12/importlib/__init__.py:90: in import_module
    return _bootstrap._gcd_import(name[level:], package, level)
           ^^^^^^^^^^^^^^^^^^^^^^^^^^^^^^^^^^^^^^^^^^^^^^^^^^^^
invenio_rest/serializer.py:15: in &lt;module&gt;
    from marshmallow_utils.context import context_schema
E   ModuleNotFoundError: No module named 'marshmallow_utils'</error></testcase></testsuite></testsuites>