<?xml version="1.0" encoding="utf-8"?><testsuites name="pytest tests"><testsuite name="pytest" errors="3" failures="0" skipped="0" tests="3" time="1.932" timestamp="2025-11-18T13:49:42.858342+00:00" hostname="runnervmg1sw1"><testcase classname="" name="tests.test_admin" time="0.000"><error message="collection failure">ImportError while importing test module '/home/runner/work/invenio-bug-verification/invenio-bug-verification/package-repo/tests/test_admin.py'.
Hint: make sure your test modules/packages have valid Python names.
Traceback:
/opt/hostedtoolcache/Python/3.12.12/x64/lib/python3.12/importlib/__init__.py:90: in import_module
    return _bootstrap._gcd_import(name[level:], package, level)
           ^^^^^^^^^^^^^^^^^^^^^^^^^^^^^^^^^^^^^^^^^^^^^^^^^^^^
tests/test_admin.py:16: in &lt;module&gt;
    from invenio_oauthclient.admin import (
invenio_oauthclient/admin.py:12: in &lt;module&gt;
    from invenio_accounts.admin import user_identity_adminview
.venv/lib/python3.12/site-packages/invenio_accounts/admin.py:20: in &lt;module&gt;
    from invenio_admin.filters import FilterConverter
E   ModuleNotFoundError: No module named 'invenio_admin'</error><error message="collection failure">ImportError while importing test module '/home/runner/work/invenio-bug-verification/invenio-bug-verification/package-repo/tests/test_admin.py'.
Hint: make sure your test modules/packages have valid Python names.
Traceback:
/opt/hostedtoolcache/Python/3.12.12/x64/lib/python3.12/importlib/__init__.py:90: in import_module
    return _bootstrap._gcd_import(name[level:], package, level)
           ^^^^^^^^^^^^^^^^^^^^^^^^^^^^^^^^^^^^^^^^^^^^^^^^^^^^
tests/test_admin.py:16: in &lt;module&gt;
    from invenio_oauthclient.admin import (
invenio_oauthclient/admin.py:12: in &lt;module&gt;
    from invenio_accounts.admin import user_identity_adminview
.venv/lib/python3.12/site-packages/invenio_accounts/admin.py:20: in &lt;module&gt;
    from invenio_admin.filters import FilterConverter
E   ModuleNotFoundError: No module named 'invenio_admin'</error></testcase><testcase classname="" name="invenio_oauthclient.admin" time="0.000"><error message="collection failure">ImportError while importing test module '/home/runner/work/invenio-bug-verification/invenio-bug-verification/package-repo/invenio_oauthclient/admin.py'.
Hint: make sure your test modules/packages have valid Python names.
Traceback:
/opt/hostedtoolcache/Python/3.12.12/x64/lib/python3.12/importlib/__init__.py:90: in import_module
    return _bootstrap._gcd_import(name[level:], package, level)
           ^^^^^^^^^^^^^^^^^^^^^^^^^^^^^^^^^^^^^^^^^^^^^^^^^^^^
invenio_oauthclient/admin.py:12: in &lt;module&gt;
    from invenio_accounts.admin import user_identity_adminview
.venv/lib/python3.12/site-packages/invenio_accounts/admin.py:20: in &lt;module&gt;
    from invenio_admin.filters import FilterConverter
E   ModuleNotFoundError: No module named 'invenio_admin'</error></testcase></testsuite></testsuites>