<?xml version="1.0" encoding="utf-8"?><testsuites name="pytest tests"><testsuite name="pytest" errors="0" failures="0" skipped="0" tests="43" time="2.924" timestamp="2025-11-19T12:24:31.134607+00:00" hostname="runnervmg1sw1"><testcase classname="tests.conftest" name="PYDOCSTYLE" time="0.012" /><testcase classname="tests.conftest" name="ISORT" time="0.135" /><testcase classname="tests.conftest" name="black" time="0.357" /><testcase classname="tests.test_invenio_mail" name="ISORT" time="0.020" /><testcase classname="tests.test_invenio_mail" name="black" time="0.170" /><testcase classname="tests.test_invenio_mail" name="test_version" time="0.001" /><testcase classname="tests.test_invenio_mail" name="test_init" time="0.004" /><testcase classname="tests.test_invenio_mail" name="test_print_email" time="0.013" /><testcase classname="tests.test_invenio_mail_api" name="ISORT" time="0.011" /><testcase classname="tests.test_invenio_mail_api" name="black" time="0.166" /><testcase classname="tests.test_invenio_mail_api" name="test_templated_message" time="0.022" /><testcase classname="tests.test_invenio_mail_api" name="test_simple_templated_message" time="0.001" /><testcase classname="tests.test_invenio_mail_failure" name="ISORT" time="0.012" /><testcase classname="tests.test_invenio_mail_failure" name="black" time="0.169" /><testcase classname="tests.test_invenio_mail_failure" name="test_send_email" time="0.004" /><testcase classname="tests.test_invenio_mail_failure" name="test_send_email_with_attachments" time="0.001" /><testcase classname="tests.test_invenio_mail_tasks" name="ISORT" time="0.028" /><testcase classname="tests.test_invenio_mail_tasks" name="black" time="0.187" /><testcase classname="tests.test_invenio_mail_tasks" name="test_send_message_outbox" time="0.066" /><testcase classname="tests.test_invenio_mail_tasks" name="test_send_message_stream" time="0.002" /><testcase classname="tests.test_invenio_mail_tasks" name="test_send_message_with_date" time="0.002" /><testcase classname="tests.test_invenio_mail_tasks" name="test_send_message_stream_with_attachment" time="0.009" /><testcase classname="tests.test_invenio_mail_tasks" name="test_send_message_stream_with_attachment_no_filename" time="0.009" /><testcase classname="tests.test_invenio_mail_tasks" name="test_send_message_stream_with_oversize_attachment" time="0.001" /><testcase classname="invenio_mail.__init__" name="PYDOCSTYLE" time="0.004" /><testcase classname="invenio_mail.__init__" name="ISORT" time="0.013" /><testcase classname="invenio_mail.__init__" name="black" time="0.163" /><testcase classname="invenio_mail.__init__" name="invenio_mail" time="0.008" /><testcase classname="invenio_mail.api" name="PYDOCSTYLE" time="0.004" /><testcase classname="invenio_mail.api" name="ISORT" time="0.011" /><testcase classname="invenio_mail.api" name="black" time="0.164" /><testcase classname="invenio_mail.config" name="PYDOCSTYLE" time="0.003" /><testcase classname="invenio_mail.config" name="ISORT" time="0.007" /><testcase classname="invenio_mail.config" name="black" time="0.161" /><testcase classname="invenio_mail.errors" name="PYDOCSTYLE" time="0.003" /><testcase classname="invenio_mail.errors" name="ISORT" time="0.004" /><testcase classname="invenio_mail.errors" name="black" time="0.158" /><testcase classname="invenio_mail.ext" name="PYDOCSTYLE" time="0.009" /><testcase classname="invenio_mail.ext" name="ISORT" time="0.017" /><testcase classname="invenio_mail.ext" name="black" time="0.174" /><testcase classname="invenio_mail.tasks" name="PYDOCSTYLE" time="0.010" /><testcase classname="invenio_mail.tasks" name="ISORT" time="0.023" /><testcase classname="invenio_mail.tasks" name="black" time="0.178" /></testsuite></testsuites>