<?xml version="1.0" encoding="utf-8"?><testsuites name="pytest tests"><testsuite name="pytest" errors="0" failures="0" skipped="0" tests="95" time="38.432" timestamp="2025-11-17T09:27:50.356552+00:00" hostname="runnervmg1sw1"><testcase classname="docs.conf" name="PYDOCSTYLE" time="0.011" /><testcase classname="docs.conf" name="ISORT" time="0.150" /><testcase classname="docs.conf" name="black" time="0.310" /><testcase classname="tests.__init__" name="PYDOCSTYLE" time="0.002" /><testcase classname="tests.__init__" name="ISORT" time="0.005" /><testcase classname="tests.__init__" name="black" time="0.160" /><testcase classname="tests.conftest" name="PYDOCSTYLE" time="0.022" /><testcase classname="tests.conftest" name="ISORT" time="0.049" /><testcase classname="tests.conftest" name="black" time="0.209" /><testcase classname="tests.test_api" name="ISORT" time="0.025" /><testcase classname="tests.test_api" name="black" time="0.188" /><testcase classname="tests.test_api" name="test_create" time="9.055" /><testcase classname="tests.test_api" name="test_resolve" time="0.470" /><testcase classname="tests.test_api" name="test_query_build" time="0.672" /><testcase classname="tests.test_api" name="test_children" time="1.272" /><testcase classname="tests.test_invenio_collections" name="ISORT" time="0.016" /><testcase classname="tests.test_invenio_collections" name="black" time="0.165" /><testcase classname="tests.test_invenio_collections" name="test_version" time="0.001" /><testcase classname="tests.test_invenio_collections" name="test_init" time="0.004" /><testcase classname="tests.test_service" name="ISORT" time="0.057" /><testcase classname="tests.test_service" name="black" time="0.223" /><testcase classname="tests.test_service" name="test_collections_read" time="6.869" /><testcase classname="tests.test_service" name="test_collections_create" time="0.480" /><testcase classname="tests.test_service" name="test_collections_add" time="0.510" /><testcase classname="tests.test_service" name="test_collections_results" time="0.795" /><testcase classname="tests.test_service" name="test_update" time="0.506" /><testcase classname="tests.test_service" name="test_read_many" time="0.479" /><testcase classname="tests.test_service" name="test_read_all" time="0.480" /><testcase classname="tests.test_service" name="test_read_invalid" time="1.578" /><testcase classname="tests.test_tasks" name="ISORT" time="0.014" /><testcase classname="tests.test_tasks" name="black" time="0.174" /><testcase classname="tests.test_tasks" name="test_update_collections_size" time="8.026" /><testcase classname="invenio_collections.__init__" name="PYDOCSTYLE" time="0.003" /><testcase classname="invenio_collections.__init__" name="ISORT" time="0.007" /><testcase classname="invenio_collections.__init__" name="black" time="0.164" /><testcase classname="invenio_collections.alembic.1748509182_create_collections_branch" name="PYDOCSTYLE" time="0.003" /><testcase classname="invenio_collections.alembic.1748509182_create_collections_branch" name="ISORT" time="0.007" /><testcase classname="invenio_collections.alembic.1748509182_create_collections_branch" name="black" time="0.165" /><testcase classname="invenio_collections.alembic.425b691f768b_create_collections_tables" name="PYDOCSTYLE" time="0.010" /><testcase classname="invenio_collections.alembic.425b691f768b_create_collections_tables" name="ISORT" time="0.023" /><testcase classname="invenio_collections.alembic.425b691f768b_create_collections_tables" name="black" time="0.185" /><testcase classname="invenio_collections.api" name="PYDOCSTYLE" time="0.027" /><testcase classname="invenio_collections.api" name="ISORT" time="0.045" /><testcase classname="invenio_collections.api" name="black" time="0.212" /><testcase classname="invenio_collections.config" name="PYDOCSTYLE" time="0.002" /><testcase classname="invenio_collections.config" name="ISORT" time="0.005" /><testcase classname="invenio_collections.config" name="black" time="0.162" /><testcase classname="invenio_collections.errors" name="PYDOCSTYLE" time="0.004" /><testcase classname="invenio_collections.errors" name="ISORT" time="0.007" /><testcase classname="invenio_collections.errors" name="black" time="0.163" /><testcase classname="invenio_collections.ext" name="PYDOCSTYLE" time="0.007" /><testcase classname="invenio_collections.ext" name="ISORT" time="0.016" /><testcase classname="invenio_collections.ext" name="black" time="0.171" /><testcase classname="invenio_collections.models" name="PYDOCSTYLE" time="0.020" /><testcase classname="invenio_collections.models" name="ISORT" time="0.036" /><testcase classname="invenio_collections.models" name="black" time="0.201" /><testcase classname="invenio_collections.proxies" name="PYDOCSTYLE" time="0.002" /><testcase classname="invenio_collections.proxies" name="ISORT" time="0.008" /><testcase classname="invenio_collections.proxies" name="black" time="0.162" /><testcase classname="invenio_collections.resources.__init__" name="PYDOCSTYLE" time="0.002" /><testcase classname="invenio_collections.resources.__init__" name="ISORT" time="0.005" /><testcase classname="invenio_collections.resources.__init__" name="black" time="0.160" /><testcase classname="invenio_collections.resources.config" name="PYDOCSTYLE" time="0.004" /><testcase classname="invenio_collections.resources.config" name="ISORT" time="0.017" /><testcase classname="invenio_collections.resources.config" name="black" time="0.167" /><testcase classname="invenio_collections.resources.resource" name="PYDOCSTYLE" time="0.005" /><testcase classname="invenio_collections.resources.resource" name="ISORT" time="0.013" /><testcase classname="invenio_collections.resources.resource" name="black" time="0.166" /><testcase classname="invenio_collections.searchapp" name="PYDOCSTYLE" time="0.003" /><testcase classname="invenio_collections.searchapp" name="ISORT" time="0.011" /><testcase classname="invenio_collections.searchapp" name="black" time="0.166" /><testcase classname="invenio_collections.services.__init__" name="PYDOCSTYLE" time="0.002" /><testcase classname="invenio_collections.services.__init__" name="ISORT" time="0.005" /><testcase classname="invenio_collections.services.__init__" name="black" time="0.163" /><testcase classname="invenio_collections.services.config" name="PYDOCSTYLE" time="0.004" /><testcase classname="invenio_collections.services.config" name="ISORT" time="0.015" /><testcase classname="invenio_collections.services.config" name="black" time="0.169" /><testcase classname="invenio_collections.services.links" name="PYDOCSTYLE" time="0.004" /><testcase classname="invenio_collections.services.links" name="ISORT" time="0.011" /><testcase classname="invenio_collections.services.links" name="black" time="0.172" /><testcase classname="invenio_collections.services.results" name="PYDOCSTYLE" time="0.017" /><testcase classname="invenio_collections.services.results" name="ISORT" time="0.033" /><testcase classname="invenio_collections.services.results" name="black" time="0.196" /><testcase classname="invenio_collections.services.schema" name="PYDOCSTYLE" time="0.003" /><testcase classname="invenio_collections.services.schema" name="ISORT" time="0.008" /><testcase classname="invenio_collections.services.schema" name="black" time="0.166" /><testcase classname="invenio_collections.services.service" name="PYDOCSTYLE" time="0.020" /><testcase classname="invenio_collections.services.service" name="ISORT" time="0.039" /><testcase classname="invenio_collections.services.service" name="black" time="0.215" /><testcase classname="invenio_collections.tasks" name="PYDOCSTYLE" time="0.004" /><testcase classname="invenio_collections.tasks" name="ISORT" time="0.012" /><testcase classname="invenio_collections.tasks" name="black" time="0.173" /><testcase classname="invenio_collections.views" name="PYDOCSTYLE" time="0.003" /><testcase classname="invenio_collections.views" name="ISORT" time="0.005" /><testcase classname="invenio_collections.views" name="black" time="0.166" /></testsuite></testsuites>