<?xml version="1.0" encoding="utf-8"?><testsuites name="pytest tests"><testsuite name="pytest" errors="0" failures="0" skipped="0" tests="49" time="10.690" timestamp="2025-11-18T19:15:36.385870+00:00" hostname="runnervmg1sw1"><testcase classname="tests.conftest" name="PYDOCSTYLE" time="0.008" /><testcase classname="tests.conftest" name="ISORT" time="0.123" /><testcase classname="tests.conftest" name="black" time="0.340" /><testcase classname="tests.test_console" name="ISORT" time="0.014" /><testcase classname="tests.test_console" name="black" time="0.164" /><testcase classname="tests.test_console" name="test_init" time="0.006" /><testcase classname="tests.test_console" name="test_conf" time="0.004" /><testcase classname="tests.test_console" name="test_warnings" time="0.003" /><testcase classname="tests.test_examples_app" name="ISORT" time="0.014" /><testcase classname="tests.test_examples_app" name="black" time="0.174" /><testcase classname="tests.test_examples_app" name="test_example_app" time="5.025" /><testcase classname="tests.test_ext" name="ISORT" time="0.012" /><testcase classname="tests.test_ext" name="black" time="0.160" /><testcase classname="tests.test_ext" name="test_init" time="0.003" /><testcase classname="tests.test_fs" name="ISORT" time="0.020" /><testcase classname="tests.test_fs" name="black" time="0.173" /><testcase classname="tests.test_fs" name="test_init" time="0.006" /><testcase classname="tests.test_fs" name="test_filepath_formatting" time="0.002" /><testcase classname="tests.test_fs" name="test_missing_dir" time="0.003" /><testcase classname="tests.test_fs" name="test_warnings" time="0.002" /><testcase classname="tests.test_fs" name="test_logging" time="0.037" /><testcase classname="tests.test_invenio_logging" name="ISORT" time="0.008" /><testcase classname="tests.test_invenio_logging" name="black" time="0.156" /><testcase classname="tests.test_invenio_logging" name="test_version" time="0.001" /><testcase classname="tests.test_sentry" name="ISORT" time="0.014" /><testcase classname="tests.test_sentry" name="black" time="0.160" /><testcase classname="tests.test_sentry" name="test_init" time="1.063" /><testcase classname="invenio_logging.__init__" name="PYDOCSTYLE" time="0.005" /><testcase classname="invenio_logging.__init__" name="ISORT" time="0.012" /><testcase classname="invenio_logging.__init__" name="black" time="0.160" /><testcase classname="invenio_logging.__init__" name="invenio_logging" time="0.064" /><testcase classname="invenio_logging.config" name="PYDOCSTYLE" time="0.007" /><testcase classname="invenio_logging.config" name="ISORT" time="0.015" /><testcase classname="invenio_logging.config" name="black" time="0.165" /><testcase classname="invenio_logging.console" name="PYDOCSTYLE" time="0.007" /><testcase classname="invenio_logging.console" name="ISORT" time="0.013" /><testcase classname="invenio_logging.console" name="black" time="0.166" /><testcase classname="invenio_logging.ext" name="PYDOCSTYLE" time="0.006" /><testcase classname="invenio_logging.ext" name="ISORT" time="0.011" /><testcase classname="invenio_logging.ext" name="black" time="0.162" /><testcase classname="invenio_logging.fs" name="PYDOCSTYLE" time="0.008" /><testcase classname="invenio_logging.fs" name="ISORT" time="0.016" /><testcase classname="invenio_logging.fs" name="black" time="0.172" /><testcase classname="invenio_logging.sentry" name="PYDOCSTYLE" time="0.011" /><testcase classname="invenio_logging.sentry" name="ISORT" time="0.030" /><testcase classname="invenio_logging.sentry" name="black" time="0.180" /><testcase classname="invenio_logging.utils" name="PYDOCSTYLE" time="0.003" /><testcase classname="invenio_logging.utils" name="ISORT" time="0.008" /><testcase classname="invenio_logging.utils" name="black" time="0.159" /></testsuite></testsuites>