lists of files in version control and sdist match
 opensearch Pulling 
 rabbitmq Pulling 
 postgresql Pulling 
 redis Pulling 
 20043066d3d5 Pulling fs layer 
 fbda4a386d13 Pulling fs layer 
 257b1af0856e Pulling fs layer 
 e5fbc57eeafe Pulling fs layer 
 f19b7ac6489f Pulling fs layer 
 0f9a1c409bb2 Pulling fs layer 
 d5d9860a5545 Pulling fs layer 
 fc030d7bf8ba Pulling fs layer 
 c5ec72a0a4d4 Pulling fs layer 
 a51622689fc8 Pulling fs layer 
 0f9a1c409bb2 Waiting 
 d5d9860a5545 Waiting 
 fc030d7bf8ba Waiting 
 c5ec72a0a4d4 Waiting 
 a51622689fc8 Waiting 
 e5fbc57eeafe Waiting 
 f19b7ac6489f Waiting 
 b0a0cf830b12 Pulling fs layer 
 dda3d8fbd5ed Pulling fs layer 
 283a477db7bb Pulling fs layer 
 91d2729fa4d5 Pulling fs layer 
 9739ced65621 Pulling fs layer 
 ae3bb1b347a4 Pulling fs layer 
 f8406d9c00ea Pulling fs layer 
 c199bff16b05 Pulling fs layer 
 e0d55fdb4d15 Pulling fs layer 
 c1cb13b19080 Pulling fs layer 
 873532e5f8c7 Pulling fs layer 
 050d9f8c3b1c Pulling fs layer 
 710e142705f8 Pulling fs layer 
 cb628c265f09 Pulling fs layer 
 b0a0cf830b12 Waiting 
 dda3d8fbd5ed Waiting 
 283a477db7bb Waiting 
 91d2729fa4d5 Waiting 
 9739ced65621 Waiting 
 ae3bb1b347a4 Waiting 
 f8406d9c00ea Waiting 
 c199bff16b05 Waiting 
 e0d55fdb4d15 Waiting 
 c1cb13b19080 Waiting 
 873532e5f8c7 Waiting 
 050d9f8c3b1c Waiting 
 710e142705f8 Waiting 
 cb628c265f09 Waiting 
 8e44f01296e3 Pulling fs layer 
 44fc29a25beb Pulling fs layer 
 39af693970c0 Pulling fs layer 
 517b08eaf3cc Pulling fs layer 
 186a03b51bfa Pulling fs layer 
 fe77c85f37cb Pulling fs layer 
 4f4fb700ef54 Pulling fs layer 
 a43f12641297 Pulling fs layer 
 8e44f01296e3 Waiting 
 44fc29a25beb Waiting 
 39af693970c0 Waiting 
 517b08eaf3cc Waiting 
 186a03b51bfa Waiting 
 fe77c85f37cb Waiting 
 a43f12641297 Waiting 
 4f4fb700ef54 Waiting 
 f9dd052e142d Pulling fs layer 
 e8c6d4883897 Pulling fs layer 
 648eb81b3252 Pulling fs layer 
 f9dd052e142d Waiting 
 eb77aa907276 Pulling fs layer 
 e8c6d4883897 Waiting 
 4f4fb700ef54 Pulling fs layer 
 0ffa8f8aba1e Pulling fs layer 
 2e81b9cb93cd Pulling fs layer 
 648eb81b3252 Waiting 
 4f4fb700ef54 Waiting 
 eb77aa907276 Waiting 
 2e81b9cb93cd Waiting 
 0ffa8f8aba1e Waiting 
 257b1af0856e Downloading [>                                                  ]  76.67kB/7.468MB
 fbda4a386d13 Downloading [>                                                  ]  441.8kB/43.48MB
 20043066d3d5 Downloading [>                                                  ]  310.8kB/29.72MB
 257b1af0856e Verifying Checksum 
 257b1af0856e Download complete 
 20043066d3d5 Downloading [==================>                                ]  10.75MB/29.72MB
 fbda4a386d13 Downloading [===========================>                       ]  23.92MB/43.48MB
 e5fbc57eeafe Downloading [====>                                              ]     935B/9.472kB
 e5fbc57eeafe Downloading [==================================================>]  9.472kB/9.472kB
 e5fbc57eeafe Verifying Checksum 
 e5fbc57eeafe Download complete 
 20043066d3d5 Downloading [=========================================>         ]  24.84MB/29.72MB
 fbda4a386d13 Downloading [====================================>              ]  31.94MB/43.48MB
 f19b7ac6489f Downloading [>                                                  ]  215.6kB/21.31MB
 20043066d3d5 Verifying Checksum 
 20043066d3d5 Download complete 
 20043066d3d5 Extracting [>                                                  ]  327.7kB/29.72MB
 f19b7ac6489f Verifying Checksum 
 f19b7ac6489f Download complete 
 0f9a1c409bb2 Downloading [==================================================>]     188B/188B
 0f9a1c409bb2 Verifying Checksum 
 0f9a1c409bb2 Download complete 
 fbda4a386d13 Downloading [===============================================>   ]  41.24MB/43.48MB
 fbda4a386d13 Verifying Checksum 
 fbda4a386d13 Download complete 
 20043066d3d5 Extracting [==========>                                        ]  6.226MB/29.72MB
 d5d9860a5545 Downloading [==================================================>]     109B/109B
 d5d9860a5545 Verifying Checksum 
 d5d9860a5545 Download complete 
 fc030d7bf8ba Downloading [==================================================>]     617B/617B
 fc030d7bf8ba Verifying Checksum 
 fc030d7bf8ba Download complete 
 c5ec72a0a4d4 Downloading [==================================================>]     831B/831B
 c5ec72a0a4d4 Verifying Checksum 
 c5ec72a0a4d4 Download complete 
 a51622689fc8 Downloading [>                                                  ]  127.1kB/12.47MB
 b0a0cf830b12 Downloading [>                                                  ]  304.2kB/29.15MB
 dda3d8fbd5ed Downloading [========================================>          ]     934B/1.165kB
 dda3d8fbd5ed Downloading [==================================================>]  1.165kB/1.165kB
 dda3d8fbd5ed Verifying Checksum 
 dda3d8fbd5ed Download complete 
 20043066d3d5 Extracting [===============>                                   ]  9.503MB/29.72MB
 a51622689fc8 Verifying Checksum 
 a51622689fc8 Download complete 
 b0a0cf830b12 Downloading [======================>                            ]  12.89MB/29.15MB
 283a477db7bb Downloading [>                                                  ]  46.11kB/4.533MB
 20043066d3d5 Extracting [=========================>                         ]  15.07MB/29.72MB
 283a477db7bb Download complete 
 91d2729fa4d5 Downloading [>                                                  ]  15.83kB/1.45MB
 b0a0cf830b12 Verifying Checksum 
 b0a0cf830b12 Download complete 
 91d2729fa4d5 Verifying Checksum 
 91d2729fa4d5 Download complete 
 b0a0cf830b12 Extracting [>                                                  ]  294.9kB/29.15MB
 20043066d3d5 Extracting [====================================>              ]  21.95MB/29.72MB
 9739ced65621 Downloading [>                                                  ]  80.86kB/8.069MB
 ae3bb1b347a4 Downloading [>                                                  ]  13.25kB/1.196MB
 ae3bb1b347a4 Verifying Checksum 
 ae3bb1b347a4 Download complete 
 f8406d9c00ea Downloading [==================================================>]     116B/116B
 f8406d9c00ea Verifying Checksum 
 f8406d9c00ea Download complete 
 b0a0cf830b12 Extracting [========>                                          ]  4.719MB/29.15MB
 9739ced65621 Verifying Checksum 
 9739ced65621 Download complete 
 c199bff16b05 Downloading [==============>                                    ]     933B/3.145kB
 c199bff16b05 Downloading [==================================================>]  3.145kB/3.145kB
 c199bff16b05 Verifying Checksum 
 c199bff16b05 Download complete 
 e0d55fdb4d15 Downloading [>                                                  ]    531kB/109MB
 b0a0cf830b12 Extracting [================>                                  ]  9.437MB/29.15MB
 c1cb13b19080 Downloading [====>                                              ]     934B/9.925kB
 c1cb13b19080 Downloading [==================================================>]  9.925kB/9.925kB
 c1cb13b19080 Verifying Checksum 
 c1cb13b19080 Download complete 
 873532e5f8c7 Downloading [==================================================>]     128B/128B
 873532e5f8c7 Verifying Checksum 
 873532e5f8c7 Download complete 
 20043066d3d5 Extracting [==========================================>        ]  25.56MB/29.72MB
 e0d55fdb4d15 Downloading [======>                                            ]  13.84MB/109MB
 b0a0cf830b12 Extracting [===================>                               ]   11.5MB/29.15MB
 710e142705f8 Downloading [========>                                          ]     934B/5.421kB
 710e142705f8 Downloading [==================================================>]  5.421kB/5.421kB
 710e142705f8 Verifying Checksum 
 710e142705f8 Download complete 
 050d9f8c3b1c Downloading [==================================================>]     169B/169B
 050d9f8c3b1c Verifying Checksum 
 050d9f8c3b1c Download complete 
 20043066d3d5 Extracting [==============================================>    ]  27.85MB/29.72MB
 cb628c265f09 Downloading [==================================================>]     184B/184B
 cb628c265f09 Download complete 
 b0a0cf830b12 Extracting [=============================>                     ]   17.1MB/29.15MB
 e0d55fdb4d15 Downloading [===============>                                   ]  34.67MB/109MB
 8e44f01296e3 Downloading [>                                                  ]  287.8kB/28.23MB
 44fc29a25beb Downloading [==========================================>        ]     935B/1.105kB
 44fc29a25beb Downloading [==================================================>]  1.105kB/1.105kB
 44fc29a25beb Verifying Checksum 
 44fc29a25beb Download complete 
 20043066d3d5 Extracting [=================================================> ]  29.16MB/29.72MB
 b0a0cf830b12 Extracting [=====================================>             ]  22.12MB/29.15MB
 e0d55fdb4d15 Downloading [=========================>                         ]  56.56MB/109MB
 8e44f01296e3 Downloading [=================================================> ]  27.88MB/28.23MB
 8e44f01296e3 Verifying Checksum 
 8e44f01296e3 Download complete 
 39af693970c0 Downloading [==================================================>]     874B/874B
 39af693970c0 Verifying Checksum 
 39af693970c0 Download complete 
 8e44f01296e3 Extracting [>                                                  ]  294.9kB/28.23MB
 b0a0cf830b12 Extracting [=========================================>         ]  24.48MB/29.15MB
 517b08eaf3cc Downloading [>                                                  ]  14.46kB/1.438MB
 e0d55fdb4d15 Downloading [===============================>                   ]   68.3MB/109MB
 20043066d3d5 Extracting [=================================================> ]  29.49MB/29.72MB
 517b08eaf3cc Verifying Checksum 
 517b08eaf3cc Download complete 
 186a03b51bfa Downloading [>                                                  ]  155.9kB/15.35MB
 8e44f01296e3 Extracting [======>                                            ]  3.834MB/28.23MB
 e0d55fdb4d15 Downloading [===================================>               ]  77.39MB/109MB
 fe77c85f37cb Downloading [==================================================>]      97B/97B
 fe77c85f37cb Verifying Checksum 
 fe77c85f37cb Download complete 
 20043066d3d5 Extracting [==================================================>]  29.72MB/29.72MB
 186a03b51bfa Downloading [========================>                          ]  7.483MB/15.35MB
 b0a0cf830b12 Extracting [==========================================>        ]  24.77MB/29.15MB
 8e44f01296e3 Extracting [=============>                                     ]  7.668MB/28.23MB
 20043066d3d5 Pull complete 
 e0d55fdb4d15 Downloading [======================================>            ]  83.79MB/109MB
 4f4fb700ef54 Downloading [==================================================>]      32B/32B
 4f4fb700ef54 Verifying Checksum 
 4f4fb700ef54 Download complete 
 fbda4a386d13 Extracting [>                                                  ]  458.8kB/43.48MB
 186a03b51bfa Downloading [==================================>                ]  10.69MB/15.35MB
 b0a0cf830b12 Extracting [===============================================>   ]  27.43MB/29.15MB
 e0d55fdb4d15 Downloading [==============================================>    ]  100.8MB/109MB
 8e44f01296e3 Extracting [================>                                  ]  9.437MB/28.23MB
 fbda4a386d13 Extracting [======>                                            ]  5.964MB/43.48MB
 a43f12641297 Downloading [==================================================>]     571B/571B
 a43f12641297 Verifying Checksum 
 a43f12641297 Download complete 
 e0d55fdb4d15 Verifying Checksum 
 e0d55fdb4d15 Download complete 
 186a03b51bfa Downloading [==============================================>    ]  14.27MB/15.35MB
 186a03b51bfa Verifying Checksum 
 186a03b51bfa Download complete 
 8e44f01296e3 Extracting [===================>                               ]  11.21MB/28.23MB
 fbda4a386d13 Extracting [===============>                                   ]   13.3MB/43.48MB
 e8c6d4883897 Downloading [>                                                  ]  44.74kB/4.398MB
 f9dd052e142d Downloading [>                                                  ]    536kB/52.33MB
 648eb81b3252 Downloading [=============================>                     ]     934B/1.561kB
 648eb81b3252 Downloading [==================================================>]  1.561kB/1.561kB
 e8c6d4883897 Verifying Checksum 
 e8c6d4883897 Download complete 
 648eb81b3252 Verifying Checksum 
 648eb81b3252 Download complete 
 b0a0cf830b12 Extracting [================================================>  ]  28.02MB/29.15MB
 8e44f01296e3 Extracting [==========================>                        ]  15.04MB/28.23MB
 fbda4a386d13 Extracting [====================>                              ]  17.43MB/43.48MB
 f9dd052e142d Downloading [===================>                               ]  20.61MB/52.33MB
 4f4fb700ef54 Downloading [==================================================>]      32B/32B
 4f4fb700ef54 Verifying Checksum 
 4f4fb700ef54 Download complete 
 eb77aa907276 Downloading [>                                                  ]    536kB/907.7MB
 8e44f01296e3 Extracting [==================================>                ]  19.46MB/28.23MB
 fbda4a386d13 Extracting [==========================>                        ]  22.94MB/43.48MB
 f9dd052e142d Downloading [=================================>                 ]   34.9MB/52.33MB
 0ffa8f8aba1e Downloading [==================================================>]     226B/226B
 0ffa8f8aba1e Verifying Checksum 
 0ffa8f8aba1e Download complete 
 eb77aa907276 Downloading [=>                                                 ]  19.29MB/907.7MB
 8e44f01296e3 Extracting [========================================>          ]  22.71MB/28.23MB
 f9dd052e142d Verifying Checksum 
 f9dd052e142d Download complete 
 fbda4a386d13 Extracting [==============================>                    ]  26.61MB/43.48MB
 2e81b9cb93cd Downloading [=========================>                         ]     934B/1.859kB
 2e81b9cb93cd Downloading [==================================================>]  1.859kB/1.859kB
 2e81b9cb93cd Verifying Checksum 
 2e81b9cb93cd Download complete 
 f9dd052e142d Extracting [>                                                  ]  524.3kB/52.33MB
 eb77aa907276 Downloading [=>                                                 ]  35.31MB/907.7MB
 fbda4a386d13 Extracting [=================================>                 ]  29.36MB/43.48MB
 b0a0cf830b12 Extracting [================================================>  ]  28.31MB/29.15MB
 f9dd052e142d Extracting [=>                                                 ]  1.049MB/52.33MB
 eb77aa907276 Downloading [==>                                                ]  44.37MB/907.7MB
 fbda4a386d13 Extracting [====================================>              ]  32.11MB/43.48MB
 8e44f01296e3 Extracting [==========================================>        ]  23.89MB/28.23MB
 f9dd052e142d Extracting [===>                                               ]  3.146MB/52.33MB
 eb77aa907276 Downloading [===>                                               ]  61.99MB/907.7MB
 fbda4a386d13 Extracting [=========================================>         ]  35.78MB/43.48MB
 8e44f01296e3 Extracting [=============================================>     ]  25.95MB/28.23MB
 eb77aa907276 Downloading [====>                                              ]  82.28MB/907.7MB
 b0a0cf830b12 Extracting [==================================================>]  29.15MB/29.15MB
 b0a0cf830b12 Pull complete 
 fbda4a386d13 Extracting [============================================>      ]  38.99MB/43.48MB
 dda3d8fbd5ed Extracting [==================================================>]  1.165kB/1.165kB
 dda3d8fbd5ed Extracting [==================================================>]  1.165kB/1.165kB
 f9dd052e142d Extracting [====>                                              ]  4.719MB/52.33MB
 eb77aa907276 Downloading [=====>                                             ]  93.45MB/907.7MB
 dda3d8fbd5ed Pull complete 
 fbda4a386d13 Extracting [==============================================>    ]  40.37MB/43.48MB
 8e44f01296e3 Extracting [===============================================>   ]  26.84MB/28.23MB
 eb77aa907276 Downloading [=====>                                             ]  101.4MB/907.7MB
 fbda4a386d13 Extracting [==================================================>]  43.48MB/43.48MB
 eb77aa907276 Downloading [======>                                            ]  111.6MB/907.7MB
 eb77aa907276 Downloading [=======>                                           ]  129.2MB/907.7MB
 f9dd052e142d Extracting [=====>                                             ]  5.243MB/52.33MB
 8e44f01296e3 Extracting [================================================>  ]  27.13MB/28.23MB
 eb77aa907276 Downloading [========>                                          ]  147.2MB/907.7MB
 eb77aa907276 Downloading [========>                                          ]  154.2MB/907.7MB
 f9dd052e142d Extracting [======>                                            ]  6.291MB/52.33MB
 283a477db7bb Extracting [>                                                  ]  65.54kB/4.533MB
 eb77aa907276 Downloading [=========>                                         ]  167.5MB/907.7MB
 f9dd052e142d Extracting [============>                                      ]  13.11MB/52.33MB
 eb77aa907276 Downloading [==========>                                        ]  186.2MB/907.7MB
 f9dd052e142d Extracting [=================>                                 ]  17.83MB/52.33MB
 eb77aa907276 Downloading [==========>                                        ]  192.6MB/907.7MB
 eb77aa907276 Downloading [==========>                                        ]  194.7MB/907.7MB
 eb77aa907276 Downloading [==========>                                        ]  196.9MB/907.7MB
 f9dd052e142d Extracting [====================>                              ]  20.97MB/52.33MB
 283a477db7bb Extracting [==>                                                ]  262.1kB/4.533MB
 eb77aa907276 Downloading [===========>                                       ]    206MB/907.7MB
 283a477db7bb Extracting [================================>                  ]  2.949MB/4.533MB
 eb77aa907276 Downloading [===========>                                       ]  210.8MB/907.7MB
 283a477db7bb Extracting [=================================>                 ]   3.08MB/4.533MB
 8e44f01296e3 Extracting [================================================>  ]  27.43MB/28.23MB
 f9dd052e142d Extracting [=========================>                         ]  26.74MB/52.33MB
 eb77aa907276 Downloading [============>                                      ]  219.9MB/907.7MB
 eb77aa907276 Downloading [============>                                      ]  230.1MB/907.7MB
 283a477db7bb Extracting [==================================================>]  4.533MB/4.533MB
 f9dd052e142d Extracting [==========================>                        ]  27.26MB/52.33MB
 8e44f01296e3 Extracting [=================================================> ]  28.02MB/28.23MB
 eb77aa907276 Downloading [=============>                                     ]  241.9MB/907.7MB
 8e44f01296e3 Extracting [==================================================>]  28.23MB/28.23MB
 f9dd052e142d Extracting [===========================>                       ]  28.84MB/52.33MB
 eb77aa907276 Downloading [=============>                                     ]  248.8MB/907.7MB
 f9dd052e142d Extracting [============================>                      ]  29.88MB/52.33MB
 eb77aa907276 Downloading [==============>                                    ]  257.9MB/907.7MB
 eb77aa907276 Downloading [===============>                                   ]  272.3MB/907.7MB
 f9dd052e142d Extracting [=============================>                     ]  30.41MB/52.33MB
 eb77aa907276 Downloading [===============>                                   ]  278.2MB/907.7MB
 f9dd052e142d Extracting [===============================>                   ]  33.03MB/52.33MB
 8e44f01296e3 Pull complete 
 eb77aa907276 Downloading [===============>                                   ]  286.2MB/907.7MB
 f9dd052e142d Extracting [==================================>                ]  35.65MB/52.33MB
 eb77aa907276 Downloading [================>                                  ]  295.3MB/907.7MB
 f9dd052e142d Extracting [==================================>                ]  36.18MB/52.33MB
 44fc29a25beb Extracting [==================================================>]  1.105kB/1.105kB
 44fc29a25beb Extracting [==================================================>]  1.105kB/1.105kB
 eb77aa907276 Downloading [=================>                                 ]  309.8MB/907.7MB
 f9dd052e142d Extracting [===================================>               ]  37.22MB/52.33MB
 eb77aa907276 Downloading [=================>                                 ]  324.3MB/907.7MB
 f9dd052e142d Extracting [=====================================>             ]   38.8MB/52.33MB
 f9dd052e142d Extracting [========================================>          ]  41.94MB/52.33MB
 eb77aa907276 Downloading [==================>                                ]  331.7MB/907.7MB
 f9dd052e142d Extracting [===========================================>       ]  45.61MB/52.33MB
 eb77aa907276 Downloading [==================>                                ]    344MB/907.7MB
 eb77aa907276 Downloading [===================>                               ]  348.8MB/907.7MB
 f9dd052e142d Extracting [==============================================>    ]  48.23MB/52.33MB
 eb77aa907276 Downloading [====================>                              ]  363.3MB/907.7MB
 eb77aa907276 Downloading [====================>                              ]    367MB/907.7MB
 fbda4a386d13 Pull complete 
 44fc29a25beb Pull complete 
 283a477db7bb Pull complete 
 91d2729fa4d5 Extracting [=>                                                 ]  32.77kB/1.45MB
 257b1af0856e Extracting [>                                                  ]   98.3kB/7.468MB
 39af693970c0 Extracting [==================================================>]     874B/874B
 39af693970c0 Extracting [==================================================>]     874B/874B
 39af693970c0 Pull complete 
 517b08eaf3cc Extracting [=>                                                 ]  32.77kB/1.438MB
 eb77aa907276 Downloading [=====================>                             ]  387.9MB/907.7MB
 91d2729fa4d5 Extracting [==================================================>]   1.45MB/1.45MB
 257b1af0856e Extracting [======>                                            ]    983kB/7.468MB
 517b08eaf3cc Extracting [==================================================>]  1.438MB/1.438MB
 517b08eaf3cc Extracting [==================================================>]  1.438MB/1.438MB
 91d2729fa4d5 Pull complete 
 9739ced65621 Extracting [>                                                  ]   98.3kB/8.069MB
 517b08eaf3cc Pull complete 
 186a03b51bfa Extracting [>                                                  ]  163.8kB/15.35MB
 eb77aa907276 Downloading [======================>                            ]  405.5MB/907.7MB
 257b1af0856e Extracting [=========================>                         ]  3.834MB/7.468MB
 9739ced65621 Extracting [===========>                                       ]  1.868MB/8.069MB
 186a03b51bfa Extracting [==========>                                        ]  3.113MB/15.35MB
 f9dd052e142d Extracting [=================================================> ]  51.38MB/52.33MB
 eb77aa907276 Downloading [=======================>                           ]  420.9MB/907.7MB
 257b1af0856e Extracting [==================================================>]  7.468MB/7.468MB
 9739ced65621 Extracting [=====================>                             ]  3.539MB/8.069MB
 257b1af0856e Pull complete 
 e5fbc57eeafe Extracting [==================================================>]  9.472kB/9.472kB
 e5fbc57eeafe Extracting [==================================================>]  9.472kB/9.472kB
 186a03b51bfa Extracting [=======================>                           ]  7.209MB/15.35MB
 eb77aa907276 Downloading [========================>                          ]  436.9MB/907.7MB
 e5fbc57eeafe Pull complete 
 f19b7ac6489f Extracting [>                                                  ]  229.4kB/21.31MB
 9739ced65621 Extracting [=============================>                     ]  4.719MB/8.069MB
 186a03b51bfa Extracting [===============================>                   ]  9.667MB/15.35MB
 eb77aa907276 Downloading [=========================>                         ]  462.6MB/907.7MB
 f9dd052e142d Extracting [=================================================> ]   51.9MB/52.33MB
 f9dd052e142d Extracting [==================================================>]  52.33MB/52.33MB
 f9dd052e142d Pull complete 
 f19b7ac6489f Extracting [======>                                            ]  2.753MB/21.31MB
 e8c6d4883897 Extracting [>                                                  ]  65.54kB/4.398MB
 186a03b51bfa Extracting [============================================>      ]   13.6MB/15.35MB
 9739ced65621 Extracting [====================================>              ]  5.898MB/8.069MB
 eb77aa907276 Downloading [==========================>                        ]    478MB/907.7MB
 186a03b51bfa Extracting [==================================================>]  15.35MB/15.35MB
 e8c6d4883897 Extracting [===============>                                   ]  1.376MB/4.398MB
 f19b7ac6489f Extracting [===========>                                       ]  5.046MB/21.31MB
 9739ced65621 Extracting [==============================================>    ]  7.471MB/8.069MB
 186a03b51bfa Pull complete 
 eb77aa907276 Downloading [===========================>                       ]  493.4MB/907.7MB
 fe77c85f37cb Extracting [==================================================>]      97B/97B
 fe77c85f37cb Extracting [==================================================>]      97B/97B
 9739ced65621 Extracting [==================================================>]  8.069MB/8.069MB
 fe77c85f37cb Pull complete 
 4f4fb700ef54 Extracting [==================================================>]      32B/32B
 4f4fb700ef54 Extracting [==================================================>]      32B/32B
 4f4fb700ef54 Pull complete 
 a43f12641297 Extracting [==================================================>]     571B/571B
 a43f12641297 Extracting [==================================================>]     571B/571B
 f19b7ac6489f Extracting [==================>                                ]  8.028MB/21.31MB
 e8c6d4883897 Extracting [=========================>                         ]  2.228MB/4.398MB
 a43f12641297 Pull complete 
 9739ced65621 Pull complete 
 ae3bb1b347a4 Extracting [=>                                                 ]  32.77kB/1.196MB
 redis Pulled 
 eb77aa907276 Downloading [============================>                      ]  508.4MB/907.7MB
 ae3bb1b347a4 Extracting [==================================================>]  1.196MB/1.196MB
 ae3bb1b347a4 Extracting [==================================================>]  1.196MB/1.196MB
 f19b7ac6489f Extracting [======================>                            ]  9.634MB/21.31MB
 e8c6d4883897 Extracting [====================================>              ]  3.211MB/4.398MB
 ae3bb1b347a4 Pull complete 
 f8406d9c00ea Extracting [==================================================>]     116B/116B
 f8406d9c00ea Extracting [==================================================>]     116B/116B
 eb77aa907276 Downloading [============================>                      ]  515.3MB/907.7MB
 f8406d9c00ea Pull complete 
 c199bff16b05 Extracting [==================================================>]  3.145kB/3.145kB
 c199bff16b05 Extracting [==================================================>]  3.145kB/3.145kB
 c199bff16b05 Pull complete 
 f19b7ac6489f Extracting [==============================>                    ]  12.85MB/21.31MB
 e8c6d4883897 Extracting [========================================>          ]  3.539MB/4.398MB
 e8c6d4883897 Extracting [==================================================>]  4.398MB/4.398MB
 eb77aa907276 Downloading [============================>                      ]  521.7MB/907.7MB
 e8c6d4883897 Pull complete 
 648eb81b3252 Extracting [==================================================>]  1.561kB/1.561kB
 648eb81b3252 Extracting [==================================================>]  1.561kB/1.561kB
 e0d55fdb4d15 Extracting [>                                                  ]  557.1kB/109MB
 648eb81b3252 Pull complete 
 f19b7ac6489f Extracting [==================================>                ]  14.91MB/21.31MB
 eb77aa907276 Downloading [=============================>                     ]  538.3MB/907.7MB
 e0d55fdb4d15 Extracting [==>                                                ]  5.014MB/109MB
 f19b7ac6489f Extracting [======================================>            ]  16.29MB/21.31MB
 eb77aa907276 Downloading [==============================>                    ]  548.4MB/907.7MB
 e0d55fdb4d15 Extracting [====>                                              ]  8.913MB/109MB
 f19b7ac6489f Extracting [==========================================>        ]  18.12MB/21.31MB
 e0d55fdb4d15 Extracting [======>                                            ]  13.37MB/109MB
 eb77aa907276 Downloading [==============================>                    ]  551.1MB/907.7MB
 e0d55fdb4d15 Extracting [=======>                                           ]  17.27MB/109MB
 eb77aa907276 Downloading [==============================>                    ]  560.1MB/907.7MB
 f19b7ac6489f Extracting [================================================>  ]  20.87MB/21.31MB
 f19b7ac6489f Extracting [==================================================>]  21.31MB/21.31MB
 eb77aa907276 Downloading [===============================>                   ]  577.2MB/907.7MB
 e0d55fdb4d15 Extracting [==========>                                        ]  22.28MB/109MB
 f19b7ac6489f Pull complete 
 eb77aa907276 Downloading [================================>                  ]    591MB/907.7MB
 0f9a1c409bb2 Extracting [==================================================>]     188B/188B
 0f9a1c409bb2 Extracting [==================================================>]     188B/188B
 e0d55fdb4d15 Extracting [============>                                      ]  26.18MB/109MB
 0f9a1c409bb2 Pull complete 
 d5d9860a5545 Extracting [==================================================>]     109B/109B
 d5d9860a5545 Extracting [==================================================>]     109B/109B
 d5d9860a5545 Pull complete 
 fc030d7bf8ba Extracting [==================================================>]     617B/617B
 fc030d7bf8ba Extracting [==================================================>]     617B/617B
 fc030d7bf8ba Pull complete 
 c5ec72a0a4d4 Extracting [==================================================>]     831B/831B
 c5ec72a0a4d4 Extracting [==================================================>]     831B/831B
 c5ec72a0a4d4 Pull complete 
 a51622689fc8 Extracting [>                                                  ]  131.1kB/12.47MB
 eb77aa907276 Downloading [=================================>                 ]  603.8MB/907.7MB
 e0d55fdb4d15 Extracting [==============>                                    ]  32.31MB/109MB
 a51622689fc8 Extracting [================>                                  ]  4.063MB/12.47MB
 eb77aa907276 Downloading [=================================>                 ]  616.1MB/907.7MB
 e0d55fdb4d15 Extracting [==================>                                ]  39.55MB/109MB
 a51622689fc8 Extracting [========================>                          ]   6.16MB/12.47MB
 eb77aa907276 Downloading [==================================>                ]  624.6MB/907.7MB
 e0d55fdb4d15 Extracting [=====================>                             ]  47.35MB/109MB
 a51622689fc8 Extracting [===========================>                       ]  6.816MB/12.47MB
 eb77aa907276 Downloading [==================================>                ]  632.6MB/907.7MB
 e0d55fdb4d15 Extracting [========================>                          ]  52.36MB/109MB
 a51622689fc8 Extracting [====================================>              ]  9.175MB/12.47MB
 eb77aa907276 Downloading [===================================>               ]  649.2MB/907.7MB
 e0d55fdb4d15 Extracting [=========================>                         ]  56.26MB/109MB
 a51622689fc8 Extracting [===========================================>       ]  10.75MB/12.47MB
 eb77aa907276 Downloading [====================================>              ]  658.8MB/907.7MB
 e0d55fdb4d15 Extracting [============================>                      ]  62.39MB/109MB
 a51622689fc8 Extracting [==================================================>]  12.47MB/12.47MB
 eb77aa907276 Downloading [====================================>              ]  665.7MB/907.7MB
 e0d55fdb4d15 Extracting [================================>                  ]   71.3MB/109MB
 eb77aa907276 Downloading [=====================================>             ]  683.8MB/907.7MB
 e0d55fdb4d15 Extracting [====================================>              ]   79.1MB/109MB
 eb77aa907276 Downloading [======================================>            ]  691.9MB/907.7MB
 e0d55fdb4d15 Extracting [=====================================>             ]  81.89MB/109MB
 a51622689fc8 Pull complete 
 eb77aa907276 Downloading [======================================>            ]  704.7MB/907.7MB
 rabbitmq Pulled 
 e0d55fdb4d15 Extracting [=========================================>         ]   90.8MB/109MB
 eb77aa907276 Downloading [=======================================>           ]    710MB/907.7MB
 e0d55fdb4d15 Extracting [==========================================>        ]  93.59MB/109MB
 eb77aa907276 Downloading [=======================================>           ]  724.9MB/907.7MB
 e0d55fdb4d15 Extracting [============================================>      ]  96.93MB/109MB
 eb77aa907276 Downloading [========================================>          ]    742MB/907.7MB
 e0d55fdb4d15 Extracting [==============================================>    ]  100.3MB/109MB
 eb77aa907276 Downloading [=========================================>         ]    749MB/907.7MB
 e0d55fdb4d15 Extracting [===============================================>   ]  103.6MB/109MB
 eb77aa907276 Downloading [=========================================>         ]  759.1MB/907.7MB
 e0d55fdb4d15 Extracting [================================================>  ]  105.3MB/109MB
 eb77aa907276 Downloading [==========================================>        ]  768.7MB/907.7MB
 eb77aa907276 Downloading [==========================================>        ]  780.4MB/907.7MB
 eb77aa907276 Downloading [============================================>      ]  801.3MB/907.7MB
 e0d55fdb4d15 Extracting [=================================================> ]  107.5MB/109MB
 eb77aa907276 Downloading [=============================================>     ]  817.3MB/907.7MB
 e0d55fdb4d15 Extracting [==================================================>]    109MB/109MB
 eb77aa907276 Downloading [==============================================>    ]  838.1MB/907.7MB
 eb77aa907276 Downloading [==============================================>    ]  848.2MB/907.7MB
 eb77aa907276 Downloading [===============================================>   ]  867.9MB/907.7MB
 eb77aa907276 Downloading [================================================>  ]  877.5MB/907.7MB
 e0d55fdb4d15 Pull complete 
 c1cb13b19080 Extracting [==================================================>]  9.925kB/9.925kB
 c1cb13b19080 Extracting [==================================================>]  9.925kB/9.925kB
 c1cb13b19080 Pull complete 
 873532e5f8c7 Extracting [==================================================>]     128B/128B
 873532e5f8c7 Extracting [==================================================>]     128B/128B
 eb77aa907276 Downloading [================================================>  ]  884.5MB/907.7MB
 873532e5f8c7 Pull complete 
 050d9f8c3b1c Extracting [==================================================>]     169B/169B
 050d9f8c3b1c Extracting [==================================================>]     169B/169B
 050d9f8c3b1c Pull complete 
 710e142705f8 Extracting [==================================================>]  5.421kB/5.421kB
 710e142705f8 Extracting [==================================================>]  5.421kB/5.421kB
 710e142705f8 Pull complete 
 cb628c265f09 Extracting [==================================================>]     184B/184B
 cb628c265f09 Extracting [==================================================>]     184B/184B
 cb628c265f09 Pull complete 
 postgresql Pulled 
 eb77aa907276 Downloading [=================================================> ]  897.9MB/907.7MB
 eb77aa907276 Downloading [=================================================> ]  906.9MB/907.7MB
 eb77aa907276 Verifying Checksum 
 eb77aa907276 Download complete 
 eb77aa907276 Extracting [>                                                  ]  557.1kB/907.7MB
 eb77aa907276 Extracting [=>                                                 ]  24.51MB/907.7MB
 eb77aa907276 Extracting [==>                                                ]  47.91MB/907.7MB
 eb77aa907276 Extracting [===>                                               ]  72.42MB/907.7MB
 eb77aa907276 Extracting [====>                                              ]  84.12MB/907.7MB
 eb77aa907276 Extracting [=====>                                             ]  95.26MB/907.7MB
 eb77aa907276 Extracting [=====>                                             ]  104.2MB/907.7MB
 eb77aa907276 Extracting [======>                                            ]  113.6MB/907.7MB
 eb77aa907276 Extracting [======>                                            ]  122.6MB/907.7MB
 eb77aa907276 Extracting [=======>                                           ]  131.5MB/907.7MB
 eb77aa907276 Extracting [=======>                                           ]  139.8MB/907.7MB
 eb77aa907276 Extracting [========>                                          ]  147.1MB/907.7MB
 eb77aa907276 Extracting [========>                                          ]    156MB/907.7MB
 eb77aa907276 Extracting [=========>                                         ]    171MB/907.7MB
 eb77aa907276 Extracting [==========>                                        ]  193.3MB/907.7MB
 eb77aa907276 Extracting [===========>                                       ]  211.7MB/907.7MB
 eb77aa907276 Extracting [============>                                      ]  223.4MB/907.7MB
 eb77aa907276 Extracting [============>                                      ]    234MB/907.7MB
 eb77aa907276 Extracting [=============>                                     ]  245.1MB/907.7MB
 eb77aa907276 Extracting [==============>                                    ]    264MB/907.7MB
 eb77aa907276 Extracting [===============>                                   ]  286.9MB/907.7MB
 eb77aa907276 Extracting [=================>                                 ]  311.4MB/907.7MB
 eb77aa907276 Extracting [==================>                                ]  333.7MB/907.7MB
 eb77aa907276 Extracting [===================>                               ]  354.8MB/907.7MB
 eb77aa907276 Extracting [====================>                              ]  364.9MB/907.7MB
 eb77aa907276 Extracting [====================>                              ]  372.7MB/907.7MB
 eb77aa907276 Extracting [=====================>                             ]  391.6MB/907.7MB
 eb77aa907276 Extracting [======================>                            ]    415MB/907.7MB
 eb77aa907276 Extracting [========================>                          ]  444.5MB/907.7MB
 eb77aa907276 Extracting [==========================>                        ]  474.1MB/907.7MB
 eb77aa907276 Extracting [===========================>                       ]  503.6MB/907.7MB
 eb77aa907276 Extracting [=============================>                     ]  533.1MB/907.7MB
 eb77aa907276 Extracting [===============================>                   ]  563.2MB/907.7MB
 eb77aa907276 Extracting [================================>                  ]  589.9MB/907.7MB
 eb77aa907276 Extracting [==================================>                ]  617.8MB/907.7MB
 eb77aa907276 Extracting [===================================>               ]  647.3MB/907.7MB
 eb77aa907276 Extracting [=====================================>             ]  676.3MB/907.7MB
 eb77aa907276 Extracting [======================================>            ]  705.8MB/907.7MB
 eb77aa907276 Extracting [========================================>          ]  731.4MB/907.7MB
 eb77aa907276 Extracting [=========================================>         ]  754.3MB/907.7MB
 eb77aa907276 Extracting [==========================================>        ]  776.5MB/907.7MB
 eb77aa907276 Extracting [============================================>      ]  799.4MB/907.7MB
 eb77aa907276 Extracting [=============================================>     ]  821.1MB/907.7MB
 eb77aa907276 Extracting [==============================================>    ]  842.8MB/907.7MB
 eb77aa907276 Extracting [===============================================>   ]  864.6MB/907.7MB
 eb77aa907276 Extracting [================================================>  ]  887.4MB/907.7MB
 eb77aa907276 Extracting [==================================================>]  907.7MB/907.7MB
 eb77aa907276 Pull complete 
 4f4fb700ef54 Extracting [==================================================>]      32B/32B
 4f4fb700ef54 Extracting [==================================================>]      32B/32B
 4f4fb700ef54 Pull complete 
 0ffa8f8aba1e Extracting [==================================================>]     226B/226B
 0ffa8f8aba1e Extracting [==================================================>]     226B/226B
 0ffa8f8aba1e Pull complete 
 2e81b9cb93cd Extracting [==================================================>]  1.859kB/1.859kB
 2e81b9cb93cd Extracting [==================================================>]  1.859kB/1.859kB
 2e81b9cb93cd Pull complete 
 opensearch Pulled 
 Network docker_services_cli_default  Creating
 Network docker_services_cli_default  Created
 Container docker_services_cli-rabbitmq-1  Creating
 Container docker_services_cli-opensearch-1  Creating
 Container docker_services_cli-redis-1  Creating
 Container docker_services_cli-postgresql-1  Creating
 Container docker_services_cli-opensearch-1  Created
 Container docker_services_cli-postgresql-1  Created
 Container docker_services_cli-redis-1  Created
 Container docker_services_cli-rabbitmq-1  Created
 Container docker_services_cli-opensearch-1  Starting
 Container docker_services_cli-redis-1  Starting
 Container docker_services_cli-rabbitmq-1  Starting
 Container docker_services_cli-postgresql-1  Starting
 Container docker_services_cli-postgresql-1  Started
 Container docker_services_cli-redis-1  Started
 Container docker_services_cli-rabbitmq-1  Started
 Container docker_services_cli-opensearch-1  Started
::warning file=/home/runner/work/invenio-bug-verification/invenio-bug-verification/package-repo/.venv/lib/python3.12/site-packages/passlib/utils/__init__.py,line=854::'crypt' is deprecated and slated for removal in Python 3.13
::warning file=/home/runner/work/invenio-bug-verification/invenio-bug-verification/package-repo/.venv/lib/python3.12/site-packages/webargs/compat.py,line=8::The '__version__' attribute is deprecated and will be removed in in a future version. Use feature detection or 'importlib.metadata.version("marshmallow")' instead.
::warning file=/home/runner/work/invenio-bug-verification/invenio-bug-verification/package-repo/.venv/lib/python3.12/site-packages/webargs/compat.py,line=8::distutils Version classes are deprecated. Use packaging.version instead.
::warning file=/home/runner/work/invenio-bug-verification/invenio-bug-verification/package-repo/.venv/lib/python3.12/site-packages/webargs/__init__.py,line=13::distutils Version classes are deprecated. Use packaging.version instead.
============================= test session starts ==============================
platform linux -- Python 3.12.12, pytest-8.4.2, pluggy-1.6.0 -- /home/runner/work/invenio-bug-verification/invenio-bug-verification/package-repo/.venv/bin/python
cachedir: .pytest_cache
rootdir: /home/runner/work/invenio-bug-verification/invenio-bug-verification/package-repo
configfile: setup.cfg
testpaths: tests, invenio_files_rest
plugins: github-actions-annotate-failures-0.3.0, pycodestyle-2.5.0, flask-1.3.0, black-ng-0.4.1, invenio-3.4.2, isort-4.0.0, cov-7.0.0, pydocstyle-2.4.0
collecting ... collected 352 items

tests/conftest.py::PYDOCSTYLE PASSED
tests/conftest.py::ISORT PASSED
tests/conftest.py::black PASSED
tests/fixtures/source/demo_source.py::PYDOCSTYLE PASSED
tests/fixtures/source/demo_source.py::ISORT PASSED
tests/fixtures/source/demo_source.py::black PASSED
tests/fixtures/source/root.py::PYDOCSTYLE PASSED
tests/fixtures/source/root.py::ISORT PASSED
tests/fixtures/source/root.py::black PASSED
tests/fixtures/source/subdirectory/demo_copy.py::PYDOCSTYLE PASSED
tests/fixtures/source/subdirectory/demo_copy.py::ISORT PASSED
tests/fixtures/source/subdirectory/demo_copy.py::black PASSED
tests/test_admin.py::ISORT PASSED
tests/test_admin.py::black PASSED
tests/test_admin.py::test_require_slug PASSED
tests/test_admin.py::test_admin_views ::error file=package-repo/tests/test_admin.py,line=35::test_admin_views%0A%0ATypeError: Admin.__init__() got an unexpected keyword argument 'template_mode'
FAILED
tests/test_cli.py::ISORT PASSED
tests/test_cli.py::black PASSED
tests/test_cli.py::test_simple_workflow PASSED::warning file=/home/runner/work/invenio-bug-verification/invenio-bug-verification/package-repo/invenio_files_rest/models.py,line=719::Object of type <ObjectVersion> not in session, add operation along 'Bucket.objects' will not proceed (This warning originated from the Session 'autoflush' process, which was invoked automatically in response to a user-initiated operation. Consider using ``no_autoflush`` context manager if this warning happened while initializing objects.)

tests/test_helpers.py::ISORT PASSED
tests/test_helpers.py::black PASSED
tests/test_helpers.py::test_make_path PASSED
tests/test_invenio_files_rest.py::ISORT PASSED
tests/test_invenio_files_rest.py::black PASSED
tests/test_invenio_files_rest.py::test_version PASSED
tests/test_invenio_files_rest.py::test_init PASSED
tests/test_invenio_files_rest.py::test_alembic PASSED::warning file=/home/runner/work/invenio-bug-verification/invenio-bug-verification/package-repo/.venv/lib/python3.12/site-packages/alembic/config.py,line=566::No path_separator found in configuration; falling back to legacy splitting on spaces/commas for version_locations.  Consider adding path_separator=os to Alembic config.
::warning file=/home/runner/work/invenio-bug-verification/invenio-bug-verification/package-repo/.venv/lib/python3.12/site-packages/alembic/ddl/postgresql.py,line=192::autoincrement and existing_autoincrement only make sense for MySQL
::warning file=/home/runner/work/invenio-bug-verification/invenio-bug-verification/package-repo/.venv/lib/python3.12/site-packages/invenio_accounts/alembic/9848d0149abd_create_accounts_tables.py,line=99::The from_engine() method on Inspector is deprecated and will be removed in a future release.  Please use the sqlalchemy.inspect() function on an Engine or Connection in order to acquire an Inspector. (deprecated since: 1.4)

tests/test_limiters.py::ISORT PASSED
tests/test_limiters.py::black PASSED
tests/test_limiters.py::test_file_size_limit_comparisons PASSED
tests/test_models.py::ISORT PASSED
tests/test_models.py::black PASSED
tests/test_models.py::test_location PASSED
tests/test_models.py::test_location_default PASSED
tests/test_models.py::test_location_validation PASSED
tests/test_models.py::test_bucket_removal PASSED
tests/test_models.py::test_bucket_kwargs_creation PASSED
tests/test_models.py::test_bucket_create_object PASSED
tests/test_models.py::test_bucket_retrieval PASSED
tests/test_models.py::test_object_create PASSED
tests/test_models.py::test_object_create_uq_constraint PASSED
tests/test_models.py::test_object_create_with_fileid PASSED
tests/test_models.py::test_object_multibucket PASSED
tests/test_models.py::test_object_get_by_bucket PASSED
tests/test_models.py::test_object_delete PASSED
tests/test_models.py::test_object_remove PASSED
tests/test_models.py::test_object_remove_marker PASSED
tests/test_models.py::test_object_set_contents PASSED
tests/test_models.py::test_object_set_location PASSED
tests/test_models.py::test_object_snapshot PASSED::warning file=/home/runner/work/invenio-bug-verification/invenio-bug-verification/package-repo/invenio_files_rest/models.py,line=719::Object of type <ObjectVersion> not in session, add operation along 'Bucket.objects' will not proceed (This warning originated from the Session 'autoflush' process, which was invoked automatically in response to a user-initiated operation. Consider using ``no_autoflush`` context manager if this warning happened while initializing objects.)

tests/test_models.py::test_object_snapshot_deleted PASSED
tests/test_models.py::test_bucket_sync_new_object PASSED::warning file=/home/runner/work/invenio-bug-verification/invenio-bug-verification/package-repo/invenio_files_rest/models.py,line=719::Object of type <ObjectVersion> not in session, add operation along 'Bucket.objects' will not proceed (This warning originated from the Session 'autoflush' process, which was invoked automatically in response to a user-initiated operation. Consider using ``no_autoflush`` context manager if this warning happened while initializing objects.)

tests/test_models.py::test_bucket_sync_same_object PASSED::warning file=/home/runner/work/invenio-bug-verification/invenio-bug-verification/package-repo/invenio_files_rest/models.py,line=719::Object of type <ObjectVersion> not in session, add operation along 'Bucket.objects' will not proceed (This warning originated from the Session 'autoflush' process, which was invoked automatically in response to a user-initiated operation. Consider using ``no_autoflush`` context manager if this warning happened while initializing objects.)

tests/test_models.py::test_bucket_sync_deleted_object PASSED
tests/test_models.py::test_bucket_sync_add_deleted_object PASSED::warning file=/home/runner/work/invenio-bug-verification/invenio-bug-verification/package-repo/invenio_files_rest/models.py,line=719::Object of type <ObjectVersion> not in session, add operation along 'Bucket.objects' will not proceed (This warning originated from the Session 'autoflush' process, which was invoked automatically in response to a user-initiated operation. Consider using ``no_autoflush`` context manager if this warning happened while initializing objects.)

tests/test_models.py::test_bucket_sync_delete_extras PASSED::warning file=/home/runner/work/invenio-bug-verification/invenio-bug-verification/package-repo/invenio_files_rest/models.py,line=719::Object of type <ObjectVersion> not in session, add operation along 'Bucket.objects' will not proceed (This warning originated from the Session 'autoflush' process, which was invoked automatically in response to a user-initiated operation. Consider using ``no_autoflush`` context manager if this warning happened while initializing objects.)

tests/test_models.py::test_bucket_sync PASSED::warning file=/home/runner/work/invenio-bug-verification/invenio-bug-verification/package-repo/invenio_files_rest/models.py,line=719::Object of type <ObjectVersion> not in session, add operation along 'Bucket.objects' will not proceed (This warning originated from the Session 'autoflush' process, which was invoked automatically in response to a user-initiated operation. Consider using ``no_autoflush`` context manager if this warning happened while initializing objects.)

tests/test_models.py::test_bucket_sync_deleted PASSED
tests/test_models.py::test_object_copy PASSED::warning file=/home/runner/work/invenio-bug-verification/invenio-bug-verification/package-repo/invenio_files_rest/models.py,line=719::Object of type <ObjectVersion> not in session, add operation along 'Bucket.objects' will not proceed (This warning originated from the Session 'autoflush' process, which was invoked automatically in response to a user-initiated operation. Consider using ``no_autoflush`` context manager if this warning happened while initializing objects.)

tests/test_models.py::test_object_copy_from PASSED
tests/test_models.py::test_object_set_file PASSED
tests/test_models.py::test_object_mimetype PASSED
tests/test_models.py::test_object_restore PASSED::warning file=/home/runner/work/invenio-bug-verification/invenio-bug-verification/package-repo/invenio_files_rest/models.py,line=719::Object of type <ObjectVersion> not in session, add operation along 'Bucket.objects' will not proceed (This warning originated from the Session 'autoflush' process, which was invoked automatically in response to a user-initiated operation. Consider using ``no_autoflush`` context manager if this warning happened while initializing objects.)

tests/test_models.py::test_object_relink_all PASSED::warning file=/home/runner/work/invenio-bug-verification/invenio-bug-verification/package-repo/invenio_files_rest/models.py,line=719::Object of type <ObjectVersion> not in session, add operation along 'Bucket.objects' will not proceed (This warning originated from the Session 'autoflush' process, which was invoked automatically in response to a user-initiated operation. Consider using ``no_autoflush`` context manager if this warning happened while initializing objects.)

tests/test_models.py::test_object_validation PASSED
tests/test_models.py::test_bucket_tags PASSED
tests/test_models.py::test_fileinstance_get PASSED
tests/test_models.py::test_fileinstance_get_by_uri PASSED
tests/test_models.py::test_fileinstance_create PASSED
tests/test_models.py::test_fileinstance_set_contents PASSED
tests/test_models.py::test_fileinstance_copy_contents PASSED
tests/test_models.py::test_fileinstance_copy_contents_invalid PASSED
tests/test_models.py::test_fileinstance_send_file PASSED
tests/test_models.py::test_fileinstance_validation PASSED
tests/test_models.py::test_object_version_tags PASSED::warning file=/home/runner/work/invenio-bug-verification/invenio-bug-verification/package-repo/invenio_files_rest/models.py,line=719::Object of type <ObjectVersion> not in session, add operation along 'Bucket.objects' will not proceed (This warning originated from the Session 'autoflush' process, which was invoked automatically in response to a user-initiated operation. Consider using ``no_autoflush`` context manager if this warning happened while initializing objects.)

tests/test_models_multipart.py::ISORT PASSED
tests/test_models_multipart.py::black PASSED
tests/test_models_multipart.py::test_multipart_creation PASSED
tests/test_models_multipart.py::test_multipart_last_part PASSED
tests/test_models_multipart.py::test_part_creation PASSED::warning file=/home/runner/work/invenio-bug-verification/invenio-bug-verification/package-repo/invenio_files_rest/models.py,line=719::Object of type <ObjectVersion> not in session, add operation along 'Bucket.objects' will not proceed (This warning originated from the Session 'autoflush' process, which was invoked automatically in response to a user-initiated operation. Consider using ``no_autoflush`` context manager if this warning happened while initializing objects.)

tests/test_models_multipart.py::test_multipart_full PASSED::warning file=/home/runner/work/invenio-bug-verification/invenio-bug-verification/package-repo/invenio_files_rest/models.py,line=719::Object of type <ObjectVersion> not in session, add operation along 'Bucket.objects' will not proceed (This warning originated from the Session 'autoflush' process, which was invoked automatically in response to a user-initiated operation. Consider using ``no_autoflush`` context manager if this warning happened while initializing objects.)

tests/test_request.py::ISORT PASSED
tests/test_request.py::black PASSED
tests/test_request.py::test_max_content_length PASSED
tests/test_serializer.py::ISORT PASSED
tests/test_serializer.py::black PASSED
tests/test_serializer.py::test_serialize_pretty PASSED
tests/test_signals.py::ISORT PASSED
tests/test_signals.py::black PASSED
tests/test_signals.py::test_signals PASSED
tests/test_storage.py::ISORT PASSED
tests/test_storage.py::black PASSED
tests/test_storage.py::test_storage_interface PASSED
tests/test_storage.py::test_pyfs_initialize PASSED
tests/test_storage.py::test_pyfs_delete PASSED
tests/test_storage.py::test_pyfs_delete_fail PASSED
tests/test_storage.py::test_pyfs_save PASSED
tests/test_storage.py::test_pyfs_save_failcleanup PASSED
tests/test_storage.py::test_pyfs_save_callback PASSED
tests/test_storage.py::test_pyfs_save_limits PASSED
tests/test_storage.py::test_pyfs_update PASSED
tests/test_storage.py::test_pyfs_update_fail PASSED
tests/test_storage.py::test_pyfs_checksum PASSED
tests/test_storage.py::test_pyfs_checksum_fail PASSED
tests/test_storage.py::test_pyfs_send_file PASSED
tests/test_storage.py::test_pyfs_send_file_for_download PASSED
tests/test_storage.py::test_pyfs_send_file_xss_prevention PASSED
tests/test_storage.py::test_pyfs_send_file_fail PASSED
tests/test_storage.py::test_pyfs_copy PASSED
tests/test_storage.py::test_non_unicode_filename PASSED
tests/test_storage.py::test_get_fs_deprecation PASSED
tests/test_tasks.py::ISORT PASSED
tests/test_tasks.py::black PASSED
tests/test_tasks.py::test_verify_checksum PASSED
tests/test_tasks.py::test_schedule_checksum_verification PASSED
tests/test_tasks.py::test_checksum_verification_non_readable PASSED
tests/test_tasks.py::test_migrate_file PASSED
tests/test_tasks.py::test_migrate_file_copyfail PASSED
tests/test_tasks.py::test_remove_file_data PASSED
tests/test_tasks.py::test_clear_orphaned_files PASSED
tests/test_views_bucket.py::ISORT PASSED
tests/test_views_bucket.py::black PASSED
tests/test_views_bucket.py::test_head[None-404] PASSED
tests/test_views_bucket.py::test_head[auth-404] PASSED
tests/test_views_bucket.py::test_head[objects-404] PASSED
tests/test_views_bucket.py::test_head[bucket-200] PASSED
tests/test_views_bucket.py::test_head[location-200] PASSED
tests/test_views_bucket.py::test_head_locked_deleted PASSED
tests/test_views_bucket.py::test_get[None-404] PASSED
tests/test_views_bucket.py::test_get[auth-404] PASSED
tests/test_views_bucket.py::test_get[objects-404] PASSED
tests/test_views_bucket.py::test_get[bucket-200] PASSED
tests/test_views_bucket.py::test_get[location-200] PASSED
tests/test_views_bucket.py::test_get_versions[None-404] PASSED
tests/test_views_bucket.py::test_get_versions[auth-404] PASSED
tests/test_views_bucket.py::test_get_versions[bucket-403] PASSED
tests/test_views_bucket.py::test_get_versions[objects-404] PASSED
tests/test_views_bucket.py::test_get_versions[location-200] PASSED
tests/test_views_bucket.py::test_get_empty_bucket[None-404] PASSED
tests/test_views_bucket.py::test_get_empty_bucket[auth-404] PASSED
tests/test_views_bucket.py::test_get_empty_bucket[objects-404] PASSED
tests/test_views_bucket.py::test_get_empty_bucket[bucket-200] PASSED
tests/test_views_bucket.py::test_get_empty_bucket[location-200] PASSED
tests/test_views_location.py::ISORT PASSED
tests/test_views_location.py::black PASSED
tests/test_views_location.py::test_post_bucket[None-401] PASSED
tests/test_views_location.py::test_post_bucket[auth-403] PASSED
tests/test_views_location.py::test_post_bucket[location-200] PASSED
tests/test_views_location.py::test_get_location[None-405] PASSED
tests/test_views_location.py::test_get_location[auth-405] PASSED
tests/test_views_location.py::test_get_location[location-405] PASSED
tests/test_views_multipart.py::ISORT PASSED
tests/test_views_multipart.py::black PASSED
tests/test_views_multipart.py::test_post_init[None-404] PASSED
tests/test_views_multipart.py::test_post_init[auth-404] PASSED
tests/test_views_multipart.py::test_post_init[objects-404] PASSED
tests/test_views_multipart.py::test_post_init[bucket-200] PASSED
tests/test_views_multipart.py::test_post_init[location-200] PASSED
tests/test_views_multipart.py::test_post_init_querystring PASSED
tests/test_views_multipart.py::test_get_init_not_allowed PASSED
tests/test_views_multipart.py::test_post_invalid_partsizes PASSED
tests/test_views_multipart.py::test_post_size_limits PASSED
tests/test_views_multipart.py::test_post_locked_bucket PASSED
tests/test_views_multipart.py::test_post_invalidkey PASSED
tests/test_views_multipart.py::test_put[None-404] PASSED
tests/test_views_multipart.py::test_put[auth-404] PASSED
tests/test_views_multipart.py::test_put[objects-404] PASSED
tests/test_views_multipart.py::test_put[bucket-200] PASSED
tests/test_views_multipart.py::test_put[location-200] PASSED
tests/test_views_multipart.py::test_put_not_found PASSED
tests/test_views_multipart.py::test_put_wrong_sizes PASSED
tests/test_views_multipart.py::test_put_ngfileupload PASSED
tests/test_views_multipart.py::test_put_invalid_part_number PASSED
tests/test_views_multipart.py::test_put_completed_multipart PASSED
tests/test_views_multipart.py::test_put_badstream PASSED
tests/test_views_multipart.py::test_get[None-404] PASSED
tests/test_views_multipart.py::test_get[auth-404] PASSED
tests/test_views_multipart.py::test_get[objects-404] PASSED
tests/test_views_multipart.py::test_get[bucket-200] PASSED
tests/test_views_multipart.py::test_get[location-200] PASSED
tests/test_views_multipart.py::test_get_empty PASSED
tests/test_views_multipart.py::test_get_serialization PASSED
tests/test_views_multipart.py::test_post_complete[None-404] PASSED
tests/test_views_multipart.py::test_post_complete[auth-404] PASSED
tests/test_views_multipart.py::test_post_complete[objects-404] PASSED
tests/test_views_multipart.py::test_post_complete[bucket-200] PASSED::warning file=/home/runner/work/invenio-bug-verification/invenio-bug-verification/package-repo/invenio_files_rest/models.py,line=719::Object of type <ObjectVersion> not in session, add operation along 'Bucket.objects' will not proceed (This warning originated from the Session 'autoflush' process, which was invoked automatically in response to a user-initiated operation. Consider using ``no_autoflush`` context manager if this warning happened while initializing objects.)

tests/test_views_multipart.py::test_post_complete[location-200] PASSED::warning file=/home/runner/work/invenio-bug-verification/invenio-bug-verification/package-repo/invenio_files_rest/models.py,line=719::Object of type <ObjectVersion> not in session, add operation along 'Bucket.objects' will not proceed (This warning originated from the Session 'autoflush' process, which was invoked automatically in response to a user-initiated operation. Consider using ``no_autoflush`` context manager if this warning happened while initializing objects.)

tests/test_views_multipart.py::test_post_complete_fail PASSED
tests/test_views_multipart.py::test_post_complete_timeout PASSED
tests/test_views_multipart.py::test_delete[None-404] PASSED
tests/test_views_multipart.py::test_delete[auth-404] PASSED
tests/test_views_multipart.py::test_delete[objects-404] PASSED
tests/test_views_multipart.py::test_delete[bucket-404] PASSED
tests/test_views_multipart.py::test_delete[location-204] PASSED
tests/test_views_multipart.py::test_delete_invalid PASSED
tests/test_views_multipart.py::test_delete_init_not_allowed PASSED
tests/test_views_multipart.py::test_get_listuploads[None-404] PASSED
tests/test_views_multipart.py::test_get_listuploads[auth-404] PASSED
tests/test_views_multipart.py::test_get_listuploads[objects-404] PASSED
tests/test_views_multipart.py::test_get_listuploads[bucket-404] PASSED
tests/test_views_multipart.py::test_get_listuploads[location-200] PASSED
tests/test_views_multipart.py::test_already_exhausted_input_stream PASSED
tests/test_views_objectversion.py::ISORT PASSED
tests/test_views_objectversion.py::black PASSED
tests/test_views_objectversion.py::test_get_not_found[None-404] PASSED
tests/test_views_objectversion.py::test_get_not_found[auth-404] PASSED
tests/test_views_objectversion.py::test_get_not_found[objects-404] PASSED
tests/test_views_objectversion.py::test_get_not_found[bucket-404] PASSED
tests/test_views_objectversion.py::test_get_not_found[location-404] PASSED
tests/test_views_objectversion.py::test_get[None-404] PASSED
tests/test_views_objectversion.py::test_get[auth-404] PASSED
tests/test_views_objectversion.py::test_get[bucket-200] PASSED
tests/test_views_objectversion.py::test_get[location-200] PASSED
tests/test_views_objectversion.py::test_get[objects-200] PASSED
tests/test_views_objectversion.py::test_get_with_x_sendfile PASSED::warning file=/home/runner/work/invenio-bug-verification/invenio-bug-verification/package-repo/invenio_files_rest/helpers.py,line=324::This streaming does not support multiple storage backends.

tests/test_views_objectversion.py::test_get_download PASSED
tests/test_views_objectversion.py::test_last_modified_utc_conversion PASSED
tests/test_views_objectversion.py::test_get_unreadable_file PASSED
tests/test_views_objectversion.py::test_get_versions[None-404] PASSED
tests/test_views_objectversion.py::test_get_versions[auth-404] PASSED
tests/test_views_objectversion.py::test_get_versions[objects-403] PASSED
tests/test_views_objectversion.py::test_get_versions[bucket-403] PASSED
tests/test_views_objectversion.py::test_get_versions[location-200] PASSED
tests/test_views_objectversion.py::test_get_versions_invalid[None] PASSED
tests/test_views_objectversion.py::test_get_versions_invalid[auth] PASSED
tests/test_views_objectversion.py::test_get_versions_invalid[objects] PASSED
tests/test_views_objectversion.py::test_get_versions_invalid[bucket] PASSED
tests/test_views_objectversion.py::test_get_versions_invalid[location] PASSED
tests/test_views_objectversion.py::test_post[None-404] PASSED
tests/test_views_objectversion.py::test_post[auth-404] PASSED
tests/test_views_objectversion.py::test_post[bucket-403] PASSED
tests/test_views_objectversion.py::test_post[location-403] PASSED
tests/test_views_objectversion.py::test_put[None-404] PASSED
tests/test_views_objectversion.py::test_put[auth-404] PASSED
tests/test_views_objectversion.py::test_put[objects-404] PASSED
tests/test_views_objectversion.py::test_put[bucket-200] PASSED
tests/test_views_objectversion.py::test_put[location-200] PASSED
tests/test_views_objectversion.py::test_put_versioning PASSED
tests/test_views_objectversion.py::test_put_file_size_errors[50-100-400-Bucket quota] PASSED
tests/test_views_objectversion.py::test_put_file_size_errors[100-50-400-Maximum file size] PASSED
tests/test_views_objectversion.py::test_put_file_size_errors[100-100-200-None] PASSED
tests/test_views_objectversion.py::test_put_file_size_errors[None-None-200-None] PASSED
tests/test_views_objectversion.py::test_put_invalid_key PASSED
tests/test_views_objectversion.py::test_put_zero_size PASSED
tests/test_views_objectversion.py::test_put_deleted_locked PASSED
tests/test_views_objectversion.py::test_put_error PASSED
tests/test_views_objectversion.py::test_put_multipartform PASSED
tests/test_views_objectversion.py::test_delete[None-404] PASSED
tests/test_views_objectversion.py::test_delete[auth-404] PASSED
tests/test_views_objectversion.py::test_delete[objects-403] PASSED
tests/test_views_objectversion.py::test_delete[bucket-204] PASSED
tests/test_views_objectversion.py::test_delete[location-204] PASSED
tests/test_views_objectversion.py::test_delete_versions[None-404] PASSED
tests/test_views_objectversion.py::test_delete_versions[auth-404] PASSED
tests/test_views_objectversion.py::test_delete_versions[objects-403] PASSED
tests/test_views_objectversion.py::test_delete_versions[bucket-403] PASSED
tests/test_views_objectversion.py::test_delete_versions[location-204] PASSED
tests/test_views_objectversion.py::test_delete_versions_head_reset PASSED
tests/test_views_objectversion.py::test_delete_locked_deleted PASSED
tests/test_views_objectversion.py::test_delete_unwritable PASSED
tests/test_views_objectversion.py::test_put_header_tags PASSED
tests/test_views_objectversion.py::test_put_header_invalid_tags PASSED
tests/test_views_objectversion.py::test_get_range_request_enabled PASSED
tests/test_views_objectversion.py::test_get_range_request_disabled PASSED
tests/testutils.py::PYDOCSTYLE PASSED
tests/testutils.py::ISORT PASSED
tests/testutils.py::black PASSED
invenio_files_rest/__init__.py::PYDOCSTYLE PASSED
invenio_files_rest/__init__.py::ISORT PASSED
invenio_files_rest/__init__.py::black PASSED
invenio_files_rest/__init__.py::invenio_files_rest ::error file=package-repo/invenio_files_rest/__init__.py,line=12::[doctest] invenio_files_rest
FAILED
invenio_files_rest/admin.py::PYDOCSTYLE PASSED
invenio_files_rest/admin.py::ISORT PASSED
invenio_files_rest/admin.py::black PASSED
invenio_files_rest/alembic/2e97565eba72_create_files_rest_tables.py::PYDOCSTYLE PASSED
invenio_files_rest/alembic/2e97565eba72_create_files_rest_tables.py::ISORT PASSED
invenio_files_rest/alembic/2e97565eba72_create_files_rest_tables.py::black PASSED
invenio_files_rest/alembic/52ce868f33c3_create_files_rest_branch.py::PYDOCSTYLE PASSED
invenio_files_rest/alembic/52ce868f33c3_create_files_rest_branch.py::ISORT PASSED
invenio_files_rest/alembic/52ce868f33c3_create_files_rest_branch.py::black PASSED
invenio_files_rest/alembic/8ae99b034410_create_files_objecttags_table.py::PYDOCSTYLE PASSED
invenio_files_rest/alembic/8ae99b034410_create_files_objecttags_table.py::ISORT PASSED
invenio_files_rest/alembic/8ae99b034410_create_files_objecttags_table.py::black PASSED
invenio_files_rest/alembic/a29271fd78f8_create_files_object_partial_unique_index.py::PYDOCSTYLE PASSED
invenio_files_rest/alembic/a29271fd78f8_create_files_object_partial_unique_index.py::ISORT PASSED
invenio_files_rest/alembic/a29271fd78f8_create_files_object_partial_unique_index.py::black PASSED
invenio_files_rest/alembic/e172c837b036_add_indexes.py::PYDOCSTYLE PASSED
invenio_files_rest/alembic/e172c837b036_add_indexes.py::ISORT PASSED
invenio_files_rest/alembic/e172c837b036_add_indexes.py::black PASSED
invenio_files_rest/alembic/f741aa746a7d_alter_files_files_last_check_column_to_.py::PYDOCSTYLE PASSED
invenio_files_rest/alembic/f741aa746a7d_alter_files_files_last_check_column_to_.py::ISORT PASSED
invenio_files_rest/alembic/f741aa746a7d_alter_files_files_last_check_column_to_.py::black PASSED
invenio_files_rest/app.py::PYDOCSTYLE PASSED
invenio_files_rest/app.py::ISORT PASSED
invenio_files_rest/app.py::black PASSED
invenio_files_rest/cli.py::PYDOCSTYLE PASSED
invenio_files_rest/cli.py::ISORT PASSED
invenio_files_rest/cli.py::black PASSED
invenio_files_rest/config.py::PYDOCSTYLE PASSED
invenio_files_rest/config.py::ISORT PASSED
invenio_files_rest/config.py::black PASSED
invenio_files_rest/errors.py::PYDOCSTYLE PASSED
invenio_files_rest/errors.py::ISORT PASSED
invenio_files_rest/errors.py::black PASSED
invenio_files_rest/ext.py::PYDOCSTYLE PASSED
invenio_files_rest/ext.py::ISORT PASSED
invenio_files_rest/ext.py::black PASSED
invenio_files_rest/formparser.py::PYDOCSTYLE PASSED
invenio_files_rest/formparser.py::ISORT PASSED
invenio_files_rest/formparser.py::black PASSED
invenio_files_rest/helpers.py::PYDOCSTYLE PASSED
invenio_files_rest/helpers.py::ISORT PASSED
invenio_files_rest/helpers.py::black PASSED
invenio_files_rest/limiters.py::PYDOCSTYLE PASSED
invenio_files_rest/limiters.py::ISORT PASSED
invenio_files_rest/limiters.py::black PASSED
invenio_files_rest/models.py::PYDOCSTYLE PASSED
invenio_files_rest/models.py::ISORT PASSED
invenio_files_rest/models.py::black PASSED
invenio_files_rest/permissions.py::PYDOCSTYLE PASSED
invenio_files_rest/permissions.py::ISORT PASSED
invenio_files_rest/permissions.py::black PASSED
invenio_files_rest/proxies.py::PYDOCSTYLE PASSED
invenio_files_rest/proxies.py::ISORT PASSED
invenio_files_rest/proxies.py::black PASSED
invenio_files_rest/serializer.py::PYDOCSTYLE PASSED
invenio_files_rest/serializer.py::ISORT PASSED
invenio_files_rest/serializer.py::black PASSED
invenio_files_rest/signals.py::PYDOCSTYLE PASSED
invenio_files_rest/signals.py::ISORT PASSED
invenio_files_rest/signals.py::black PASSED
invenio_files_rest/storage/__init__.py::PYDOCSTYLE PASSED
invenio_files_rest/storage/__init__.py::ISORT PASSED
invenio_files_rest/storage/__init__.py::black PASSED
invenio_files_rest/storage/base.py::PYDOCSTYLE PASSED
invenio_files_rest/storage/base.py::ISORT PASSED
invenio_files_rest/storage/base.py::black PASSED
invenio_files_rest/storage/pyfs.py::PYDOCSTYLE PASSED
invenio_files_rest/storage/pyfs.py::ISORT PASSED
invenio_files_rest/storage/pyfs.py::black PASSED
invenio_files_rest/tasks.py::PYDOCSTYLE PASSED
invenio_files_rest/tasks.py::ISORT PASSED
invenio_files_rest/tasks.py::black PASSED
invenio_files_rest/utils.py::PYDOCSTYLE PASSED
invenio_files_rest/utils.py::ISORT PASSED
invenio_files_rest/utils.py::black PASSED
invenio_files_rest/views.py::PYDOCSTYLE PASSED
invenio_files_rest/views.py::ISORT PASSED
invenio_files_rest/views.py::black PASSED
invenio_files_rest/wrappers.py::PYDOCSTYLE PASSED
invenio_files_rest/wrappers.py::ISORT PASSED
invenio_files_rest/wrappers.py::black PASSED

=================================== FAILURES ===================================
_______________________________ test_admin_views _______________________________

app = <Flask 'testapp'>
db = <SQLAlchemy postgresql+psycopg2://invenio:***@localhost:5432/invenio>
dummy_location = testloc

    def test_admin_views(app, db, dummy_location):
        """Test admin views."""
        app.config["SECRET_KEY"] = "CHANGEME"
>       InvenioAdmin(app, permission_factory=None, view_class_factory=lambda x: x)

app        = <Flask 'testapp'>
db         = <SQLAlchemy postgresql+psycopg2://invenio:***@localhost:5432/invenio>
dummy_location = testloc

tests/test_admin.py:35: 
_ _ _ _ _ _ _ _ _ _ _ _ _ _ _ _ _ _ _ _ _ _ _ _ _ _ _ _ _ _ _ _ _ _ _ _ _ _ _ _ 
.venv/lib/python3.12/site-packages/invenio_admin/ext.py:109: in __init__
    self._state = self.init_app(app, **kwargs)
                  ^^^^^^^^^^^^^^^^^^^^^^^^^^^^
        app        = <Flask 'testapp'>
        kwargs     = {'permission_factory': None,
 'view_class_factory': <function test_admin_views.<locals>.<lambda> at 0x7f9c64a06840>}
        self       = <invenio_admin.ext.InvenioAdmin object at 0x7f9c648cb0b0>
_ _ _ _ _ _ _ _ _ _ _ _ _ _ _ _ _ _ _ _ _ _ _ _ _ _ _ _ _ _ _ _ _ _ _ _ _ _ _ _ 

self = <invenio_admin.ext.InvenioAdmin object at 0x7f9c648cb0b0>
app = <Flask 'testapp'>, entry_point_group = 'invenio_admin.views'
permission_factory = <function admin_permission_factory at 0x7f9c6487aca0>
view_class_factory = <function test_admin_views.<locals>.<lambda> at 0x7f9c64a06840>
index_view_class = <class 'flask_admin.base.AdminIndexView'>

    def init_app(
        self,
        app,
        entry_point_group="invenio_admin.views",
        permission_factory=None,
        view_class_factory=protected_adminview_factory,
        index_view_class=AdminIndexView,
    ):
        """Flask application initialization.
    
        :param app: The Flask application.
        :param entry_point_group: Name of entry point group to load
            views/models from. (Default: ``'invenio_admin.views'``)
        :param permission_factory: Default permission factory to use when
            protecting an admin view. (Default:
            :func:`~.permissions.admin_permission_factory`)
        :param view_class_factory: Factory for creating admin view classes on
            the fly. Used to protect admin views with authentication and
            authorization. (Default:
            :func:`~.views.protected_adminview_factory`)
        :param index_view_class: Specify administrative interface index page.
            (Default: :class:`flask_admin.base.AdminIndexView`)
        :param kwargs: Passed to :class:`flask_admin.base.Admin`.
        :returns: Extension state.
        """
        self.init_config(app)
    
        default_permission_factory = app.config["ADMIN_PERMISSION_FACTORY"]
        permission_factory = permission_factory or import_string(
            default_permission_factory
        )
    
        # Create administration app.
    
>       admin = Admin(
            app,
            name=app.config["ADMIN_APPNAME"],
            template_mode=app.config["ADMIN_TEMPLATE_MODE"],
            index_view=view_class_factory(index_view_class)(),
        )
E       TypeError: Admin.__init__() got an unexpected keyword argument 'template_mode'

app        = <Flask 'testapp'>
default_permission_factory = 'invenio_admin.permissions.admin_permission_factory'
entry_point_group = 'invenio_admin.views'
index_view_class = <class 'flask_admin.base.AdminIndexView'>
permission_factory = <function admin_permission_factory at 0x7f9c6487aca0>
self       = <invenio_admin.ext.InvenioAdmin object at 0x7f9c648cb0b0>
view_class_factory = <function test_admin_views.<locals>.<lambda> at 0x7f9c64a06840>

.venv/lib/python3.12/site-packages/invenio_admin/ext.py:145: TypeError
_________________________ [doctest] invenio_files_rest _________________________
064 >>> from invenio_access import InvenioAccess
065 >>> from invenio_celery import InvenioCelery
066 >>> from invenio_files_rest import InvenioFilesREST
067 >>> from invenio_files_rest.views import blueprint
068 
069 >>> ext_babel = Babel(app)
070 >>> ext_menu = Menu(app)
071 >>> ext_db = InvenioDB(app)
072 >>> ext_rest = InvenioREST(app)
073 >>> ext_admin = InvenioAdmin(app)
UNEXPECTED EXCEPTION: TypeError("Admin.__init__() got an unexpected keyword argument 'template_mode'")
Traceback (most recent call last):
  File "/opt/hostedtoolcache/Python/3.12.12/x64/lib/python3.12/doctest.py", line 1368, in __run
    exec(compile(example.source, filename, "single",
  File "<doctest invenio_files_rest[31]>", line 1, in <module>
  File "/home/runner/work/invenio-bug-verification/invenio-bug-verification/package-repo/.venv/lib/python3.12/site-packages/invenio_admin/ext.py", line 109, in __init__
    self._state = self.init_app(app, **kwargs)
                  ^^^^^^^^^^^^^^^^^^^^^^^^^^^^
  File "/home/runner/work/invenio-bug-verification/invenio-bug-verification/package-repo/.venv/lib/python3.12/site-packages/invenio_admin/ext.py", line 145, in init_app
    admin = Admin(
            ^^^^^^
TypeError: Admin.__init__() got an unexpected keyword argument 'template_mode'
/home/runner/work/invenio-bug-verification/invenio-bug-verification/package-repo/invenio_files_rest/__init__.py:73: UnexpectedException
=============================== warnings summary ===============================
.venv/lib/python3.12/site-packages/passlib/utils/__init__.py:854
  /home/runner/work/invenio-bug-verification/invenio-bug-verification/package-repo/.venv/lib/python3.12/site-packages/passlib/utils/__init__.py:854: DeprecationWarning: 'crypt' is deprecated and slated for removal in Python 3.13
    from crypt import crypt as _crypt

.venv/lib/python3.12/site-packages/webargs/compat.py:8
  /home/runner/work/invenio-bug-verification/invenio-bug-verification/package-repo/.venv/lib/python3.12/site-packages/webargs/compat.py:8: DeprecationWarning: The '__version__' attribute is deprecated and will be removed in in a future version. Use feature detection or 'importlib.metadata.version("marshmallow")' instead.
    MARSHMALLOW_VERSION_INFO = tuple(LooseVersion(ma.__version__).version)  # type: tuple

.venv/lib/python3.12/site-packages/webargs/compat.py:8
  /home/runner/work/invenio-bug-verification/invenio-bug-verification/package-repo/.venv/lib/python3.12/site-packages/webargs/compat.py:8: DeprecationWarning: distutils Version classes are deprecated. Use packaging.version instead.
    MARSHMALLOW_VERSION_INFO = tuple(LooseVersion(ma.__version__).version)  # type: tuple

.venv/lib/python3.12/site-packages/webargs/__init__.py:13
  /home/runner/work/invenio-bug-verification/invenio-bug-verification/package-repo/.venv/lib/python3.12/site-packages/webargs/__init__.py:13: DeprecationWarning: distutils Version classes are deprecated. Use packaging.version instead.
    __version_info__ = tuple(LooseVersion(__version__).version)

tests/test_cli.py: 1 warning
tests/test_models.py: 10 warnings
tests/test_models_multipart.py: 2 warnings
tests/test_views_multipart.py: 2 warnings
  /home/runner/work/invenio-bug-verification/invenio-bug-verification/package-repo/invenio_files_rest/models.py:719: SAWarning: Object of type <ObjectVersion> not in session, add operation along 'Bucket.objects' will not proceed (This warning originated from the Session 'autoflush' process, which was invoked automatically in response to a user-initiated operation. Consider using ``no_autoflush`` context manager if this warning happened while initializing objects.)
    return db.session.query(cls).filter_by(id=file_id).one_or_none()

tests/test_invenio_files_rest.py::test_alembic
  /home/runner/work/invenio-bug-verification/invenio-bug-verification/package-repo/.venv/lib/python3.12/site-packages/alembic/config.py:566: DeprecationWarning: No path_separator found in configuration; falling back to legacy splitting on spaces/commas for version_locations.  Consider adding path_separator=os to Alembic config.
    util.warn_deprecated(

tests/test_invenio_files_rest.py::test_alembic
  /home/runner/work/invenio-bug-verification/invenio-bug-verification/package-repo/.venv/lib/python3.12/site-packages/alembic/ddl/postgresql.py:192: UserWarning: autoincrement and existing_autoincrement only make sense for MySQL
    super().alter_column(

tests/test_invenio_files_rest.py::test_alembic
  /home/runner/work/invenio-bug-verification/invenio-bug-verification/package-repo/.venv/lib/python3.12/site-packages/invenio_accounts/alembic/9848d0149abd_create_accounts_tables.py:99: SADeprecationWarning: The from_engine() method on Inspector is deprecated and will be removed in a future release.  Please use the sqlalchemy.inspect() function on an Engine or Connection in order to acquire an Inspector. (deprecated since: 1.4)
    insp = Inspector.from_engine(ctx.connection.engine)

tests/test_views_objectversion.py::test_get_with_x_sendfile
  /home/runner/work/invenio-bug-verification/invenio-bug-verification/package-repo/invenio_files_rest/helpers.py:324: UserWarning: This streaming does not support multiple storage backends.
    warnings.warn("This streaming does not support multiple storage backends.")

-- Docs: https://docs.pytest.org/en/stable/how-to/capture-warnings.html
- generated xml file: /home/runner/work/invenio-bug-verification/invenio-bug-verification/artifacts/test-report-patched.xml -
================================ tests coverage ================================
_______________ coverage: platform linux, python 3.12.12-final-0 _______________

Name                                                                                  Stmts   Miss  Cover   Missing
-------------------------------------------------------------------------------------------------------------------
invenio_files_rest/__init__.py                                                            4      0   100%
invenio_files_rest/admin.py                                                             116     14    88%   50, 338-354
invenio_files_rest/alembic/2e97565eba72_create_files_rest_tables.py                      34      0   100%
invenio_files_rest/alembic/8ae99b034410_create_files_objecttags_table.py                 22      3    86%   28-29, 67
invenio_files_rest/alembic/52ce868f33c3_create_files_rest_branch.py                       8      0   100%
invenio_files_rest/alembic/a29271fd78f8_create_files_object_partial_unique_index.py      12      0   100%
invenio_files_rest/alembic/e172c837b036_add_indexes.py                                   21      0   100%
invenio_files_rest/alembic/f741aa746a7d_alter_files_files_last_check_column_to_.py       10      0   100%
invenio_files_rest/app.py                                                                 4      0   100%
invenio_files_rest/cli.py                                                                66      0   100%
invenio_files_rest/config.py                                                             52      0   100%
invenio_files_rest/errors.py                                                             63      4    94%   29, 54-55, 59
invenio_files_rest/ext.py                                                                52      1    98%   87
invenio_files_rest/formparser.py                                                         24      7    71%   35, 39, 54, 65, 69-71
invenio_files_rest/helpers.py                                                           118      5    96%   183-187
invenio_files_rest/limiters.py                                                           25      0   100%
invenio_files_rest/models.py                                                            704     23    97%   117, 542-547, 711, 1021-1023, 1405, 1463, 1591, 1628-1635, 1641, 1732-1735
invenio_files_rest/permissions.py                                                        61      1    98%   134
invenio_files_rest/proxies.py                                                             6      0   100%
invenio_files_rest/serializer.py                                                        123      2    98%   304, 337
invenio_files_rest/signals.py                                                             8      0   100%
invenio_files_rest/storage/__init__.py                                                    3      0   100%
invenio_files_rest/storage/base.py                                                       91      2    98%   120-121
invenio_files_rest/storage/pyfs.py                                                      127     10    92%   59, 80, 92, 118, 128, 140, 232-235
invenio_files_rest/tasks.py                                                             123     19    85%   108-109, 118, 241-243, 259, 261, 268-270, 276-285
invenio_files_rest/utils.py                                                              20      1    95%   35
invenio_files_rest/views.py                                                             273      4    99%   291, 726, 770, 772
invenio_files_rest/wrappers.py                                                            4      0   100%
-------------------------------------------------------------------------------------------------------------------
TOTAL                                                                                  2174     96    96%
=========================== short test summary info ============================
FAILED tests/test_admin.py::test_admin_views - TypeError: Admin.__init__() got an unexpected keyword argument 'template_mode'
FAILED invenio_files_rest/__init__.py::invenio_files_rest
============ 2 failed, 350 passed, 23 warnings in 150.23s (0:02:30) ============
 Container docker_services_cli-rabbitmq-1  Stopping
 Container docker_services_cli-postgresql-1  Stopping
 Container docker_services_cli-opensearch-1  Stopping
 Container docker_services_cli-redis-1  Stopping
 Container docker_services_cli-redis-1  Stopped
 Container docker_services_cli-redis-1  Removing
 Container docker_services_cli-redis-1  Removed
 Container docker_services_cli-opensearch-1  Stopped
 Container docker_services_cli-opensearch-1  Removing
 Container docker_services_cli-opensearch-1  Removed
 Container docker_services_cli-postgresql-1  Stopped
 Container docker_services_cli-postgresql-1  Removing
 Container docker_services_cli-postgresql-1  Removed
 Container docker_services_cli-rabbitmq-1  Stopped
 Container docker_services_cli-rabbitmq-1  Removing
 Container docker_services_cli-rabbitmq-1  Removed
 Network docker_services_cli_default  Removing
 Network docker_services_cli_default  Removed
