lists of files in version control and sdist match
WARNING: autodoc: failed to import module 'serializers' from module 'invenio_records_rest'; the following exception was raised:
['Traceback (most recent call last):\n', '  File "/home/runner/work/invenio-bug-verification/invenio-bug-verification/package-repo/.venv/lib/python3.12/site-packages/sphinx/ext/autodoc/importer.py", line 269, in import_object\n    module = import_module(modname, try_reload=True)\n             ^^^^^^^^^^^^^^^^^^^^^^^^^^^^^^^^^^^^^^^\n', '  File "/home/runner/work/invenio-bug-verification/invenio-bug-verification/package-repo/.venv/lib/python3.12/site-packages/sphinx/ext/autodoc/importer.py", line 175, in import_module\n    module = importlib.import_module(modname)\n             ^^^^^^^^^^^^^^^^^^^^^^^^^^^^^^^^\n', '  File "/opt/hostedtoolcache/Python/3.12.12/x64/lib/python3.12/importlib/__init__.py", line 90, in import_module\n    return _bootstrap._gcd_import(name[level:], package, level)\n           ^^^^^^^^^^^^^^^^^^^^^^^^^^^^^^^^^^^^^^^^^^^^^^^^^^^^\n', '  File "<frozen importlib._bootstrap>", line 1387, in _gcd_import\n', '  File "<frozen importlib._bootstrap>", line 1360, in _find_and_load\n', '  File "<frozen importlib._bootstrap>", line 1331, in _find_and_load_unlocked\n', '  File "<frozen importlib._bootstrap>", line 935, in _load_unlocked\n', '  File "<frozen importlib._bootstrap_external>", line 999, in exec_module\n', '  File "<frozen importlib._bootstrap>", line 488, in _call_with_frames_removed\n', '  File "/home/runner/work/invenio-bug-verification/invenio-bug-verification/package-repo/invenio_records_rest/serializers/__init__.py", line 11, in <module>\n    from ..schemas import RecordSchemaJSONV1\n', '  File "/home/runner/work/invenio-bug-verification/invenio-bug-verification/package-repo/invenio_records_rest/schemas/__init__.py", line 11, in <module>\n    from .json import (\n', '  File "/home/runner/work/invenio-bug-verification/invenio-bug-verification/package-repo/invenio_records_rest/schemas/json.py", line 12, in <module>\n    from invenio_rest.serializer import BaseSchema as Schema\n', '  File "/home/runner/work/invenio-bug-verification/invenio-bug-verification/package-repo/.venv/lib/python3.12/site-packages/invenio_rest/serializer.py", line 15, in <module>\n    from marshmallow_utils.context import context_schema\n', "ModuleNotFoundError: No module named 'marshmallow_utils'\n"] [autodoc.import_object]
WARNING: autodoc: failed to import module 'serializers.base' from module 'invenio_records_rest'; the following exception was raised:
['Traceback (most recent call last):\n', '  File "/home/runner/work/invenio-bug-verification/invenio-bug-verification/package-repo/.venv/lib/python3.12/site-packages/sphinx/ext/autodoc/importer.py", line 269, in import_object\n    module = import_module(modname, try_reload=True)\n             ^^^^^^^^^^^^^^^^^^^^^^^^^^^^^^^^^^^^^^^\n', '  File "/home/runner/work/invenio-bug-verification/invenio-bug-verification/package-repo/.venv/lib/python3.12/site-packages/sphinx/ext/autodoc/importer.py", line 175, in import_module\n    module = importlib.import_module(modname)\n             ^^^^^^^^^^^^^^^^^^^^^^^^^^^^^^^^\n', '  File "/opt/hostedtoolcache/Python/3.12.12/x64/lib/python3.12/importlib/__init__.py", line 90, in import_module\n    return _bootstrap._gcd_import(name[level:], package, level)\n           ^^^^^^^^^^^^^^^^^^^^^^^^^^^^^^^^^^^^^^^^^^^^^^^^^^^^\n', '  File "<frozen importlib._bootstrap>", line 1387, in _gcd_import\n', '  File "<frozen importlib._bootstrap>", line 1360, in _find_and_load\n', '  File "<frozen importlib._bootstrap>", line 1331, in _find_and_load_unlocked\n', '  File "<frozen importlib._bootstrap>", line 935, in _load_unlocked\n', '  File "<frozen importlib._bootstrap_external>", line 999, in exec_module\n', '  File "<frozen importlib._bootstrap>", line 488, in _call_with_frames_removed\n', '  File "/home/runner/work/invenio-bug-verification/invenio-bug-verification/package-repo/invenio_records_rest/serializers/__init__.py", line 11, in <module>\n    from ..schemas import RecordSchemaJSONV1\n', '  File "/home/runner/work/invenio-bug-verification/invenio-bug-verification/package-repo/invenio_records_rest/schemas/__init__.py", line 11, in <module>\n    from .json import (\n', '  File "/home/runner/work/invenio-bug-verification/invenio-bug-verification/package-repo/invenio_records_rest/schemas/json.py", line 12, in <module>\n    from invenio_rest.serializer import BaseSchema as Schema\n', '  File "/home/runner/work/invenio-bug-verification/invenio-bug-verification/package-repo/.venv/lib/python3.12/site-packages/invenio_rest/serializer.py", line 15, in <module>\n    from marshmallow_utils.context import context_schema\n', "ModuleNotFoundError: No module named 'marshmallow_utils'\n"] [autodoc.import_object]
WARNING: autodoc: failed to import module 'serializers.citeproc' from module 'invenio_records_rest'; the following exception was raised:
['Traceback (most recent call last):\n', '  File "/home/runner/work/invenio-bug-verification/invenio-bug-verification/package-repo/.venv/lib/python3.12/site-packages/sphinx/ext/autodoc/importer.py", line 269, in import_object\n    module = import_module(modname, try_reload=True)\n             ^^^^^^^^^^^^^^^^^^^^^^^^^^^^^^^^^^^^^^^\n', '  File "/home/runner/work/invenio-bug-verification/invenio-bug-verification/package-repo/.venv/lib/python3.12/site-packages/sphinx/ext/autodoc/importer.py", line 175, in import_module\n    module = importlib.import_module(modname)\n             ^^^^^^^^^^^^^^^^^^^^^^^^^^^^^^^^\n', '  File "/opt/hostedtoolcache/Python/3.12.12/x64/lib/python3.12/importlib/__init__.py", line 90, in import_module\n    return _bootstrap._gcd_import(name[level:], package, level)\n           ^^^^^^^^^^^^^^^^^^^^^^^^^^^^^^^^^^^^^^^^^^^^^^^^^^^^\n', '  File "<frozen importlib._bootstrap>", line 1387, in _gcd_import\n', '  File "<frozen importlib._bootstrap>", line 1360, in _find_and_load\n', '  File "<frozen importlib._bootstrap>", line 1331, in _find_and_load_unlocked\n', '  File "<frozen importlib._bootstrap>", line 935, in _load_unlocked\n', '  File "<frozen importlib._bootstrap_external>", line 999, in exec_module\n', '  File "<frozen importlib._bootstrap>", line 488, in _call_with_frames_removed\n', '  File "/home/runner/work/invenio-bug-verification/invenio-bug-verification/package-repo/invenio_records_rest/serializers/__init__.py", line 11, in <module>\n    from ..schemas import RecordSchemaJSONV1\n', '  File "/home/runner/work/invenio-bug-verification/invenio-bug-verification/package-repo/invenio_records_rest/schemas/__init__.py", line 11, in <module>\n    from .json import (\n', '  File "/home/runner/work/invenio-bug-verification/invenio-bug-verification/package-repo/invenio_records_rest/schemas/json.py", line 12, in <module>\n    from invenio_rest.serializer import BaseSchema as Schema\n', '  File "/home/runner/work/invenio-bug-verification/invenio-bug-verification/package-repo/.venv/lib/python3.12/site-packages/invenio_rest/serializer.py", line 15, in <module>\n    from marshmallow_utils.context import context_schema\n', "ModuleNotFoundError: No module named 'marshmallow_utils'\n"] [autodoc.import_object]
WARNING: autodoc: failed to import module 'serializers.datacite' from module 'invenio_records_rest'; the following exception was raised:
['Traceback (most recent call last):\n', '  File "/home/runner/work/invenio-bug-verification/invenio-bug-verification/package-repo/.venv/lib/python3.12/site-packages/sphinx/ext/autodoc/importer.py", line 269, in import_object\n    module = import_module(modname, try_reload=True)\n             ^^^^^^^^^^^^^^^^^^^^^^^^^^^^^^^^^^^^^^^\n', '  File "/home/runner/work/invenio-bug-verification/invenio-bug-verification/package-repo/.venv/lib/python3.12/site-packages/sphinx/ext/autodoc/importer.py", line 175, in import_module\n    module = importlib.import_module(modname)\n             ^^^^^^^^^^^^^^^^^^^^^^^^^^^^^^^^\n', '  File "/opt/hostedtoolcache/Python/3.12.12/x64/lib/python3.12/importlib/__init__.py", line 90, in import_module\n    return _bootstrap._gcd_import(name[level:], package, level)\n           ^^^^^^^^^^^^^^^^^^^^^^^^^^^^^^^^^^^^^^^^^^^^^^^^^^^^\n', '  File "<frozen importlib._bootstrap>", line 1387, in _gcd_import\n', '  File "<frozen importlib._bootstrap>", line 1360, in _find_and_load\n', '  File "<frozen importlib._bootstrap>", line 1331, in _find_and_load_unlocked\n', '  File "<frozen importlib._bootstrap>", line 935, in _load_unlocked\n', '  File "<frozen importlib._bootstrap_external>", line 999, in exec_module\n', '  File "<frozen importlib._bootstrap>", line 488, in _call_with_frames_removed\n', '  File "/home/runner/work/invenio-bug-verification/invenio-bug-verification/package-repo/invenio_records_rest/serializers/__init__.py", line 11, in <module>\n    from ..schemas import RecordSchemaJSONV1\n', '  File "/home/runner/work/invenio-bug-verification/invenio-bug-verification/package-repo/invenio_records_rest/schemas/__init__.py", line 11, in <module>\n    from .json import (\n', '  File "/home/runner/work/invenio-bug-verification/invenio-bug-verification/package-repo/invenio_records_rest/schemas/json.py", line 12, in <module>\n    from invenio_rest.serializer import BaseSchema as Schema\n', '  File "/home/runner/work/invenio-bug-verification/invenio-bug-verification/package-repo/.venv/lib/python3.12/site-packages/invenio_rest/serializer.py", line 15, in <module>\n    from marshmallow_utils.context import context_schema\n', "ModuleNotFoundError: No module named 'marshmallow_utils'\n"] [autodoc.import_object]
WARNING: autodoc: failed to import module 'serializers.dc' from module 'invenio_records_rest'; the following exception was raised:
['Traceback (most recent call last):\n', '  File "/home/runner/work/invenio-bug-verification/invenio-bug-verification/package-repo/.venv/lib/python3.12/site-packages/sphinx/ext/autodoc/importer.py", line 269, in import_object\n    module = import_module(modname, try_reload=True)\n             ^^^^^^^^^^^^^^^^^^^^^^^^^^^^^^^^^^^^^^^\n', '  File "/home/runner/work/invenio-bug-verification/invenio-bug-verification/package-repo/.venv/lib/python3.12/site-packages/sphinx/ext/autodoc/importer.py", line 175, in import_module\n    module = importlib.import_module(modname)\n             ^^^^^^^^^^^^^^^^^^^^^^^^^^^^^^^^\n', '  File "/opt/hostedtoolcache/Python/3.12.12/x64/lib/python3.12/importlib/__init__.py", line 90, in import_module\n    return _bootstrap._gcd_import(name[level:], package, level)\n           ^^^^^^^^^^^^^^^^^^^^^^^^^^^^^^^^^^^^^^^^^^^^^^^^^^^^\n', '  File "<frozen importlib._bootstrap>", line 1387, in _gcd_import\n', '  File "<frozen importlib._bootstrap>", line 1360, in _find_and_load\n', '  File "<frozen importlib._bootstrap>", line 1331, in _find_and_load_unlocked\n', '  File "<frozen importlib._bootstrap>", line 935, in _load_unlocked\n', '  File "<frozen importlib._bootstrap_external>", line 999, in exec_module\n', '  File "<frozen importlib._bootstrap>", line 488, in _call_with_frames_removed\n', '  File "/home/runner/work/invenio-bug-verification/invenio-bug-verification/package-repo/invenio_records_rest/serializers/__init__.py", line 11, in <module>\n    from ..schemas import RecordSchemaJSONV1\n', '  File "/home/runner/work/invenio-bug-verification/invenio-bug-verification/package-repo/invenio_records_rest/schemas/__init__.py", line 11, in <module>\n    from .json import (\n', '  File "/home/runner/work/invenio-bug-verification/invenio-bug-verification/package-repo/invenio_records_rest/schemas/json.py", line 12, in <module>\n    from invenio_rest.serializer import BaseSchema as Schema\n', '  File "/home/runner/work/invenio-bug-verification/invenio-bug-verification/package-repo/.venv/lib/python3.12/site-packages/invenio_rest/serializer.py", line 15, in <module>\n    from marshmallow_utils.context import context_schema\n', "ModuleNotFoundError: No module named 'marshmallow_utils'\n"] [autodoc.import_object]
WARNING: autodoc: failed to import module 'serializers.json' from module 'invenio_records_rest'; the following exception was raised:
['Traceback (most recent call last):\n', '  File "/home/runner/work/invenio-bug-verification/invenio-bug-verification/package-repo/.venv/lib/python3.12/site-packages/sphinx/ext/autodoc/importer.py", line 269, in import_object\n    module = import_module(modname, try_reload=True)\n             ^^^^^^^^^^^^^^^^^^^^^^^^^^^^^^^^^^^^^^^\n', '  File "/home/runner/work/invenio-bug-verification/invenio-bug-verification/package-repo/.venv/lib/python3.12/site-packages/sphinx/ext/autodoc/importer.py", line 175, in import_module\n    module = importlib.import_module(modname)\n             ^^^^^^^^^^^^^^^^^^^^^^^^^^^^^^^^\n', '  File "/opt/hostedtoolcache/Python/3.12.12/x64/lib/python3.12/importlib/__init__.py", line 90, in import_module\n    return _bootstrap._gcd_import(name[level:], package, level)\n           ^^^^^^^^^^^^^^^^^^^^^^^^^^^^^^^^^^^^^^^^^^^^^^^^^^^^\n', '  File "<frozen importlib._bootstrap>", line 1387, in _gcd_import\n', '  File "<frozen importlib._bootstrap>", line 1360, in _find_and_load\n', '  File "<frozen importlib._bootstrap>", line 1331, in _find_and_load_unlocked\n', '  File "<frozen importlib._bootstrap>", line 935, in _load_unlocked\n', '  File "<frozen importlib._bootstrap_external>", line 999, in exec_module\n', '  File "<frozen importlib._bootstrap>", line 488, in _call_with_frames_removed\n', '  File "/home/runner/work/invenio-bug-verification/invenio-bug-verification/package-repo/invenio_records_rest/serializers/__init__.py", line 11, in <module>\n    from ..schemas import RecordSchemaJSONV1\n', '  File "/home/runner/work/invenio-bug-verification/invenio-bug-verification/package-repo/invenio_records_rest/schemas/__init__.py", line 11, in <module>\n    from .json import (\n', '  File "/home/runner/work/invenio-bug-verification/invenio-bug-verification/package-repo/invenio_records_rest/schemas/json.py", line 12, in <module>\n    from invenio_rest.serializer import BaseSchema as Schema\n', '  File "/home/runner/work/invenio-bug-verification/invenio-bug-verification/package-repo/.venv/lib/python3.12/site-packages/invenio_rest/serializer.py", line 15, in <module>\n    from marshmallow_utils.context import context_schema\n', "ModuleNotFoundError: No module named 'marshmallow_utils'\n"] [autodoc.import_object]
WARNING: autodoc: failed to import module 'serializers.jsonld' from module 'invenio_records_rest'; the following exception was raised:
['Traceback (most recent call last):\n', '  File "/home/runner/work/invenio-bug-verification/invenio-bug-verification/package-repo/.venv/lib/python3.12/site-packages/sphinx/ext/autodoc/importer.py", line 269, in import_object\n    module = import_module(modname, try_reload=True)\n             ^^^^^^^^^^^^^^^^^^^^^^^^^^^^^^^^^^^^^^^\n', '  File "/home/runner/work/invenio-bug-verification/invenio-bug-verification/package-repo/.venv/lib/python3.12/site-packages/sphinx/ext/autodoc/importer.py", line 175, in import_module\n    module = importlib.import_module(modname)\n             ^^^^^^^^^^^^^^^^^^^^^^^^^^^^^^^^\n', '  File "/opt/hostedtoolcache/Python/3.12.12/x64/lib/python3.12/importlib/__init__.py", line 90, in import_module\n    return _bootstrap._gcd_import(name[level:], package, level)\n           ^^^^^^^^^^^^^^^^^^^^^^^^^^^^^^^^^^^^^^^^^^^^^^^^^^^^\n', '  File "<frozen importlib._bootstrap>", line 1387, in _gcd_import\n', '  File "<frozen importlib._bootstrap>", line 1360, in _find_and_load\n', '  File "<frozen importlib._bootstrap>", line 1331, in _find_and_load_unlocked\n', '  File "<frozen importlib._bootstrap>", line 935, in _load_unlocked\n', '  File "<frozen importlib._bootstrap_external>", line 999, in exec_module\n', '  File "<frozen importlib._bootstrap>", line 488, in _call_with_frames_removed\n', '  File "/home/runner/work/invenio-bug-verification/invenio-bug-verification/package-repo/invenio_records_rest/serializers/__init__.py", line 11, in <module>\n    from ..schemas import RecordSchemaJSONV1\n', '  File "/home/runner/work/invenio-bug-verification/invenio-bug-verification/package-repo/invenio_records_rest/schemas/__init__.py", line 11, in <module>\n    from .json import (\n', '  File "/home/runner/work/invenio-bug-verification/invenio-bug-verification/package-repo/invenio_records_rest/schemas/json.py", line 12, in <module>\n    from invenio_rest.serializer import BaseSchema as Schema\n', '  File "/home/runner/work/invenio-bug-verification/invenio-bug-verification/package-repo/.venv/lib/python3.12/site-packages/invenio_rest/serializer.py", line 15, in <module>\n    from marshmallow_utils.context import context_schema\n', "ModuleNotFoundError: No module named 'marshmallow_utils'\n"] [autodoc.import_object]
WARNING: autodoc: failed to import module 'serializers.marshmallow' from module 'invenio_records_rest'; the following exception was raised:
['Traceback (most recent call last):\n', '  File "/home/runner/work/invenio-bug-verification/invenio-bug-verification/package-repo/.venv/lib/python3.12/site-packages/sphinx/ext/autodoc/importer.py", line 269, in import_object\n    module = import_module(modname, try_reload=True)\n             ^^^^^^^^^^^^^^^^^^^^^^^^^^^^^^^^^^^^^^^\n', '  File "/home/runner/work/invenio-bug-verification/invenio-bug-verification/package-repo/.venv/lib/python3.12/site-packages/sphinx/ext/autodoc/importer.py", line 175, in import_module\n    module = importlib.import_module(modname)\n             ^^^^^^^^^^^^^^^^^^^^^^^^^^^^^^^^\n', '  File "/opt/hostedtoolcache/Python/3.12.12/x64/lib/python3.12/importlib/__init__.py", line 90, in import_module\n    return _bootstrap._gcd_import(name[level:], package, level)\n           ^^^^^^^^^^^^^^^^^^^^^^^^^^^^^^^^^^^^^^^^^^^^^^^^^^^^\n', '  File "<frozen importlib._bootstrap>", line 1387, in _gcd_import\n', '  File "<frozen importlib._bootstrap>", line 1360, in _find_and_load\n', '  File "<frozen importlib._bootstrap>", line 1331, in _find_and_load_unlocked\n', '  File "<frozen importlib._bootstrap>", line 935, in _load_unlocked\n', '  File "<frozen importlib._bootstrap_external>", line 999, in exec_module\n', '  File "<frozen importlib._bootstrap>", line 488, in _call_with_frames_removed\n', '  File "/home/runner/work/invenio-bug-verification/invenio-bug-verification/package-repo/invenio_records_rest/serializers/__init__.py", line 11, in <module>\n    from ..schemas import RecordSchemaJSONV1\n', '  File "/home/runner/work/invenio-bug-verification/invenio-bug-verification/package-repo/invenio_records_rest/schemas/__init__.py", line 11, in <module>\n    from .json import (\n', '  File "/home/runner/work/invenio-bug-verification/invenio-bug-verification/package-repo/invenio_records_rest/schemas/json.py", line 12, in <module>\n    from invenio_rest.serializer import BaseSchema as Schema\n', '  File "/home/runner/work/invenio-bug-verification/invenio-bug-verification/package-repo/.venv/lib/python3.12/site-packages/invenio_rest/serializer.py", line 15, in <module>\n    from marshmallow_utils.context import context_schema\n', "ModuleNotFoundError: No module named 'marshmallow_utils'\n"] [autodoc.import_object]
WARNING: autodoc: failed to import module 'serializers.csv' from module 'invenio_records_rest'; the following exception was raised:
['Traceback (most recent call last):\n', '  File "/home/runner/work/invenio-bug-verification/invenio-bug-verification/package-repo/.venv/lib/python3.12/site-packages/sphinx/ext/autodoc/importer.py", line 269, in import_object\n    module = import_module(modname, try_reload=True)\n             ^^^^^^^^^^^^^^^^^^^^^^^^^^^^^^^^^^^^^^^\n', '  File "/home/runner/work/invenio-bug-verification/invenio-bug-verification/package-repo/.venv/lib/python3.12/site-packages/sphinx/ext/autodoc/importer.py", line 175, in import_module\n    module = importlib.import_module(modname)\n             ^^^^^^^^^^^^^^^^^^^^^^^^^^^^^^^^\n', '  File "/opt/hostedtoolcache/Python/3.12.12/x64/lib/python3.12/importlib/__init__.py", line 90, in import_module\n    return _bootstrap._gcd_import(name[level:], package, level)\n           ^^^^^^^^^^^^^^^^^^^^^^^^^^^^^^^^^^^^^^^^^^^^^^^^^^^^\n', '  File "<frozen importlib._bootstrap>", line 1387, in _gcd_import\n', '  File "<frozen importlib._bootstrap>", line 1360, in _find_and_load\n', '  File "<frozen importlib._bootstrap>", line 1331, in _find_and_load_unlocked\n', '  File "<frozen importlib._bootstrap>", line 935, in _load_unlocked\n', '  File "<frozen importlib._bootstrap_external>", line 999, in exec_module\n', '  File "<frozen importlib._bootstrap>", line 488, in _call_with_frames_removed\n', '  File "/home/runner/work/invenio-bug-verification/invenio-bug-verification/package-repo/invenio_records_rest/serializers/__init__.py", line 11, in <module>\n    from ..schemas import RecordSchemaJSONV1\n', '  File "/home/runner/work/invenio-bug-verification/invenio-bug-verification/package-repo/invenio_records_rest/schemas/__init__.py", line 11, in <module>\n    from .json import (\n', '  File "/home/runner/work/invenio-bug-verification/invenio-bug-verification/package-repo/invenio_records_rest/schemas/json.py", line 12, in <module>\n    from invenio_rest.serializer import BaseSchema as Schema\n', '  File "/home/runner/work/invenio-bug-verification/invenio-bug-verification/package-repo/.venv/lib/python3.12/site-packages/invenio_rest/serializer.py", line 15, in <module>\n    from marshmallow_utils.context import context_schema\n', "ModuleNotFoundError: No module named 'marshmallow_utils'\n"] [autodoc.import_object]
WARNING: autodoc: failed to import module 'serializers.response' from module 'invenio_records_rest'; the following exception was raised:
['Traceback (most recent call last):\n', '  File "/home/runner/work/invenio-bug-verification/invenio-bug-verification/package-repo/.venv/lib/python3.12/site-packages/sphinx/ext/autodoc/importer.py", line 269, in import_object\n    module = import_module(modname, try_reload=True)\n             ^^^^^^^^^^^^^^^^^^^^^^^^^^^^^^^^^^^^^^^\n', '  File "/home/runner/work/invenio-bug-verification/invenio-bug-verification/package-repo/.venv/lib/python3.12/site-packages/sphinx/ext/autodoc/importer.py", line 175, in import_module\n    module = importlib.import_module(modname)\n             ^^^^^^^^^^^^^^^^^^^^^^^^^^^^^^^^\n', '  File "/opt/hostedtoolcache/Python/3.12.12/x64/lib/python3.12/importlib/__init__.py", line 90, in import_module\n    return _bootstrap._gcd_import(name[level:], package, level)\n           ^^^^^^^^^^^^^^^^^^^^^^^^^^^^^^^^^^^^^^^^^^^^^^^^^^^^\n', '  File "<frozen importlib._bootstrap>", line 1387, in _gcd_import\n', '  File "<frozen importlib._bootstrap>", line 1360, in _find_and_load\n', '  File "<frozen importlib._bootstrap>", line 1331, in _find_and_load_unlocked\n', '  File "<frozen importlib._bootstrap>", line 935, in _load_unlocked\n', '  File "<frozen importlib._bootstrap_external>", line 999, in exec_module\n', '  File "<frozen importlib._bootstrap>", line 488, in _call_with_frames_removed\n', '  File "/home/runner/work/invenio-bug-verification/invenio-bug-verification/package-repo/invenio_records_rest/serializers/__init__.py", line 11, in <module>\n    from ..schemas import RecordSchemaJSONV1\n', '  File "/home/runner/work/invenio-bug-verification/invenio-bug-verification/package-repo/invenio_records_rest/schemas/__init__.py", line 11, in <module>\n    from .json import (\n', '  File "/home/runner/work/invenio-bug-verification/invenio-bug-verification/package-repo/invenio_records_rest/schemas/json.py", line 12, in <module>\n    from invenio_rest.serializer import BaseSchema as Schema\n', '  File "/home/runner/work/invenio-bug-verification/invenio-bug-verification/package-repo/.venv/lib/python3.12/site-packages/invenio_rest/serializer.py", line 15, in <module>\n    from marshmallow_utils.context import context_schema\n', "ModuleNotFoundError: No module named 'marshmallow_utils'\n"] [autodoc.import_object]
WARNING: autodoc: failed to import module 'loaders' from module 'invenio_records_rest'; the following exception was raised:
['Traceback (most recent call last):\n', '  File "/home/runner/work/invenio-bug-verification/invenio-bug-verification/package-repo/.venv/lib/python3.12/site-packages/sphinx/ext/autodoc/importer.py", line 269, in import_object\n    module = import_module(modname, try_reload=True)\n             ^^^^^^^^^^^^^^^^^^^^^^^^^^^^^^^^^^^^^^^\n', '  File "/home/runner/work/invenio-bug-verification/invenio-bug-verification/package-repo/.venv/lib/python3.12/site-packages/sphinx/ext/autodoc/importer.py", line 175, in import_module\n    module = importlib.import_module(modname)\n             ^^^^^^^^^^^^^^^^^^^^^^^^^^^^^^^^\n', '  File "/opt/hostedtoolcache/Python/3.12.12/x64/lib/python3.12/importlib/__init__.py", line 90, in import_module\n    return _bootstrap._gcd_import(name[level:], package, level)\n           ^^^^^^^^^^^^^^^^^^^^^^^^^^^^^^^^^^^^^^^^^^^^^^^^^^^^\n', '  File "<frozen importlib._bootstrap>", line 1387, in _gcd_import\n', '  File "<frozen importlib._bootstrap>", line 1360, in _find_and_load\n', '  File "<frozen importlib._bootstrap>", line 1331, in _find_and_load_unlocked\n', '  File "<frozen importlib._bootstrap>", line 935, in _load_unlocked\n', '  File "<frozen importlib._bootstrap_external>", line 999, in exec_module\n', '  File "<frozen importlib._bootstrap>", line 488, in _call_with_frames_removed\n', '  File "/home/runner/work/invenio-bug-verification/invenio-bug-verification/package-repo/invenio_records_rest/loaders/__init__.py", line 11, in <module>\n    from ..schemas import RecordMetadataSchemaJSONV1, RecordSchemaJSONV1\n', '  File "/home/runner/work/invenio-bug-verification/invenio-bug-verification/package-repo/invenio_records_rest/schemas/__init__.py", line 11, in <module>\n    from .json import (\n', '  File "/home/runner/work/invenio-bug-verification/invenio-bug-verification/package-repo/invenio_records_rest/schemas/json.py", line 12, in <module>\n    from invenio_rest.serializer import BaseSchema as Schema\n', '  File "/home/runner/work/invenio-bug-verification/invenio-bug-verification/package-repo/.venv/lib/python3.12/site-packages/invenio_rest/serializer.py", line 15, in <module>\n    from marshmallow_utils.context import context_schema\n', "ModuleNotFoundError: No module named 'marshmallow_utils'\n"] [autodoc.import_object]
WARNING: autodoc: failed to import module 'loaders.marshmallow' from module 'invenio_records_rest'; the following exception was raised:
['Traceback (most recent call last):\n', '  File "/home/runner/work/invenio-bug-verification/invenio-bug-verification/package-repo/.venv/lib/python3.12/site-packages/sphinx/ext/autodoc/importer.py", line 269, in import_object\n    module = import_module(modname, try_reload=True)\n             ^^^^^^^^^^^^^^^^^^^^^^^^^^^^^^^^^^^^^^^\n', '  File "/home/runner/work/invenio-bug-verification/invenio-bug-verification/package-repo/.venv/lib/python3.12/site-packages/sphinx/ext/autodoc/importer.py", line 175, in import_module\n    module = importlib.import_module(modname)\n             ^^^^^^^^^^^^^^^^^^^^^^^^^^^^^^^^\n', '  File "/opt/hostedtoolcache/Python/3.12.12/x64/lib/python3.12/importlib/__init__.py", line 90, in import_module\n    return _bootstrap._gcd_import(name[level:], package, level)\n           ^^^^^^^^^^^^^^^^^^^^^^^^^^^^^^^^^^^^^^^^^^^^^^^^^^^^\n', '  File "<frozen importlib._bootstrap>", line 1387, in _gcd_import\n', '  File "<frozen importlib._bootstrap>", line 1360, in _find_and_load\n', '  File "<frozen importlib._bootstrap>", line 1331, in _find_and_load_unlocked\n', '  File "<frozen importlib._bootstrap>", line 935, in _load_unlocked\n', '  File "<frozen importlib._bootstrap_external>", line 999, in exec_module\n', '  File "<frozen importlib._bootstrap>", line 488, in _call_with_frames_removed\n', '  File "/home/runner/work/invenio-bug-verification/invenio-bug-verification/package-repo/invenio_records_rest/loaders/__init__.py", line 11, in <module>\n    from ..schemas import RecordMetadataSchemaJSONV1, RecordSchemaJSONV1\n', '  File "/home/runner/work/invenio-bug-verification/invenio-bug-verification/package-repo/invenio_records_rest/schemas/__init__.py", line 11, in <module>\n    from .json import (\n', '  File "/home/runner/work/invenio-bug-verification/invenio-bug-verification/package-repo/invenio_records_rest/schemas/json.py", line 12, in <module>\n    from invenio_rest.serializer import BaseSchema as Schema\n', '  File "/home/runner/work/invenio-bug-verification/invenio-bug-verification/package-repo/.venv/lib/python3.12/site-packages/invenio_rest/serializer.py", line 15, in <module>\n    from marshmallow_utils.context import context_schema\n', "ModuleNotFoundError: No module named 'marshmallow_utils'\n"] [autodoc.import_object]
WARNING: autodoc: failed to import module 'schemas' from module 'invenio_records_rest'; the following exception was raised:
['Traceback (most recent call last):\n', '  File "/home/runner/work/invenio-bug-verification/invenio-bug-verification/package-repo/.venv/lib/python3.12/site-packages/sphinx/ext/autodoc/importer.py", line 269, in import_object\n    module = import_module(modname, try_reload=True)\n             ^^^^^^^^^^^^^^^^^^^^^^^^^^^^^^^^^^^^^^^\n', '  File "/home/runner/work/invenio-bug-verification/invenio-bug-verification/package-repo/.venv/lib/python3.12/site-packages/sphinx/ext/autodoc/importer.py", line 175, in import_module\n    module = importlib.import_module(modname)\n             ^^^^^^^^^^^^^^^^^^^^^^^^^^^^^^^^\n', '  File "/opt/hostedtoolcache/Python/3.12.12/x64/lib/python3.12/importlib/__init__.py", line 90, in import_module\n    return _bootstrap._gcd_import(name[level:], package, level)\n           ^^^^^^^^^^^^^^^^^^^^^^^^^^^^^^^^^^^^^^^^^^^^^^^^^^^^\n', '  File "<frozen importlib._bootstrap>", line 1387, in _gcd_import\n', '  File "<frozen importlib._bootstrap>", line 1360, in _find_and_load\n', '  File "<frozen importlib._bootstrap>", line 1331, in _find_and_load_unlocked\n', '  File "<frozen importlib._bootstrap>", line 935, in _load_unlocked\n', '  File "<frozen importlib._bootstrap_external>", line 999, in exec_module\n', '  File "<frozen importlib._bootstrap>", line 488, in _call_with_frames_removed\n', '  File "/home/runner/work/invenio-bug-verification/invenio-bug-verification/package-repo/invenio_records_rest/schemas/__init__.py", line 11, in <module>\n    from .json import (\n', '  File "/home/runner/work/invenio-bug-verification/invenio-bug-verification/package-repo/invenio_records_rest/schemas/json.py", line 12, in <module>\n    from invenio_rest.serializer import BaseSchema as Schema\n', '  File "/home/runner/work/invenio-bug-verification/invenio-bug-verification/package-repo/.venv/lib/python3.12/site-packages/invenio_rest/serializer.py", line 15, in <module>\n    from marshmallow_utils.context import context_schema\n', "ModuleNotFoundError: No module named 'marshmallow_utils'\n"] [autodoc.import_object]
WARNING: autodoc: failed to import module 'schemas.fields' from module 'invenio_records_rest'; the following exception was raised:
['Traceback (most recent call last):\n', '  File "/home/runner/work/invenio-bug-verification/invenio-bug-verification/package-repo/.venv/lib/python3.12/site-packages/sphinx/ext/autodoc/importer.py", line 269, in import_object\n    module = import_module(modname, try_reload=True)\n             ^^^^^^^^^^^^^^^^^^^^^^^^^^^^^^^^^^^^^^^\n', '  File "/home/runner/work/invenio-bug-verification/invenio-bug-verification/package-repo/.venv/lib/python3.12/site-packages/sphinx/ext/autodoc/importer.py", line 175, in import_module\n    module = importlib.import_module(modname)\n             ^^^^^^^^^^^^^^^^^^^^^^^^^^^^^^^^\n', '  File "/opt/hostedtoolcache/Python/3.12.12/x64/lib/python3.12/importlib/__init__.py", line 90, in import_module\n    return _bootstrap._gcd_import(name[level:], package, level)\n           ^^^^^^^^^^^^^^^^^^^^^^^^^^^^^^^^^^^^^^^^^^^^^^^^^^^^\n', '  File "<frozen importlib._bootstrap>", line 1387, in _gcd_import\n', '  File "<frozen importlib._bootstrap>", line 1360, in _find_and_load\n', '  File "<frozen importlib._bootstrap>", line 1331, in _find_and_load_unlocked\n', '  File "<frozen importlib._bootstrap>", line 935, in _load_unlocked\n', '  File "<frozen importlib._bootstrap_external>", line 999, in exec_module\n', '  File "<frozen importlib._bootstrap>", line 488, in _call_with_frames_removed\n', '  File "/home/runner/work/invenio-bug-verification/invenio-bug-verification/package-repo/invenio_records_rest/schemas/__init__.py", line 11, in <module>\n    from .json import (\n', '  File "/home/runner/work/invenio-bug-verification/invenio-bug-verification/package-repo/invenio_records_rest/schemas/json.py", line 12, in <module>\n    from invenio_rest.serializer import BaseSchema as Schema\n', '  File "/home/runner/work/invenio-bug-verification/invenio-bug-verification/package-repo/.venv/lib/python3.12/site-packages/invenio_rest/serializer.py", line 15, in <module>\n    from marshmallow_utils.context import context_schema\n', "ModuleNotFoundError: No module named 'marshmallow_utils'\n"] [autodoc.import_object]
/home/runner/work/invenio-bug-verification/invenio-bug-verification/package-repo/invenio_records_rest/views.py:docstring of invenio_records_rest.views.RecordResource.methods:1: WARNING: py:class reference target not found: t.ClassVar [ref.class]
/home/runner/work/invenio-bug-verification/invenio-bug-verification/package-repo/invenio_records_rest/views.py:docstring of invenio_records_rest.views.RecordResource.methods:1: WARNING: py:class reference target not found: t.Collection [ref.class]
/home/runner/work/invenio-bug-verification/invenio-bug-verification/package-repo/invenio_records_rest/views.py:docstring of invenio_records_rest.views.RecordsListOptionsResource.methods:1: WARNING: py:class reference target not found: t.ClassVar [ref.class]
/home/runner/work/invenio-bug-verification/invenio-bug-verification/package-repo/invenio_records_rest/views.py:docstring of invenio_records_rest.views.RecordsListOptionsResource.methods:1: WARNING: py:class reference target not found: t.Collection [ref.class]
/home/runner/work/invenio-bug-verification/invenio-bug-verification/package-repo/invenio_records_rest/views.py:docstring of invenio_records_rest.views.RecordsListResource.methods:1: WARNING: py:class reference target not found: t.ClassVar [ref.class]
/home/runner/work/invenio-bug-verification/invenio-bug-verification/package-repo/invenio_records_rest/views.py:docstring of invenio_records_rest.views.RecordsListResource.methods:1: WARNING: py:class reference target not found: t.Collection [ref.class]
/home/runner/work/invenio-bug-verification/invenio-bug-verification/package-repo/invenio_records_rest/views.py:docstring of invenio_records_rest.views.SuggestResource.methods:1: WARNING: py:class reference target not found: t.ClassVar [ref.class]
/home/runner/work/invenio-bug-verification/invenio-bug-verification/package-repo/invenio_records_rest/views.py:docstring of invenio_records_rest.views.SuggestResource.methods:1: WARNING: py:class reference target not found: t.Collection [ref.class]
 opensearch Pulling 
 postgresql Pulling 
 rabbitmq Pulling 
 redis Pulling 
 f9dd052e142d Pulling fs layer 
 e8c6d4883897 Pulling fs layer 
 648eb81b3252 Pulling fs layer 
 eb77aa907276 Pulling fs layer 
 4f4fb700ef54 Pulling fs layer 
 0ffa8f8aba1e Pulling fs layer 
 2e81b9cb93cd Pulling fs layer 
 4f4fb700ef54 Waiting 
 0ffa8f8aba1e Waiting 
 2e81b9cb93cd Waiting 
 eb77aa907276 Waiting 
 b0a0cf830b12 Pulling fs layer 
 dda3d8fbd5ed Pulling fs layer 
 283a477db7bb Pulling fs layer 
 91d2729fa4d5 Pulling fs layer 
 9739ced65621 Pulling fs layer 
 ae3bb1b347a4 Pulling fs layer 
 f8406d9c00ea Pulling fs layer 
 c199bff16b05 Pulling fs layer 
 e0d55fdb4d15 Pulling fs layer 
 c1cb13b19080 Pulling fs layer 
 873532e5f8c7 Pulling fs layer 
 050d9f8c3b1c Pulling fs layer 
 710e142705f8 Pulling fs layer 
 cb628c265f09 Pulling fs layer 
 ae3bb1b347a4 Waiting 
 b0a0cf830b12 Waiting 
 f8406d9c00ea Waiting 
 dda3d8fbd5ed Waiting 
 c199bff16b05 Waiting 
 050d9f8c3b1c Waiting 
 e0d55fdb4d15 Waiting 
 710e142705f8 Waiting 
 c1cb13b19080 Waiting 
 cb628c265f09 Waiting 
 873532e5f8c7 Waiting 
 283a477db7bb Waiting 
 9739ced65621 Waiting 
 91d2729fa4d5 Waiting 
 8e44f01296e3 Pulling fs layer 
 44fc29a25beb Pulling fs layer 
 39af693970c0 Pulling fs layer 
 517b08eaf3cc Pulling fs layer 
 186a03b51bfa Pulling fs layer 
 fe77c85f37cb Pulling fs layer 
 4f4fb700ef54 Pulling fs layer 
 a43f12641297 Pulling fs layer 
 8e44f01296e3 Waiting 
 186a03b51bfa Waiting 
 44fc29a25beb Waiting 
 fe77c85f37cb Waiting 
 39af693970c0 Waiting 
 4f4fb700ef54 Waiting 
 517b08eaf3cc Waiting 
 a43f12641297 Waiting 
 20043066d3d5 Pulling fs layer 
 fbda4a386d13 Pulling fs layer 
 257b1af0856e Pulling fs layer 
 e5fbc57eeafe Pulling fs layer 
 f19b7ac6489f Pulling fs layer 
 0f9a1c409bb2 Pulling fs layer 
 d5d9860a5545 Pulling fs layer 
 fc030d7bf8ba Pulling fs layer 
 c5ec72a0a4d4 Pulling fs layer 
 a51622689fc8 Pulling fs layer 
 20043066d3d5 Waiting 
 fbda4a386d13 Waiting 
 257b1af0856e Waiting 
 e5fbc57eeafe Waiting 
 f19b7ac6489f Waiting 
 0f9a1c409bb2 Waiting 
 d5d9860a5545 Waiting 
 a51622689fc8 Waiting 
 c5ec72a0a4d4 Waiting 
 fc030d7bf8ba Waiting 
 648eb81b3252 Downloading [=============================>                     ]     934B/1.561kB
 648eb81b3252 Downloading [==================================================>]  1.561kB/1.561kB
 648eb81b3252 Verifying Checksum 
 648eb81b3252 Download complete 
 e8c6d4883897 Downloading [>                                                  ]  45.16kB/4.398MB
 f9dd052e142d Downloading [>                                                  ]  528.5kB/52.33MB
 e8c6d4883897 Download complete 
 eb77aa907276 Downloading [>                                                  ]  533.4kB/907.7MB
 f9dd052e142d Downloading [====================>                              ]  21.69MB/52.33MB
 4f4fb700ef54 Downloading [==================================================>]      32B/32B
 4f4fb700ef54 Verifying Checksum 
 4f4fb700ef54 Download complete 
 eb77aa907276 Downloading [=>                                                 ]  27.22MB/907.7MB
 0ffa8f8aba1e Downloading [==================================================>]     226B/226B
 0ffa8f8aba1e Verifying Checksum 
 0ffa8f8aba1e Download complete 
 f9dd052e142d Downloading [===============================>                   ]  32.83MB/52.33MB
 eb77aa907276 Downloading [==>                                                ]  49.67MB/907.7MB
 2e81b9cb93cd Downloading [=========================>                         ]     933B/1.859kB
 2e81b9cb93cd Downloading [==================================================>]  1.859kB/1.859kB
 2e81b9cb93cd Verifying Checksum 
 2e81b9cb93cd Download complete 
 f9dd052e142d Downloading [==============================================>    ]   48.2MB/52.33MB
 f9dd052e142d Verifying Checksum 
 f9dd052e142d Download complete 
 f9dd052e142d Extracting [>                                                  ]  524.3kB/52.33MB
 eb77aa907276 Downloading [====>                                              ]  74.26MB/907.7MB
 b0a0cf830b12 Downloading [>                                                  ]  307.2kB/29.15MB
 dda3d8fbd5ed Downloading [========================================>          ]     934B/1.165kB
 dda3d8fbd5ed Download complete 
 f9dd052e142d Extracting [=>                                                 ]  1.573MB/52.33MB
 eb77aa907276 Downloading [=====>                                             ]  91.35MB/907.7MB
 b0a0cf830b12 Downloading [========================================>          ]   23.4MB/29.15MB
 b0a0cf830b12 Verifying Checksum 
 b0a0cf830b12 Download complete 
 283a477db7bb Downloading [>                                                  ]  46.48kB/4.533MB
 283a477db7bb Downloading [==================================================>]  4.533MB/4.533MB
 283a477db7bb Verifying Checksum 
 283a477db7bb Download complete 
 b0a0cf830b12 Extracting [>                                                  ]  294.9kB/29.15MB
 eb77aa907276 Downloading [======>                                            ]  123.4MB/907.7MB
 91d2729fa4d5 Downloading [>                                                  ]  14.62kB/1.45MB
 91d2729fa4d5 Verifying Checksum 
 91d2729fa4d5 Download complete 
 9739ced65621 Downloading [>                                                  ]   84.3kB/8.069MB
 b0a0cf830b12 Extracting [========>                                          ]  4.719MB/29.15MB
 f9dd052e142d Extracting [====>                                              ]  4.719MB/52.33MB
 eb77aa907276 Downloading [========>                                          ]  151.7MB/907.7MB
 9739ced65621 Verifying Checksum 
 9739ced65621 Download complete 
 ae3bb1b347a4 Downloading [>                                                  ]   12.3kB/1.196MB
 b0a0cf830b12 Extracting [===============>                                   ]  8.847MB/29.15MB
 eb77aa907276 Downloading [=========>                                         ]  177.9MB/907.7MB
 ae3bb1b347a4 Verifying Checksum 
 ae3bb1b347a4 Download complete 
 f9dd052e142d Extracting [=====>                                             ]  5.243MB/52.33MB
 f8406d9c00ea Downloading [==================================================>]     116B/116B
 f8406d9c00ea Verifying Checksum 
 f8406d9c00ea Download complete 
 b0a0cf830b12 Extracting [==================>                                ]  10.62MB/29.15MB
 eb77aa907276 Downloading [===========>                                       ]  204.1MB/907.7MB
 c199bff16b05 Downloading [==============>                                    ]     934B/3.145kB
 c199bff16b05 Downloading [==================================================>]  3.145kB/3.145kB
 c199bff16b05 Verifying Checksum 
 c199bff16b05 Download complete 
 f9dd052e142d Extracting [========>                                          ]  8.913MB/52.33MB
 e0d55fdb4d15 Downloading [>                                                  ]    536kB/109MB
 b0a0cf830b12 Extracting [=======================>                           ]  13.57MB/29.15MB
 eb77aa907276 Downloading [============>                                      ]  227.2MB/907.7MB
 f9dd052e142d Extracting [=============>                                     ]  13.63MB/52.33MB
 c1cb13b19080 Downloading [====>                                              ]     934B/9.925kB
 c1cb13b19080 Downloading [==================================================>]  9.925kB/9.925kB
 c1cb13b19080 Verifying Checksum 
 c1cb13b19080 Download complete 
 e0d55fdb4d15 Downloading [============>                                      ]  27.34MB/109MB
 eb77aa907276 Downloading [=============>                                     ]  250.7MB/907.7MB
 b0a0cf830b12 Extracting [==============================>                    ]  17.69MB/29.15MB
 f9dd052e142d Extracting [=================>                                 ]  17.83MB/52.33MB
 873532e5f8c7 Downloading [==================================================>]     128B/128B
 873532e5f8c7 Download complete 
 e0d55fdb4d15 Downloading [=========================>                         ]  54.64MB/109MB
 eb77aa907276 Downloading [===============>                                   ]  273.7MB/907.7MB
 b0a0cf830b12 Extracting [====================================>              ]  21.53MB/29.15MB
 f9dd052e142d Extracting [=====================>                             ]  22.54MB/52.33MB
 050d9f8c3b1c Downloading [==================================================>]     169B/169B
 050d9f8c3b1c Verifying Checksum 
 050d9f8c3b1c Download complete 
 e0d55fdb4d15 Downloading [===================================>               ]  77.13MB/109MB
 eb77aa907276 Downloading [================>                                  ]  296.2MB/907.7MB
 b0a0cf830b12 Extracting [=========================================>         ]  24.48MB/29.15MB
 f9dd052e142d Extracting [=========================>                         ]  26.21MB/52.33MB
 710e142705f8 Downloading [========>                                          ]     936B/5.421kB
 710e142705f8 Downloading [==================================================>]  5.421kB/5.421kB
 710e142705f8 Verifying Checksum 
 710e142705f8 Download complete 
 e0d55fdb4d15 Downloading [============================================>      ]  97.49MB/109MB
 eb77aa907276 Downloading [==================>                                ]  327.3MB/907.7MB
 e0d55fdb4d15 Verifying Checksum 
 e0d55fdb4d15 Download complete 
 f9dd052e142d Extracting [==========================>                        ]  27.26MB/52.33MB
 cb628c265f09 Downloading [==================================================>]     184B/184B
 cb628c265f09 Verifying Checksum 
 cb628c265f09 Download complete 
 eb77aa907276 Downloading [===================>                               ]  356.7MB/907.7MB
 8e44f01296e3 Downloading [>                                                  ]  288.8kB/28.23MB
 b0a0cf830b12 Extracting [==========================================>        ]  24.77MB/29.15MB
 f9dd052e142d Extracting [===========================>                       ]  28.84MB/52.33MB
 8e44f01296e3 Verifying Checksum 
 8e44f01296e3 Download complete 
 44fc29a25beb Downloading [==========================================>        ]     936B/1.105kB
 44fc29a25beb Downloading [==================================================>]  1.105kB/1.105kB
 eb77aa907276 Downloading [====================>                              ]  375.4MB/907.7MB
 44fc29a25beb Verifying Checksum 
 44fc29a25beb Download complete 
 b0a0cf830b12 Extracting [==============================================>    ]  27.13MB/29.15MB
 8e44f01296e3 Extracting [>                                                  ]  294.9kB/28.23MB
 f9dd052e142d Extracting [============================>                      ]  29.36MB/52.33MB
 39af693970c0 Downloading [==================================================>]     874B/874B
 39af693970c0 Verifying Checksum 
 39af693970c0 Download complete 
 eb77aa907276 Downloading [=====================>                             ]    385MB/907.7MB
 517b08eaf3cc Downloading [>                                                  ]  14.62kB/1.438MB
 517b08eaf3cc Verifying Checksum 
 517b08eaf3cc Download complete 
 8e44f01296e3 Extracting [===>                                               ]  2.064MB/28.23MB
 b0a0cf830b12 Extracting [===============================================>   ]  27.72MB/29.15MB
 f9dd052e142d Extracting [============================>                      ]  29.88MB/52.33MB
 eb77aa907276 Downloading [======================>                            ]    400MB/907.7MB
 fe77c85f37cb Downloading [==================================================>]      97B/97B
 fe77c85f37cb Verifying Checksum 
 fe77c85f37cb Download complete 
 186a03b51bfa Downloading [>                                                  ]  156.4kB/15.35MB
 8e44f01296e3 Extracting [==========>                                        ]  6.193MB/28.23MB
 186a03b51bfa Downloading [==================================================>]  15.35MB/15.35MB
 186a03b51bfa Verifying Checksum 
 186a03b51bfa Download complete 
 eb77aa907276 Downloading [=======================>                           ]  420.8MB/907.7MB
 8e44f01296e3 Extracting [==============>                                    ]  8.258MB/28.23MB
 f9dd052e142d Extracting [=============================>                     ]  30.41MB/52.33MB
 4f4fb700ef54 Downloading [==================================================>]      32B/32B
 4f4fb700ef54 Verifying Checksum 
 4f4fb700ef54 Download complete 
 eb77aa907276 Downloading [========================>                          ]    440MB/907.7MB
 a43f12641297 Downloading [==================================================>]     571B/571B
 a43f12641297 Verifying Checksum 
 a43f12641297 Download complete 
 8e44f01296e3 Extracting [================>                                  ]  9.437MB/28.23MB
 20043066d3d5 Downloading [>                                                  ]  303.5kB/29.72MB
 eb77aa907276 Downloading [=========================>                         ]  465.2MB/907.7MB
 fbda4a386d13 Downloading [>                                                  ]  438.3kB/43.48MB
 8e44f01296e3 Extracting [==================>                                ]  10.62MB/28.23MB
 20043066d3d5 Downloading [===========================================>       ]  25.66MB/29.72MB
 eb77aa907276 Downloading [==========================>                        ]  483.4MB/907.7MB
 20043066d3d5 Verifying Checksum 
 20043066d3d5 Download complete 
 fbda4a386d13 Downloading [=============>                                     ]  11.97MB/43.48MB
 f9dd052e142d Extracting [===============================>                   ]  33.03MB/52.33MB
 8e44f01296e3 Extracting [====================>                              ]   11.8MB/28.23MB
 eb77aa907276 Downloading [============================>                      ]  509.6MB/907.7MB
 20043066d3d5 Extracting [>                                                  ]  327.7kB/29.72MB
 fbda4a386d13 Downloading [===========================>                       ]  23.54MB/43.48MB
 257b1af0856e Downloading [>                                                  ]  75.84kB/7.468MB
 b0a0cf830b12 Extracting [================================================>  ]  28.31MB/29.15MB
 8e44f01296e3 Extracting [=========================>                         ]  14.16MB/28.23MB
 f9dd052e142d Extracting [================================>                  ]  34.08MB/52.33MB
 257b1af0856e Verifying Checksum 
 257b1af0856e Download complete 
 eb77aa907276 Downloading [=============================>                     ]  534.7MB/907.7MB
 20043066d3d5 Extracting [===>                                               ]  1.966MB/29.72MB
 fbda4a386d13 Downloading [=============================================>     ]  39.46MB/43.48MB
 fbda4a386d13 Verifying Checksum 
 fbda4a386d13 Download complete 
 8e44f01296e3 Extracting [============================>                      ]  15.93MB/28.23MB
 eb77aa907276 Downloading [==============================>                    ]    555MB/907.7MB
 f9dd052e142d Extracting [=================================>                 ]   34.6MB/52.33MB
 e5fbc57eeafe Downloading [====>                                              ]     934B/9.472kB
 e5fbc57eeafe Downloading [==================================================>]  9.472kB/9.472kB
 e5fbc57eeafe Verifying Checksum 
 e5fbc57eeafe Download complete 
 20043066d3d5 Extracting [=====>                                             ]  3.277MB/29.72MB
 b0a0cf830b12 Extracting [=================================================> ]   28.9MB/29.15MB
 8e44f01296e3 Extracting [================================>                  ]  18.58MB/28.23MB
 eb77aa907276 Downloading [===============================>                   ]  579.6MB/907.7MB
 20043066d3d5 Extracting [==========>                                        ]  6.226MB/29.72MB
 f9dd052e142d Extracting [==================================>                ]  36.18MB/52.33MB
 0f9a1c409bb2 Downloading [==================================================>]     188B/188B
 0f9a1c409bb2 Verifying Checksum 
 0f9a1c409bb2 Download complete 
 f19b7ac6489f Downloading [>                                                  ]    214kB/21.31MB
 b0a0cf830b12 Extracting [==================================================>]  29.15MB/29.15MB
 8e44f01296e3 Extracting [======================================>            ]  21.53MB/28.23MB
 eb77aa907276 Downloading [================================>                  ]  593.5MB/907.7MB
 b0a0cf830b12 Pull complete 
 dda3d8fbd5ed Extracting [==================================================>]  1.165kB/1.165kB
 dda3d8fbd5ed Extracting [==================================================>]  1.165kB/1.165kB
 f9dd052e142d Extracting [===================================>               ]   36.7MB/52.33MB
 d5d9860a5545 Downloading [==================================================>]     109B/109B
 d5d9860a5545 Verifying Checksum 
 d5d9860a5545 Download complete 
 f19b7ac6489f Downloading [=======================================>           ]  16.92MB/21.31MB
 f19b7ac6489f Verifying Checksum 
 f19b7ac6489f Download complete 
 8e44f01296e3 Extracting [=========================================>         ]   23.3MB/28.23MB
 20043066d3d5 Extracting [=============>                                     ]  8.192MB/29.72MB
 eb77aa907276 Downloading [=================================>                 ]  611.6MB/907.7MB
 fc030d7bf8ba Downloading [==================================================>]     617B/617B
 fc030d7bf8ba Verifying Checksum 
 fc030d7bf8ba Download complete 
 f9dd052e142d Extracting [====================================>              ]  37.75MB/52.33MB
 c5ec72a0a4d4 Downloading [==================================================>]     831B/831B
 c5ec72a0a4d4 Verifying Checksum 
 c5ec72a0a4d4 Download complete 
 eb77aa907276 Downloading [==================================>                ]  623.3MB/907.7MB
 20043066d3d5 Extracting [=================>                                 ]  10.16MB/29.72MB
 a51622689fc8 Downloading [>                                                  ]  127.9kB/12.47MB
 eb77aa907276 Downloading [===================================>               ]  639.8MB/907.7MB
 f9dd052e142d Extracting [=====================================>             ]   38.8MB/52.33MB
 20043066d3d5 Extracting [==================>                                ]  11.14MB/29.72MB
 a51622689fc8 Verifying Checksum 
 a51622689fc8 Download complete 
 eb77aa907276 Downloading [====================================>              ]  662.4MB/907.7MB
 20043066d3d5 Extracting [=========================>                         ]   15.4MB/29.72MB
 f9dd052e142d Extracting [======================================>            ]  39.85MB/52.33MB
 8e44f01296e3 Extracting [==========================================>        ]  23.89MB/28.23MB
 eb77aa907276 Downloading [=====================================>             ]  683.8MB/907.7MB
 20043066d3d5 Extracting [==================================>                ]  20.32MB/29.72MB
 8e44f01296e3 Extracting [===============================================>   ]  26.54MB/28.23MB
 f9dd052e142d Extracting [========================================>          ]  41.94MB/52.33MB
 eb77aa907276 Downloading [======================================>            ]    696MB/907.7MB
 20043066d3d5 Extracting [========================================>          ]  24.25MB/29.72MB
 eb77aa907276 Downloading [=======================================>           ]  714.1MB/907.7MB
 f9dd052e142d Extracting [=========================================>         ]  43.52MB/52.33MB
 8e44f01296e3 Extracting [===============================================>   ]  26.84MB/28.23MB
 20043066d3d5 Extracting [==========================================>        ]  25.23MB/29.72MB
 eb77aa907276 Downloading [========================================>          ]  729.6MB/907.7MB
 f9dd052e142d Extracting [==========================================>        ]  44.56MB/52.33MB
 eb77aa907276 Downloading [=========================================>         ]  746.1MB/907.7MB
 f9dd052e142d Extracting [===========================================>       ]  45.09MB/52.33MB
 8e44f01296e3 Extracting [================================================>  ]  27.13MB/28.23MB
 eb77aa907276 Downloading [==========================================>        ]  772.8MB/907.7MB
 eb77aa907276 Downloading [===========================================>       ]  796.8MB/907.7MB
 eb77aa907276 Downloading [============================================>      ]    815MB/907.7MB
 f9dd052e142d Extracting [============================================>      ]  46.14MB/52.33MB
 eb77aa907276 Downloading [==============================================>    ]  837.9MB/907.7MB
 eb77aa907276 Downloading [===============================================>   ]  861.5MB/907.7MB
 f9dd052e142d Extracting [=============================================>     ]  47.19MB/52.33MB
 eb77aa907276 Downloading [================================================>  ]  879.6MB/907.7MB
 eb77aa907276 Downloading [=================================================> ]  895.1MB/907.7MB
 eb77aa907276 Verifying Checksum 
 eb77aa907276 Download complete 
 f9dd052e142d Extracting [=============================================>     ]  47.71MB/52.33MB
 20043066d3d5 Extracting [==========================================>        ]  25.56MB/29.72MB
 f9dd052e142d Extracting [===============================================>   ]  49.81MB/52.33MB
 f9dd052e142d Extracting [================================================>  ]  50.86MB/52.33MB
 20043066d3d5 Extracting [==============================================>    ]  27.85MB/29.72MB
 20043066d3d5 Extracting [===============================================>   ]  28.18MB/29.72MB
 8e44f01296e3 Extracting [================================================>  ]  27.43MB/28.23MB
 20043066d3d5 Extracting [================================================>  ]  28.84MB/29.72MB
 20043066d3d5 Extracting [=================================================> ]  29.16MB/29.72MB
 8e44f01296e3 Extracting [=================================================> ]  28.02MB/28.23MB
 8e44f01296e3 Extracting [==================================================>]  28.23MB/28.23MB
 20043066d3d5 Extracting [=================================================> ]  29.49MB/29.72MB
 f9dd052e142d Extracting [=================================================> ]  51.38MB/52.33MB
 8e44f01296e3 Pull complete 
 44fc29a25beb Extracting [==================================================>]  1.105kB/1.105kB
 44fc29a25beb Extracting [==================================================>]  1.105kB/1.105kB
 20043066d3d5 Extracting [==================================================>]  29.72MB/29.72MB
 f9dd052e142d Extracting [=================================================> ]   51.9MB/52.33MB
 f9dd052e142d Extracting [==================================================>]  52.33MB/52.33MB
 20043066d3d5 Pull complete 
 f9dd052e142d Pull complete 
 e8c6d4883897 Extracting [>                                                  ]  65.54kB/4.398MB
 fbda4a386d13 Extracting [>                                                  ]  458.8kB/43.48MB
 dda3d8fbd5ed Pull complete 
 283a477db7bb Extracting [>                                                  ]  65.54kB/4.533MB
 fbda4a386d13 Extracting [==>                                                ]  2.294MB/43.48MB
 283a477db7bb Extracting [==================>                                ]  1.638MB/4.533MB
 e8c6d4883897 Extracting [========>                                          ]  720.9kB/4.398MB
 fbda4a386d13 Extracting [=========>                                         ]  8.258MB/43.48MB
 e8c6d4883897 Extracting [==============>                                    ]  1.245MB/4.398MB
 283a477db7bb Extracting [==============================>                    ]  2.753MB/4.533MB
 fbda4a386d13 Extracting [===========>                                       ]  10.09MB/43.48MB
 44fc29a25beb Pull complete 
 283a477db7bb Extracting [===================================>               ]  3.211MB/4.533MB
 39af693970c0 Extracting [==================================================>]     874B/874B
 39af693970c0 Extracting [==================================================>]     874B/874B
 e8c6d4883897 Extracting [===================>                               ]  1.704MB/4.398MB
 39af693970c0 Pull complete 
 517b08eaf3cc Extracting [=>                                                 ]  32.77kB/1.438MB
 517b08eaf3cc Extracting [==================================================>]  1.438MB/1.438MB
 517b08eaf3cc Extracting [==================================================>]  1.438MB/1.438MB
 283a477db7bb Extracting [==================================================>]  4.533MB/4.533MB
 fbda4a386d13 Extracting [=================>                                 ]  15.14MB/43.48MB
 e8c6d4883897 Extracting [===========================>                       ]  2.425MB/4.398MB
 517b08eaf3cc Pull complete 
 186a03b51bfa Extracting [>                                                  ]  163.8kB/15.35MB
 283a477db7bb Pull complete 
 91d2729fa4d5 Extracting [=>                                                 ]  32.77kB/1.45MB
 fbda4a386d13 Extracting [=======================>                           ]  20.19MB/43.48MB
 e8c6d4883897 Extracting [====================================>              ]  3.211MB/4.398MB
 186a03b51bfa Extracting [==============>                                    ]  4.424MB/15.35MB
 91d2729fa4d5 Extracting [==================================================>]   1.45MB/1.45MB
 91d2729fa4d5 Pull complete 
 9739ced65621 Extracting [>                                                  ]   98.3kB/8.069MB
 fbda4a386d13 Extracting [===========================>                       ]  23.86MB/43.48MB
 e8c6d4883897 Extracting [=======================================>           ]  3.473MB/4.398MB
 186a03b51bfa Extracting [=============================>                     ]  9.011MB/15.35MB
 e8c6d4883897 Extracting [==================================================>]  4.398MB/4.398MB
 fbda4a386d13 Extracting [================================>                  ]  27.98MB/43.48MB
 9739ced65621 Extracting [==================>                                ]  2.949MB/8.069MB
 186a03b51bfa Extracting [===============================================>   ]  14.58MB/15.35MB
 e8c6d4883897 Pull complete 
 648eb81b3252 Extracting [==================================================>]  1.561kB/1.561kB
 186a03b51bfa Extracting [==================================================>]  15.35MB/15.35MB
 648eb81b3252 Pull complete 
 186a03b51bfa Pull complete 
 fe77c85f37cb Extracting [==================================================>]      97B/97B
 fe77c85f37cb Extracting [==================================================>]      97B/97B
 fe77c85f37cb Pull complete 
 4f4fb700ef54 Extracting [==================================================>]      32B/32B
 4f4fb700ef54 Extracting [==================================================>]      32B/32B
 9739ced65621 Extracting [========================>                          ]  3.932MB/8.069MB
 fbda4a386d13 Extracting [===================================>               ]   31.2MB/43.48MB
 4f4fb700ef54 Pull complete 
 a43f12641297 Extracting [==================================================>]     571B/571B
 a43f12641297 Extracting [==================================================>]     571B/571B
 a43f12641297 Pull complete 
 redis Pulled 
 eb77aa907276 Extracting [>                                                  ]  557.1kB/907.7MB
 fbda4a386d13 Extracting [========================================>          ]  34.87MB/43.48MB
 9739ced65621 Extracting [=============================>                     ]  4.817MB/8.069MB
 eb77aa907276 Extracting [>                                                  ]  16.15MB/907.7MB
 fbda4a386d13 Extracting [==============================================>    ]  40.83MB/43.48MB
 9739ced65621 Extracting [======================================>            ]  6.291MB/8.069MB
 fbda4a386d13 Extracting [==================================================>]  43.48MB/43.48MB
 eb77aa907276 Extracting [=>                                                 ]  32.87MB/907.7MB
 9739ced65621 Extracting [==================================================>]  8.069MB/8.069MB
 fbda4a386d13 Pull complete 
 257b1af0856e Extracting [>                                                  ]   98.3kB/7.468MB
 9739ced65621 Pull complete 
 ae3bb1b347a4 Extracting [=>                                                 ]  32.77kB/1.196MB
 eb77aa907276 Extracting [==>                                                ]  45.68MB/907.7MB
 ae3bb1b347a4 Extracting [==================================================>]  1.196MB/1.196MB
 ae3bb1b347a4 Extracting [==================================================>]  1.196MB/1.196MB
 257b1af0856e Extracting [===========>                                       ]  1.671MB/7.468MB
 ae3bb1b347a4 Pull complete 
 f8406d9c00ea Extracting [==================================================>]     116B/116B
 f8406d9c00ea Extracting [==================================================>]     116B/116B
 f8406d9c00ea Pull complete 
 eb77aa907276 Extracting [===>                                               ]  61.83MB/907.7MB
 c199bff16b05 Extracting [==================================================>]  3.145kB/3.145kB
 c199bff16b05 Extracting [==================================================>]  3.145kB/3.145kB
 c199bff16b05 Pull complete 
 257b1af0856e Extracting [========================================>          ]  6.095MB/7.468MB
 257b1af0856e Extracting [==================================================>]  7.468MB/7.468MB
 257b1af0856e Extracting [==================================================>]  7.468MB/7.468MB
 eb77aa907276 Extracting [===>                                               ]   71.3MB/907.7MB
 257b1af0856e Pull complete 
 e5fbc57eeafe Extracting [==================================================>]  9.472kB/9.472kB
 e5fbc57eeafe Extracting [==================================================>]  9.472kB/9.472kB
 e5fbc57eeafe Pull complete 
 e0d55fdb4d15 Extracting [>                                                  ]  557.1kB/109MB
 f19b7ac6489f Extracting [>                                                  ]  229.4kB/21.31MB
 e0d55fdb4d15 Extracting [=>                                                 ]  2.228MB/109MB
 eb77aa907276 Extracting [====>                                              ]  81.89MB/907.7MB
 f19b7ac6489f Extracting [=======>                                           ]  3.211MB/21.31MB
 e0d55fdb4d15 Extracting [===>                                               ]  7.242MB/109MB
 eb77aa907276 Extracting [=====>                                             ]  91.36MB/907.7MB
 f19b7ac6489f Extracting [=================>                                 ]  7.569MB/21.31MB
 e0d55fdb4d15 Extracting [====>                                              ]   9.47MB/109MB
 eb77aa907276 Extracting [=====>                                             ]  98.04MB/907.7MB
 f19b7ac6489f Extracting [======================>                            ]  9.634MB/21.31MB
 e0d55fdb4d15 Extracting [=====>                                             ]  12.81MB/109MB
 eb77aa907276 Extracting [=====>                                             ]  104.2MB/907.7MB
 f19b7ac6489f Extracting [==============================>                    ]  13.07MB/21.31MB
 e0d55fdb4d15 Extracting [=======>                                           ]  16.15MB/109MB
 eb77aa907276 Extracting [======>                                            ]  110.3MB/907.7MB
 f19b7ac6489f Extracting [==================================>                ]  14.68MB/21.31MB
 e0d55fdb4d15 Extracting [========>                                          ]  17.83MB/109MB
 eb77aa907276 Extracting [======>                                            ]  118.1MB/907.7MB
 f19b7ac6489f Extracting [=====================================>             ]  16.06MB/21.31MB
 e0d55fdb4d15 Extracting [=========>                                         ]  21.73MB/109MB
 eb77aa907276 Extracting [======>                                            ]  124.8MB/907.7MB
 f19b7ac6489f Extracting [========================================>          ]  17.43MB/21.31MB
 e0d55fdb4d15 Extracting [===========>                                       ]  25.07MB/109MB
 eb77aa907276 Extracting [=======>                                           ]  130.9MB/907.7MB
 f19b7ac6489f Extracting [============================================>      ]  19.04MB/21.31MB
 e0d55fdb4d15 Extracting [=============>                                     ]  29.52MB/109MB
 eb77aa907276 Extracting [=======>                                           ]  135.9MB/907.7MB
 e0d55fdb4d15 Extracting [=================>                                 ]  37.32MB/109MB
 eb77aa907276 Extracting [=======>                                           ]  141.5MB/907.7MB
 e0d55fdb4d15 Extracting [====================>                              ]  44.56MB/109MB
 f19b7ac6489f Extracting [================================================>  ]  20.87MB/21.31MB
 eb77aa907276 Extracting [========>                                          ]  146.5MB/907.7MB
 f19b7ac6489f Extracting [==================================================>]  21.31MB/21.31MB
 e0d55fdb4d15 Extracting [=======================>                           ]  51.25MB/109MB
 eb77aa907276 Extracting [========>                                          ]  151.5MB/907.7MB
 e0d55fdb4d15 Extracting [========================>                          ]  54.03MB/109MB
 eb77aa907276 Extracting [========>                                          ]  158.8MB/907.7MB
 e0d55fdb4d15 Extracting [==========================>                        ]  58.49MB/109MB
 eb77aa907276 Extracting [=========>                                         ]  174.4MB/907.7MB
 e0d55fdb4d15 Extracting [=============================>                     ]   63.5MB/109MB
 eb77aa907276 Extracting [==========>                                        ]  187.7MB/907.7MB
 e0d55fdb4d15 Extracting [=============================>                     ]  64.62MB/109MB
 eb77aa907276 Extracting [===========>                                       ]  203.9MB/907.7MB
 e0d55fdb4d15 Extracting [=================================>                 ]  72.97MB/109MB
 eb77aa907276 Extracting [===========>                                       ]  213.9MB/907.7MB
 e0d55fdb4d15 Extracting [====================================>              ]   79.1MB/109MB
 eb77aa907276 Extracting [============>                                      ]  224.5MB/907.7MB
 e0d55fdb4d15 Extracting [=======================================>           ]  86.34MB/109MB
 eb77aa907276 Extracting [============>                                      ]  233.4MB/907.7MB
 e0d55fdb4d15 Extracting [==========================================>        ]  91.91MB/109MB
 eb77aa907276 Extracting [=============>                                     ]  242.3MB/907.7MB
 e0d55fdb4d15 Extracting [===========================================>       ]  94.14MB/109MB
 f19b7ac6489f Pull complete 
 0f9a1c409bb2 Extracting [==================================================>]     188B/188B
 0f9a1c409bb2 Extracting [==================================================>]     188B/188B
 eb77aa907276 Extracting [==============>                                    ]  254.6MB/907.7MB
 eb77aa907276 Extracting [==============>                                    ]  257.4MB/907.7MB
 e0d55fdb4d15 Extracting [============================================>      ]  96.93MB/109MB
 eb77aa907276 Extracting [==============>                                    ]  259.6MB/907.7MB
 0f9a1c409bb2 Pull complete 
 d5d9860a5545 Extracting [==================================================>]     109B/109B
 d5d9860a5545 Extracting [==================================================>]     109B/109B
 d5d9860a5545 Pull complete 
 fc030d7bf8ba Extracting [==================================================>]     617B/617B
 fc030d7bf8ba Extracting [==================================================>]     617B/617B
 fc030d7bf8ba Pull complete 
 c5ec72a0a4d4 Extracting [==================================================>]     831B/831B
 c5ec72a0a4d4 Extracting [==================================================>]     831B/831B
 c5ec72a0a4d4 Pull complete 
 a51622689fc8 Extracting [>                                                  ]  131.1kB/12.47MB
 eb77aa907276 Extracting [==============>                                    ]  271.8MB/907.7MB
 e0d55fdb4d15 Extracting [=============================================>     ]   98.6MB/109MB
 a51622689fc8 Extracting [===============>                                   ]  3.932MB/12.47MB
 eb77aa907276 Extracting [===============>                                   ]  281.9MB/907.7MB
 e0d55fdb4d15 Extracting [==============================================>    ]  100.8MB/109MB
 a51622689fc8 Extracting [=======================>                           ]  5.898MB/12.47MB
 eb77aa907276 Extracting [================>                                  ]  299.7MB/907.7MB
 e0d55fdb4d15 Extracting [===============================================>   ]  103.1MB/109MB
 a51622689fc8 Extracting [==========================>                        ]  6.554MB/12.47MB
 eb77aa907276 Extracting [=================>                                 ]  311.4MB/907.7MB
 eb77aa907276 Extracting [=================>                                 ]  321.4MB/907.7MB
 e0d55fdb4d15 Extracting [===============================================>   ]  103.6MB/109MB
 a51622689fc8 Extracting [===========================>                       ]  6.816MB/12.47MB
 eb77aa907276 Extracting [==================>                                ]    337MB/907.7MB
 e0d55fdb4d15 Extracting [================================================>  ]  104.7MB/109MB
 a51622689fc8 Extracting [===================================>               ]  8.913MB/12.47MB
 eb77aa907276 Extracting [===================>                               ]  352.1MB/907.7MB
 a51622689fc8 Extracting [========================================>          ]  10.09MB/12.47MB
 e0d55fdb4d15 Extracting [================================================>  ]  105.8MB/109MB
 eb77aa907276 Extracting [===================>                               ]  361.5MB/907.7MB
 a51622689fc8 Extracting [============================================>      ]  11.14MB/12.47MB
 a51622689fc8 Extracting [==================================================>]  12.47MB/12.47MB
 eb77aa907276 Extracting [====================>                              ]  367.7MB/907.7MB
 eb77aa907276 Extracting [====================>                              ]  372.7MB/907.7MB
 eb77aa907276 Extracting [====================>                              ]  377.7MB/907.7MB
 eb77aa907276 Extracting [=====================>                             ]  387.7MB/907.7MB
 e0d55fdb4d15 Extracting [=================================================> ]  107.5MB/109MB
 a51622689fc8 Pull complete 
 rabbitmq Pulled 
 eb77aa907276 Extracting [======================>                            ]  403.9MB/907.7MB
 e0d55fdb4d15 Extracting [=================================================> ]  108.6MB/109MB
 e0d55fdb4d15 Extracting [==================================================>]    109MB/109MB
 eb77aa907276 Extracting [=======================>                           ]  427.3MB/907.7MB
 e0d55fdb4d15 Pull complete 
 c1cb13b19080 Extracting [==================================================>]  9.925kB/9.925kB
 c1cb13b19080 Extracting [==================================================>]  9.925kB/9.925kB
 c1cb13b19080 Pull complete 
 873532e5f8c7 Extracting [==================================================>]     128B/128B
 873532e5f8c7 Extracting [==================================================>]     128B/128B
 eb77aa907276 Extracting [========================>                          ]  447.3MB/907.7MB
 873532e5f8c7 Pull complete 
 050d9f8c3b1c Extracting [==================================================>]     169B/169B
 050d9f8c3b1c Extracting [==================================================>]     169B/169B
 050d9f8c3b1c Pull complete 
 710e142705f8 Extracting [==================================================>]  5.421kB/5.421kB
 710e142705f8 Extracting [==================================================>]  5.421kB/5.421kB
 710e142705f8 Pull complete 
 cb628c265f09 Extracting [==================================================>]     184B/184B
 cb628c265f09 Extracting [==================================================>]     184B/184B
 cb628c265f09 Pull complete 
 postgresql Pulled 
 eb77aa907276 Extracting [==========================>                        ]  472.9MB/907.7MB
 eb77aa907276 Extracting [===========================>                       ]  501.9MB/907.7MB
 eb77aa907276 Extracting [=============================>                     ]  531.4MB/907.7MB
 eb77aa907276 Extracting [==============================>                    ]  559.8MB/907.7MB
 eb77aa907276 Extracting [================================>                  ]  586.6MB/907.7MB
 eb77aa907276 Extracting [=================================>                 ]  613.9MB/907.7MB
 eb77aa907276 Extracting [===================================>               ]  642.8MB/907.7MB
 eb77aa907276 Extracting [====================================>              ]  671.3MB/907.7MB
 eb77aa907276 Extracting [======================================>            ]  700.2MB/907.7MB
 eb77aa907276 Extracting [========================================>          ]  726.4MB/907.7MB
 eb77aa907276 Extracting [=========================================>         ]  749.8MB/907.7MB
 eb77aa907276 Extracting [==========================================>        ]  772.1MB/907.7MB
 eb77aa907276 Extracting [===========================================>       ]  793.8MB/907.7MB
 eb77aa907276 Extracting [============================================>      ]  816.6MB/907.7MB
 eb77aa907276 Extracting [==============================================>    ]  837.3MB/907.7MB
 eb77aa907276 Extracting [===============================================>   ]  858.4MB/907.7MB
 eb77aa907276 Extracting [================================================>  ]  880.7MB/907.7MB
 eb77aa907276 Extracting [=================================================> ]  904.1MB/907.7MB
 eb77aa907276 Extracting [==================================================>]  907.7MB/907.7MB
 eb77aa907276 Pull complete 
 4f4fb700ef54 Extracting [==================================================>]      32B/32B
 4f4fb700ef54 Extracting [==================================================>]      32B/32B
 4f4fb700ef54 Pull complete 
 0ffa8f8aba1e Extracting [==================================================>]     226B/226B
 0ffa8f8aba1e Extracting [==================================================>]     226B/226B
 0ffa8f8aba1e Pull complete 
 2e81b9cb93cd Extracting [==================================================>]  1.859kB/1.859kB
 2e81b9cb93cd Extracting [==================================================>]  1.859kB/1.859kB
 2e81b9cb93cd Pull complete 
 opensearch Pulled 
 Network docker_services_cli_default  Creating
 Network docker_services_cli_default  Created
 Container docker_services_cli-opensearch-1  Creating
 Container docker_services_cli-rabbitmq-1  Creating
 Container docker_services_cli-postgresql-1  Creating
 Container docker_services_cli-redis-1  Creating
 Container docker_services_cli-opensearch-1  Created
 Container docker_services_cli-redis-1  Created
 Container docker_services_cli-rabbitmq-1  Created
 Container docker_services_cli-postgresql-1  Created
 Container docker_services_cli-postgresql-1  Starting
 Container docker_services_cli-rabbitmq-1  Starting
 Container docker_services_cli-opensearch-1  Starting
 Container docker_services_cli-redis-1  Starting
 Container docker_services_cli-redis-1  Started
 Container docker_services_cli-postgresql-1  Started
 Container docker_services_cli-rabbitmq-1  Started
 Container docker_services_cli-opensearch-1  Started
::warning file=/home/runner/work/invenio-bug-verification/invenio-bug-verification/package-repo/.venv/lib/python3.12/site-packages/jsonresolver/contrib/jsonschema.py,line=31::jsonschema.RefResolver is deprecated as of v4.18.0, in favor of the https://github.com/python-jsonschema/referencing library, which provides more compliant referencing behavior as well as more flexible APIs for customization. A future release will remove RefResolver. Please file a feature request (on referencing) if you are missing an API for the kind of customization you need.
::warning file=/home/runner/work/invenio-bug-verification/invenio-bug-verification/package-repo/.venv/lib/python3.12/site-packages/jsonresolver/contrib/jsonschema.py,line=31::jsonschema.RefResolver is deprecated as of v4.18.0, in favor of the https://github.com/python-jsonschema/referencing library, which provides more compliant referencing behavior as well as more flexible APIs for customization. A future release will remove RefResolver. Please file a feature request (on referencing) if you are missing an API for the kind of customization you need.
::warning file=/home/runner/work/invenio-bug-verification/invenio-bug-verification/package-repo/.venv/lib/python3.12/site-packages/invenio_records/resolver.py,line=14::jsonschema.exceptions.RefResolutionError is deprecated as of version 4.18.0. If you wish to catch potential reference resolution errors, directly catch referencing.exceptions.Unresolvable.
::warning file=/home/runner/work/invenio-bug-verification/invenio-bug-verification/package-repo/.venv/lib/python3.12/site-packages/invenio_records/resolver.py,line=14::jsonschema.RefResolver is deprecated as of v4.18.0, in favor of the https://github.com/python-jsonschema/referencing library, which provides more compliant referencing behavior as well as more flexible APIs for customization. A future release will remove RefResolver. Please file a feature request (on referencing) if you are missing an API for the kind of customization you need.
::warning file=/home/runner/work/invenio-bug-verification/invenio-bug-verification/package-repo/.venv/lib/python3.12/site-packages/invenio_records/resolver.py,line=14::jsonschema.exceptions.RefResolutionError is deprecated as of version 4.18.0. If you wish to catch potential reference resolution errors, directly catch referencing.exceptions.Unresolvable.
::warning file=/home/runner/work/invenio-bug-verification/invenio-bug-verification/package-repo/.venv/lib/python3.12/site-packages/invenio_records/resolver.py,line=14::jsonschema.RefResolver is deprecated as of v4.18.0, in favor of the https://github.com/python-jsonschema/referencing library, which provides more compliant referencing behavior as well as more flexible APIs for customization. A future release will remove RefResolver. Please file a feature request (on referencing) if you are missing an API for the kind of customization you need.
::warning file=/home/runner/work/invenio-bug-verification/invenio-bug-verification/package-repo/.venv/lib/python3.12/site-packages/webargs/compat.py,line=8::The '__version__' attribute is deprecated and will be removed in in a future version. Use feature detection or 'importlib.metadata.version("marshmallow")' instead.
::warning file=/home/runner/work/invenio-bug-verification/invenio-bug-verification/package-repo/.venv/lib/python3.12/site-packages/webargs/compat.py,line=8::distutils Version classes are deprecated. Use packaging.version instead.
::warning file=/home/runner/work/invenio-bug-verification/invenio-bug-verification/package-repo/.venv/lib/python3.12/site-packages/webargs/__init__.py,line=13::distutils Version classes are deprecated. Use packaging.version instead.
============================= test session starts ==============================
platform linux -- Python 3.12.12, pytest-8.4.2, pluggy-1.6.0 -- /home/runner/work/invenio-bug-verification/invenio-bug-verification/package-repo/.venv/bin/python
cachedir: .pytest_cache
rootdir: /home/runner/work/invenio-bug-verification/invenio-bug-verification/package-repo
configfile: setup.cfg
testpaths: docs, tests, invenio_records_rest
plugins: github-actions-annotate-failures-0.3.0, pycodestyle-2.5.0, flask-1.3.0, black-ng-0.4.1, invenio-3.4.2, isort-4.0.0, cov-7.0.0, pydocstyle-2.4.0
collecting ... collected 281 items / 48 errors

==================================== ERRORS ====================================
_______________ ERROR collecting tests/test_custom_endpoints.py ________________
ImportError while importing test module '/home/runner/work/invenio-bug-verification/invenio-bug-verification/package-repo/tests/test_custom_endpoints.py'.
Hint: make sure your test modules/packages have valid Python names.
Traceback:
.venv/lib/python3.12/site-packages/_pytest/python.py:498: in importtestmodule
    mod = import_path(
.venv/lib/python3.12/site-packages/_pytest/pathlib.py:587: in import_path
    importlib.import_module(module_name)
/opt/hostedtoolcache/Python/3.12.12/x64/lib/python3.12/importlib/__init__.py:90: in import_module
    return _bootstrap._gcd_import(name[level:], package, level)
           ^^^^^^^^^^^^^^^^^^^^^^^^^^^^^^^^^^^^^^^^^^^^^^^^^^^^
<frozen importlib._bootstrap>:1387: in _gcd_import
    ???
<frozen importlib._bootstrap>:1360: in _find_and_load
    ???
<frozen importlib._bootstrap>:1331: in _find_and_load_unlocked
    ???
<frozen importlib._bootstrap>:935: in _load_unlocked
    ???
.venv/lib/python3.12/site-packages/_pytest/assertion/rewrite.py:186: in exec_module
    exec(co, module.__dict__)
tests/test_custom_endpoints.py:25: in <module>
    from invenio_records_rest.schemas import RecordSchemaJSONV1
invenio_records_rest/schemas/__init__.py:11: in <module>
    from .json import (
invenio_records_rest/schemas/json.py:12: in <module>
    from invenio_rest.serializer import BaseSchema as Schema
.venv/lib/python3.12/site-packages/invenio_rest/serializer.py:15: in <module>
    from marshmallow_utils.context import context_schema
E   ModuleNotFoundError: No module named 'marshmallow_utils'
_______________ ERROR collecting tests/test_custom_endpoints.py ________________
ImportError while importing test module '/home/runner/work/invenio-bug-verification/invenio-bug-verification/package-repo/tests/test_custom_endpoints.py'.
Hint: make sure your test modules/packages have valid Python names.
Traceback:
.venv/lib/python3.12/site-packages/_pytest/python.py:498: in importtestmodule
    mod = import_path(
.venv/lib/python3.12/site-packages/_pytest/pathlib.py:587: in import_path
    importlib.import_module(module_name)
/opt/hostedtoolcache/Python/3.12.12/x64/lib/python3.12/importlib/__init__.py:90: in import_module
    return _bootstrap._gcd_import(name[level:], package, level)
           ^^^^^^^^^^^^^^^^^^^^^^^^^^^^^^^^^^^^^^^^^^^^^^^^^^^^
<frozen importlib._bootstrap>:1387: in _gcd_import
    ???
<frozen importlib._bootstrap>:1360: in _find_and_load
    ???
<frozen importlib._bootstrap>:1331: in _find_and_load_unlocked
    ???
<frozen importlib._bootstrap>:935: in _load_unlocked
    ???
.venv/lib/python3.12/site-packages/_pytest/assertion/rewrite.py:186: in exec_module
    exec(co, module.__dict__)
tests/test_custom_endpoints.py:25: in <module>
    from invenio_records_rest.schemas import RecordSchemaJSONV1
invenio_records_rest/schemas/__init__.py:11: in <module>
    from .json import (
invenio_records_rest/schemas/json.py:12: in <module>
    from invenio_rest.serializer import BaseSchema as Schema
.venv/lib/python3.12/site-packages/invenio_rest/serializer.py:15: in <module>
    from marshmallow_utils.context import context_schema
E   ModuleNotFoundError: No module named 'marshmallow_utils'
_________________ ERROR collecting tests/test_custom_fields.py _________________
ImportError while importing test module '/home/runner/work/invenio-bug-verification/invenio-bug-verification/package-repo/tests/test_custom_fields.py'.
Hint: make sure your test modules/packages have valid Python names.
Traceback:
.venv/lib/python3.12/site-packages/_pytest/python.py:498: in importtestmodule
    mod = import_path(
.venv/lib/python3.12/site-packages/_pytest/pathlib.py:587: in import_path
    importlib.import_module(module_name)
/opt/hostedtoolcache/Python/3.12.12/x64/lib/python3.12/importlib/__init__.py:90: in import_module
    return _bootstrap._gcd_import(name[level:], package, level)
           ^^^^^^^^^^^^^^^^^^^^^^^^^^^^^^^^^^^^^^^^^^^^^^^^^^^^
<frozen importlib._bootstrap>:1387: in _gcd_import
    ???
<frozen importlib._bootstrap>:1360: in _find_and_load
    ???
<frozen importlib._bootstrap>:1331: in _find_and_load_unlocked
    ???
<frozen importlib._bootstrap>:935: in _load_unlocked
    ???
.venv/lib/python3.12/site-packages/_pytest/assertion/rewrite.py:186: in exec_module
    exec(co, module.__dict__)
tests/test_custom_fields.py:14: in <module>
    from invenio_rest.serializer import BaseSchema as Schema
.venv/lib/python3.12/site-packages/invenio_rest/serializer.py:15: in <module>
    from marshmallow_utils.context import context_schema
E   ModuleNotFoundError: No module named 'marshmallow_utils'
_________________ ERROR collecting tests/test_custom_fields.py _________________
ImportError while importing test module '/home/runner/work/invenio-bug-verification/invenio-bug-verification/package-repo/tests/test_custom_fields.py'.
Hint: make sure your test modules/packages have valid Python names.
Traceback:
.venv/lib/python3.12/site-packages/_pytest/python.py:498: in importtestmodule
    mod = import_path(
.venv/lib/python3.12/site-packages/_pytest/pathlib.py:587: in import_path
    importlib.import_module(module_name)
/opt/hostedtoolcache/Python/3.12.12/x64/lib/python3.12/importlib/__init__.py:90: in import_module
    return _bootstrap._gcd_import(name[level:], package, level)
           ^^^^^^^^^^^^^^^^^^^^^^^^^^^^^^^^^^^^^^^^^^^^^^^^^^^^
<frozen importlib._bootstrap>:1387: in _gcd_import
    ???
<frozen importlib._bootstrap>:1360: in _find_and_load
    ???
<frozen importlib._bootstrap>:1331: in _find_and_load_unlocked
    ???
<frozen importlib._bootstrap>:935: in _load_unlocked
    ???
.venv/lib/python3.12/site-packages/_pytest/assertion/rewrite.py:186: in exec_module
    exec(co, module.__dict__)
tests/test_custom_fields.py:14: in <module>
    from invenio_rest.serializer import BaseSchema as Schema
.venv/lib/python3.12/site-packages/invenio_rest/serializer.py:15: in <module>
    from marshmallow_utils.context import context_schema
E   ModuleNotFoundError: No module named 'marshmallow_utils'
______________ ERROR collecting tests/test_marshmallow_contrib.py ______________
ImportError while importing test module '/home/runner/work/invenio-bug-verification/invenio-bug-verification/package-repo/tests/test_marshmallow_contrib.py'.
Hint: make sure your test modules/packages have valid Python names.
Traceback:
.venv/lib/python3.12/site-packages/_pytest/python.py:498: in importtestmodule
    mod = import_path(
.venv/lib/python3.12/site-packages/_pytest/pathlib.py:587: in import_path
    importlib.import_module(module_name)
/opt/hostedtoolcache/Python/3.12.12/x64/lib/python3.12/importlib/__init__.py:90: in import_module
    return _bootstrap._gcd_import(name[level:], package, level)
           ^^^^^^^^^^^^^^^^^^^^^^^^^^^^^^^^^^^^^^^^^^^^^^^^^^^^
<frozen importlib._bootstrap>:1387: in _gcd_import
    ???
<frozen importlib._bootstrap>:1360: in _find_and_load
    ???
<frozen importlib._bootstrap>:1331: in _find_and_load_unlocked
    ???
<frozen importlib._bootstrap>:935: in _load_unlocked
    ???
.venv/lib/python3.12/site-packages/_pytest/assertion/rewrite.py:186: in exec_module
    exec(co, module.__dict__)
tests/test_marshmallow_contrib.py:10: in <module>
    from invenio_records_rest.schemas.fields.marshmallow_contrib import _get_func_args
invenio_records_rest/schemas/__init__.py:11: in <module>
    from .json import (
invenio_records_rest/schemas/json.py:12: in <module>
    from invenio_rest.serializer import BaseSchema as Schema
.venv/lib/python3.12/site-packages/invenio_rest/serializer.py:15: in <module>
    from marshmallow_utils.context import context_schema
E   ModuleNotFoundError: No module named 'marshmallow_utils'
______________ ERROR collecting tests/test_marshmallow_contrib.py ______________
ImportError while importing test module '/home/runner/work/invenio-bug-verification/invenio-bug-verification/package-repo/tests/test_marshmallow_contrib.py'.
Hint: make sure your test modules/packages have valid Python names.
Traceback:
.venv/lib/python3.12/site-packages/_pytest/python.py:498: in importtestmodule
    mod = import_path(
.venv/lib/python3.12/site-packages/_pytest/pathlib.py:587: in import_path
    importlib.import_module(module_name)
/opt/hostedtoolcache/Python/3.12.12/x64/lib/python3.12/importlib/__init__.py:90: in import_module
    return _bootstrap._gcd_import(name[level:], package, level)
           ^^^^^^^^^^^^^^^^^^^^^^^^^^^^^^^^^^^^^^^^^^^^^^^^^^^^
<frozen importlib._bootstrap>:1387: in _gcd_import
    ???
<frozen importlib._bootstrap>:1360: in _find_and_load
    ???
<frozen importlib._bootstrap>:1331: in _find_and_load_unlocked
    ???
<frozen importlib._bootstrap>:935: in _load_unlocked
    ???
.venv/lib/python3.12/site-packages/_pytest/assertion/rewrite.py:186: in exec_module
    exec(co, module.__dict__)
tests/test_marshmallow_contrib.py:10: in <module>
    from invenio_records_rest.schemas.fields.marshmallow_contrib import _get_func_args
invenio_records_rest/schemas/__init__.py:11: in <module>
    from .json import (
invenio_records_rest/schemas/json.py:12: in <module>
    from invenio_rest.serializer import BaseSchema as Schema
.venv/lib/python3.12/site-packages/invenio_rest/serializer.py:15: in <module>
    from marshmallow_utils.context import context_schema
E   ModuleNotFoundError: No module named 'marshmallow_utils'
______________ ERROR collecting tests/test_marshmallow_loader.py _______________
ImportError while importing test module '/home/runner/work/invenio-bug-verification/invenio-bug-verification/package-repo/tests/test_marshmallow_loader.py'.
Hint: make sure your test modules/packages have valid Python names.
Traceback:
.venv/lib/python3.12/site-packages/_pytest/python.py:498: in importtestmodule
    mod = import_path(
.venv/lib/python3.12/site-packages/_pytest/pathlib.py:587: in import_path
    importlib.import_module(module_name)
/opt/hostedtoolcache/Python/3.12.12/x64/lib/python3.12/importlib/__init__.py:90: in import_module
    return _bootstrap._gcd_import(name[level:], package, level)
           ^^^^^^^^^^^^^^^^^^^^^^^^^^^^^^^^^^^^^^^^^^^^^^^^^^^^
<frozen importlib._bootstrap>:1387: in _gcd_import
    ???
<frozen importlib._bootstrap>:1360: in _find_and_load
    ???
<frozen importlib._bootstrap>:1331: in _find_and_load_unlocked
    ???
<frozen importlib._bootstrap>:935: in _load_unlocked
    ???
.venv/lib/python3.12/site-packages/_pytest/assertion/rewrite.py:186: in exec_module
    exec(co, module.__dict__)
tests/test_marshmallow_loader.py:16: in <module>
    from invenio_rest.serializer import BaseSchema as Schema
.venv/lib/python3.12/site-packages/invenio_rest/serializer.py:15: in <module>
    from marshmallow_utils.context import context_schema
E   ModuleNotFoundError: No module named 'marshmallow_utils'
______________ ERROR collecting tests/test_marshmallow_loader.py _______________
ImportError while importing test module '/home/runner/work/invenio-bug-verification/invenio-bug-verification/package-repo/tests/test_marshmallow_loader.py'.
Hint: make sure your test modules/packages have valid Python names.
Traceback:
.venv/lib/python3.12/site-packages/_pytest/python.py:498: in importtestmodule
    mod = import_path(
.venv/lib/python3.12/site-packages/_pytest/pathlib.py:587: in import_path
    importlib.import_module(module_name)
/opt/hostedtoolcache/Python/3.12.12/x64/lib/python3.12/importlib/__init__.py:90: in import_module
    return _bootstrap._gcd_import(name[level:], package, level)
           ^^^^^^^^^^^^^^^^^^^^^^^^^^^^^^^^^^^^^^^^^^^^^^^^^^^^
<frozen importlib._bootstrap>:1387: in _gcd_import
    ???
<frozen importlib._bootstrap>:1360: in _find_and_load
    ???
<frozen importlib._bootstrap>:1331: in _find_and_load_unlocked
    ???
<frozen importlib._bootstrap>:935: in _load_unlocked
    ???
.venv/lib/python3.12/site-packages/_pytest/assertion/rewrite.py:186: in exec_module
    exec(co, module.__dict__)
tests/test_marshmallow_loader.py:16: in <module>
    from invenio_rest.serializer import BaseSchema as Schema
.venv/lib/python3.12/site-packages/invenio_rest/serializer.py:15: in <module>
    from marshmallow_utils.context import context_schema
E   ModuleNotFoundError: No module named 'marshmallow_utils'
________________ ERROR collecting tests/test_serializer_base.py ________________
ImportError while importing test module '/home/runner/work/invenio-bug-verification/invenio-bug-verification/package-repo/tests/test_serializer_base.py'.
Hint: make sure your test modules/packages have valid Python names.
Traceback:
.venv/lib/python3.12/site-packages/_pytest/python.py:498: in importtestmodule
    mod = import_path(
.venv/lib/python3.12/site-packages/_pytest/pathlib.py:587: in import_path
    importlib.import_module(module_name)
/opt/hostedtoolcache/Python/3.12.12/x64/lib/python3.12/importlib/__init__.py:90: in import_module
    return _bootstrap._gcd_import(name[level:], package, level)
           ^^^^^^^^^^^^^^^^^^^^^^^^^^^^^^^^^^^^^^^^^^^^^^^^^^^^
<frozen importlib._bootstrap>:1387: in _gcd_import
    ???
<frozen importlib._bootstrap>:1360: in _find_and_load
    ???
<frozen importlib._bootstrap>:1331: in _find_and_load_unlocked
    ???
<frozen importlib._bootstrap>:935: in _load_unlocked
    ???
.venv/lib/python3.12/site-packages/_pytest/assertion/rewrite.py:186: in exec_module
    exec(co, module.__dict__)
tests/test_serializer_base.py:17: in <module>
    from invenio_records_rest.serializers.base import PreprocessorMixin
invenio_records_rest/serializers/__init__.py:11: in <module>
    from ..schemas import RecordSchemaJSONV1
invenio_records_rest/schemas/__init__.py:11: in <module>
    from .json import (
invenio_records_rest/schemas/json.py:12: in <module>
    from invenio_rest.serializer import BaseSchema as Schema
.venv/lib/python3.12/site-packages/invenio_rest/serializer.py:15: in <module>
    from marshmallow_utils.context import context_schema
E   ModuleNotFoundError: No module named 'marshmallow_utils'
________________ ERROR collecting tests/test_serializer_base.py ________________
ImportError while importing test module '/home/runner/work/invenio-bug-verification/invenio-bug-verification/package-repo/tests/test_serializer_base.py'.
Hint: make sure your test modules/packages have valid Python names.
Traceback:
.venv/lib/python3.12/site-packages/_pytest/python.py:498: in importtestmodule
    mod = import_path(
.venv/lib/python3.12/site-packages/_pytest/pathlib.py:587: in import_path
    importlib.import_module(module_name)
/opt/hostedtoolcache/Python/3.12.12/x64/lib/python3.12/importlib/__init__.py:90: in import_module
    return _bootstrap._gcd_import(name[level:], package, level)
           ^^^^^^^^^^^^^^^^^^^^^^^^^^^^^^^^^^^^^^^^^^^^^^^^^^^^
<frozen importlib._bootstrap>:1387: in _gcd_import
    ???
<frozen importlib._bootstrap>:1360: in _find_and_load
    ???
<frozen importlib._bootstrap>:1331: in _find_and_load_unlocked
    ???
<frozen importlib._bootstrap>:935: in _load_unlocked
    ???
.venv/lib/python3.12/site-packages/_pytest/assertion/rewrite.py:186: in exec_module
    exec(co, module.__dict__)
tests/test_serializer_base.py:17: in <module>
    from invenio_records_rest.serializers.base import PreprocessorMixin
invenio_records_rest/serializers/__init__.py:11: in <module>
    from ..schemas import RecordSchemaJSONV1
invenio_records_rest/schemas/__init__.py:11: in <module>
    from .json import (
invenio_records_rest/schemas/json.py:12: in <module>
    from invenio_rest.serializer import BaseSchema as Schema
.venv/lib/python3.12/site-packages/invenio_rest/serializer.py:15: in <module>
    from marshmallow_utils.context import context_schema
E   ModuleNotFoundError: No module named 'marshmallow_utils'
______________ ERROR collecting tests/test_serializer_citeproc.py ______________
ImportError while importing test module '/home/runner/work/invenio-bug-verification/invenio-bug-verification/package-repo/tests/test_serializer_citeproc.py'.
Hint: make sure your test modules/packages have valid Python names.
Traceback:
.venv/lib/python3.12/site-packages/_pytest/python.py:498: in importtestmodule
    mod = import_path(
.venv/lib/python3.12/site-packages/_pytest/pathlib.py:587: in import_path
    importlib.import_module(module_name)
/opt/hostedtoolcache/Python/3.12.12/x64/lib/python3.12/importlib/__init__.py:90: in import_module
    return _bootstrap._gcd_import(name[level:], package, level)
           ^^^^^^^^^^^^^^^^^^^^^^^^^^^^^^^^^^^^^^^^^^^^^^^^^^^^
<frozen importlib._bootstrap>:1387: in _gcd_import
    ???
<frozen importlib._bootstrap>:1360: in _find_and_load
    ???
<frozen importlib._bootstrap>:1331: in _find_and_load_unlocked
    ???
<frozen importlib._bootstrap>:935: in _load_unlocked
    ???
.venv/lib/python3.12/site-packages/_pytest/assertion/rewrite.py:186: in exec_module
    exec(co, module.__dict__)
tests/test_serializer_citeproc.py:19: in <module>
    from invenio_records_rest.serializers.citeproc import (
invenio_records_rest/serializers/__init__.py:11: in <module>
    from ..schemas import RecordSchemaJSONV1
invenio_records_rest/schemas/__init__.py:11: in <module>
    from .json import (
invenio_records_rest/schemas/json.py:12: in <module>
    from invenio_rest.serializer import BaseSchema as Schema
.venv/lib/python3.12/site-packages/invenio_rest/serializer.py:15: in <module>
    from marshmallow_utils.context import context_schema
E   ModuleNotFoundError: No module named 'marshmallow_utils'
______________ ERROR collecting tests/test_serializer_citeproc.py ______________
ImportError while importing test module '/home/runner/work/invenio-bug-verification/invenio-bug-verification/package-repo/tests/test_serializer_citeproc.py'.
Hint: make sure your test modules/packages have valid Python names.
Traceback:
.venv/lib/python3.12/site-packages/_pytest/python.py:498: in importtestmodule
    mod = import_path(
.venv/lib/python3.12/site-packages/_pytest/pathlib.py:587: in import_path
    importlib.import_module(module_name)
/opt/hostedtoolcache/Python/3.12.12/x64/lib/python3.12/importlib/__init__.py:90: in import_module
    return _bootstrap._gcd_import(name[level:], package, level)
           ^^^^^^^^^^^^^^^^^^^^^^^^^^^^^^^^^^^^^^^^^^^^^^^^^^^^
<frozen importlib._bootstrap>:1387: in _gcd_import
    ???
<frozen importlib._bootstrap>:1360: in _find_and_load
    ???
<frozen importlib._bootstrap>:1331: in _find_and_load_unlocked
    ???
<frozen importlib._bootstrap>:935: in _load_unlocked
    ???
.venv/lib/python3.12/site-packages/_pytest/assertion/rewrite.py:186: in exec_module
    exec(co, module.__dict__)
tests/test_serializer_citeproc.py:19: in <module>
    from invenio_records_rest.serializers.citeproc import (
invenio_records_rest/serializers/__init__.py:11: in <module>
    from ..schemas import RecordSchemaJSONV1
invenio_records_rest/schemas/__init__.py:11: in <module>
    from .json import (
invenio_records_rest/schemas/json.py:12: in <module>
    from invenio_rest.serializer import BaseSchema as Schema
.venv/lib/python3.12/site-packages/invenio_rest/serializer.py:15: in <module>
    from marshmallow_utils.context import context_schema
E   ModuleNotFoundError: No module named 'marshmallow_utils'
________________ ERROR collecting tests/test_serializer_csv.py _________________
ImportError while importing test module '/home/runner/work/invenio-bug-verification/invenio-bug-verification/package-repo/tests/test_serializer_csv.py'.
Hint: make sure your test modules/packages have valid Python names.
Traceback:
.venv/lib/python3.12/site-packages/_pytest/python.py:498: in importtestmodule
    mod = import_path(
.venv/lib/python3.12/site-packages/_pytest/pathlib.py:587: in import_path
    importlib.import_module(module_name)
/opt/hostedtoolcache/Python/3.12.12/x64/lib/python3.12/importlib/__init__.py:90: in import_module
    return _bootstrap._gcd_import(name[level:], package, level)
           ^^^^^^^^^^^^^^^^^^^^^^^^^^^^^^^^^^^^^^^^^^^^^^^^^^^^
<frozen importlib._bootstrap>:1387: in _gcd_import
    ???
<frozen importlib._bootstrap>:1360: in _find_and_load
    ???
<frozen importlib._bootstrap>:1331: in _find_and_load_unlocked
    ???
<frozen importlib._bootstrap>:935: in _load_unlocked
    ???
.venv/lib/python3.12/site-packages/_pytest/assertion/rewrite.py:186: in exec_module
    exec(co, module.__dict__)
tests/test_serializer_csv.py:13: in <module>
    from invenio_rest.serializer import BaseSchema as Schema
.venv/lib/python3.12/site-packages/invenio_rest/serializer.py:15: in <module>
    from marshmallow_utils.context import context_schema
E   ModuleNotFoundError: No module named 'marshmallow_utils'
________________ ERROR collecting tests/test_serializer_csv.py _________________
ImportError while importing test module '/home/runner/work/invenio-bug-verification/invenio-bug-verification/package-repo/tests/test_serializer_csv.py'.
Hint: make sure your test modules/packages have valid Python names.
Traceback:
.venv/lib/python3.12/site-packages/_pytest/python.py:498: in importtestmodule
    mod = import_path(
.venv/lib/python3.12/site-packages/_pytest/pathlib.py:587: in import_path
    importlib.import_module(module_name)
/opt/hostedtoolcache/Python/3.12.12/x64/lib/python3.12/importlib/__init__.py:90: in import_module
    return _bootstrap._gcd_import(name[level:], package, level)
           ^^^^^^^^^^^^^^^^^^^^^^^^^^^^^^^^^^^^^^^^^^^^^^^^^^^^
<frozen importlib._bootstrap>:1387: in _gcd_import
    ???
<frozen importlib._bootstrap>:1360: in _find_and_load
    ???
<frozen importlib._bootstrap>:1331: in _find_and_load_unlocked
    ???
<frozen importlib._bootstrap>:935: in _load_unlocked
    ???
.venv/lib/python3.12/site-packages/_pytest/assertion/rewrite.py:186: in exec_module
    exec(co, module.__dict__)
tests/test_serializer_csv.py:13: in <module>
    from invenio_rest.serializer import BaseSchema as Schema
.venv/lib/python3.12/site-packages/invenio_rest/serializer.py:15: in <module>
    from marshmallow_utils.context import context_schema
E   ModuleNotFoundError: No module named 'marshmallow_utils'
______________ ERROR collecting tests/test_serializer_datacite.py ______________
ImportError while importing test module '/home/runner/work/invenio-bug-verification/invenio-bug-verification/package-repo/tests/test_serializer_datacite.py'.
Hint: make sure your test modules/packages have valid Python names.
Traceback:
.venv/lib/python3.12/site-packages/_pytest/python.py:498: in importtestmodule
    mod = import_path(
.venv/lib/python3.12/site-packages/_pytest/pathlib.py:587: in import_path
    importlib.import_module(module_name)
/opt/hostedtoolcache/Python/3.12.12/x64/lib/python3.12/importlib/__init__.py:90: in import_module
    return _bootstrap._gcd_import(name[level:], package, level)
           ^^^^^^^^^^^^^^^^^^^^^^^^^^^^^^^^^^^^^^^^^^^^^^^^^^^^
<frozen importlib._bootstrap>:1387: in _gcd_import
    ???
<frozen importlib._bootstrap>:1360: in _find_and_load
    ???
<frozen importlib._bootstrap>:1331: in _find_and_load_unlocked
    ???
<frozen importlib._bootstrap>:935: in _load_unlocked
    ???
.venv/lib/python3.12/site-packages/_pytest/assertion/rewrite.py:186: in exec_module
    exec(co, module.__dict__)
tests/test_serializer_datacite.py:15: in <module>
    from invenio_rest.serializer import BaseSchema as Schema
.venv/lib/python3.12/site-packages/invenio_rest/serializer.py:15: in <module>
    from marshmallow_utils.context import context_schema
E   ModuleNotFoundError: No module named 'marshmallow_utils'
______________ ERROR collecting tests/test_serializer_datacite.py ______________
ImportError while importing test module '/home/runner/work/invenio-bug-verification/invenio-bug-verification/package-repo/tests/test_serializer_datacite.py'.
Hint: make sure your test modules/packages have valid Python names.
Traceback:
.venv/lib/python3.12/site-packages/_pytest/python.py:498: in importtestmodule
    mod = import_path(
.venv/lib/python3.12/site-packages/_pytest/pathlib.py:587: in import_path
    importlib.import_module(module_name)
/opt/hostedtoolcache/Python/3.12.12/x64/lib/python3.12/importlib/__init__.py:90: in import_module
    return _bootstrap._gcd_import(name[level:], package, level)
           ^^^^^^^^^^^^^^^^^^^^^^^^^^^^^^^^^^^^^^^^^^^^^^^^^^^^
<frozen importlib._bootstrap>:1387: in _gcd_import
    ???
<frozen importlib._bootstrap>:1360: in _find_and_load
    ???
<frozen importlib._bootstrap>:1331: in _find_and_load_unlocked
    ???
<frozen importlib._bootstrap>:935: in _load_unlocked
    ???
.venv/lib/python3.12/site-packages/_pytest/assertion/rewrite.py:186: in exec_module
    exec(co, module.__dict__)
tests/test_serializer_datacite.py:15: in <module>
    from invenio_rest.serializer import BaseSchema as Schema
.venv/lib/python3.12/site-packages/invenio_rest/serializer.py:15: in <module>
    from marshmallow_utils.context import context_schema
E   ModuleNotFoundError: No module named 'marshmallow_utils'
_________________ ERROR collecting tests/test_serializer_dc.py _________________
ImportError while importing test module '/home/runner/work/invenio-bug-verification/invenio-bug-verification/package-repo/tests/test_serializer_dc.py'.
Hint: make sure your test modules/packages have valid Python names.
Traceback:
.venv/lib/python3.12/site-packages/_pytest/python.py:498: in importtestmodule
    mod = import_path(
.venv/lib/python3.12/site-packages/_pytest/pathlib.py:587: in import_path
    importlib.import_module(module_name)
/opt/hostedtoolcache/Python/3.12.12/x64/lib/python3.12/importlib/__init__.py:90: in import_module
    return _bootstrap._gcd_import(name[level:], package, level)
           ^^^^^^^^^^^^^^^^^^^^^^^^^^^^^^^^^^^^^^^^^^^^^^^^^^^^
<frozen importlib._bootstrap>:1387: in _gcd_import
    ???
<frozen importlib._bootstrap>:1360: in _find_and_load
    ???
<frozen importlib._bootstrap>:1331: in _find_and_load_unlocked
    ???
<frozen importlib._bootstrap>:935: in _load_unlocked
    ???
.venv/lib/python3.12/site-packages/_pytest/assertion/rewrite.py:186: in exec_module
    exec(co, module.__dict__)
tests/test_serializer_dc.py:13: in <module>
    from invenio_rest.serializer import BaseSchema as Schema
.venv/lib/python3.12/site-packages/invenio_rest/serializer.py:15: in <module>
    from marshmallow_utils.context import context_schema
E   ModuleNotFoundError: No module named 'marshmallow_utils'
_________________ ERROR collecting tests/test_serializer_dc.py _________________
ImportError while importing test module '/home/runner/work/invenio-bug-verification/invenio-bug-verification/package-repo/tests/test_serializer_dc.py'.
Hint: make sure your test modules/packages have valid Python names.
Traceback:
.venv/lib/python3.12/site-packages/_pytest/python.py:498: in importtestmodule
    mod = import_path(
.venv/lib/python3.12/site-packages/_pytest/pathlib.py:587: in import_path
    importlib.import_module(module_name)
/opt/hostedtoolcache/Python/3.12.12/x64/lib/python3.12/importlib/__init__.py:90: in import_module
    return _bootstrap._gcd_import(name[level:], package, level)
           ^^^^^^^^^^^^^^^^^^^^^^^^^^^^^^^^^^^^^^^^^^^^^^^^^^^^
<frozen importlib._bootstrap>:1387: in _gcd_import
    ???
<frozen importlib._bootstrap>:1360: in _find_and_load
    ???
<frozen importlib._bootstrap>:1331: in _find_and_load_unlocked
    ???
<frozen importlib._bootstrap>:935: in _load_unlocked
    ???
.venv/lib/python3.12/site-packages/_pytest/assertion/rewrite.py:186: in exec_module
    exec(co, module.__dict__)
tests/test_serializer_dc.py:13: in <module>
    from invenio_rest.serializer import BaseSchema as Schema
.venv/lib/python3.12/site-packages/invenio_rest/serializer.py:15: in <module>
    from marshmallow_utils.context import context_schema
E   ModuleNotFoundError: No module named 'marshmallow_utils'
________________ ERROR collecting tests/test_serializer_json.py ________________
ImportError while importing test module '/home/runner/work/invenio-bug-verification/invenio-bug-verification/package-repo/tests/test_serializer_json.py'.
Hint: make sure your test modules/packages have valid Python names.
Traceback:
.venv/lib/python3.12/site-packages/_pytest/python.py:498: in importtestmodule
    mod = import_path(
.venv/lib/python3.12/site-packages/_pytest/pathlib.py:587: in import_path
    importlib.import_module(module_name)
/opt/hostedtoolcache/Python/3.12.12/x64/lib/python3.12/importlib/__init__.py:90: in import_module
    return _bootstrap._gcd_import(name[level:], package, level)
           ^^^^^^^^^^^^^^^^^^^^^^^^^^^^^^^^^^^^^^^^^^^^^^^^^^^^
<frozen importlib._bootstrap>:1387: in _gcd_import
    ???
<frozen importlib._bootstrap>:1360: in _find_and_load
    ???
<frozen importlib._bootstrap>:1331: in _find_and_load_unlocked
    ???
<frozen importlib._bootstrap>:935: in _load_unlocked
    ???
.venv/lib/python3.12/site-packages/_pytest/assertion/rewrite.py:186: in exec_module
    exec(co, module.__dict__)
tests/test_serializer_json.py:15: in <module>
    from invenio_rest.serializer import BaseSchema as Schema
.venv/lib/python3.12/site-packages/invenio_rest/serializer.py:15: in <module>
    from marshmallow_utils.context import context_schema
E   ModuleNotFoundError: No module named 'marshmallow_utils'
________________ ERROR collecting tests/test_serializer_json.py ________________
ImportError while importing test module '/home/runner/work/invenio-bug-verification/invenio-bug-verification/package-repo/tests/test_serializer_json.py'.
Hint: make sure your test modules/packages have valid Python names.
Traceback:
.venv/lib/python3.12/site-packages/_pytest/python.py:498: in importtestmodule
    mod = import_path(
.venv/lib/python3.12/site-packages/_pytest/pathlib.py:587: in import_path
    importlib.import_module(module_name)
/opt/hostedtoolcache/Python/3.12.12/x64/lib/python3.12/importlib/__init__.py:90: in import_module
    return _bootstrap._gcd_import(name[level:], package, level)
           ^^^^^^^^^^^^^^^^^^^^^^^^^^^^^^^^^^^^^^^^^^^^^^^^^^^^
<frozen importlib._bootstrap>:1387: in _gcd_import
    ???
<frozen importlib._bootstrap>:1360: in _find_and_load
    ???
<frozen importlib._bootstrap>:1331: in _find_and_load_unlocked
    ???
<frozen importlib._bootstrap>:935: in _load_unlocked
    ???
.venv/lib/python3.12/site-packages/_pytest/assertion/rewrite.py:186: in exec_module
    exec(co, module.__dict__)
tests/test_serializer_json.py:15: in <module>
    from invenio_rest.serializer import BaseSchema as Schema
.venv/lib/python3.12/site-packages/invenio_rest/serializer.py:15: in <module>
    from marshmallow_utils.context import context_schema
E   ModuleNotFoundError: No module named 'marshmallow_utils'
_______________ ERROR collecting tests/test_serializer_jsonld.py _______________
ImportError while importing test module '/home/runner/work/invenio-bug-verification/invenio-bug-verification/package-repo/tests/test_serializer_jsonld.py'.
Hint: make sure your test modules/packages have valid Python names.
Traceback:
.venv/lib/python3.12/site-packages/_pytest/python.py:498: in importtestmodule
    mod = import_path(
.venv/lib/python3.12/site-packages/_pytest/pathlib.py:587: in import_path
    importlib.import_module(module_name)
/opt/hostedtoolcache/Python/3.12.12/x64/lib/python3.12/importlib/__init__.py:90: in import_module
    return _bootstrap._gcd_import(name[level:], package, level)
           ^^^^^^^^^^^^^^^^^^^^^^^^^^^^^^^^^^^^^^^^^^^^^^^^^^^^
<frozen importlib._bootstrap>:1387: in _gcd_import
    ???
<frozen importlib._bootstrap>:1360: in _find_and_load
    ???
<frozen importlib._bootstrap>:1331: in _find_and_load_unlocked
    ???
<frozen importlib._bootstrap>:935: in _load_unlocked
    ???
.venv/lib/python3.12/site-packages/_pytest/assertion/rewrite.py:186: in exec_module
    exec(co, module.__dict__)
tests/test_serializer_jsonld.py:16: in <module>
    from invenio_rest.serializer import BaseSchema as Schema
.venv/lib/python3.12/site-packages/invenio_rest/serializer.py:15: in <module>
    from marshmallow_utils.context import context_schema
E   ModuleNotFoundError: No module named 'marshmallow_utils'
_______________ ERROR collecting tests/test_serializer_jsonld.py _______________
ImportError while importing test module '/home/runner/work/invenio-bug-verification/invenio-bug-verification/package-repo/tests/test_serializer_jsonld.py'.
Hint: make sure your test modules/packages have valid Python names.
Traceback:
.venv/lib/python3.12/site-packages/_pytest/python.py:498: in importtestmodule
    mod = import_path(
.venv/lib/python3.12/site-packages/_pytest/pathlib.py:587: in import_path
    importlib.import_module(module_name)
/opt/hostedtoolcache/Python/3.12.12/x64/lib/python3.12/importlib/__init__.py:90: in import_module
    return _bootstrap._gcd_import(name[level:], package, level)
           ^^^^^^^^^^^^^^^^^^^^^^^^^^^^^^^^^^^^^^^^^^^^^^^^^^^^
<frozen importlib._bootstrap>:1387: in _gcd_import
    ???
<frozen importlib._bootstrap>:1360: in _find_and_load
    ???
<frozen importlib._bootstrap>:1331: in _find_and_load_unlocked
    ???
<frozen importlib._bootstrap>:935: in _load_unlocked
    ???
.venv/lib/python3.12/site-packages/_pytest/assertion/rewrite.py:186: in exec_module
    exec(co, module.__dict__)
tests/test_serializer_jsonld.py:16: in <module>
    from invenio_rest.serializer import BaseSchema as Schema
.venv/lib/python3.12/site-packages/invenio_rest/serializer.py:15: in <module>
    from marshmallow_utils.context import context_schema
E   ModuleNotFoundError: No module named 'marshmallow_utils'
____________ ERROR collecting tests/test_serializer_marshmallow.py _____________
ImportError while importing test module '/home/runner/work/invenio-bug-verification/invenio-bug-verification/package-repo/tests/test_serializer_marshmallow.py'.
Hint: make sure your test modules/packages have valid Python names.
Traceback:
.venv/lib/python3.12/site-packages/_pytest/python.py:498: in importtestmodule
    mod = import_path(
.venv/lib/python3.12/site-packages/_pytest/pathlib.py:587: in import_path
    importlib.import_module(module_name)
/opt/hostedtoolcache/Python/3.12.12/x64/lib/python3.12/importlib/__init__.py:90: in import_module
    return _bootstrap._gcd_import(name[level:], package, level)
           ^^^^^^^^^^^^^^^^^^^^^^^^^^^^^^^^^^^^^^^^^^^^^^^^^^^^
<frozen importlib._bootstrap>:1387: in _gcd_import
    ???
<frozen importlib._bootstrap>:1360: in _find_and_load
    ???
<frozen importlib._bootstrap>:1331: in _find_and_load_unlocked
    ???
<frozen importlib._bootstrap>:935: in _load_unlocked
    ???
.venv/lib/python3.12/site-packages/_pytest/assertion/rewrite.py:186: in exec_module
    exec(co, module.__dict__)
tests/test_serializer_marshmallow.py:13: in <module>
    from invenio_rest.serializer import BaseSchema as Schema
.venv/lib/python3.12/site-packages/invenio_rest/serializer.py:15: in <module>
    from marshmallow_utils.context import context_schema
E   ModuleNotFoundError: No module named 'marshmallow_utils'
____________ ERROR collecting tests/test_serializer_marshmallow.py _____________
ImportError while importing test module '/home/runner/work/invenio-bug-verification/invenio-bug-verification/package-repo/tests/test_serializer_marshmallow.py'.
Hint: make sure your test modules/packages have valid Python names.
Traceback:
.venv/lib/python3.12/site-packages/_pytest/python.py:498: in importtestmodule
    mod = import_path(
.venv/lib/python3.12/site-packages/_pytest/pathlib.py:587: in import_path
    importlib.import_module(module_name)
/opt/hostedtoolcache/Python/3.12.12/x64/lib/python3.12/importlib/__init__.py:90: in import_module
    return _bootstrap._gcd_import(name[level:], package, level)
           ^^^^^^^^^^^^^^^^^^^^^^^^^^^^^^^^^^^^^^^^^^^^^^^^^^^^
<frozen importlib._bootstrap>:1387: in _gcd_import
    ???
<frozen importlib._bootstrap>:1360: in _find_and_load
    ???
<frozen importlib._bootstrap>:1331: in _find_and_load_unlocked
    ???
<frozen importlib._bootstrap>:935: in _load_unlocked
    ???
.venv/lib/python3.12/site-packages/_pytest/assertion/rewrite.py:186: in exec_module
    exec(co, module.__dict__)
tests/test_serializer_marshmallow.py:13: in <module>
    from invenio_rest.serializer import BaseSchema as Schema
.venv/lib/python3.12/site-packages/invenio_rest/serializer.py:15: in <module>
    from marshmallow_utils.context import context_schema
E   ModuleNotFoundError: No module named 'marshmallow_utils'
______________ ERROR collecting tests/test_serializer_response.py ______________
ImportError while importing test module '/home/runner/work/invenio-bug-verification/invenio-bug-verification/package-repo/tests/test_serializer_response.py'.
Hint: make sure your test modules/packages have valid Python names.
Traceback:
.venv/lib/python3.12/site-packages/_pytest/python.py:498: in importtestmodule
    mod = import_path(
.venv/lib/python3.12/site-packages/_pytest/pathlib.py:587: in import_path
    importlib.import_module(module_name)
/opt/hostedtoolcache/Python/3.12.12/x64/lib/python3.12/importlib/__init__.py:90: in import_module
    return _bootstrap._gcd_import(name[level:], package, level)
           ^^^^^^^^^^^^^^^^^^^^^^^^^^^^^^^^^^^^^^^^^^^^^^^^^^^^
<frozen importlib._bootstrap>:1387: in _gcd_import
    ???
<frozen importlib._bootstrap>:1360: in _find_and_load
    ???
<frozen importlib._bootstrap>:1331: in _find_and_load_unlocked
    ???
<frozen importlib._bootstrap>:935: in _load_unlocked
    ???
.venv/lib/python3.12/site-packages/_pytest/assertion/rewrite.py:186: in exec_module
    exec(co, module.__dict__)
tests/test_serializer_response.py:14: in <module>
    from invenio_records_rest.serializers.response import (
invenio_records_rest/serializers/__init__.py:11: in <module>
    from ..schemas import RecordSchemaJSONV1
invenio_records_rest/schemas/__init__.py:11: in <module>
    from .json import (
invenio_records_rest/schemas/json.py:12: in <module>
    from invenio_rest.serializer import BaseSchema as Schema
.venv/lib/python3.12/site-packages/invenio_rest/serializer.py:15: in <module>
    from marshmallow_utils.context import context_schema
E   ModuleNotFoundError: No module named 'marshmallow_utils'
______________ ERROR collecting tests/test_serializer_response.py ______________
ImportError while importing test module '/home/runner/work/invenio-bug-verification/invenio-bug-verification/package-repo/tests/test_serializer_response.py'.
Hint: make sure your test modules/packages have valid Python names.
Traceback:
.venv/lib/python3.12/site-packages/_pytest/python.py:498: in importtestmodule
    mod = import_path(
.venv/lib/python3.12/site-packages/_pytest/pathlib.py:587: in import_path
    importlib.import_module(module_name)
/opt/hostedtoolcache/Python/3.12.12/x64/lib/python3.12/importlib/__init__.py:90: in import_module
    return _bootstrap._gcd_import(name[level:], package, level)
           ^^^^^^^^^^^^^^^^^^^^^^^^^^^^^^^^^^^^^^^^^^^^^^^^^^^^
<frozen importlib._bootstrap>:1387: in _gcd_import
    ???
<frozen importlib._bootstrap>:1360: in _find_and_load
    ???
<frozen importlib._bootstrap>:1331: in _find_and_load_unlocked
    ???
<frozen importlib._bootstrap>:935: in _load_unlocked
    ???
.venv/lib/python3.12/site-packages/_pytest/assertion/rewrite.py:186: in exec_module
    exec(co, module.__dict__)
tests/test_serializer_response.py:14: in <module>
    from invenio_records_rest.serializers.response import (
invenio_records_rest/serializers/__init__.py:11: in <module>
    from ..schemas import RecordSchemaJSONV1
invenio_records_rest/schemas/__init__.py:11: in <module>
    from .json import (
invenio_records_rest/schemas/json.py:12: in <module>
    from invenio_rest.serializer import BaseSchema as Schema
.venv/lib/python3.12/site-packages/invenio_rest/serializer.py:15: in <module>
    from marshmallow_utils.context import context_schema
E   ModuleNotFoundError: No module named 'marshmallow_utils'
__________ ERROR collecting invenio_records_rest/loaders/__init__.py ___________
ImportError while importing test module '/home/runner/work/invenio-bug-verification/invenio-bug-verification/package-repo/invenio_records_rest/loaders/__init__.py'.
Hint: make sure your test modules/packages have valid Python names.
Traceback:
.venv/lib/python3.12/site-packages/_pytest/python.py:498: in importtestmodule
    mod = import_path(
.venv/lib/python3.12/site-packages/_pytest/pathlib.py:587: in import_path
    importlib.import_module(module_name)
/opt/hostedtoolcache/Python/3.12.12/x64/lib/python3.12/importlib/__init__.py:90: in import_module
    return _bootstrap._gcd_import(name[level:], package, level)
           ^^^^^^^^^^^^^^^^^^^^^^^^^^^^^^^^^^^^^^^^^^^^^^^^^^^^
<frozen importlib._bootstrap>:1387: in _gcd_import
    ???
<frozen importlib._bootstrap>:1360: in _find_and_load
    ???
<frozen importlib._bootstrap>:1331: in _find_and_load_unlocked
    ???
<frozen importlib._bootstrap>:935: in _load_unlocked
    ???
<frozen importlib._bootstrap_external>:999: in exec_module
    ???
<frozen importlib._bootstrap>:488: in _call_with_frames_removed
    ???
invenio_records_rest/loaders/__init__.py:11: in <module>
    from ..schemas import RecordMetadataSchemaJSONV1, RecordSchemaJSONV1
invenio_records_rest/schemas/__init__.py:11: in <module>
    from .json import (
invenio_records_rest/schemas/json.py:12: in <module>
    from invenio_rest.serializer import BaseSchema as Schema
.venv/lib/python3.12/site-packages/invenio_rest/serializer.py:15: in <module>
    from marshmallow_utils.context import context_schema
E   ModuleNotFoundError: No module named 'marshmallow_utils'
_________ ERROR collecting invenio_records_rest/loaders/marshmallow.py _________
ImportError while importing test module '/home/runner/work/invenio-bug-verification/invenio-bug-verification/package-repo/invenio_records_rest/loaders/marshmallow.py'.
Hint: make sure your test modules/packages have valid Python names.
Traceback:
.venv/lib/python3.12/site-packages/_pytest/python.py:498: in importtestmodule
    mod = import_path(
.venv/lib/python3.12/site-packages/_pytest/pathlib.py:587: in import_path
    importlib.import_module(module_name)
/opt/hostedtoolcache/Python/3.12.12/x64/lib/python3.12/importlib/__init__.py:90: in import_module
    return _bootstrap._gcd_import(name[level:], package, level)
           ^^^^^^^^^^^^^^^^^^^^^^^^^^^^^^^^^^^^^^^^^^^^^^^^^^^^
<frozen importlib._bootstrap>:1387: in _gcd_import
    ???
<frozen importlib._bootstrap>:1360: in _find_and_load
    ???
<frozen importlib._bootstrap>:1310: in _find_and_load_unlocked
    ???
<frozen importlib._bootstrap>:488: in _call_with_frames_removed
    ???
<frozen importlib._bootstrap>:1387: in _gcd_import
    ???
<frozen importlib._bootstrap>:1360: in _find_and_load
    ???
<frozen importlib._bootstrap>:1331: in _find_and_load_unlocked
    ???
<frozen importlib._bootstrap>:935: in _load_unlocked
    ???
<frozen importlib._bootstrap_external>:999: in exec_module
    ???
<frozen importlib._bootstrap>:488: in _call_with_frames_removed
    ???
invenio_records_rest/loaders/__init__.py:11: in <module>
    from ..schemas import RecordMetadataSchemaJSONV1, RecordSchemaJSONV1
invenio_records_rest/schemas/__init__.py:11: in <module>
    from .json import (
invenio_records_rest/schemas/json.py:12: in <module>
    from invenio_rest.serializer import BaseSchema as Schema
.venv/lib/python3.12/site-packages/invenio_rest/serializer.py:15: in <module>
    from marshmallow_utils.context import context_schema
E   ModuleNotFoundError: No module named 'marshmallow_utils'
__________ ERROR collecting invenio_records_rest/schemas/__init__.py ___________
ImportError while importing test module '/home/runner/work/invenio-bug-verification/invenio-bug-verification/package-repo/invenio_records_rest/schemas/__init__.py'.
Hint: make sure your test modules/packages have valid Python names.
Traceback:
.venv/lib/python3.12/site-packages/_pytest/python.py:498: in importtestmodule
    mod = import_path(
.venv/lib/python3.12/site-packages/_pytest/pathlib.py:587: in import_path
    importlib.import_module(module_name)
/opt/hostedtoolcache/Python/3.12.12/x64/lib/python3.12/importlib/__init__.py:90: in import_module
    return _bootstrap._gcd_import(name[level:], package, level)
           ^^^^^^^^^^^^^^^^^^^^^^^^^^^^^^^^^^^^^^^^^^^^^^^^^^^^
<frozen importlib._bootstrap>:1387: in _gcd_import
    ???
<frozen importlib._bootstrap>:1360: in _find_and_load
    ???
<frozen importlib._bootstrap>:1331: in _find_and_load_unlocked
    ???
<frozen importlib._bootstrap>:935: in _load_unlocked
    ???
<frozen importlib._bootstrap_external>:999: in exec_module
    ???
<frozen importlib._bootstrap>:488: in _call_with_frames_removed
    ???
invenio_records_rest/schemas/__init__.py:11: in <module>
    from .json import (
invenio_records_rest/schemas/json.py:12: in <module>
    from invenio_rest.serializer import BaseSchema as Schema
.venv/lib/python3.12/site-packages/invenio_rest/serializer.py:15: in <module>
    from marshmallow_utils.context import context_schema
E   ModuleNotFoundError: No module named 'marshmallow_utils'
_______ ERROR collecting invenio_records_rest/schemas/fields/__init__.py _______
ImportError while importing test module '/home/runner/work/invenio-bug-verification/invenio-bug-verification/package-repo/invenio_records_rest/schemas/fields/__init__.py'.
Hint: make sure your test modules/packages have valid Python names.
Traceback:
.venv/lib/python3.12/site-packages/_pytest/python.py:498: in importtestmodule
    mod = import_path(
.venv/lib/python3.12/site-packages/_pytest/pathlib.py:587: in import_path
    importlib.import_module(module_name)
/opt/hostedtoolcache/Python/3.12.12/x64/lib/python3.12/importlib/__init__.py:90: in import_module
    return _bootstrap._gcd_import(name[level:], package, level)
           ^^^^^^^^^^^^^^^^^^^^^^^^^^^^^^^^^^^^^^^^^^^^^^^^^^^^
<frozen importlib._bootstrap>:1387: in _gcd_import
    ???
<frozen importlib._bootstrap>:1360: in _find_and_load
    ???
<frozen importlib._bootstrap>:1310: in _find_and_load_unlocked
    ???
<frozen importlib._bootstrap>:488: in _call_with_frames_removed
    ???
<frozen importlib._bootstrap>:1387: in _gcd_import
    ???
<frozen importlib._bootstrap>:1360: in _find_and_load
    ???
<frozen importlib._bootstrap>:1331: in _find_and_load_unlocked
    ???
<frozen importlib._bootstrap>:935: in _load_unlocked
    ???
<frozen importlib._bootstrap_external>:999: in exec_module
    ???
<frozen importlib._bootstrap>:488: in _call_with_frames_removed
    ???
invenio_records_rest/schemas/__init__.py:11: in <module>
    from .json import (
invenio_records_rest/schemas/json.py:12: in <module>
    from invenio_rest.serializer import BaseSchema as Schema
.venv/lib/python3.12/site-packages/invenio_rest/serializer.py:15: in <module>
    from marshmallow_utils.context import context_schema
E   ModuleNotFoundError: No module named 'marshmallow_utils'
_______ ERROR collecting invenio_records_rest/schemas/fields/datetime.py _______
ImportError while importing test module '/home/runner/work/invenio-bug-verification/invenio-bug-verification/package-repo/invenio_records_rest/schemas/fields/datetime.py'.
Hint: make sure your test modules/packages have valid Python names.
Traceback:
.venv/lib/python3.12/site-packages/_pytest/python.py:498: in importtestmodule
    mod = import_path(
.venv/lib/python3.12/site-packages/_pytest/pathlib.py:587: in import_path
    importlib.import_module(module_name)
/opt/hostedtoolcache/Python/3.12.12/x64/lib/python3.12/importlib/__init__.py:90: in import_module
    return _bootstrap._gcd_import(name[level:], package, level)
           ^^^^^^^^^^^^^^^^^^^^^^^^^^^^^^^^^^^^^^^^^^^^^^^^^^^^
<frozen importlib._bootstrap>:1387: in _gcd_import
    ???
<frozen importlib._bootstrap>:1360: in _find_and_load
    ???
<frozen importlib._bootstrap>:1310: in _find_and_load_unlocked
    ???
<frozen importlib._bootstrap>:488: in _call_with_frames_removed
    ???
<frozen importlib._bootstrap>:1387: in _gcd_import
    ???
<frozen importlib._bootstrap>:1360: in _find_and_load
    ???
<frozen importlib._bootstrap>:1310: in _find_and_load_unlocked
    ???
<frozen importlib._bootstrap>:488: in _call_with_frames_removed
    ???
<frozen importlib._bootstrap>:1387: in _gcd_import
    ???
<frozen importlib._bootstrap>:1360: in _find_and_load
    ???
<frozen importlib._bootstrap>:1331: in _find_and_load_unlocked
    ???
<frozen importlib._bootstrap>:935: in _load_unlocked
    ???
<frozen importlib._bootstrap_external>:999: in exec_module
    ???
<frozen importlib._bootstrap>:488: in _call_with_frames_removed
    ???
invenio_records_rest/schemas/__init__.py:11: in <module>
    from .json import (
invenio_records_rest/schemas/json.py:12: in <module>
    from invenio_rest.serializer import BaseSchema as Schema
.venv/lib/python3.12/site-packages/invenio_rest/serializer.py:15: in <module>
    from marshmallow_utils.context import context_schema
E   ModuleNotFoundError: No module named 'marshmallow_utils'
______ ERROR collecting invenio_records_rest/schemas/fields/generated.py _______
ImportError while importing test module '/home/runner/work/invenio-bug-verification/invenio-bug-verification/package-repo/invenio_records_rest/schemas/fields/generated.py'.
Hint: make sure your test modules/packages have valid Python names.
Traceback:
.venv/lib/python3.12/site-packages/_pytest/python.py:498: in importtestmodule
    mod = import_path(
.venv/lib/python3.12/site-packages/_pytest/pathlib.py:587: in import_path
    importlib.import_module(module_name)
/opt/hostedtoolcache/Python/3.12.12/x64/lib/python3.12/importlib/__init__.py:90: in import_module
    return _bootstrap._gcd_import(name[level:], package, level)
           ^^^^^^^^^^^^^^^^^^^^^^^^^^^^^^^^^^^^^^^^^^^^^^^^^^^^
<frozen importlib._bootstrap>:1387: in _gcd_import
    ???
<frozen importlib._bootstrap>:1360: in _find_and_load
    ???
<frozen importlib._bootstrap>:1310: in _find_and_load_unlocked
    ???
<frozen importlib._bootstrap>:488: in _call_with_frames_removed
    ???
<frozen importlib._bootstrap>:1387: in _gcd_import
    ???
<frozen importlib._bootstrap>:1360: in _find_and_load
    ???
<frozen importlib._bootstrap>:1310: in _find_and_load_unlocked
    ???
<frozen importlib._bootstrap>:488: in _call_with_frames_removed
    ???
<frozen importlib._bootstrap>:1387: in _gcd_import
    ???
<frozen importlib._bootstrap>:1360: in _find_and_load
    ???
<frozen importlib._bootstrap>:1331: in _find_and_load_unlocked
    ???
<frozen importlib._bootstrap>:935: in _load_unlocked
    ???
<frozen importlib._bootstrap_external>:999: in exec_module
    ???
<frozen importlib._bootstrap>:488: in _call_with_frames_removed
    ???
invenio_records_rest/schemas/__init__.py:11: in <module>
    from .json import (
invenio_records_rest/schemas/json.py:12: in <module>
    from invenio_rest.serializer import BaseSchema as Schema
.venv/lib/python3.12/site-packages/invenio_rest/serializer.py:15: in <module>
    from marshmallow_utils.context import context_schema
E   ModuleNotFoundError: No module named 'marshmallow_utils'
_ ERROR collecting invenio_records_rest/schemas/fields/marshmallow_contrib.py __
ImportError while importing test module '/home/runner/work/invenio-bug-verification/invenio-bug-verification/package-repo/invenio_records_rest/schemas/fields/marshmallow_contrib.py'.
Hint: make sure your test modules/packages have valid Python names.
Traceback:
.venv/lib/python3.12/site-packages/_pytest/python.py:498: in importtestmodule
    mod = import_path(
.venv/lib/python3.12/site-packages/_pytest/pathlib.py:587: in import_path
    importlib.import_module(module_name)
/opt/hostedtoolcache/Python/3.12.12/x64/lib/python3.12/importlib/__init__.py:90: in import_module
    return _bootstrap._gcd_import(name[level:], package, level)
           ^^^^^^^^^^^^^^^^^^^^^^^^^^^^^^^^^^^^^^^^^^^^^^^^^^^^
<frozen importlib._bootstrap>:1387: in _gcd_import
    ???
<frozen importlib._bootstrap>:1360: in _find_and_load
    ???
<frozen importlib._bootstrap>:1310: in _find_and_load_unlocked
    ???
<frozen importlib._bootstrap>:488: in _call_with_frames_removed
    ???
<frozen importlib._bootstrap>:1387: in _gcd_import
    ???
<frozen importlib._bootstrap>:1360: in _find_and_load
    ???
<frozen importlib._bootstrap>:1310: in _find_and_load_unlocked
    ???
<frozen importlib._bootstrap>:488: in _call_with_frames_removed
    ???
<frozen importlib._bootstrap>:1387: in _gcd_import
    ???
<frozen importlib._bootstrap>:1360: in _find_and_load
    ???
<frozen importlib._bootstrap>:1331: in _find_and_load_unlocked
    ???
<frozen importlib._bootstrap>:935: in _load_unlocked
    ???
<frozen importlib._bootstrap_external>:999: in exec_module
    ???
<frozen importlib._bootstrap>:488: in _call_with_frames_removed
    ???
invenio_records_rest/schemas/__init__.py:11: in <module>
    from .json import (
invenio_records_rest/schemas/json.py:12: in <module>
    from invenio_rest.serializer import BaseSchema as Schema
.venv/lib/python3.12/site-packages/invenio_rest/serializer.py:15: in <module>
    from marshmallow_utils.context import context_schema
E   ModuleNotFoundError: No module named 'marshmallow_utils'
_ ERROR collecting invenio_records_rest/schemas/fields/persistentidentifier.py _
ImportError while importing test module '/home/runner/work/invenio-bug-verification/invenio-bug-verification/package-repo/invenio_records_rest/schemas/fields/persistentidentifier.py'.
Hint: make sure your test modules/packages have valid Python names.
Traceback:
.venv/lib/python3.12/site-packages/_pytest/python.py:498: in importtestmodule
    mod = import_path(
.venv/lib/python3.12/site-packages/_pytest/pathlib.py:587: in import_path
    importlib.import_module(module_name)
/opt/hostedtoolcache/Python/3.12.12/x64/lib/python3.12/importlib/__init__.py:90: in import_module
    return _bootstrap._gcd_import(name[level:], package, level)
           ^^^^^^^^^^^^^^^^^^^^^^^^^^^^^^^^^^^^^^^^^^^^^^^^^^^^
<frozen importlib._bootstrap>:1387: in _gcd_import
    ???
<frozen importlib._bootstrap>:1360: in _find_and_load
    ???
<frozen importlib._bootstrap>:1310: in _find_and_load_unlocked
    ???
<frozen importlib._bootstrap>:488: in _call_with_frames_removed
    ???
<frozen importlib._bootstrap>:1387: in _gcd_import
    ???
<frozen importlib._bootstrap>:1360: in _find_and_load
    ???
<frozen importlib._bootstrap>:1310: in _find_and_load_unlocked
    ???
<frozen importlib._bootstrap>:488: in _call_with_frames_removed
    ???
<frozen importlib._bootstrap>:1387: in _gcd_import
    ???
<frozen importlib._bootstrap>:1360: in _find_and_load
    ???
<frozen importlib._bootstrap>:1331: in _find_and_load_unlocked
    ???
<frozen importlib._bootstrap>:935: in _load_unlocked
    ???
<frozen importlib._bootstrap_external>:999: in exec_module
    ???
<frozen importlib._bootstrap>:488: in _call_with_frames_removed
    ???
invenio_records_rest/schemas/__init__.py:11: in <module>
    from .json import (
invenio_records_rest/schemas/json.py:12: in <module>
    from invenio_rest.serializer import BaseSchema as Schema
.venv/lib/python3.12/site-packages/invenio_rest/serializer.py:15: in <module>
    from marshmallow_utils.context import context_schema
E   ModuleNotFoundError: No module named 'marshmallow_utils'
____ ERROR collecting invenio_records_rest/schemas/fields/sanitizedhtml.py _____
ImportError while importing test module '/home/runner/work/invenio-bug-verification/invenio-bug-verification/package-repo/invenio_records_rest/schemas/fields/sanitizedhtml.py'.
Hint: make sure your test modules/packages have valid Python names.
Traceback:
.venv/lib/python3.12/site-packages/_pytest/python.py:498: in importtestmodule
    mod = import_path(
.venv/lib/python3.12/site-packages/_pytest/pathlib.py:587: in import_path
    importlib.import_module(module_name)
/opt/hostedtoolcache/Python/3.12.12/x64/lib/python3.12/importlib/__init__.py:90: in import_module
    return _bootstrap._gcd_import(name[level:], package, level)
           ^^^^^^^^^^^^^^^^^^^^^^^^^^^^^^^^^^^^^^^^^^^^^^^^^^^^
<frozen importlib._bootstrap>:1387: in _gcd_import
    ???
<frozen importlib._bootstrap>:1360: in _find_and_load
    ???
<frozen importlib._bootstrap>:1310: in _find_and_load_unlocked
    ???
<frozen importlib._bootstrap>:488: in _call_with_frames_removed
    ???
<frozen importlib._bootstrap>:1387: in _gcd_import
    ???
<frozen importlib._bootstrap>:1360: in _find_and_load
    ???
<frozen importlib._bootstrap>:1310: in _find_and_load_unlocked
    ???
<frozen importlib._bootstrap>:488: in _call_with_frames_removed
    ???
<frozen importlib._bootstrap>:1387: in _gcd_import
    ???
<frozen importlib._bootstrap>:1360: in _find_and_load
    ???
<frozen importlib._bootstrap>:1331: in _find_and_load_unlocked
    ???
<frozen importlib._bootstrap>:935: in _load_unlocked
    ???
<frozen importlib._bootstrap_external>:999: in exec_module
    ???
<frozen importlib._bootstrap>:488: in _call_with_frames_removed
    ???
invenio_records_rest/schemas/__init__.py:11: in <module>
    from .json import (
invenio_records_rest/schemas/json.py:12: in <module>
    from invenio_rest.serializer import BaseSchema as Schema
.venv/lib/python3.12/site-packages/invenio_rest/serializer.py:15: in <module>
    from marshmallow_utils.context import context_schema
E   ModuleNotFoundError: No module named 'marshmallow_utils'
___ ERROR collecting invenio_records_rest/schemas/fields/sanitizedunicode.py ___
ImportError while importing test module '/home/runner/work/invenio-bug-verification/invenio-bug-verification/package-repo/invenio_records_rest/schemas/fields/sanitizedunicode.py'.
Hint: make sure your test modules/packages have valid Python names.
Traceback:
.venv/lib/python3.12/site-packages/_pytest/python.py:498: in importtestmodule
    mod = import_path(
.venv/lib/python3.12/site-packages/_pytest/pathlib.py:587: in import_path
    importlib.import_module(module_name)
/opt/hostedtoolcache/Python/3.12.12/x64/lib/python3.12/importlib/__init__.py:90: in import_module
    return _bootstrap._gcd_import(name[level:], package, level)
           ^^^^^^^^^^^^^^^^^^^^^^^^^^^^^^^^^^^^^^^^^^^^^^^^^^^^
<frozen importlib._bootstrap>:1387: in _gcd_import
    ???
<frozen importlib._bootstrap>:1360: in _find_and_load
    ???
<frozen importlib._bootstrap>:1310: in _find_and_load_unlocked
    ???
<frozen importlib._bootstrap>:488: in _call_with_frames_removed
    ???
<frozen importlib._bootstrap>:1387: in _gcd_import
    ???
<frozen importlib._bootstrap>:1360: in _find_and_load
    ???
<frozen importlib._bootstrap>:1310: in _find_and_load_unlocked
    ???
<frozen importlib._bootstrap>:488: in _call_with_frames_removed
    ???
<frozen importlib._bootstrap>:1387: in _gcd_import
    ???
<frozen importlib._bootstrap>:1360: in _find_and_load
    ???
<frozen importlib._bootstrap>:1331: in _find_and_load_unlocked
    ???
<frozen importlib._bootstrap>:935: in _load_unlocked
    ???
<frozen importlib._bootstrap_external>:999: in exec_module
    ???
<frozen importlib._bootstrap>:488: in _call_with_frames_removed
    ???
invenio_records_rest/schemas/__init__.py:11: in <module>
    from .json import (
invenio_records_rest/schemas/json.py:12: in <module>
    from invenio_rest.serializer import BaseSchema as Schema
.venv/lib/python3.12/site-packages/invenio_rest/serializer.py:15: in <module>
    from marshmallow_utils.context import context_schema
E   ModuleNotFoundError: No module named 'marshmallow_utils'
____ ERROR collecting invenio_records_rest/schemas/fields/trimmedstring.py _____
ImportError while importing test module '/home/runner/work/invenio-bug-verification/invenio-bug-verification/package-repo/invenio_records_rest/schemas/fields/trimmedstring.py'.
Hint: make sure your test modules/packages have valid Python names.
Traceback:
.venv/lib/python3.12/site-packages/_pytest/python.py:498: in importtestmodule
    mod = import_path(
.venv/lib/python3.12/site-packages/_pytest/pathlib.py:587: in import_path
    importlib.import_module(module_name)
/opt/hostedtoolcache/Python/3.12.12/x64/lib/python3.12/importlib/__init__.py:90: in import_module
    return _bootstrap._gcd_import(name[level:], package, level)
           ^^^^^^^^^^^^^^^^^^^^^^^^^^^^^^^^^^^^^^^^^^^^^^^^^^^^
<frozen importlib._bootstrap>:1387: in _gcd_import
    ???
<frozen importlib._bootstrap>:1360: in _find_and_load
    ???
<frozen importlib._bootstrap>:1310: in _find_and_load_unlocked
    ???
<frozen importlib._bootstrap>:488: in _call_with_frames_removed
    ???
<frozen importlib._bootstrap>:1387: in _gcd_import
    ???
<frozen importlib._bootstrap>:1360: in _find_and_load
    ???
<frozen importlib._bootstrap>:1310: in _find_and_load_unlocked
    ???
<frozen importlib._bootstrap>:488: in _call_with_frames_removed
    ???
<frozen importlib._bootstrap>:1387: in _gcd_import
    ???
<frozen importlib._bootstrap>:1360: in _find_and_load
    ???
<frozen importlib._bootstrap>:1331: in _find_and_load_unlocked
    ???
<frozen importlib._bootstrap>:935: in _load_unlocked
    ???
<frozen importlib._bootstrap_external>:999: in exec_module
    ???
<frozen importlib._bootstrap>:488: in _call_with_frames_removed
    ???
invenio_records_rest/schemas/__init__.py:11: in <module>
    from .json import (
invenio_records_rest/schemas/json.py:12: in <module>
    from invenio_rest.serializer import BaseSchema as Schema
.venv/lib/python3.12/site-packages/invenio_rest/serializer.py:15: in <module>
    from marshmallow_utils.context import context_schema
E   ModuleNotFoundError: No module named 'marshmallow_utils'
____________ ERROR collecting invenio_records_rest/schemas/json.py _____________
ImportError while importing test module '/home/runner/work/invenio-bug-verification/invenio-bug-verification/package-repo/invenio_records_rest/schemas/json.py'.
Hint: make sure your test modules/packages have valid Python names.
Traceback:
.venv/lib/python3.12/site-packages/_pytest/python.py:498: in importtestmodule
    mod = import_path(
.venv/lib/python3.12/site-packages/_pytest/pathlib.py:587: in import_path
    importlib.import_module(module_name)
/opt/hostedtoolcache/Python/3.12.12/x64/lib/python3.12/importlib/__init__.py:90: in import_module
    return _bootstrap._gcd_import(name[level:], package, level)
           ^^^^^^^^^^^^^^^^^^^^^^^^^^^^^^^^^^^^^^^^^^^^^^^^^^^^
<frozen importlib._bootstrap>:1387: in _gcd_import
    ???
<frozen importlib._bootstrap>:1360: in _find_and_load
    ???
<frozen importlib._bootstrap>:1310: in _find_and_load_unlocked
    ???
<frozen importlib._bootstrap>:488: in _call_with_frames_removed
    ???
<frozen importlib._bootstrap>:1387: in _gcd_import
    ???
<frozen importlib._bootstrap>:1360: in _find_and_load
    ???
<frozen importlib._bootstrap>:1331: in _find_and_load_unlocked
    ???
<frozen importlib._bootstrap>:935: in _load_unlocked
    ???
<frozen importlib._bootstrap_external>:999: in exec_module
    ???
<frozen importlib._bootstrap>:488: in _call_with_frames_removed
    ???
invenio_records_rest/schemas/__init__.py:11: in <module>
    from .json import (
invenio_records_rest/schemas/json.py:12: in <module>
    from invenio_rest.serializer import BaseSchema as Schema
.venv/lib/python3.12/site-packages/invenio_rest/serializer.py:15: in <module>
    from marshmallow_utils.context import context_schema
E   ModuleNotFoundError: No module named 'marshmallow_utils'
________ ERROR collecting invenio_records_rest/serializers/__init__.py _________
ImportError while importing test module '/home/runner/work/invenio-bug-verification/invenio-bug-verification/package-repo/invenio_records_rest/serializers/__init__.py'.
Hint: make sure your test modules/packages have valid Python names.
Traceback:
.venv/lib/python3.12/site-packages/_pytest/python.py:498: in importtestmodule
    mod = import_path(
.venv/lib/python3.12/site-packages/_pytest/pathlib.py:587: in import_path
    importlib.import_module(module_name)
/opt/hostedtoolcache/Python/3.12.12/x64/lib/python3.12/importlib/__init__.py:90: in import_module
    return _bootstrap._gcd_import(name[level:], package, level)
           ^^^^^^^^^^^^^^^^^^^^^^^^^^^^^^^^^^^^^^^^^^^^^^^^^^^^
<frozen importlib._bootstrap>:1387: in _gcd_import
    ???
<frozen importlib._bootstrap>:1360: in _find_and_load
    ???
<frozen importlib._bootstrap>:1331: in _find_and_load_unlocked
    ???
<frozen importlib._bootstrap>:935: in _load_unlocked
    ???
<frozen importlib._bootstrap_external>:999: in exec_module
    ???
<frozen importlib._bootstrap>:488: in _call_with_frames_removed
    ???
invenio_records_rest/serializers/__init__.py:11: in <module>
    from ..schemas import RecordSchemaJSONV1
invenio_records_rest/schemas/__init__.py:11: in <module>
    from .json import (
invenio_records_rest/schemas/json.py:12: in <module>
    from invenio_rest.serializer import BaseSchema as Schema
.venv/lib/python3.12/site-packages/invenio_rest/serializer.py:15: in <module>
    from marshmallow_utils.context import context_schema
E   ModuleNotFoundError: No module named 'marshmallow_utils'
__________ ERROR collecting invenio_records_rest/serializers/base.py ___________
ImportError while importing test module '/home/runner/work/invenio-bug-verification/invenio-bug-verification/package-repo/invenio_records_rest/serializers/base.py'.
Hint: make sure your test modules/packages have valid Python names.
Traceback:
.venv/lib/python3.12/site-packages/_pytest/python.py:498: in importtestmodule
    mod = import_path(
.venv/lib/python3.12/site-packages/_pytest/pathlib.py:587: in import_path
    importlib.import_module(module_name)
/opt/hostedtoolcache/Python/3.12.12/x64/lib/python3.12/importlib/__init__.py:90: in import_module
    return _bootstrap._gcd_import(name[level:], package, level)
           ^^^^^^^^^^^^^^^^^^^^^^^^^^^^^^^^^^^^^^^^^^^^^^^^^^^^
<frozen importlib._bootstrap>:1387: in _gcd_import
    ???
<frozen importlib._bootstrap>:1360: in _find_and_load
    ???
<frozen importlib._bootstrap>:1310: in _find_and_load_unlocked
    ???
<frozen importlib._bootstrap>:488: in _call_with_frames_removed
    ???
<frozen importlib._bootstrap>:1387: in _gcd_import
    ???
<frozen importlib._bootstrap>:1360: in _find_and_load
    ???
<frozen importlib._bootstrap>:1331: in _find_and_load_unlocked
    ???
<frozen importlib._bootstrap>:935: in _load_unlocked
    ???
<frozen importlib._bootstrap_external>:999: in exec_module
    ???
<frozen importlib._bootstrap>:488: in _call_with_frames_removed
    ???
invenio_records_rest/serializers/__init__.py:11: in <module>
    from ..schemas import RecordSchemaJSONV1
invenio_records_rest/schemas/__init__.py:11: in <module>
    from .json import (
invenio_records_rest/schemas/json.py:12: in <module>
    from invenio_rest.serializer import BaseSchema as Schema
.venv/lib/python3.12/site-packages/invenio_rest/serializer.py:15: in <module>
    from marshmallow_utils.context import context_schema
E   ModuleNotFoundError: No module named 'marshmallow_utils'
________ ERROR collecting invenio_records_rest/serializers/citeproc.py _________
ImportError while importing test module '/home/runner/work/invenio-bug-verification/invenio-bug-verification/package-repo/invenio_records_rest/serializers/citeproc.py'.
Hint: make sure your test modules/packages have valid Python names.
Traceback:
.venv/lib/python3.12/site-packages/_pytest/python.py:498: in importtestmodule
    mod = import_path(
.venv/lib/python3.12/site-packages/_pytest/pathlib.py:587: in import_path
    importlib.import_module(module_name)
/opt/hostedtoolcache/Python/3.12.12/x64/lib/python3.12/importlib/__init__.py:90: in import_module
    return _bootstrap._gcd_import(name[level:], package, level)
           ^^^^^^^^^^^^^^^^^^^^^^^^^^^^^^^^^^^^^^^^^^^^^^^^^^^^
<frozen importlib._bootstrap>:1387: in _gcd_import
    ???
<frozen importlib._bootstrap>:1360: in _find_and_load
    ???
<frozen importlib._bootstrap>:1310: in _find_and_load_unlocked
    ???
<frozen importlib._bootstrap>:488: in _call_with_frames_removed
    ???
<frozen importlib._bootstrap>:1387: in _gcd_import
    ???
<frozen importlib._bootstrap>:1360: in _find_and_load
    ???
<frozen importlib._bootstrap>:1331: in _find_and_load_unlocked
    ???
<frozen importlib._bootstrap>:935: in _load_unlocked
    ???
<frozen importlib._bootstrap_external>:999: in exec_module
    ???
<frozen importlib._bootstrap>:488: in _call_with_frames_removed
    ???
invenio_records_rest/serializers/__init__.py:11: in <module>
    from ..schemas import RecordSchemaJSONV1
invenio_records_rest/schemas/__init__.py:11: in <module>
    from .json import (
invenio_records_rest/schemas/json.py:12: in <module>
    from invenio_rest.serializer import BaseSchema as Schema
.venv/lib/python3.12/site-packages/invenio_rest/serializer.py:15: in <module>
    from marshmallow_utils.context import context_schema
E   ModuleNotFoundError: No module named 'marshmallow_utils'
___________ ERROR collecting invenio_records_rest/serializers/csv.py ___________
ImportError while importing test module '/home/runner/work/invenio-bug-verification/invenio-bug-verification/package-repo/invenio_records_rest/serializers/csv.py'.
Hint: make sure your test modules/packages have valid Python names.
Traceback:
.venv/lib/python3.12/site-packages/_pytest/python.py:498: in importtestmodule
    mod = import_path(
.venv/lib/python3.12/site-packages/_pytest/pathlib.py:587: in import_path
    importlib.import_module(module_name)
/opt/hostedtoolcache/Python/3.12.12/x64/lib/python3.12/importlib/__init__.py:90: in import_module
    return _bootstrap._gcd_import(name[level:], package, level)
           ^^^^^^^^^^^^^^^^^^^^^^^^^^^^^^^^^^^^^^^^^^^^^^^^^^^^
<frozen importlib._bootstrap>:1387: in _gcd_import
    ???
<frozen importlib._bootstrap>:1360: in _find_and_load
    ???
<frozen importlib._bootstrap>:1310: in _find_and_load_unlocked
    ???
<frozen importlib._bootstrap>:488: in _call_with_frames_removed
    ???
<frozen importlib._bootstrap>:1387: in _gcd_import
    ???
<frozen importlib._bootstrap>:1360: in _find_and_load
    ???
<frozen importlib._bootstrap>:1331: in _find_and_load_unlocked
    ???
<frozen importlib._bootstrap>:935: in _load_unlocked
    ???
<frozen importlib._bootstrap_external>:999: in exec_module
    ???
<frozen importlib._bootstrap>:488: in _call_with_frames_removed
    ???
invenio_records_rest/serializers/__init__.py:11: in <module>
    from ..schemas import RecordSchemaJSONV1
invenio_records_rest/schemas/__init__.py:11: in <module>
    from .json import (
invenio_records_rest/schemas/json.py:12: in <module>
    from invenio_rest.serializer import BaseSchema as Schema
.venv/lib/python3.12/site-packages/invenio_rest/serializer.py:15: in <module>
    from marshmallow_utils.context import context_schema
E   ModuleNotFoundError: No module named 'marshmallow_utils'
________ ERROR collecting invenio_records_rest/serializers/datacite.py _________
ImportError while importing test module '/home/runner/work/invenio-bug-verification/invenio-bug-verification/package-repo/invenio_records_rest/serializers/datacite.py'.
Hint: make sure your test modules/packages have valid Python names.
Traceback:
.venv/lib/python3.12/site-packages/_pytest/python.py:498: in importtestmodule
    mod = import_path(
.venv/lib/python3.12/site-packages/_pytest/pathlib.py:587: in import_path
    importlib.import_module(module_name)
/opt/hostedtoolcache/Python/3.12.12/x64/lib/python3.12/importlib/__init__.py:90: in import_module
    return _bootstrap._gcd_import(name[level:], package, level)
           ^^^^^^^^^^^^^^^^^^^^^^^^^^^^^^^^^^^^^^^^^^^^^^^^^^^^
<frozen importlib._bootstrap>:1387: in _gcd_import
    ???
<frozen importlib._bootstrap>:1360: in _find_and_load
    ???
<frozen importlib._bootstrap>:1310: in _find_and_load_unlocked
    ???
<frozen importlib._bootstrap>:488: in _call_with_frames_removed
    ???
<frozen importlib._bootstrap>:1387: in _gcd_import
    ???
<frozen importlib._bootstrap>:1360: in _find_and_load
    ???
<frozen importlib._bootstrap>:1331: in _find_and_load_unlocked
    ???
<frozen importlib._bootstrap>:935: in _load_unlocked
    ???
<frozen importlib._bootstrap_external>:999: in exec_module
    ???
<frozen importlib._bootstrap>:488: in _call_with_frames_removed
    ???
invenio_records_rest/serializers/__init__.py:11: in <module>
    from ..schemas import RecordSchemaJSONV1
invenio_records_rest/schemas/__init__.py:11: in <module>
    from .json import (
invenio_records_rest/schemas/json.py:12: in <module>
    from invenio_rest.serializer import BaseSchema as Schema
.venv/lib/python3.12/site-packages/invenio_rest/serializer.py:15: in <module>
    from marshmallow_utils.context import context_schema
E   ModuleNotFoundError: No module named 'marshmallow_utils'
___________ ERROR collecting invenio_records_rest/serializers/dc.py ____________
ImportError while importing test module '/home/runner/work/invenio-bug-verification/invenio-bug-verification/package-repo/invenio_records_rest/serializers/dc.py'.
Hint: make sure your test modules/packages have valid Python names.
Traceback:
.venv/lib/python3.12/site-packages/_pytest/python.py:498: in importtestmodule
    mod = import_path(
.venv/lib/python3.12/site-packages/_pytest/pathlib.py:587: in import_path
    importlib.import_module(module_name)
/opt/hostedtoolcache/Python/3.12.12/x64/lib/python3.12/importlib/__init__.py:90: in import_module
    return _bootstrap._gcd_import(name[level:], package, level)
           ^^^^^^^^^^^^^^^^^^^^^^^^^^^^^^^^^^^^^^^^^^^^^^^^^^^^
<frozen importlib._bootstrap>:1387: in _gcd_import
    ???
<frozen importlib._bootstrap>:1360: in _find_and_load
    ???
<frozen importlib._bootstrap>:1310: in _find_and_load_unlocked
    ???
<frozen importlib._bootstrap>:488: in _call_with_frames_removed
    ???
<frozen importlib._bootstrap>:1387: in _gcd_import
    ???
<frozen importlib._bootstrap>:1360: in _find_and_load
    ???
<frozen importlib._bootstrap>:1331: in _find_and_load_unlocked
    ???
<frozen importlib._bootstrap>:935: in _load_unlocked
    ???
<frozen importlib._bootstrap_external>:999: in exec_module
    ???
<frozen importlib._bootstrap>:488: in _call_with_frames_removed
    ???
invenio_records_rest/serializers/__init__.py:11: in <module>
    from ..schemas import RecordSchemaJSONV1
invenio_records_rest/schemas/__init__.py:11: in <module>
    from .json import (
invenio_records_rest/schemas/json.py:12: in <module>
    from invenio_rest.serializer import BaseSchema as Schema
.venv/lib/python3.12/site-packages/invenio_rest/serializer.py:15: in <module>
    from marshmallow_utils.context import context_schema
E   ModuleNotFoundError: No module named 'marshmallow_utils'
__________ ERROR collecting invenio_records_rest/serializers/json.py ___________
ImportError while importing test module '/home/runner/work/invenio-bug-verification/invenio-bug-verification/package-repo/invenio_records_rest/serializers/json.py'.
Hint: make sure your test modules/packages have valid Python names.
Traceback:
.venv/lib/python3.12/site-packages/_pytest/python.py:498: in importtestmodule
    mod = import_path(
.venv/lib/python3.12/site-packages/_pytest/pathlib.py:587: in import_path
    importlib.import_module(module_name)
/opt/hostedtoolcache/Python/3.12.12/x64/lib/python3.12/importlib/__init__.py:90: in import_module
    return _bootstrap._gcd_import(name[level:], package, level)
           ^^^^^^^^^^^^^^^^^^^^^^^^^^^^^^^^^^^^^^^^^^^^^^^^^^^^
<frozen importlib._bootstrap>:1387: in _gcd_import
    ???
<frozen importlib._bootstrap>:1360: in _find_and_load
    ???
<frozen importlib._bootstrap>:1310: in _find_and_load_unlocked
    ???
<frozen importlib._bootstrap>:488: in _call_with_frames_removed
    ???
<frozen importlib._bootstrap>:1387: in _gcd_import
    ???
<frozen importlib._bootstrap>:1360: in _find_and_load
    ???
<frozen importlib._bootstrap>:1331: in _find_and_load_unlocked
    ???
<frozen importlib._bootstrap>:935: in _load_unlocked
    ???
<frozen importlib._bootstrap_external>:999: in exec_module
    ???
<frozen importlib._bootstrap>:488: in _call_with_frames_removed
    ???
invenio_records_rest/serializers/__init__.py:11: in <module>
    from ..schemas import RecordSchemaJSONV1
invenio_records_rest/schemas/__init__.py:11: in <module>
    from .json import (
invenio_records_rest/schemas/json.py:12: in <module>
    from invenio_rest.serializer import BaseSchema as Schema
.venv/lib/python3.12/site-packages/invenio_rest/serializer.py:15: in <module>
    from marshmallow_utils.context import context_schema
E   ModuleNotFoundError: No module named 'marshmallow_utils'
_________ ERROR collecting invenio_records_rest/serializers/jsonld.py __________
ImportError while importing test module '/home/runner/work/invenio-bug-verification/invenio-bug-verification/package-repo/invenio_records_rest/serializers/jsonld.py'.
Hint: make sure your test modules/packages have valid Python names.
Traceback:
.venv/lib/python3.12/site-packages/_pytest/python.py:498: in importtestmodule
    mod = import_path(
.venv/lib/python3.12/site-packages/_pytest/pathlib.py:587: in import_path
    importlib.import_module(module_name)
/opt/hostedtoolcache/Python/3.12.12/x64/lib/python3.12/importlib/__init__.py:90: in import_module
    return _bootstrap._gcd_import(name[level:], package, level)
           ^^^^^^^^^^^^^^^^^^^^^^^^^^^^^^^^^^^^^^^^^^^^^^^^^^^^
<frozen importlib._bootstrap>:1387: in _gcd_import
    ???
<frozen importlib._bootstrap>:1360: in _find_and_load
    ???
<frozen importlib._bootstrap>:1310: in _find_and_load_unlocked
    ???
<frozen importlib._bootstrap>:488: in _call_with_frames_removed
    ???
<frozen importlib._bootstrap>:1387: in _gcd_import
    ???
<frozen importlib._bootstrap>:1360: in _find_and_load
    ???
<frozen importlib._bootstrap>:1331: in _find_and_load_unlocked
    ???
<frozen importlib._bootstrap>:935: in _load_unlocked
    ???
<frozen importlib._bootstrap_external>:999: in exec_module
    ???
<frozen importlib._bootstrap>:488: in _call_with_frames_removed
    ???
invenio_records_rest/serializers/__init__.py:11: in <module>
    from ..schemas import RecordSchemaJSONV1
invenio_records_rest/schemas/__init__.py:11: in <module>
    from .json import (
invenio_records_rest/schemas/json.py:12: in <module>
    from invenio_rest.serializer import BaseSchema as Schema
.venv/lib/python3.12/site-packages/invenio_rest/serializer.py:15: in <module>
    from marshmallow_utils.context import context_schema
E   ModuleNotFoundError: No module named 'marshmallow_utils'
_______ ERROR collecting invenio_records_rest/serializers/marshmallow.py _______
ImportError while importing test module '/home/runner/work/invenio-bug-verification/invenio-bug-verification/package-repo/invenio_records_rest/serializers/marshmallow.py'.
Hint: make sure your test modules/packages have valid Python names.
Traceback:
.venv/lib/python3.12/site-packages/_pytest/python.py:498: in importtestmodule
    mod = import_path(
.venv/lib/python3.12/site-packages/_pytest/pathlib.py:587: in import_path
    importlib.import_module(module_name)
/opt/hostedtoolcache/Python/3.12.12/x64/lib/python3.12/importlib/__init__.py:90: in import_module
    return _bootstrap._gcd_import(name[level:], package, level)
           ^^^^^^^^^^^^^^^^^^^^^^^^^^^^^^^^^^^^^^^^^^^^^^^^^^^^
<frozen importlib._bootstrap>:1387: in _gcd_import
    ???
<frozen importlib._bootstrap>:1360: in _find_and_load
    ???
<frozen importlib._bootstrap>:1310: in _find_and_load_unlocked
    ???
<frozen importlib._bootstrap>:488: in _call_with_frames_removed
    ???
<frozen importlib._bootstrap>:1387: in _gcd_import
    ???
<frozen importlib._bootstrap>:1360: in _find_and_load
    ???
<frozen importlib._bootstrap>:1331: in _find_and_load_unlocked
    ???
<frozen importlib._bootstrap>:935: in _load_unlocked
    ???
<frozen importlib._bootstrap_external>:999: in exec_module
    ???
<frozen importlib._bootstrap>:488: in _call_with_frames_removed
    ???
invenio_records_rest/serializers/__init__.py:11: in <module>
    from ..schemas import RecordSchemaJSONV1
invenio_records_rest/schemas/__init__.py:11: in <module>
    from .json import (
invenio_records_rest/schemas/json.py:12: in <module>
    from invenio_rest.serializer import BaseSchema as Schema
.venv/lib/python3.12/site-packages/invenio_rest/serializer.py:15: in <module>
    from marshmallow_utils.context import context_schema
E   ModuleNotFoundError: No module named 'marshmallow_utils'
________ ERROR collecting invenio_records_rest/serializers/response.py _________
ImportError while importing test module '/home/runner/work/invenio-bug-verification/invenio-bug-verification/package-repo/invenio_records_rest/serializers/response.py'.
Hint: make sure your test modules/packages have valid Python names.
Traceback:
.venv/lib/python3.12/site-packages/_pytest/python.py:498: in importtestmodule
    mod = import_path(
.venv/lib/python3.12/site-packages/_pytest/pathlib.py:587: in import_path
    importlib.import_module(module_name)
/opt/hostedtoolcache/Python/3.12.12/x64/lib/python3.12/importlib/__init__.py:90: in import_module
    return _bootstrap._gcd_import(name[level:], package, level)
           ^^^^^^^^^^^^^^^^^^^^^^^^^^^^^^^^^^^^^^^^^^^^^^^^^^^^
<frozen importlib._bootstrap>:1387: in _gcd_import
    ???
<frozen importlib._bootstrap>:1360: in _find_and_load
    ???
<frozen importlib._bootstrap>:1310: in _find_and_load_unlocked
    ???
<frozen importlib._bootstrap>:488: in _call_with_frames_removed
    ???
<frozen importlib._bootstrap>:1387: in _gcd_import
    ???
<frozen importlib._bootstrap>:1360: in _find_and_load
    ???
<frozen importlib._bootstrap>:1331: in _find_and_load_unlocked
    ???
<frozen importlib._bootstrap>:935: in _load_unlocked
    ???
<frozen importlib._bootstrap_external>:999: in exec_module
    ???
<frozen importlib._bootstrap>:488: in _call_with_frames_removed
    ???
invenio_records_rest/serializers/__init__.py:11: in <module>
    from ..schemas import RecordSchemaJSONV1
invenio_records_rest/schemas/__init__.py:11: in <module>
    from .json import (
invenio_records_rest/schemas/json.py:12: in <module>
    from invenio_rest.serializer import BaseSchema as Schema
.venv/lib/python3.12/site-packages/invenio_rest/serializer.py:15: in <module>
    from marshmallow_utils.context import context_schema
E   ModuleNotFoundError: No module named 'marshmallow_utils'
=============================== warnings summary ===============================
.venv/lib/python3.12/site-packages/jsonresolver/contrib/jsonschema.py:31
.venv/lib/python3.12/site-packages/jsonresolver/contrib/jsonschema.py:31
  /home/runner/work/invenio-bug-verification/invenio-bug-verification/package-repo/.venv/lib/python3.12/site-packages/jsonresolver/contrib/jsonschema.py:31: DeprecationWarning: jsonschema.RefResolver is deprecated as of v4.18.0, in favor of the https://github.com/python-jsonschema/referencing library, which provides more compliant referencing behavior as well as more flexible APIs for customization. A future release will remove RefResolver. Please file a feature request (on referencing) if you are missing an API for the kind of customization you need.
    from jsonschema import RefResolver as _RefResolver

.venv/lib/python3.12/site-packages/invenio_records/resolver.py:14
.venv/lib/python3.12/site-packages/invenio_records/resolver.py:14
  /home/runner/work/invenio-bug-verification/invenio-bug-verification/package-repo/.venv/lib/python3.12/site-packages/invenio_records/resolver.py:14: DeprecationWarning: jsonschema.exceptions.RefResolutionError is deprecated as of version 4.18.0. If you wish to catch potential reference resolution errors, directly catch referencing.exceptions.Unresolvable.
    from jsonschema import RefResolutionError, RefResolver

.venv/lib/python3.12/site-packages/invenio_records/resolver.py:14
.venv/lib/python3.12/site-packages/invenio_records/resolver.py:14
  /home/runner/work/invenio-bug-verification/invenio-bug-verification/package-repo/.venv/lib/python3.12/site-packages/invenio_records/resolver.py:14: DeprecationWarning: jsonschema.RefResolver is deprecated as of v4.18.0, in favor of the https://github.com/python-jsonschema/referencing library, which provides more compliant referencing behavior as well as more flexible APIs for customization. A future release will remove RefResolver. Please file a feature request (on referencing) if you are missing an API for the kind of customization you need.
    from jsonschema import RefResolutionError, RefResolver

.venv/lib/python3.12/site-packages/webargs/compat.py:8
  /home/runner/work/invenio-bug-verification/invenio-bug-verification/package-repo/.venv/lib/python3.12/site-packages/webargs/compat.py:8: DeprecationWarning: The '__version__' attribute is deprecated and will be removed in in a future version. Use feature detection or 'importlib.metadata.version("marshmallow")' instead.
    MARSHMALLOW_VERSION_INFO = tuple(LooseVersion(ma.__version__).version)  # type: tuple

.venv/lib/python3.12/site-packages/webargs/compat.py:8
  /home/runner/work/invenio-bug-verification/invenio-bug-verification/package-repo/.venv/lib/python3.12/site-packages/webargs/compat.py:8: DeprecationWarning: distutils Version classes are deprecated. Use packaging.version instead.
    MARSHMALLOW_VERSION_INFO = tuple(LooseVersion(ma.__version__).version)  # type: tuple

.venv/lib/python3.12/site-packages/webargs/__init__.py:13
  /home/runner/work/invenio-bug-verification/invenio-bug-verification/package-repo/.venv/lib/python3.12/site-packages/webargs/__init__.py:13: DeprecationWarning: distutils Version classes are deprecated. Use packaging.version instead.
    __version_info__ = tuple(LooseVersion(__version__).version)

-- Docs: https://docs.pytest.org/en/stable/how-to/capture-warnings.html
- generated xml file: /home/runner/work/invenio-bug-verification/invenio-bug-verification/artifacts/test-report-patched.xml -
=========================== short test summary info ============================
ERROR tests/test_custom_endpoints.py
ERROR tests/test_custom_endpoints.py
ERROR tests/test_custom_fields.py
ERROR tests/test_custom_fields.py
ERROR tests/test_marshmallow_contrib.py
ERROR tests/test_marshmallow_contrib.py
ERROR tests/test_marshmallow_loader.py
ERROR tests/test_marshmallow_loader.py
ERROR tests/test_serializer_base.py
ERROR tests/test_serializer_base.py
ERROR tests/test_serializer_citeproc.py
ERROR tests/test_serializer_citeproc.py
ERROR tests/test_serializer_csv.py
ERROR tests/test_serializer_csv.py
ERROR tests/test_serializer_datacite.py
ERROR tests/test_serializer_datacite.py
ERROR tests/test_serializer_dc.py
ERROR tests/test_serializer_dc.py
ERROR tests/test_serializer_json.py
ERROR tests/test_serializer_json.py
ERROR tests/test_serializer_jsonld.py
ERROR tests/test_serializer_jsonld.py
ERROR tests/test_serializer_marshmallow.py
ERROR tests/test_serializer_marshmallow.py
ERROR tests/test_serializer_response.py
ERROR tests/test_serializer_response.py
ERROR invenio_records_rest/loaders/__init__.py
ERROR invenio_records_rest/loaders/marshmallow.py
ERROR invenio_records_rest/schemas/__init__.py
ERROR invenio_records_rest/schemas/fields/__init__.py
ERROR invenio_records_rest/schemas/fields/datetime.py
ERROR invenio_records_rest/schemas/fields/generated.py
ERROR invenio_records_rest/schemas/fields/marshmallow_contrib.py
ERROR invenio_records_rest/schemas/fields/persistentidentifier.py
ERROR invenio_records_rest/schemas/fields/sanitizedhtml.py
ERROR invenio_records_rest/schemas/fields/sanitizedunicode.py
ERROR invenio_records_rest/schemas/fields/trimmedstring.py
ERROR invenio_records_rest/schemas/json.py
ERROR invenio_records_rest/serializers/__init__.py
ERROR invenio_records_rest/serializers/base.py
ERROR invenio_records_rest/serializers/citeproc.py
ERROR invenio_records_rest/serializers/csv.py
ERROR invenio_records_rest/serializers/datacite.py
ERROR invenio_records_rest/serializers/dc.py
ERROR invenio_records_rest/serializers/json.py
ERROR invenio_records_rest/serializers/jsonld.py
ERROR invenio_records_rest/serializers/marshmallow.py
ERROR invenio_records_rest/serializers/response.py
!!!!!!!!!!!!!!!!!!! Interrupted: 48 errors during collection !!!!!!!!!!!!!!!!!!!
======================== 9 warnings, 48 errors in 7.15s ========================
 Container docker_services_cli-rabbitmq-1  Stopping
 Container docker_services_cli-redis-1  Stopping
 Container docker_services_cli-opensearch-1  Stopping
 Container docker_services_cli-postgresql-1  Stopping
 Container docker_services_cli-postgresql-1  Stopped
 Container docker_services_cli-postgresql-1  Removing
 Container docker_services_cli-postgresql-1  Removed
 Container docker_services_cli-redis-1  Stopped
 Container docker_services_cli-redis-1  Removing
 Container docker_services_cli-redis-1  Removed
 Container docker_services_cli-opensearch-1  Stopped
 Container docker_services_cli-opensearch-1  Removing
 Container docker_services_cli-opensearch-1  Removed
 Container docker_services_cli-rabbitmq-1  Stopped
 Container docker_services_cli-rabbitmq-1  Removing
 Container docker_services_cli-rabbitmq-1  Removed
 Network docker_services_cli_default  Removing
 Network docker_services_cli_default  Removed
