lists of files in version control and sdist match
 redis Pulling 
 elasticsearch Pulling 
 postgresql Pulling 
 rabbitmq Pulling 
 20043066d3d5 Pulling fs layer 
 fbda4a386d13 Pulling fs layer 
 257b1af0856e Pulling fs layer 
 e5fbc57eeafe Pulling fs layer 
 f19b7ac6489f Pulling fs layer 
 0f9a1c409bb2 Pulling fs layer 
 d5d9860a5545 Pulling fs layer 
 fc030d7bf8ba Pulling fs layer 
 c5ec72a0a4d4 Pulling fs layer 
 a51622689fc8 Pulling fs layer 
 e5fbc57eeafe Waiting 
 f19b7ac6489f Waiting 
 0f9a1c409bb2 Waiting 
 d5d9860a5545 Waiting 
 fc030d7bf8ba Waiting 
 c5ec72a0a4d4 Waiting 
 a51622689fc8 Waiting 
 8e44f01296e3 Pulling fs layer 
 44fc29a25beb Pulling fs layer 
 39af693970c0 Pulling fs layer 
 517b08eaf3cc Pulling fs layer 
 186a03b51bfa Pulling fs layer 
 fe77c85f37cb Pulling fs layer 
 4f4fb700ef54 Pulling fs layer 
 8e44f01296e3 Waiting 
 a43f12641297 Pulling fs layer 
 44fc29a25beb Waiting 
 39af693970c0 Waiting 
 517b08eaf3cc Waiting 
 4f4fb700ef54 Waiting 
 186a03b51bfa Waiting 
 fe77c85f37cb Waiting 
 a43f12641297 Waiting 
 b0a0cf830b12 Pulling fs layer 
 dda3d8fbd5ed Pulling fs layer 
 283a477db7bb Pulling fs layer 
 91d2729fa4d5 Pulling fs layer 
 9739ced65621 Pulling fs layer 
 ae3bb1b347a4 Pulling fs layer 
 f8406d9c00ea Pulling fs layer 
 c199bff16b05 Pulling fs layer 
 e0d55fdb4d15 Pulling fs layer 
 c1cb13b19080 Pulling fs layer 
 283a477db7bb Waiting 
 873532e5f8c7 Pulling fs layer 
 91d2729fa4d5 Waiting 
 050d9f8c3b1c Pulling fs layer 
 9739ced65621 Waiting 
 710e142705f8 Pulling fs layer 
 ae3bb1b347a4 Waiting 
 cb628c265f09 Pulling fs layer 
 f8406d9c00ea Waiting 
 c199bff16b05 Waiting 
 b0a0cf830b12 Waiting 
 e0d55fdb4d15 Waiting 
 710e142705f8 Waiting 
 c1cb13b19080 Waiting 
 cb628c265f09 Waiting 
 dda3d8fbd5ed Waiting 
 873532e5f8c7 Waiting 
 050d9f8c3b1c Waiting 
 257b1af0856e Downloading [>                                                  ]  75.84kB/7.468MB
 fbda4a386d13 Downloading [>                                                  ]  442.4kB/43.48MB
 257b1af0856e Verifying Checksum 
 257b1af0856e Download complete 
 fbda4a386d13 Downloading [=================>                                 ]  15.47MB/43.48MB
 ddf49b9115d7 Pulling fs layer 
 a752d85b289a Pulling fs layer 
 57c9a166c575 Pulling fs layer 
 44fabf20c8a1 Pulling fs layer 
 45ea1d560ab5 Pulling fs layer 
 0dc15e54b214 Pulling fs layer 
 cf11b2a25e23 Pulling fs layer 
 3a66822889ec Pulling fs layer 
 be7444f2e9d6 Pulling fs layer 
 57c9a166c575 Waiting 
 44fabf20c8a1 Waiting 
 ddf49b9115d7 Waiting 
 a752d85b289a Waiting 
 45ea1d560ab5 Waiting 
 0dc15e54b214 Waiting 
 cf11b2a25e23 Waiting 
 3a66822889ec Waiting 
 be7444f2e9d6 Waiting 
 20043066d3d5 Downloading [>                                                  ]  306.6kB/29.72MB
 fbda4a386d13 Downloading [========================================>          ]  35.49MB/43.48MB
 e5fbc57eeafe Downloading [====>                                              ]     934B/9.472kB
 e5fbc57eeafe Downloading [==================================================>]  9.472kB/9.472kB
 e5fbc57eeafe Verifying Checksum 
 e5fbc57eeafe Download complete 
 20043066d3d5 Downloading [===>                                               ]  1.851MB/29.72MB
 fbda4a386d13 Verifying Checksum 
 fbda4a386d13 Download complete 
 20043066d3d5 Downloading [===============>                                   ]  9.278MB/29.72MB
 f19b7ac6489f Downloading [>                                                  ]  214.7kB/21.31MB
 0f9a1c409bb2 Downloading [==================================================>]     188B/188B
 0f9a1c409bb2 Verifying Checksum 
 0f9a1c409bb2 Download complete 
 20043066d3d5 Downloading [=================================>                 ]  20.11MB/29.72MB
 f19b7ac6489f Downloading [============================================>      ]  18.91MB/21.31MB
 f19b7ac6489f Verifying Checksum 
 f19b7ac6489f Download complete 
 20043066d3d5 Download complete 
 20043066d3d5 Extracting [>                                                  ]  327.7kB/29.72MB
 d5d9860a5545 Downloading [==================================================>]     109B/109B
 d5d9860a5545 Verifying Checksum 
 d5d9860a5545 Download complete 
 20043066d3d5 Extracting [==========>                                        ]  6.226MB/29.72MB
 fc030d7bf8ba Downloading [==================================================>]     617B/617B
 fc030d7bf8ba Verifying Checksum 
 fc030d7bf8ba Download complete 
 c5ec72a0a4d4 Downloading [==================================================>]     831B/831B
 c5ec72a0a4d4 Verifying Checksum 
 c5ec72a0a4d4 Download complete 
 20043066d3d5 Extracting [===============>                                   ]  9.503MB/29.72MB
 a51622689fc8 Downloading [>                                                  ]  126.7kB/12.47MB
 20043066d3d5 Extracting [===========================>                       ]  16.38MB/29.72MB
 44fc29a25beb Downloading [==========================================>        ]     936B/1.105kB
 44fc29a25beb Downloading [==================================================>]  1.105kB/1.105kB
 44fc29a25beb Verifying Checksum 
 44fc29a25beb Download complete 
 a51622689fc8 Downloading [==========================================>        ]  10.62MB/12.47MB
 8e44f01296e3 Downloading [>                                                  ]  290.8kB/28.23MB
 20043066d3d5 Extracting [=======================================>           ]  23.59MB/29.72MB
 8e44f01296e3 Downloading [===========================>                       ]  15.25MB/28.23MB
 a51622689fc8 Downloading [=================================================> ]  12.45MB/12.47MB
 39af693970c0 Downloading [==================================================>]     874B/874B
 39af693970c0 Verifying Checksum 
 39af693970c0 Download complete 
 a51622689fc8 Verifying Checksum 
 a51622689fc8 Download complete 
 8e44f01296e3 Verifying Checksum 
 8e44f01296e3 Download complete 
 8e44f01296e3 Extracting [>                                                  ]  294.9kB/28.23MB
 20043066d3d5 Extracting [==========================================>        ]  25.56MB/29.72MB
 517b08eaf3cc Downloading [>                                                  ]  15.04kB/1.438MB
 8e44f01296e3 Extracting [=========>                                         ]  5.603MB/28.23MB
 186a03b51bfa Downloading [>                                                  ]  156.2kB/15.35MB
 fe77c85f37cb Downloading [==================================================>]      97B/97B
 fe77c85f37cb Verifying Checksum 
 fe77c85f37cb Download complete 
 517b08eaf3cc Verifying Checksum 
 517b08eaf3cc Download complete 
 20043066d3d5 Extracting [==============================================>    ]  27.85MB/29.72MB
 8e44f01296e3 Extracting [================>                                  ]  9.142MB/28.23MB
 186a03b51bfa Downloading [=====================>                             ]  6.557MB/15.35MB
 186a03b51bfa Verifying Checksum 
 186a03b51bfa Download complete 
 8e44f01296e3 Extracting [====================>                              ]   11.8MB/28.23MB
 4f4fb700ef54 Downloading [==================================================>]      32B/32B
 4f4fb700ef54 Verifying Checksum 
 4f4fb700ef54 Download complete 
 20043066d3d5 Extracting [=================================================> ]  29.49MB/29.72MB
 a43f12641297 Downloading [==================================================>]     571B/571B
 a43f12641297 Verifying Checksum 
 a43f12641297 Download complete 
 8e44f01296e3 Extracting [==================================>                ]  19.76MB/28.23MB
 20043066d3d5 Extracting [==================================================>]  29.72MB/29.72MB
 20043066d3d5 Pull complete 
 fbda4a386d13 Extracting [>                                                  ]  458.8kB/43.48MB
 b0a0cf830b12 Downloading [>                                                  ]  303.1kB/29.15MB
 dda3d8fbd5ed Downloading [========================================>          ]     934B/1.165kB
 dda3d8fbd5ed Downloading [==================================================>]  1.165kB/1.165kB
 dda3d8fbd5ed Verifying Checksum 
 dda3d8fbd5ed Download complete 
 283a477db7bb Downloading [>                                                  ]  46.61kB/4.533MB
 fbda4a386d13 Extracting [=========>                                         ]  8.258MB/43.48MB
 b0a0cf830b12 Downloading [============================>                      ]  16.66MB/29.15MB
 b0a0cf830b12 Verifying Checksum 
 b0a0cf830b12 Download complete 
 283a477db7bb Downloading [===========>                                       ]  1.028MB/4.533MB
 b0a0cf830b12 Extracting [>                                                  ]  294.9kB/29.15MB
 8e44f01296e3 Extracting [==========================================>        ]  23.89MB/28.23MB
 fbda4a386d13 Extracting [=================>                                 ]  15.14MB/43.48MB
 283a477db7bb Verifying Checksum 
 283a477db7bb Download complete 
 91d2729fa4d5 Downloading [>                                                  ]  14.62kB/1.45MB
 b0a0cf830b12 Extracting [======>                                            ]  3.539MB/29.15MB
 8e44f01296e3 Extracting [===============================================>   ]  26.54MB/28.23MB
 fbda4a386d13 Extracting [========================>                          ]   21.1MB/43.48MB
 9739ced65621 Downloading [>                                                  ]   84.3kB/8.069MB
 91d2729fa4d5 Downloading [===================================>               ]   1.02MB/1.45MB
 b0a0cf830b12 Extracting [=============>                                     ]  7.668MB/29.15MB
 91d2729fa4d5 Downloading [==================================================>]   1.45MB/1.45MB
 91d2729fa4d5 Verifying Checksum 
 91d2729fa4d5 Download complete 
 ae3bb1b347a4 Downloading [>                                                  ]  13.25kB/1.196MB
 fbda4a386d13 Extracting [===============================>                   ]  27.07MB/43.48MB
 9739ced65621 Verifying Checksum 
 9739ced65621 Download complete 
 8e44f01296e3 Extracting [================================================>  ]  27.13MB/28.23MB
 ae3bb1b347a4 Verifying Checksum 
 ae3bb1b347a4 Download complete 
 b0a0cf830b12 Extracting [=================>                                 ]  10.03MB/29.15MB
 fbda4a386d13 Extracting [===================================>               ]   31.2MB/43.48MB
 f8406d9c00ea Downloading [==================================================>]     116B/116B
 f8406d9c00ea Verifying Checksum 
 f8406d9c00ea Download complete 
 c199bff16b05 Downloading [==============>                                    ]     934B/3.145kB
 c199bff16b05 Downloading [==================================================>]  3.145kB/3.145kB
 c199bff16b05 Verifying Checksum 
 c199bff16b05 Download complete 
 b0a0cf830b12 Extracting [=====================>                             ]  12.68MB/29.15MB
 fbda4a386d13 Extracting [==========================================>        ]  37.16MB/43.48MB
 b0a0cf830b12 Extracting [=================================>                 ]  19.46MB/29.15MB
 fbda4a386d13 Extracting [=================================================> ]  42.66MB/43.48MB
 e0d55fdb4d15 Downloading [>                                                  ]  527.8kB/109MB
 fbda4a386d13 Extracting [==================================================>]  43.48MB/43.48MB
 c1cb13b19080 Downloading [====>                                              ]     934B/9.925kB
 c1cb13b19080 Downloading [==================================================>]  9.925kB/9.925kB
 c1cb13b19080 Verifying Checksum 
 c1cb13b19080 Download complete 
 873532e5f8c7 Downloading [==================================================>]     128B/128B
 873532e5f8c7 Verifying Checksum 
 873532e5f8c7 Download complete 
 b0a0cf830b12 Extracting [=======================================>           ]   23.3MB/29.15MB
 8e44f01296e3 Extracting [================================================>  ]  27.43MB/28.23MB
 e0d55fdb4d15 Downloading [======>                                            ]  14.48MB/109MB
 e0d55fdb4d15 Downloading [=================>                                 ]  37.97MB/109MB
 710e142705f8 Downloading [========>                                          ]     936B/5.421kB
 8e44f01296e3 Extracting [==================================================>]  28.23MB/28.23MB
 710e142705f8 Downloading [==================================================>]  5.421kB/5.421kB
 710e142705f8 Download complete 
 050d9f8c3b1c Downloading [==================================================>]     169B/169B
 050d9f8c3b1c Verifying Checksum 
 050d9f8c3b1c Download complete 
 e0d55fdb4d15 Downloading [===========================>                       ]  60.44MB/109MB
 b0a0cf830b12 Extracting [==========================================>        ]  24.77MB/29.15MB
 e0d55fdb4d15 Downloading [=====================================>             ]  82.32MB/109MB
 cb628c265f09 Downloading [==================================================>]     184B/184B
 cb628c265f09 Verifying Checksum 
 cb628c265f09 Download complete 
 e0d55fdb4d15 Downloading [=============================================>     ]  98.87MB/109MB
 8e44f01296e3 Pull complete 
 b0a0cf830b12 Extracting [===============================================>   ]  27.43MB/29.15MB
 44fc29a25beb Extracting [==================================================>]  1.105kB/1.105kB
 44fc29a25beb Extracting [==================================================>]  1.105kB/1.105kB
 ddf49b9115d7 Downloading [>                                                  ]  536.3kB/84.72MB
 e0d55fdb4d15 Downloading [===============================================>   ]  102.6MB/109MB
 e0d55fdb4d15 Verifying Checksum 
 e0d55fdb4d15 Download complete 
 b0a0cf830b12 Extracting [===============================================>   ]  27.72MB/29.15MB
 ddf49b9115d7 Downloading [===>                                               ]  5.352MB/84.72MB
 57c9a166c575 Downloading [==================================================>]  2.538kB/2.538kB
 57c9a166c575 Verifying Checksum 
 57c9a166c575 Download complete 
 44fc29a25beb Pull complete 
 39af693970c0 Extracting [==================================================>]     874B/874B
 39af693970c0 Extracting [==================================================>]     874B/874B
 ddf49b9115d7 Downloading [==========>                                        ]  18.64MB/84.72MB
 b0a0cf830b12 Extracting [================================================>  ]  28.02MB/29.15MB
 a752d85b289a Downloading [>                                                  ]  261.6kB/25.12MB
 44fabf20c8a1 Downloading [>                                                  ]  524.4kB/252.2MB
 ddf49b9115d7 Downloading [==================>                                ]  31.42MB/84.72MB
 a752d85b289a Downloading [==============================>                    ]  15.47MB/25.12MB
 44fabf20c8a1 Downloading [===>                                               ]  16.44MB/252.2MB
 ddf49b9115d7 Downloading [===========================>                       ]  46.79MB/84.72MB
 a752d85b289a Download complete 
 44fabf20c8a1 Downloading [======>                                            ]  35.03MB/252.2MB
 ddf49b9115d7 Downloading [===================================>               ]  59.52MB/84.72MB
 b0a0cf830b12 Extracting [================================================>  ]  28.31MB/29.15MB
 45ea1d560ab5 Downloading [=================>                                 ]  3.585kB/10.09kB
 45ea1d560ab5 Downloading [==================================================>]  10.09kB/10.09kB
 45ea1d560ab5 Verifying Checksum 
 45ea1d560ab5 Download complete 
 39af693970c0 Pull complete 
 517b08eaf3cc Extracting [=>                                                 ]  32.77kB/1.438MB
 ddf49b9115d7 Downloading [==========================================>        ]  72.26MB/84.72MB
 44fabf20c8a1 Downloading [==========>                                        ]  54.71MB/252.2MB
 ddf49b9115d7 Downloading [=============================================>     ]   76.5MB/84.72MB
 44fabf20c8a1 Downloading [==============>                                    ]  74.35MB/252.2MB
 517b08eaf3cc Extracting [=========>                                         ]  262.1kB/1.438MB
 fbda4a386d13 Pull complete 
 0dc15e54b214 Downloading [==================================================>]     298B/298B
 0dc15e54b214 Verifying Checksum 
 0dc15e54b214 Download complete 
 b0a0cf830b12 Extracting [=================================================> ]   28.9MB/29.15MB
 ddf49b9115d7 Downloading [===============================================>   ]  81.27MB/84.72MB
 ddf49b9115d7 Download complete 
 44fabf20c8a1 Downloading [===============>                                   ]  78.09MB/252.2MB
 257b1af0856e Extracting [>                                                  ]   98.3kB/7.468MB
 cf11b2a25e23 Downloading [==================================================>]  1.883kB/1.883kB
 cf11b2a25e23 Verifying Checksum 
 cf11b2a25e23 Download complete 
 44fabf20c8a1 Downloading [================>                                  ]  82.87MB/252.2MB
 517b08eaf3cc Extracting [=========================================>         ]   1.18MB/1.438MB
 3a66822889ec Downloading [=============================================>     ]  3.585kB/3.958kB
 3a66822889ec Download complete 
 44fabf20c8a1 Downloading [================>                                  ]  84.46MB/252.2MB
 517b08eaf3cc Extracting [=============================================>     ]  1.311MB/1.438MB
 be7444f2e9d6 Downloading [>                                                  ]  3.583kB/211.5kB
 517b08eaf3cc Extracting [==================================================>]  1.438MB/1.438MB
 517b08eaf3cc Extracting [==================================================>]  1.438MB/1.438MB
 257b1af0856e Extracting [=>                                                 ]  294.9kB/7.468MB
 be7444f2e9d6 Downloading [==================================================>]  211.5kB/211.5kB
 be7444f2e9d6 Verifying Checksum 
 be7444f2e9d6 Download complete 
 44fabf20c8a1 Downloading [===================>                               ]  96.69MB/252.2MB
 ddf49b9115d7 Extracting [>                                                  ]  557.1kB/84.72MB
 517b08eaf3cc Pull complete 
 257b1af0856e Extracting [=====>                                             ]  786.4kB/7.468MB
 186a03b51bfa Extracting [>                                                  ]  163.8kB/15.35MB
 b0a0cf830b12 Extracting [==================================================>]  29.15MB/29.15MB
 44fabf20c8a1 Downloading [=====================>                             ]  108.9MB/252.2MB
 ddf49b9115d7 Extracting [>                                                  ]  1.671MB/84.72MB
 b0a0cf830b12 Pull complete 
 dda3d8fbd5ed Extracting [==================================================>]  1.165kB/1.165kB
 dda3d8fbd5ed Extracting [==================================================>]  1.165kB/1.165kB
 257b1af0856e Extracting [=================>                                 ]  2.556MB/7.468MB
 186a03b51bfa Extracting [===========>                                       ]  3.441MB/15.35MB
 dda3d8fbd5ed Pull complete 
 283a477db7bb Extracting [>                                                  ]  65.54kB/4.533MB
 44fabf20c8a1 Downloading [========================>                          ]  123.8MB/252.2MB
 ddf49b9115d7 Extracting [==>                                                ]  4.456MB/84.72MB
 257b1af0856e Extracting [==============================>                    ]   4.62MB/7.468MB
 186a03b51bfa Extracting [=====================>                             ]  6.717MB/15.35MB
 283a477db7bb Extracting [=============================>                     ]  2.687MB/4.533MB
 44fabf20c8a1 Downloading [============================>                      ]    144MB/252.2MB
 257b1af0856e Extracting [===============================================>   ]  7.078MB/7.468MB
 ddf49b9115d7 Extracting [====>                                              ]  7.799MB/84.72MB
 257b1af0856e Extracting [==================================================>]  7.468MB/7.468MB
 257b1af0856e Extracting [==================================================>]  7.468MB/7.468MB
 186a03b51bfa Extracting [================================>                  ]  9.994MB/15.35MB
 44fabf20c8a1 Downloading [================================>                  ]  164.7MB/252.2MB
 283a477db7bb Extracting [=================================================> ]  4.522MB/4.533MB
 283a477db7bb Extracting [==================================================>]  4.533MB/4.533MB
 ddf49b9115d7 Extracting [=====>                                             ]  10.03MB/84.72MB
 186a03b51bfa Extracting [===========================================>       ]  13.43MB/15.35MB
 257b1af0856e Pull complete 
 e5fbc57eeafe Extracting [==================================================>]  9.472kB/9.472kB
 e5fbc57eeafe Extracting [==================================================>]  9.472kB/9.472kB
 44fabf20c8a1 Downloading [=====================================>             ]  188.1MB/252.2MB
 186a03b51bfa Extracting [==================================================>]  15.35MB/15.35MB
 ddf49b9115d7 Extracting [======>                                            ]   11.7MB/84.72MB
 e5fbc57eeafe Pull complete 
 283a477db7bb Pull complete 
 91d2729fa4d5 Extracting [=>                                                 ]  32.77kB/1.45MB
 186a03b51bfa Pull complete 
 fe77c85f37cb Extracting [==================================================>]      97B/97B
 fe77c85f37cb Extracting [==================================================>]      97B/97B
 44fabf20c8a1 Downloading [=========================================>         ]  209.8MB/252.2MB
 fe77c85f37cb Pull complete 
 4f4fb700ef54 Extracting [==================================================>]      32B/32B
 4f4fb700ef54 Extracting [==================================================>]      32B/32B
 4f4fb700ef54 Pull complete 
 f19b7ac6489f Extracting [>                                                  ]  229.4kB/21.31MB
 a43f12641297 Extracting [==================================================>]     571B/571B
 a43f12641297 Extracting [==================================================>]     571B/571B
 91d2729fa4d5 Extracting [==================================================>]   1.45MB/1.45MB
 a43f12641297 Pull complete 
 ddf49b9115d7 Extracting [========>                                          ]  13.93MB/84.72MB
 91d2729fa4d5 Pull complete 
 9739ced65621 Extracting [>                                                  ]   98.3kB/8.069MB
 redis Pulled 
 44fabf20c8a1 Downloading [==============================================>    ]  235.3MB/252.2MB
 f19b7ac6489f Extracting [=====>                                             ]  2.523MB/21.31MB
 44fabf20c8a1 Verifying Checksum 
 44fabf20c8a1 Download complete 
 9739ced65621 Extracting [==================>                                ]  3.047MB/8.069MB
 f19b7ac6489f Extracting [=================>                                 ]  7.569MB/21.31MB
 9739ced65621 Extracting [=============================>                     ]  4.817MB/8.069MB
 f19b7ac6489f Extracting [=======================>                           ]  9.863MB/21.31MB
 9739ced65621 Extracting [========================================>          ]  6.488MB/8.069MB
 ddf49b9115d7 Extracting [========>                                          ]  15.04MB/84.72MB
 f19b7ac6489f Extracting [===============================>                   ]   13.3MB/21.31MB
 9739ced65621 Extracting [==================================================>]  8.069MB/8.069MB
 ddf49b9115d7 Extracting [===========>                                       ]  18.94MB/84.72MB
 9739ced65621 Pull complete 
 ae3bb1b347a4 Extracting [=>                                                 ]  32.77kB/1.196MB
 f19b7ac6489f Extracting [===================================>               ]  15.14MB/21.31MB
 ae3bb1b347a4 Extracting [==================================================>]  1.196MB/1.196MB
 ae3bb1b347a4 Extracting [==================================================>]  1.196MB/1.196MB
 ddf49b9115d7 Extracting [===========>                                       ]  20.05MB/84.72MB
 f19b7ac6489f Extracting [======================================>            ]  16.52MB/21.31MB
 ae3bb1b347a4 Pull complete 
 f8406d9c00ea Extracting [==================================================>]     116B/116B
 f8406d9c00ea Extracting [==================================================>]     116B/116B
 f8406d9c00ea Pull complete 
 c199bff16b05 Extracting [==================================================>]  3.145kB/3.145kB
 c199bff16b05 Extracting [==================================================>]  3.145kB/3.145kB
 c199bff16b05 Pull complete 
 e0d55fdb4d15 Extracting [>                                                  ]  557.1kB/109MB
 f19b7ac6489f Extracting [==========================================>        ]  18.12MB/21.31MB
 ddf49b9115d7 Extracting [============>                                      ]  21.73MB/84.72MB
 e0d55fdb4d15 Extracting [==>                                                ]  5.571MB/109MB
 f19b7ac6489f Extracting [================================================>  ]  20.64MB/21.31MB
 ddf49b9115d7 Extracting [==============>                                    ]  25.07MB/84.72MB
 e0d55fdb4d15 Extracting [===>                                               ]  8.356MB/109MB
 ddf49b9115d7 Extracting [================>                                  ]  27.85MB/84.72MB
 e0d55fdb4d15 Extracting [=====>                                             ]  11.14MB/109MB
 f19b7ac6489f Extracting [================================================>  ]  20.87MB/21.31MB
 ddf49b9115d7 Extracting [====================>                              ]  33.98MB/84.72MB
 f19b7ac6489f Extracting [==================================================>]  21.31MB/21.31MB
 e0d55fdb4d15 Extracting [======>                                            ]  14.48MB/109MB
 f19b7ac6489f Pull complete 
 0f9a1c409bb2 Extracting [==================================================>]     188B/188B
 ddf49b9115d7 Extracting [=======================>                           ]  39.55MB/84.72MB
 0f9a1c409bb2 Extracting [==================================================>]     188B/188B
 0f9a1c409bb2 Pull complete 
 d5d9860a5545 Extracting [==================================================>]     109B/109B
 d5d9860a5545 Extracting [==================================================>]     109B/109B
 d5d9860a5545 Pull complete 
 fc030d7bf8ba Extracting [==================================================>]     617B/617B
 fc030d7bf8ba Extracting [==================================================>]     617B/617B
 fc030d7bf8ba Pull complete 
 c5ec72a0a4d4 Extracting [==================================================>]     831B/831B
 c5ec72a0a4d4 Extracting [==================================================>]     831B/831B
 c5ec72a0a4d4 Pull complete 
 a51622689fc8 Extracting [>                                                  ]  131.1kB/12.47MB
 e0d55fdb4d15 Extracting [=======>                                           ]  17.27MB/109MB
 ddf49b9115d7 Extracting [==========================>                        ]  44.56MB/84.72MB
 a51622689fc8 Extracting [===============>                                   ]  3.932MB/12.47MB
 e0d55fdb4d15 Extracting [=========>                                         ]  20.05MB/109MB
 ddf49b9115d7 Extracting [=============================>                     ]  50.14MB/84.72MB
 a51622689fc8 Extracting [=======================>                           ]  5.898MB/12.47MB
 e0d55fdb4d15 Extracting [==========>                                        ]  23.95MB/109MB
 ddf49b9115d7 Extracting [=================================>                 ]  56.82MB/84.72MB
 a51622689fc8 Extracting [==========================>                        ]  6.685MB/12.47MB
 e0d55fdb4d15 Extracting [=============>                                     ]  28.97MB/109MB
 ddf49b9115d7 Extracting [==================================>                ]  58.49MB/84.72MB
 a51622689fc8 Extracting [================================>                  ]  8.126MB/12.47MB
 e0d55fdb4d15 Extracting [================>                                  ]  36.77MB/109MB
 ddf49b9115d7 Extracting [===================================>               ]  60.16MB/84.72MB
 a51622689fc8 Extracting [========================================>          ]  10.09MB/12.47MB
 e0d55fdb4d15 Extracting [====================>                              ]  44.01MB/109MB
 a51622689fc8 Extracting [=============================================>     ]  11.27MB/12.47MB
 ddf49b9115d7 Extracting [====================================>              ]  61.28MB/84.72MB
 e0d55fdb4d15 Extracting [=======================>                           ]  51.25MB/109MB
 a51622689fc8 Extracting [==================================================>]  12.47MB/12.47MB
 e0d55fdb4d15 Extracting [========================>                          ]  54.03MB/109MB
 ddf49b9115d7 Extracting [====================================>              ]  61.83MB/84.72MB
 e0d55fdb4d15 Extracting [===========================>                       ]  59.05MB/109MB
 e0d55fdb4d15 Extracting [==============================>                    ]  66.85MB/109MB
 ddf49b9115d7 Extracting [======================================>            ]  65.18MB/84.72MB
 a51622689fc8 Pull complete 
 rabbitmq Pulled 
 e0d55fdb4d15 Extracting [==================================>                ]   75.2MB/109MB
 ddf49b9115d7 Extracting [=======================================>           ]   67.4MB/84.72MB
 e0d55fdb4d15 Extracting [=====================================>             ]  82.44MB/109MB
 ddf49b9115d7 Extracting [=========================================>         ]  69.63MB/84.72MB
 e0d55fdb4d15 Extracting [=========================================>         ]   90.8MB/109MB
 ddf49b9115d7 Extracting [============================================>      ]  74.65MB/84.72MB
 e0d55fdb4d15 Extracting [==========================================>        ]  93.03MB/109MB
 ddf49b9115d7 Extracting [=============================================>     ]  76.32MB/84.72MB
 e0d55fdb4d15 Extracting [============================================>      ]  96.93MB/109MB
 ddf49b9115d7 Extracting [==============================================>    ]  77.99MB/84.72MB
 e0d55fdb4d15 Extracting [=============================================>     ]  99.71MB/109MB
 ddf49b9115d7 Extracting [===============================================>   ]  80.22MB/84.72MB
 e0d55fdb4d15 Extracting [===============================================>   ]  103.1MB/109MB
 e0d55fdb4d15 Extracting [===============================================>   ]  104.2MB/109MB
 e0d55fdb4d15 Extracting [================================================>  ]  105.8MB/109MB
 ddf49b9115d7 Extracting [===============================================>   ]  80.77MB/84.72MB
 ddf49b9115d7 Extracting [=================================================> ]  84.12MB/84.72MB
 ddf49b9115d7 Extracting [==================================================>]  84.72MB/84.72MB
 ddf49b9115d7 Pull complete 
 a752d85b289a Extracting [>                                                  ]  262.1kB/25.12MB
 e0d55fdb4d15 Extracting [=================================================> ]  107.5MB/109MB
 a752d85b289a Extracting [=========>                                         ]  4.981MB/25.12MB
 e0d55fdb4d15 Extracting [=================================================> ]  108.6MB/109MB
 e0d55fdb4d15 Extracting [==================================================>]    109MB/109MB
 a752d85b289a Extracting [==========>                                        ]  5.243MB/25.12MB
 e0d55fdb4d15 Pull complete 
 c1cb13b19080 Extracting [==================================================>]  9.925kB/9.925kB
 c1cb13b19080 Extracting [==================================================>]  9.925kB/9.925kB
 a752d85b289a Extracting [===========>                                       ]  5.767MB/25.12MB
 a752d85b289a Extracting [==============>                                    ]  7.078MB/25.12MB
 a752d85b289a Extracting [===============>                                   ]  7.864MB/25.12MB
 c1cb13b19080 Pull complete 
 873532e5f8c7 Extracting [==================================================>]     128B/128B
 873532e5f8c7 Extracting [==================================================>]     128B/128B
 873532e5f8c7 Pull complete 
 050d9f8c3b1c Extracting [==================================================>]     169B/169B
 050d9f8c3b1c Extracting [==================================================>]     169B/169B
 050d9f8c3b1c Pull complete 
 710e142705f8 Extracting [==================================================>]  5.421kB/5.421kB
 710e142705f8 Extracting [==================================================>]  5.421kB/5.421kB
 710e142705f8 Pull complete 
 cb628c265f09 Extracting [==================================================>]     184B/184B
 cb628c265f09 Extracting [==================================================>]     184B/184B
 cb628c265f09 Pull complete 
 postgresql Pulled 
 a752d85b289a Extracting [=================>                                 ]  8.651MB/25.12MB
 a752d85b289a Extracting [=======================>                           ]   11.8MB/25.12MB
 a752d85b289a Extracting [======================================>            ]  19.14MB/25.12MB
 a752d85b289a Extracting [=======================================>           ]  19.92MB/25.12MB
 a752d85b289a Extracting [========================================>          ]  20.19MB/25.12MB
 a752d85b289a Extracting [========================================>          ]  20.45MB/25.12MB
 a752d85b289a Extracting [==================================================>]  25.12MB/25.12MB
 a752d85b289a Pull complete 
 57c9a166c575 Extracting [==================================================>]  2.538kB/2.538kB
 57c9a166c575 Extracting [==================================================>]  2.538kB/2.538kB
 57c9a166c575 Pull complete 
 44fabf20c8a1 Extracting [>                                                  ]  557.1kB/252.2MB
 44fabf20c8a1 Extracting [=====>                                             ]  28.41MB/252.2MB
 44fabf20c8a1 Extracting [===========>                                       ]  55.71MB/252.2MB
 44fabf20c8a1 Extracting [================>                                  ]  82.44MB/252.2MB
 44fabf20c8a1 Extracting [==================>                                ]  91.91MB/252.2MB
 44fabf20c8a1 Extracting [===================>                               ]  100.8MB/252.2MB
 44fabf20c8a1 Extracting [=====================>                             ]  110.9MB/252.2MB
 44fabf20c8a1 Extracting [=======================>                           ]  119.8MB/252.2MB
 44fabf20c8a1 Extracting [=========================>                         ]  128.7MB/252.2MB
 44fabf20c8a1 Extracting [===========================>                       ]  137.6MB/252.2MB
 44fabf20c8a1 Extracting [============================>                      ]  145.9MB/252.2MB
 44fabf20c8a1 Extracting [==============================>                    ]  154.3MB/252.2MB
 44fabf20c8a1 Extracting [================================>                  ]  162.7MB/252.2MB
 44fabf20c8a1 Extracting [===================================>               ]  177.1MB/252.2MB
 44fabf20c8a1 Extracting [=======================================>           ]    200MB/252.2MB
 44fabf20c8a1 Extracting [==========================================>        ]  212.8MB/252.2MB
 44fabf20c8a1 Extracting [============================================>      ]  225.1MB/252.2MB
 44fabf20c8a1 Extracting [==============================================>    ]  234.5MB/252.2MB
 44fabf20c8a1 Extracting [================================================>  ]  246.8MB/252.2MB
 44fabf20c8a1 Extracting [==================================================>]  252.2MB/252.2MB
 44fabf20c8a1 Pull complete 
 45ea1d560ab5 Extracting [==================================================>]  10.09kB/10.09kB
 45ea1d560ab5 Extracting [==================================================>]  10.09kB/10.09kB
 45ea1d560ab5 Pull complete 
 0dc15e54b214 Extracting [==================================================>]     298B/298B
 0dc15e54b214 Extracting [==================================================>]     298B/298B
 0dc15e54b214 Pull complete 
 cf11b2a25e23 Extracting [==================================================>]  1.883kB/1.883kB
 cf11b2a25e23 Extracting [==================================================>]  1.883kB/1.883kB
 cf11b2a25e23 Pull complete 
 3a66822889ec Extracting [==================================================>]  3.958kB/3.958kB
 3a66822889ec Extracting [==================================================>]  3.958kB/3.958kB
 3a66822889ec Pull complete 
 be7444f2e9d6 Extracting [=======>                                           ]  32.77kB/211.5kB
 be7444f2e9d6 Extracting [==================================================>]  211.5kB/211.5kB
 be7444f2e9d6 Extracting [==================================================>]  211.5kB/211.5kB
 be7444f2e9d6 Pull complete 
 elasticsearch Pulled 
 Network docker_services_cli_default  Creating
 Network docker_services_cli_default  Created
 Container docker_services_cli-redis-1  Creating
 Container docker_services_cli-elasticsearch-1  Creating
 Container docker_services_cli-postgresql-1  Creating
 Container docker_services_cli-rabbitmq-1  Creating
 Container docker_services_cli-elasticsearch-1  Created
 Container docker_services_cli-postgresql-1  Created
 Container docker_services_cli-rabbitmq-1  Created
 Container docker_services_cli-redis-1  Created
 Container docker_services_cli-redis-1  Starting
 Container docker_services_cli-postgresql-1  Starting
 Container docker_services_cli-elasticsearch-1  Starting
 Container docker_services_cli-rabbitmq-1  Starting
 Container docker_services_cli-postgresql-1  Started
 Container docker_services_cli-redis-1  Started
 Container docker_services_cli-rabbitmq-1  Started
 Container docker_services_cli-elasticsearch-1  Started
::warning file=/home/runner/work/invenio-bug-verification/invenio-bug-verification/package-repo/.venv/lib/python3.12/site-packages/passlib/utils/__init__.py,line=854::'crypt' is deprecated and slated for removal in Python 3.13
::warning file=/home/runner/work/invenio-bug-verification/invenio-bug-verification/package-repo/.venv/lib/python3.12/site-packages/marshmallow_utils/fields/generated.py,line=12::The '__version_info__' attribute is deprecated and will be removed in in a future version. Use feature detection or 'packaging.Version(importlib.metadata.version("marshmallow")).release' instead.
::warning file=/home/runner/work/invenio-bug-verification/invenio-bug-verification/package-repo/.venv/lib/python3.12/site-packages/marshmallow_utils/fields/generated.py,line=12::The '__version_info__' attribute is deprecated and will be removed in in a future version. Use feature detection or 'packaging.Version(importlib.metadata.version("marshmallow")).release' instead.
::warning file=/home/runner/work/invenio-bug-verification/invenio-bug-verification/package-repo/.venv/lib/python3.12/site-packages/jsonresolver/contrib/jsonschema.py,line=31::jsonschema.RefResolver is deprecated as of v4.18.0, in favor of the https://github.com/python-jsonschema/referencing library, which provides more compliant referencing behavior as well as more flexible APIs for customization. A future release will remove RefResolver. Please file a feature request (on referencing) if you are missing an API for the kind of customization you need.
::warning file=/home/runner/work/invenio-bug-verification/invenio-bug-verification/package-repo/.venv/lib/python3.12/site-packages/jsonresolver/contrib/jsonschema.py,line=31::jsonschema.RefResolver is deprecated as of v4.18.0, in favor of the https://github.com/python-jsonschema/referencing library, which provides more compliant referencing behavior as well as more flexible APIs for customization. A future release will remove RefResolver. Please file a feature request (on referencing) if you are missing an API for the kind of customization you need.
::warning file=/home/runner/work/invenio-bug-verification/invenio-bug-verification/package-repo/.venv/lib/python3.12/site-packages/invenio_records/resolver.py,line=14::jsonschema.exceptions.RefResolutionError is deprecated as of version 4.18.0. If you wish to catch potential reference resolution errors, directly catch referencing.exceptions.Unresolvable.
::warning file=/home/runner/work/invenio-bug-verification/invenio-bug-verification/package-repo/.venv/lib/python3.12/site-packages/invenio_records/resolver.py,line=14::jsonschema.RefResolver is deprecated as of v4.18.0, in favor of the https://github.com/python-jsonschema/referencing library, which provides more compliant referencing behavior as well as more flexible APIs for customization. A future release will remove RefResolver. Please file a feature request (on referencing) if you are missing an API for the kind of customization you need.
::warning file=/home/runner/work/invenio-bug-verification/invenio-bug-verification/package-repo/.venv/lib/python3.12/site-packages/invenio_records/resolver.py,line=14::jsonschema.exceptions.RefResolutionError is deprecated as of version 4.18.0. If you wish to catch potential reference resolution errors, directly catch referencing.exceptions.Unresolvable.
::warning file=/home/runner/work/invenio-bug-verification/invenio-bug-verification/package-repo/.venv/lib/python3.12/site-packages/invenio_records/resolver.py,line=14::jsonschema.RefResolver is deprecated as of v4.18.0, in favor of the https://github.com/python-jsonschema/referencing library, which provides more compliant referencing behavior as well as more flexible APIs for customization. A future release will remove RefResolver. Please file a feature request (on referencing) if you are missing an API for the kind of customization you need.
::warning file=/home/runner/work/invenio-bug-verification/invenio-bug-verification/package-repo/.venv/lib/python3.12/site-packages/invenio_records_resources/services/files/schema.py,line=154::The 'default' argument to fields is deprecated. Use 'dump_default' instead.
::warning file=/home/runner/work/invenio-bug-verification/invenio-bug-verification/package-repo/.venv/lib/python3.12/site-packages/invenio_records_resources/services/base/links.py,line=140::Link is deprecated and will be removed in v14.0. Use `ExternalLink` for third-party links and `EndpointLink` for InvenioRDM links.
::warning file=/home/runner/work/invenio-bug-verification/invenio-bug-verification/package-repo/.venv/lib/python3.12/site-packages/invenio_records_resources/services/base/links.py,line=140::Link is deprecated and will be removed in v14.0. Use `ExternalLink` for third-party links and `EndpointLink` for InvenioRDM links.
::warning file=/home/runner/work/invenio-bug-verification/invenio-bug-verification/package-repo/.venv/lib/python3.12/site-packages/invenio_records_resources/services/base/links.py,line=140::Link is deprecated and will be removed in v14.0. Use `ExternalLink` for third-party links and `EndpointLink` for InvenioRDM links.
::warning file=/home/runner/work/invenio-bug-verification/invenio-bug-verification/package-repo/.venv/lib/python3.12/site-packages/invenio_records_resources/services/base/links.py,line=140::Link is deprecated and will be removed in v14.0. Use `ExternalLink` for third-party links and `EndpointLink` for InvenioRDM links.
::warning file=/home/runner/work/invenio-bug-verification/invenio-bug-verification/package-repo/.venv/lib/python3.12/site-packages/invenio_records_resources/services/base/links.py,line=140::Link is deprecated and will be removed in v14.0. Use `ExternalLink` for third-party links and `EndpointLink` for InvenioRDM links.
::warning file=/home/runner/work/invenio-bug-verification/invenio-bug-verification/package-repo/.venv/lib/python3.12/site-packages/invenio_records_resources/services/base/links.py,line=140::Link is deprecated and will be removed in v14.0. Use `ExternalLink` for third-party links and `EndpointLink` for InvenioRDM links.
::warning file=/home/runner/work/invenio-bug-verification/invenio-bug-verification/package-repo/.venv/lib/python3.12/site-packages/invenio_records_resources/services/base/links.py,line=140::Link is deprecated and will be removed in v14.0. Use `ExternalLink` for third-party links and `EndpointLink` for InvenioRDM links.
::warning file=/home/runner/work/invenio-bug-verification/invenio-bug-verification/package-repo/.venv/lib/python3.12/site-packages/invenio_records_resources/services/base/links.py,line=140::Link is deprecated and will be removed in v14.0. Use `ExternalLink` for third-party links and `EndpointLink` for InvenioRDM links.
::warning file=/home/runner/work/invenio-bug-verification/invenio-bug-verification/package-repo/.venv/lib/python3.12/site-packages/invenio_records_resources/services/base/links.py,line=140::Link is deprecated and will be removed in v14.0. Use `ExternalLink` for third-party links and `EndpointLink` for InvenioRDM links.
::warning file=/home/runner/work/invenio-bug-verification/invenio-bug-verification/package-repo/.venv/lib/python3.12/site-packages/invenio_records_resources/services/base/links.py,line=140::Link is deprecated and will be removed in v14.0. Use `ExternalLink` for third-party links and `EndpointLink` for InvenioRDM links.
::warning file=/home/runner/work/invenio-bug-verification/invenio-bug-verification/package-repo/.venv/lib/python3.12/site-packages/invenio_records_resources/services/base/links.py,line=140::Link is deprecated and will be removed in v14.0. Use `ExternalLink` for third-party links and `EndpointLink` for InvenioRDM links.
::warning file=/home/runner/work/invenio-bug-verification/invenio-bug-verification/package-repo/.venv/lib/python3.12/site-packages/invenio_records_resources/services/base/links.py,line=140::Link is deprecated and will be removed in v14.0. Use `ExternalLink` for third-party links and `EndpointLink` for InvenioRDM links.
::warning file=/home/runner/work/invenio-bug-verification/invenio-bug-verification/package-repo/.venv/lib/python3.12/site-packages/invenio_records_resources/services/base/links.py,line=140::Link is deprecated and will be removed in v14.0. Use `ExternalLink` for third-party links and `EndpointLink` for InvenioRDM links.
::warning file=/home/runner/work/invenio-bug-verification/invenio-bug-verification/package-repo/.venv/lib/python3.12/site-packages/invenio_records_resources/services/base/links.py,line=140::Link is deprecated and will be removed in v14.0. Use `ExternalLink` for third-party links and `EndpointLink` for InvenioRDM links.
::warning file=/home/runner/work/invenio-bug-verification/invenio-bug-verification/package-repo/.venv/lib/python3.12/site-packages/invenio_records_resources/services/base/links.py,line=140::Link is deprecated and will be removed in v14.0. Use `ExternalLink` for third-party links and `EndpointLink` for InvenioRDM links.
::warning file=/home/runner/work/invenio-bug-verification/invenio-bug-verification/package-repo/.venv/lib/python3.12/site-packages/invenio_records_resources/services/base/links.py,line=140::Link is deprecated and will be removed in v14.0. Use `ExternalLink` for third-party links and `EndpointLink` for InvenioRDM links.
::warning file=/home/runner/work/invenio-bug-verification/invenio-bug-verification/package-repo/.venv/lib/python3.12/site-packages/invenio_records_resources/services/base/links.py,line=140::Link is deprecated and will be removed in v14.0. Use `ExternalLink` for third-party links and `EndpointLink` for InvenioRDM links.
::warning file=/home/runner/work/invenio-bug-verification/invenio-bug-verification/package-repo/.venv/lib/python3.12/site-packages/invenio_records_resources/services/base/links.py,line=140::Link is deprecated and will be removed in v14.0. Use `ExternalLink` for third-party links and `EndpointLink` for InvenioRDM links.
::warning file=/home/runner/work/invenio-bug-verification/invenio-bug-verification/package-repo/.venv/lib/python3.12/site-packages/invenio_records_resources/services/base/links.py,line=140::Link is deprecated and will be removed in v14.0. Use `ExternalLink` for third-party links and `EndpointLink` for InvenioRDM links.
::warning file=/home/runner/work/invenio-bug-verification/invenio-bug-verification/package-repo/.venv/lib/python3.12/site-packages/invenio_records_resources/services/base/links.py,line=140::Link is deprecated and will be removed in v14.0. Use `ExternalLink` for third-party links and `EndpointLink` for InvenioRDM links.
::warning file=/home/runner/work/invenio-bug-verification/invenio-bug-verification/package-repo/.venv/lib/python3.12/site-packages/marshmallow/fields.py,line=986::The 'default' argument to fields is deprecated. Use 'dump_default' instead.
::warning file=/home/runner/work/invenio-bug-verification/invenio-bug-verification/package-repo/.venv/lib/python3.12/site-packages/marshmallow/fields.py,line=986::The 'default' argument to fields is deprecated. Use 'dump_default' instead.
::warning file=/home/runner/work/invenio-bug-verification/invenio-bug-verification/package-repo/.venv/lib/python3.12/site-packages/marshmallow/fields.py,line=986::The 'default' argument to fields is deprecated. Use 'dump_default' instead.
::warning file=/home/runner/work/invenio-bug-verification/invenio-bug-verification/package-repo/.venv/lib/python3.12/site-packages/marshmallow/fields.py,line=986::The 'default' argument to fields is deprecated. Use 'dump_default' instead.
::warning file=/home/runner/work/invenio-bug-verification/invenio-bug-verification/package-repo/.venv/lib/python3.12/site-packages/marshmallow/fields.py,line=986::The 'default' argument to fields is deprecated. Use 'dump_default' instead.
::warning file=/home/runner/work/invenio-bug-verification/invenio-bug-verification/package-repo/.venv/lib/python3.12/site-packages/marshmallow/utils.py,line=361::`Field` should not be instantiated. Use `fields.Raw` or  another field subclass instead.
::warning file=/home/runner/work/invenio-bug-verification/invenio-bug-verification/package-repo/.venv/lib/python3.12/site-packages/invenio_records_resources/services/base/links.py,line=140::Link is deprecated and will be removed in v14.0. Use `ExternalLink` for third-party links and `EndpointLink` for InvenioRDM links.
::warning file=/home/runner/work/invenio-bug-verification/invenio-bug-verification/package-repo/.venv/lib/python3.12/site-packages/invenio_records_resources/services/base/links.py,line=140::Link is deprecated and will be removed in v14.0. Use `ExternalLink` for third-party links and `EndpointLink` for InvenioRDM links.
::warning file=/home/runner/work/invenio-bug-verification/invenio-bug-verification/package-repo/.venv/lib/python3.12/site-packages/invenio_records_resources/services/base/links.py,line=140::Link is deprecated and will be removed in v14.0. Use `ExternalLink` for third-party links and `EndpointLink` for InvenioRDM links.
::warning file=/home/runner/work/invenio-bug-verification/invenio-bug-verification/package-repo/.venv/lib/python3.12/site-packages/invenio_records_resources/services/base/links.py,line=140::Link is deprecated and will be removed in v14.0. Use `ExternalLink` for third-party links and `EndpointLink` for InvenioRDM links.
::warning file=/home/runner/work/invenio-bug-verification/invenio-bug-verification/package-repo/.venv/lib/python3.12/site-packages/invenio_records_resources/services/base/links.py,line=140::Link is deprecated and will be removed in v14.0. Use `ExternalLink` for third-party links and `EndpointLink` for InvenioRDM links.
::warning file=/home/runner/work/invenio-bug-verification/invenio-bug-verification/package-repo/.venv/lib/python3.12/site-packages/invenio_records_resources/services/base/links.py,line=140::Link is deprecated and will be removed in v14.0. Use `ExternalLink` for third-party links and `EndpointLink` for InvenioRDM links.
::warning file=/home/runner/work/invenio-bug-verification/invenio-bug-verification/package-repo/.venv/lib/python3.12/site-packages/invenio_records_resources/services/base/links.py,line=140::Link is deprecated and will be removed in v14.0. Use `ExternalLink` for third-party links and `EndpointLink` for InvenioRDM links.
::warning file=/home/runner/work/invenio-bug-verification/invenio-bug-verification/package-repo/.venv/lib/python3.12/site-packages/invenio_records_resources/services/base/links.py,line=140::Link is deprecated and will be removed in v14.0. Use `ExternalLink` for third-party links and `EndpointLink` for InvenioRDM links.
::warning file=/home/runner/work/invenio-bug-verification/invenio-bug-verification/package-repo/.venv/lib/python3.12/site-packages/invenio_records_resources/services/base/links.py,line=140::Link is deprecated and will be removed in v14.0. Use `ExternalLink` for third-party links and `EndpointLink` for InvenioRDM links.
::warning file=/home/runner/work/invenio-bug-verification/invenio-bug-verification/package-repo/.venv/lib/python3.12/site-packages/invenio_records_resources/services/base/links.py,line=140::Link is deprecated and will be removed in v14.0. Use `ExternalLink` for third-party links and `EndpointLink` for InvenioRDM links.
::warning file=/home/runner/work/invenio-bug-verification/invenio-bug-verification/package-repo/.venv/lib/python3.12/site-packages/invenio_records_resources/services/base/links.py,line=140::Link is deprecated and will be removed in v14.0. Use `ExternalLink` for third-party links and `EndpointLink` for InvenioRDM links.
::warning file=/home/runner/work/invenio-bug-verification/invenio-bug-verification/package-repo/.venv/lib/python3.12/site-packages/invenio_records_resources/services/base/links.py,line=140::Link is deprecated and will be removed in v14.0. Use `ExternalLink` for third-party links and `EndpointLink` for InvenioRDM links.
::warning file=/home/runner/work/invenio-bug-verification/invenio-bug-verification/package-repo/.venv/lib/python3.12/site-packages/invenio_records_resources/services/base/links.py,line=140::Link is deprecated and will be removed in v14.0. Use `ExternalLink` for third-party links and `EndpointLink` for InvenioRDM links.
::warning file=/home/runner/work/invenio-bug-verification/invenio-bug-verification/package-repo/.venv/lib/python3.12/site-packages/invenio_records_resources/services/base/links.py,line=140::Link is deprecated and will be removed in v14.0. Use `ExternalLink` for third-party links and `EndpointLink` for InvenioRDM links.
::warning file=/home/runner/work/invenio-bug-verification/invenio-bug-verification/package-repo/.venv/lib/python3.12/site-packages/invenio_records_resources/services/base/links.py,line=140::Link is deprecated and will be removed in v14.0. Use `ExternalLink` for third-party links and `EndpointLink` for InvenioRDM links.
============================= test session starts ==============================
platform linux -- Python 3.12.12, pytest-8.4.2, pluggy-1.6.0 -- /home/runner/work/invenio-bug-verification/invenio-bug-verification/package-repo/.venv/bin/python
cachedir: .pytest_cache
rootdir: /home/runner/work/invenio-bug-verification/invenio-bug-verification/package-repo
configfile: setup.cfg
testpaths: docs, tests, invenio_jobs
plugins: github-actions-annotate-failures-0.3.0, pycodestyle-2.5.0, flask-1.3.0, black-ng-0.4.1, invenio-3.4.2, isort-4.0.0, cov-7.0.0, pydocstyle-2.4.0
collecting ... collected 174 items

docs/conf.py::PYDOCSTYLE PASSED
docs/conf.py::ISORT PASSED
docs/conf.py::black PASSED
tests/conftest.py::PYDOCSTYLE PASSED
tests/conftest.py::ISORT PASSED
tests/conftest.py::black PASSED
tests/mock_module/__init__.py::PYDOCSTYLE PASSED
tests/mock_module/__init__.py::ISORT PASSED
tests/mock_module/__init__.py::black PASSED
tests/mock_module/jobs.py::PYDOCSTYLE PASSED
tests/mock_module/jobs.py::ISORT PASSED
tests/mock_module/jobs.py::black PASSED
tests/mock_module/tasks.py::PYDOCSTYLE PASSED
tests/mock_module/tasks.py::ISORT PASSED
tests/mock_module/tasks.py::black PASSED
tests/resources/test_resources.py::ISORT PASSED
tests/resources/test_resources.py::black PASSED
tests/resources/test_resources.py::test_simple_flow JSONSCHEMAS_HOST is set to localhost
Flask-DebugToolbar extension not installed.
A resource error handler caught the following exception:
Traceback (most recent call last):
  File "/home/runner/work/invenio-bug-verification/invenio-bug-verification/package-repo/.venv/lib/python3.12/site-packages/flask/app.py", line 917, in full_dispatch_request
    rv = self.dispatch_request()
         ^^^^^^^^^^^^^^^^^^^^^^^
  File "/home/runner/work/invenio-bug-verification/invenio-bug-verification/package-repo/.venv/lib/python3.12/site-packages/flask/app.py", line 902, in dispatch_request
    return self.ensure_sync(self.view_functions[rule.endpoint])(**view_args)  # type: ignore[no-any-return]
           ^^^^^^^^^^^^^^^^^^^^^^^^^^^^^^^^^^^^^^^^^^^^^^^^^^^^^^^^^^^^^^^^^
  File "/home/runner/work/invenio-bug-verification/invenio-bug-verification/package-repo/.venv/lib/python3.12/site-packages/flask_resources/resources.py", line 65, in view
    return view_meth()
           ^^^^^^^^^^^
  File "/home/runner/work/invenio-bug-verification/invenio-bug-verification/package-repo/.venv/lib/python3.12/site-packages/flask_resources/content_negotiation.py", line 116, in inner_content_negotiation
    return f(*args, **kwargs)
           ^^^^^^^^^^^^^^^^^^
  File "/home/runner/work/invenio-bug-verification/invenio-bug-verification/package-repo/.venv/lib/python3.12/site-packages/flask_resources/parsers/decorators.py", line 90, in inner
    return f(self, *args, **kwargs)
           ^^^^^^^^^^^^^^^^^^^^^^^^
  File "/home/runner/work/invenio-bug-verification/invenio-bug-verification/package-repo/.venv/lib/python3.12/site-packages/flask_resources/parsers/decorators.py", line 51, in inner
    return f(self, *args, **kwargs)
           ^^^^^^^^^^^^^^^^^^^^^^^^
  File "/home/runner/work/invenio-bug-verification/invenio-bug-verification/package-repo/.venv/lib/python3.12/site-packages/flask_resources/responses.py", line 39, in inner
    res = f(*args, **kwargs)
          ^^^^^^^^^^^^^^^^^^
  File "/home/runner/work/invenio-bug-verification/invenio-bug-verification/package-repo/invenio_jobs/resources/resources.py", line 188, in create
    item = self.service.create(
           ^^^^^^^^^^^^^^^^^^^^
  File "/home/runner/work/invenio-bug-verification/invenio-bug-verification/package-repo/invenio_jobs/logging/jobs.py", line 82, in wrapper
    return func(*args, **kwargs)
           ^^^^^^^^^^^^^^^^^^^^^
  File "/home/runner/work/invenio-bug-verification/invenio-bug-verification/package-repo/.venv/lib/python3.12/site-packages/invenio_db/uow.py", line 251, in inner
    res = f(self, *args, **kwargs)
          ^^^^^^^^^^^^^^^^^^^^^^^^
  File "/home/runner/work/invenio-bug-verification/invenio-bug-verification/package-repo/invenio_jobs/services/services.py", line 259, in create
    valid_data, errors = self.schema.load(
                         ^^^^^^^^^^^^^^^^^
  File "/home/runner/work/invenio-bug-verification/invenio-bug-verification/package-repo/.venv/lib/python3.12/site-packages/invenio_records_resources/services/records/schema.py", line 97, in load
    valid_data = self.schema(**schema_args).load(data)
                 ^^^^^^^^^^^^^^^^^^^^^^^^^^^^^^^^^^^^^
  File "/home/runner/work/invenio-bug-verification/invenio-bug-verification/package-repo/.venv/lib/python3.12/site-packages/marshmallow/schema.py", line 792, in load
    return self._do_load(
           ^^^^^^^^^^^^^^
  File "/home/runner/work/invenio-bug-verification/invenio-bug-verification/package-repo/.venv/lib/python3.12/site-packages/marshmallow/schema.py", line 999, in _do_load
    raise exc
marshmallow.exceptions.ValidationError: {'args': {'since': ['Not a valid datetime.']}}
[2025-11-18 09:23:43,390] DEBUG in errors: A resource error handler caught the following exception:
Traceback (most recent call last):
  File "/home/runner/work/invenio-bug-verification/invenio-bug-verification/package-repo/.venv/lib/python3.12/site-packages/flask/app.py", line 917, in full_dispatch_request
    rv = self.dispatch_request()
         ^^^^^^^^^^^^^^^^^^^^^^^
  File "/home/runner/work/invenio-bug-verification/invenio-bug-verification/package-repo/.venv/lib/python3.12/site-packages/flask/app.py", line 902, in dispatch_request
    return self.ensure_sync(self.view_functions[rule.endpoint])(**view_args)  # type: ignore[no-any-return]
           ^^^^^^^^^^^^^^^^^^^^^^^^^^^^^^^^^^^^^^^^^^^^^^^^^^^^^^^^^^^^^^^^^
  File "/home/runner/work/invenio-bug-verification/invenio-bug-verification/package-repo/.venv/lib/python3.12/site-packages/flask_resources/resources.py", line 65, in view
    return view_meth()
           ^^^^^^^^^^^
  File "/home/runner/work/invenio-bug-verification/invenio-bug-verification/package-repo/.venv/lib/python3.12/site-packages/flask_resources/content_negotiation.py", line 116, in inner_content_negotiation
    return f(*args, **kwargs)
           ^^^^^^^^^^^^^^^^^^
  File "/home/runner/work/invenio-bug-verification/invenio-bug-verification/package-repo/.venv/lib/python3.12/site-packages/flask_resources/parsers/decorators.py", line 90, in inner
    return f(self, *args, **kwargs)
           ^^^^^^^^^^^^^^^^^^^^^^^^
  File "/home/runner/work/invenio-bug-verification/invenio-bug-verification/package-repo/.venv/lib/python3.12/site-packages/flask_resources/parsers/decorators.py", line 51, in inner
    return f(self, *args, **kwargs)
           ^^^^^^^^^^^^^^^^^^^^^^^^
  File "/home/runner/work/invenio-bug-verification/invenio-bug-verification/package-repo/.venv/lib/python3.12/site-packages/flask_resources/responses.py", line 39, in inner
    res = f(*args, **kwargs)
          ^^^^^^^^^^^^^^^^^^
  File "/home/runner/work/invenio-bug-verification/invenio-bug-verification/package-repo/invenio_jobs/resources/resources.py", line 188, in create
    item = self.service.create(
           ^^^^^^^^^^^^^^^^^^^^
  File "/home/runner/work/invenio-bug-verification/invenio-bug-verification/package-repo/invenio_jobs/logging/jobs.py", line 82, in wrapper
    return func(*args, **kwargs)
           ^^^^^^^^^^^^^^^^^^^^^
  File "/home/runner/work/invenio-bug-verification/invenio-bug-verification/package-repo/.venv/lib/python3.12/site-packages/invenio_db/uow.py", line 251, in inner
    res = f(self, *args, **kwargs)
          ^^^^^^^^^^^^^^^^^^^^^^^^
  File "/home/runner/work/invenio-bug-verification/invenio-bug-verification/package-repo/invenio_jobs/services/services.py", line 259, in create
    valid_data, errors = self.schema.load(
                         ^^^^^^^^^^^^^^^^^
  File "/home/runner/work/invenio-bug-verification/invenio-bug-verification/package-repo/.venv/lib/python3.12/site-packages/invenio_records_resources/services/records/schema.py", line 97, in load
    valid_data = self.schema(**schema_args).load(data)
                 ^^^^^^^^^^^^^^^^^^^^^^^^^^^^^^^^^^^^^
  File "/home/runner/work/invenio-bug-verification/invenio-bug-verification/package-repo/.venv/lib/python3.12/site-packages/marshmallow/schema.py", line 792, in load
    return self._do_load(
           ^^^^^^^^^^^^^^
  File "/home/runner/work/invenio-bug-verification/invenio-bug-verification/package-repo/.venv/lib/python3.12/site-packages/marshmallow/schema.py", line 999, in _do_load
    raise exc
marshmallow.exceptions.ValidationError: {'args': {'since': ['Not a valid datetime.']}}
Run created
[2025-11-18 09:23:43,419] DEBUG in services: Run created
Run created
[2025-11-18 09:23:43,551] DEBUG in services: Run created
Test log message
[2025-11-18 09:23:43,849] INFO in test_resources: Test log message
PASSED
tests/resources/test_resources.py::test_tasks_search SKIPPED (Tasks
search not needed.)
tests/resources/test_resources.py::test_jobs_create PASSED::warning file=/home/runner/work/invenio-bug-verification/invenio-bug-verification/package-repo/.venv/lib/python3.12/site-packages/sqlalchemy/sql/schema.py,line=3624::datetime.datetime.utcnow() is deprecated and scheduled for removal in a future version. Use timezone-aware objects to represent datetimes in UTC: datetime.datetime.now(datetime.UTC).
::warning file=/home/runner/work/invenio-bug-verification/invenio-bug-verification/package-repo/.venv/lib/python3.12/site-packages/sqlalchemy/sql/schema.py,line=3624::datetime.datetime.utcnow() is deprecated and scheduled for removal in a future version. Use timezone-aware objects to represent datetimes in UTC: datetime.datetime.now(datetime.UTC).
::warning file=/home/runner/work/invenio-bug-verification/invenio-bug-verification/package-repo/.venv/lib/python3.12/site-packages/sqlalchemy/sql/schema.py,line=3624::datetime.datetime.utcnow() is deprecated and scheduled for removal in a future version. Use timezone-aware objects to represent datetimes in UTC: datetime.datetime.now(datetime.UTC).
::warning file=/home/runner/work/invenio-bug-verification/invenio-bug-verification/package-repo/.venv/lib/python3.12/site-packages/sqlalchemy/sql/schema.py,line=3624::datetime.datetime.utcnow() is deprecated and scheduled for removal in a future version. Use timezone-aware objects to represent datetimes in UTC: datetime.datetime.now(datetime.UTC).

tests/resources/test_resources.py::test_jobs_update PASSED::warning file=/home/runner/work/invenio-bug-verification/invenio-bug-verification/package-repo/.venv/lib/python3.12/site-packages/pytest_invenio/user.py,line=36::datetime.datetime.utcnow() is deprecated and scheduled for removal in a future version. Use timezone-aware objects to represent datetimes in UTC: datetime.datetime.now(datetime.UTC).
::warning file=/home/runner/work/invenio-bug-verification/invenio-bug-verification/package-repo/.venv/lib/python3.12/site-packages/sqlalchemy/sql/schema.py,line=3624::datetime.datetime.utcnow() is deprecated and scheduled for removal in a future version. Use timezone-aware objects to represent datetimes in UTC: datetime.datetime.now(datetime.UTC).
::warning file=/home/runner/work/invenio-bug-verification/invenio-bug-verification/package-repo/.venv/lib/python3.12/site-packages/sqlalchemy/sql/schema.py,line=3624::datetime.datetime.utcnow() is deprecated and scheduled for removal in a future version. Use timezone-aware objects to represent datetimes in UTC: datetime.datetime.now(datetime.UTC).
::warning file=/home/runner/work/invenio-bug-verification/invenio-bug-verification/package-repo/.venv/lib/python3.12/site-packages/sqlalchemy/sql/schema.py,line=3624::datetime.datetime.utcnow() is deprecated and scheduled for removal in a future version. Use timezone-aware objects to represent datetimes in UTC: datetime.datetime.now(datetime.UTC).
::warning file=/home/runner/work/invenio-bug-verification/invenio-bug-verification/package-repo/.venv/lib/python3.12/site-packages/sqlalchemy/sql/schema.py,line=3624::datetime.datetime.utcnow() is deprecated and scheduled for removal in a future version. Use timezone-aware objects to represent datetimes in UTC: datetime.datetime.now(datetime.UTC).
::warning file=/home/runner/work/invenio-bug-verification/invenio-bug-verification/package-repo/.venv/lib/python3.12/site-packages/sqlalchemy/sql/schema.py,line=3624::datetime.datetime.utcnow() is deprecated and scheduled for removal in a future version. Use timezone-aware objects to represent datetimes in UTC: datetime.datetime.now(datetime.UTC).
::warning file=/home/runner/work/invenio-bug-verification/invenio-bug-verification/package-repo/.venv/lib/python3.12/site-packages/sqlalchemy/sql/schema.py,line=3624::datetime.datetime.utcnow() is deprecated and scheduled for removal in a future version. Use timezone-aware objects to represent datetimes in UTC: datetime.datetime.now(datetime.UTC).
::warning file=/home/runner/work/invenio-bug-verification/invenio-bug-verification/package-repo/.venv/lib/python3.12/site-packages/sqlalchemy_utils/models.py,line=33::datetime.datetime.utcnow() is deprecated and scheduled for removal in a future version. Use timezone-aware objects to represent datetimes in UTC: datetime.datetime.now(datetime.UTC).

tests/resources/test_resources.py::test_jobs_search PASSED::warning file=/home/runner/work/invenio-bug-verification/invenio-bug-verification/package-repo/.venv/lib/python3.12/site-packages/pytest_invenio/user.py,line=36::datetime.datetime.utcnow() is deprecated and scheduled for removal in a future version. Use timezone-aware objects to represent datetimes in UTC: datetime.datetime.now(datetime.UTC).
::warning file=/home/runner/work/invenio-bug-verification/invenio-bug-verification/package-repo/.venv/lib/python3.12/site-packages/sqlalchemy/sql/schema.py,line=3624::datetime.datetime.utcnow() is deprecated and scheduled for removal in a future version. Use timezone-aware objects to represent datetimes in UTC: datetime.datetime.now(datetime.UTC).
::warning file=/home/runner/work/invenio-bug-verification/invenio-bug-verification/package-repo/.venv/lib/python3.12/site-packages/sqlalchemy/sql/schema.py,line=3624::datetime.datetime.utcnow() is deprecated and scheduled for removal in a future version. Use timezone-aware objects to represent datetimes in UTC: datetime.datetime.now(datetime.UTC).
::warning file=/home/runner/work/invenio-bug-verification/invenio-bug-verification/package-repo/.venv/lib/python3.12/site-packages/sqlalchemy/sql/schema.py,line=3624::datetime.datetime.utcnow() is deprecated and scheduled for removal in a future version. Use timezone-aware objects to represent datetimes in UTC: datetime.datetime.now(datetime.UTC).
::warning file=/home/runner/work/invenio-bug-verification/invenio-bug-verification/package-repo/.venv/lib/python3.12/site-packages/sqlalchemy/sql/schema.py,line=3624::datetime.datetime.utcnow() is deprecated and scheduled for removal in a future version. Use timezone-aware objects to represent datetimes in UTC: datetime.datetime.now(datetime.UTC).
::warning file=/home/runner/work/invenio-bug-verification/invenio-bug-verification/package-repo/.venv/lib/python3.12/site-packages/sqlalchemy/sql/schema.py,line=3624::datetime.datetime.utcnow() is deprecated and scheduled for removal in a future version. Use timezone-aware objects to represent datetimes in UTC: datetime.datetime.now(datetime.UTC).
::warning file=/home/runner/work/invenio-bug-verification/invenio-bug-verification/package-repo/.venv/lib/python3.12/site-packages/sqlalchemy/sql/schema.py,line=3624::datetime.datetime.utcnow() is deprecated and scheduled for removal in a future version. Use timezone-aware objects to represent datetimes in UTC: datetime.datetime.now(datetime.UTC).

tests/resources/test_resources.py::test_jobs_delete PASSED::warning file=/home/runner/work/invenio-bug-verification/invenio-bug-verification/package-repo/.venv/lib/python3.12/site-packages/pytest_invenio/user.py,line=36::datetime.datetime.utcnow() is deprecated and scheduled for removal in a future version. Use timezone-aware objects to represent datetimes in UTC: datetime.datetime.now(datetime.UTC).
::warning file=/home/runner/work/invenio-bug-verification/invenio-bug-verification/package-repo/.venv/lib/python3.12/site-packages/sqlalchemy/sql/schema.py,line=3624::datetime.datetime.utcnow() is deprecated and scheduled for removal in a future version. Use timezone-aware objects to represent datetimes in UTC: datetime.datetime.now(datetime.UTC).
::warning file=/home/runner/work/invenio-bug-verification/invenio-bug-verification/package-repo/.venv/lib/python3.12/site-packages/sqlalchemy/sql/schema.py,line=3624::datetime.datetime.utcnow() is deprecated and scheduled for removal in a future version. Use timezone-aware objects to represent datetimes in UTC: datetime.datetime.now(datetime.UTC).
::warning file=/home/runner/work/invenio-bug-verification/invenio-bug-verification/package-repo/.venv/lib/python3.12/site-packages/sqlalchemy/sql/schema.py,line=3624::datetime.datetime.utcnow() is deprecated and scheduled for removal in a future version. Use timezone-aware objects to represent datetimes in UTC: datetime.datetime.now(datetime.UTC).
::warning file=/home/runner/work/invenio-bug-verification/invenio-bug-verification/package-repo/.venv/lib/python3.12/site-packages/sqlalchemy/sql/schema.py,line=3624::datetime.datetime.utcnow() is deprecated and scheduled for removal in a future version. Use timezone-aware objects to represent datetimes in UTC: datetime.datetime.now(datetime.UTC).
::warning file=/home/runner/work/invenio-bug-verification/invenio-bug-verification/package-repo/.venv/lib/python3.12/site-packages/sqlalchemy/sql/schema.py,line=3624::datetime.datetime.utcnow() is deprecated and scheduled for removal in a future version. Use timezone-aware objects to represent datetimes in UTC: datetime.datetime.now(datetime.UTC).
::warning file=/home/runner/work/invenio-bug-verification/invenio-bug-verification/package-repo/.venv/lib/python3.12/site-packages/sqlalchemy/sql/schema.py,line=3624::datetime.datetime.utcnow() is deprecated and scheduled for removal in a future version. Use timezone-aware objects to represent datetimes in UTC: datetime.datetime.now(datetime.UTC).

tests/resources/test_resources.py::test_job_template_args SKIPPED
tests/test_alembic.py::ISORT PASSED
tests/test_alembic.py::black PASSED
tests/test_alembic.py::test_alembic SKIPPED (endles loop)
tests/test_deprecated.py::ISORT PASSED
tests/test_deprecated.py::black PASSED
tests/test_deprecated.py::test_task_execution_error_deprecated PASSED
tests/test_invenio_jobs.py::ISORT PASSED
tests/test_invenio_jobs.py::black PASSED
tests/test_invenio_jobs.py::test_version PASSED
tests/test_invenio_jobs.py::test_init PASSED
tests/test_services_job_logs.py::ISORT PASSED
tests/test_services_job_logs.py::black PASSED
tests/test_services_job_logs.py::test_job_logs_search_limits_to_max_docs JSONSCHEMAS_HOST is set to localhost
[2025-11-18 09:23:47,089] WARNING in ext: JSONSCHEMAS_HOST is set to localhost
JSONSCHEMAS_HOST is set to localhost
Flask-DebugToolbar extension not installed.
[2025-11-18 09:23:47,235] DEBUG in ext: Flask-DebugToolbar extension not installed.
Flask-DebugToolbar extension not installed.
PASSED::warning file=/home/runner/work/invenio-bug-verification/invenio-bug-verification/package-repo/.venv/lib/python3.12/site-packages/flask_caching/__init__.py,line=145::Using the initialization functions in flask_caching.backend is deprecated.  Use the a full path to backend classes directly.
::warning file=/home/runner/work/invenio-bug-verification/invenio-bug-verification/package-repo/.venv/lib/python3.12/site-packages/pytest_invenio/user.py,line=36::datetime.datetime.utcnow() is deprecated and scheduled for removal in a future version. Use timezone-aware objects to represent datetimes in UTC: datetime.datetime.now(datetime.UTC).

tests/test_services_job_logs.py::test_job_logs_search_returns_all_when_under_limit PASSED::warning file=/home/runner/work/invenio-bug-verification/invenio-bug-verification/package-repo/.venv/lib/python3.12/site-packages/pytest_invenio/user.py,line=36::datetime.datetime.utcnow() is deprecated and scheduled for removal in a future version. Use timezone-aware objects to represent datetimes in UTC: datetime.datetime.now(datetime.UTC).

tests/test_services_subtasks.py::ISORT PASSED
tests/test_services_subtasks.py::black PASSED
tests/test_services_subtasks.py::test_create_subtask_run JSONSCHEMAS_HOST is set to localhost
[2025-11-18 09:23:49,216] WARNING in ext: JSONSCHEMAS_HOST is set to localhost
JSONSCHEMAS_HOST is set to localhost
JSONSCHEMAS_HOST is set to localhost
Flask-DebugToolbar extension not installed.
[2025-11-18 09:23:49,359] DEBUG in ext: Flask-DebugToolbar extension not installed.
Flask-DebugToolbar extension not installed.
Flask-DebugToolbar extension not installed.
Run created
[2025-11-18 09:23:50,354] DEBUG in services: Run created
Run created
Run created
Updating run b54191a7-3433-4d83-ac9f-2cb0b8e2cbd1 with status RunStatusEnum.QUEUED and active subtasks: False
[2025-11-18 09:23:50,376] INFO in tasks: Updating run b54191a7-3433-4d83-ac9f-2cb0b8e2cbd1 with status RunStatusEnum.QUEUED and active subtasks: False
Updating run b54191a7-3433-4d83-ac9f-2cb0b8e2cbd1 with status RunStatusEnum.QUEUED and active subtasks: False
Updating run b54191a7-3433-4d83-ac9f-2cb0b8e2cbd1 with status RunStatusEnum.QUEUED and active subtasks: False
Executing run b54191a7-3433-4d83-ac9f-2cb0b8e2cbd1 with task mock_module.tasks.mock_task and args None
[2025-11-18 09:23:50,390] DEBUG in tasks: Executing run b54191a7-3433-4d83-ac9f-2cb0b8e2cbd1 with task mock_module.tasks.mock_task and args None
Executing run b54191a7-3433-4d83-ac9f-2cb0b8e2cbd1 with task mock_module.tasks.mock_task and args None
Executing run b54191a7-3433-4d83-ac9f-2cb0b8e2cbd1 with task mock_module.tasks.mock_task and args None
Run b54191a7-3433-4d83-ac9f-2cb0b8e2cbd1 encountered an unexpected error: mock_task() got an unexpected keyword argument 'since'
[2025-11-18 09:23:50,399] ERROR in tasks: Run b54191a7-3433-4d83-ac9f-2cb0b8e2cbd1 encountered an unexpected error: mock_task() got an unexpected keyword argument 'since'
Run b54191a7-3433-4d83-ac9f-2cb0b8e2cbd1 encountered an unexpected error: mock_task() got an unexpected keyword argument 'since'
Run b54191a7-3433-4d83-ac9f-2cb0b8e2cbd1 encountered an unexpected error: mock_task() got an unexpected keyword argument 'since'
Updating run b54191a7-3433-4d83-ac9f-2cb0b8e2cbd1 with status RunStatusEnum.RUNNING and active subtasks: False
[2025-11-18 09:23:50,402] INFO in tasks: Updating run b54191a7-3433-4d83-ac9f-2cb0b8e2cbd1 with status RunStatusEnum.RUNNING and active subtasks: False
Updating run b54191a7-3433-4d83-ac9f-2cb0b8e2cbd1 with status RunStatusEnum.RUNNING and active subtasks: False
Updating run b54191a7-3433-4d83-ac9f-2cb0b8e2cbd1 with status RunStatusEnum.RUNNING and active subtasks: False
PASSED::warning file=/home/runner/work/invenio-bug-verification/invenio-bug-verification/package-repo/.venv/lib/python3.12/site-packages/flask_caching/__init__.py,line=145::Using the initialization functions in flask_caching.backend is deprecated.  Use the a full path to backend classes directly.
::warning file=/home/runner/work/invenio-bug-verification/invenio-bug-verification/package-repo/.venv/lib/python3.12/site-packages/pytest_invenio/user.py,line=36::datetime.datetime.utcnow() is deprecated and scheduled for removal in a future version. Use timezone-aware objects to represent datetimes in UTC: datetime.datetime.now(datetime.UTC).
::warning file=/home/runner/work/invenio-bug-verification/invenio-bug-verification/package-repo/.venv/lib/python3.12/site-packages/sqlalchemy/sql/schema.py,line=3624::datetime.datetime.utcnow() is deprecated and scheduled for removal in a future version. Use timezone-aware objects to represent datetimes in UTC: datetime.datetime.now(datetime.UTC).
::warning file=/home/runner/work/invenio-bug-verification/invenio-bug-verification/package-repo/.venv/lib/python3.12/site-packages/sqlalchemy_utils/models.py,line=33::datetime.datetime.utcnow() is deprecated and scheduled for removal in a future version. Use timezone-aware objects to represent datetimes in UTC: datetime.datetime.now(datetime.UTC).
::warning file=/home/runner/work/invenio-bug-verification/invenio-bug-verification/package-repo/.venv/lib/python3.12/site-packages/invenio_db/uow.py,line=193::Identity map already had an identity for (<class 'invenio_jobs.models.Run'>, (UUID('b54191a7-3433-4d83-ac9f-2cb0b8e2cbd1'),), None), replacing it with newly flushed object.   Are there load operations occurring inside of an event handler within the flush?

tests/test_services_subtasks.py::test_create_subtask_run_invalid_parent PASSED::warning file=/home/runner/work/invenio-bug-verification/invenio-bug-verification/package-repo/.venv/lib/python3.12/site-packages/pytest_invenio/user.py,line=36::datetime.datetime.utcnow() is deprecated and scheduled for removal in a future version. Use timezone-aware objects to represent datetimes in UTC: datetime.datetime.now(datetime.UTC).
::warning file=/home/runner/work/invenio-bug-verification/invenio-bug-verification/package-repo/.venv/lib/python3.12/site-packages/sqlalchemy/sql/schema.py,line=3624::datetime.datetime.utcnow() is deprecated and scheduled for removal in a future version. Use timezone-aware objects to represent datetimes in UTC: datetime.datetime.now(datetime.UTC).
::warning file=/home/runner/work/invenio-bug-verification/invenio-bug-verification/package-repo/.venv/lib/python3.12/site-packages/sqlalchemy/sql/schema.py,line=3624::datetime.datetime.utcnow() is deprecated and scheduled for removal in a future version. Use timezone-aware objects to represent datetimes in UTC: datetime.datetime.now(datetime.UTC).
::warning file=/home/runner/work/invenio-bug-verification/invenio-bug-verification/package-repo/.venv/lib/python3.12/site-packages/sqlalchemy/sql/schema.py,line=3624::datetime.datetime.utcnow() is deprecated and scheduled for removal in a future version. Use timezone-aware objects to represent datetimes in UTC: datetime.datetime.now(datetime.UTC).
::warning file=/home/runner/work/invenio-bug-verification/invenio-bug-verification/package-repo/.venv/lib/python3.12/site-packages/sqlalchemy/sql/schema.py,line=3624::datetime.datetime.utcnow() is deprecated and scheduled for removal in a future version. Use timezone-aware objects to represent datetimes in UTC: datetime.datetime.now(datetime.UTC).
::warning file=/home/runner/work/invenio-bug-verification/invenio-bug-verification/package-repo/.venv/lib/python3.12/site-packages/sqlalchemy/sql/schema.py,line=3624::datetime.datetime.utcnow() is deprecated and scheduled for removal in a future version. Use timezone-aware objects to represent datetimes in UTC: datetime.datetime.now(datetime.UTC).
::warning file=/home/runner/work/invenio-bug-verification/invenio-bug-verification/package-repo/.venv/lib/python3.12/site-packages/sqlalchemy/sql/schema.py,line=3624::datetime.datetime.utcnow() is deprecated and scheduled for removal in a future version. Use timezone-aware objects to represent datetimes in UTC: datetime.datetime.now(datetime.UTC).

tests/test_services_subtasks.py::test_start_processing_subtask Run created
[2025-11-18 09:23:50,718] DEBUG in services: Run created
Run created
Run created
Updating run 0aabb4a3-11de-4f24-a7d9-24748e8cd9a6 with status RunStatusEnum.QUEUED and active subtasks: False
[2025-11-18 09:23:50,725] INFO in tasks: Updating run 0aabb4a3-11de-4f24-a7d9-24748e8cd9a6 with status RunStatusEnum.QUEUED and active subtasks: False
Updating run 0aabb4a3-11de-4f24-a7d9-24748e8cd9a6 with status RunStatusEnum.QUEUED and active subtasks: False
Updating run 0aabb4a3-11de-4f24-a7d9-24748e8cd9a6 with status RunStatusEnum.QUEUED and active subtasks: False
Executing run 0aabb4a3-11de-4f24-a7d9-24748e8cd9a6 with task mock_module.tasks.mock_task and args None
[2025-11-18 09:23:50,736] DEBUG in tasks: Executing run 0aabb4a3-11de-4f24-a7d9-24748e8cd9a6 with task mock_module.tasks.mock_task and args None
Executing run 0aabb4a3-11de-4f24-a7d9-24748e8cd9a6 with task mock_module.tasks.mock_task and args None
Executing run 0aabb4a3-11de-4f24-a7d9-24748e8cd9a6 with task mock_module.tasks.mock_task and args None
Run 0aabb4a3-11de-4f24-a7d9-24748e8cd9a6 encountered an unexpected error: mock_task() got an unexpected keyword argument 'since'
[2025-11-18 09:23:50,743] ERROR in tasks: Run 0aabb4a3-11de-4f24-a7d9-24748e8cd9a6 encountered an unexpected error: mock_task() got an unexpected keyword argument 'since'
Run 0aabb4a3-11de-4f24-a7d9-24748e8cd9a6 encountered an unexpected error: mock_task() got an unexpected keyword argument 'since'
Run 0aabb4a3-11de-4f24-a7d9-24748e8cd9a6 encountered an unexpected error: mock_task() got an unexpected keyword argument 'since'
Updating run 0aabb4a3-11de-4f24-a7d9-24748e8cd9a6 with status RunStatusEnum.RUNNING and active subtasks: False
[2025-11-18 09:23:50,746] INFO in tasks: Updating run 0aabb4a3-11de-4f24-a7d9-24748e8cd9a6 with status RunStatusEnum.RUNNING and active subtasks: False
Updating run 0aabb4a3-11de-4f24-a7d9-24748e8cd9a6 with status RunStatusEnum.RUNNING and active subtasks: False
Updating run 0aabb4a3-11de-4f24-a7d9-24748e8cd9a6 with status RunStatusEnum.RUNNING and active subtasks: False
PASSED::warning file=/home/runner/work/invenio-bug-verification/invenio-bug-verification/package-repo/.venv/lib/python3.12/site-packages/pytest_invenio/user.py,line=36::datetime.datetime.utcnow() is deprecated and scheduled for removal in a future version. Use timezone-aware objects to represent datetimes in UTC: datetime.datetime.now(datetime.UTC).
::warning file=/home/runner/work/invenio-bug-verification/invenio-bug-verification/package-repo/.venv/lib/python3.12/site-packages/sqlalchemy/sql/schema.py,line=3624::datetime.datetime.utcnow() is deprecated and scheduled for removal in a future version. Use timezone-aware objects to represent datetimes in UTC: datetime.datetime.now(datetime.UTC).
::warning file=/home/runner/work/invenio-bug-verification/invenio-bug-verification/package-repo/.venv/lib/python3.12/site-packages/sqlalchemy/sql/schema.py,line=3624::datetime.datetime.utcnow() is deprecated and scheduled for removal in a future version. Use timezone-aware objects to represent datetimes in UTC: datetime.datetime.now(datetime.UTC).
::warning file=/home/runner/work/invenio-bug-verification/invenio-bug-verification/package-repo/.venv/lib/python3.12/site-packages/sqlalchemy/sql/schema.py,line=3624::datetime.datetime.utcnow() is deprecated and scheduled for removal in a future version. Use timezone-aware objects to represent datetimes in UTC: datetime.datetime.now(datetime.UTC).
::warning file=/home/runner/work/invenio-bug-verification/invenio-bug-verification/package-repo/.venv/lib/python3.12/site-packages/sqlalchemy/sql/schema.py,line=3624::datetime.datetime.utcnow() is deprecated and scheduled for removal in a future version. Use timezone-aware objects to represent datetimes in UTC: datetime.datetime.now(datetime.UTC).
::warning file=/home/runner/work/invenio-bug-verification/invenio-bug-verification/package-repo/.venv/lib/python3.12/site-packages/sqlalchemy/sql/schema.py,line=3624::datetime.datetime.utcnow() is deprecated and scheduled for removal in a future version. Use timezone-aware objects to represent datetimes in UTC: datetime.datetime.now(datetime.UTC).
::warning file=/home/runner/work/invenio-bug-verification/invenio-bug-verification/package-repo/.venv/lib/python3.12/site-packages/sqlalchemy/sql/schema.py,line=3624::datetime.datetime.utcnow() is deprecated and scheduled for removal in a future version. Use timezone-aware objects to represent datetimes in UTC: datetime.datetime.now(datetime.UTC).
::warning file=/home/runner/work/invenio-bug-verification/invenio-bug-verification/package-repo/.venv/lib/python3.12/site-packages/sqlalchemy_utils/models.py,line=33::datetime.datetime.utcnow() is deprecated and scheduled for removal in a future version. Use timezone-aware objects to represent datetimes in UTC: datetime.datetime.now(datetime.UTC).
::warning file=/home/runner/work/invenio-bug-verification/invenio-bug-verification/package-repo/.venv/lib/python3.12/site-packages/sqlalchemy/sql/schema.py,line=3624::datetime.datetime.utcnow() is deprecated and scheduled for removal in a future version. Use timezone-aware objects to represent datetimes in UTC: datetime.datetime.now(datetime.UTC).
::warning file=/home/runner/work/invenio-bug-verification/invenio-bug-verification/package-repo/.venv/lib/python3.12/site-packages/sqlalchemy/sql/schema.py,line=3624::datetime.datetime.utcnow() is deprecated and scheduled for removal in a future version. Use timezone-aware objects to represent datetimes in UTC: datetime.datetime.now(datetime.UTC).
::warning file=/home/runner/work/invenio-bug-verification/invenio-bug-verification/package-repo/.venv/lib/python3.12/site-packages/sqlalchemy_utils/models.py,line=33::datetime.datetime.utcnow() is deprecated and scheduled for removal in a future version. Use timezone-aware objects to represent datetimes in UTC: datetime.datetime.now(datetime.UTC).
::warning file=/home/runner/work/invenio-bug-verification/invenio-bug-verification/package-repo/.venv/lib/python3.12/site-packages/sqlalchemy_utils/models.py,line=33::datetime.datetime.utcnow() is deprecated and scheduled for removal in a future version. Use timezone-aware objects to represent datetimes in UTC: datetime.datetime.now(datetime.UTC).
::warning file=/home/runner/work/invenio-bug-verification/invenio-bug-verification/package-repo/.venv/lib/python3.12/site-packages/sqlalchemy_utils/models.py,line=33::datetime.datetime.utcnow() is deprecated and scheduled for removal in a future version. Use timezone-aware objects to represent datetimes in UTC: datetime.datetime.now(datetime.UTC).
::warning file=/home/runner/work/invenio-bug-verification/invenio-bug-verification/package-repo/.venv/lib/python3.12/site-packages/sqlalchemy_utils/models.py,line=33::datetime.datetime.utcnow() is deprecated and scheduled for removal in a future version. Use timezone-aware objects to represent datetimes in UTC: datetime.datetime.now(datetime.UTC).
::warning file=/home/runner/work/invenio-bug-verification/invenio-bug-verification/package-repo/.venv/lib/python3.12/site-packages/sqlalchemy/sql/schema.py,line=3624::datetime.datetime.utcnow() is deprecated and scheduled for removal in a future version. Use timezone-aware objects to represent datetimes in UTC: datetime.datetime.now(datetime.UTC).
::warning file=/home/runner/work/invenio-bug-verification/invenio-bug-verification/package-repo/.venv/lib/python3.12/site-packages/sqlalchemy/sql/schema.py,line=3624::datetime.datetime.utcnow() is deprecated and scheduled for removal in a future version. Use timezone-aware objects to represent datetimes in UTC: datetime.datetime.now(datetime.UTC).
::warning file=/home/runner/work/invenio-bug-verification/invenio-bug-verification/package-repo/.venv/lib/python3.12/site-packages/invenio_db/uow.py,line=193::Identity map already had an identity for (<class 'invenio_jobs.models.Run'>, (UUID('0aabb4a3-11de-4f24-a7d9-24748e8cd9a6'),), None), replacing it with newly flushed object.   Are there load operations occurring inside of an event handler within the flush?
::warning file=/home/runner/work/invenio-bug-verification/invenio-bug-verification/package-repo/invenio_jobs/services/services.py,line=354::datetime.datetime.utcnow() is deprecated and scheduled for removal in a future version. Use timezone-aware objects to represent datetimes in UTC: datetime.datetime.now(datetime.UTC).
::warning file=/home/runner/work/invenio-bug-verification/invenio-bug-verification/package-repo/.venv/lib/python3.12/site-packages/sqlalchemy_utils/models.py,line=33::datetime.datetime.utcnow() is deprecated and scheduled for removal in a future version. Use timezone-aware objects to represent datetimes in UTC: datetime.datetime.now(datetime.UTC).

tests/test_services_subtasks.py::test_start_processing_subtask_invalid_status Run created
[2025-11-18 09:23:50,975] DEBUG in services: Run created
Run created
Run created
Updating run 345b3e4a-2da3-4e57-a619-430e8a289a3f with status RunStatusEnum.QUEUED and active subtasks: False
[2025-11-18 09:23:50,982] INFO in tasks: Updating run 345b3e4a-2da3-4e57-a619-430e8a289a3f with status RunStatusEnum.QUEUED and active subtasks: False
Updating run 345b3e4a-2da3-4e57-a619-430e8a289a3f with status RunStatusEnum.QUEUED and active subtasks: False
Updating run 345b3e4a-2da3-4e57-a619-430e8a289a3f with status RunStatusEnum.QUEUED and active subtasks: False
Executing run 345b3e4a-2da3-4e57-a619-430e8a289a3f with task mock_module.tasks.mock_task and args None
[2025-11-18 09:23:50,994] DEBUG in tasks: Executing run 345b3e4a-2da3-4e57-a619-430e8a289a3f with task mock_module.tasks.mock_task and args None
Executing run 345b3e4a-2da3-4e57-a619-430e8a289a3f with task mock_module.tasks.mock_task and args None
Executing run 345b3e4a-2da3-4e57-a619-430e8a289a3f with task mock_module.tasks.mock_task and args None
Run 345b3e4a-2da3-4e57-a619-430e8a289a3f encountered an unexpected error: mock_task() got an unexpected keyword argument 'since'
[2025-11-18 09:23:51,001] ERROR in tasks: Run 345b3e4a-2da3-4e57-a619-430e8a289a3f encountered an unexpected error: mock_task() got an unexpected keyword argument 'since'
Run 345b3e4a-2da3-4e57-a619-430e8a289a3f encountered an unexpected error: mock_task() got an unexpected keyword argument 'since'
Run 345b3e4a-2da3-4e57-a619-430e8a289a3f encountered an unexpected error: mock_task() got an unexpected keyword argument 'since'
Updating run 345b3e4a-2da3-4e57-a619-430e8a289a3f with status RunStatusEnum.RUNNING and active subtasks: False
[2025-11-18 09:23:51,004] INFO in tasks: Updating run 345b3e4a-2da3-4e57-a619-430e8a289a3f with status RunStatusEnum.RUNNING and active subtasks: False
Updating run 345b3e4a-2da3-4e57-a619-430e8a289a3f with status RunStatusEnum.RUNNING and active subtasks: False
Updating run 345b3e4a-2da3-4e57-a619-430e8a289a3f with status RunStatusEnum.RUNNING and active subtasks: False
PASSED::warning file=/home/runner/work/invenio-bug-verification/invenio-bug-verification/package-repo/.venv/lib/python3.12/site-packages/pytest_invenio/user.py,line=36::datetime.datetime.utcnow() is deprecated and scheduled for removal in a future version. Use timezone-aware objects to represent datetimes in UTC: datetime.datetime.now(datetime.UTC).
::warning file=/home/runner/work/invenio-bug-verification/invenio-bug-verification/package-repo/.venv/lib/python3.12/site-packages/sqlalchemy/sql/schema.py,line=3624::datetime.datetime.utcnow() is deprecated and scheduled for removal in a future version. Use timezone-aware objects to represent datetimes in UTC: datetime.datetime.now(datetime.UTC).
::warning file=/home/runner/work/invenio-bug-verification/invenio-bug-verification/package-repo/.venv/lib/python3.12/site-packages/sqlalchemy/sql/schema.py,line=3624::datetime.datetime.utcnow() is deprecated and scheduled for removal in a future version. Use timezone-aware objects to represent datetimes in UTC: datetime.datetime.now(datetime.UTC).
::warning file=/home/runner/work/invenio-bug-verification/invenio-bug-verification/package-repo/.venv/lib/python3.12/site-packages/sqlalchemy/sql/schema.py,line=3624::datetime.datetime.utcnow() is deprecated and scheduled for removal in a future version. Use timezone-aware objects to represent datetimes in UTC: datetime.datetime.now(datetime.UTC).
::warning file=/home/runner/work/invenio-bug-verification/invenio-bug-verification/package-repo/.venv/lib/python3.12/site-packages/sqlalchemy/sql/schema.py,line=3624::datetime.datetime.utcnow() is deprecated and scheduled for removal in a future version. Use timezone-aware objects to represent datetimes in UTC: datetime.datetime.now(datetime.UTC).
::warning file=/home/runner/work/invenio-bug-verification/invenio-bug-verification/package-repo/.venv/lib/python3.12/site-packages/sqlalchemy/sql/schema.py,line=3624::datetime.datetime.utcnow() is deprecated and scheduled for removal in a future version. Use timezone-aware objects to represent datetimes in UTC: datetime.datetime.now(datetime.UTC).
::warning file=/home/runner/work/invenio-bug-verification/invenio-bug-verification/package-repo/.venv/lib/python3.12/site-packages/sqlalchemy/sql/schema.py,line=3624::datetime.datetime.utcnow() is deprecated and scheduled for removal in a future version. Use timezone-aware objects to represent datetimes in UTC: datetime.datetime.now(datetime.UTC).
::warning file=/home/runner/work/invenio-bug-verification/invenio-bug-verification/package-repo/.venv/lib/python3.12/site-packages/sqlalchemy_utils/models.py,line=33::datetime.datetime.utcnow() is deprecated and scheduled for removal in a future version. Use timezone-aware objects to represent datetimes in UTC: datetime.datetime.now(datetime.UTC).
::warning file=/home/runner/work/invenio-bug-verification/invenio-bug-verification/package-repo/.venv/lib/python3.12/site-packages/sqlalchemy/sql/schema.py,line=3624::datetime.datetime.utcnow() is deprecated and scheduled for removal in a future version. Use timezone-aware objects to represent datetimes in UTC: datetime.datetime.now(datetime.UTC).
::warning file=/home/runner/work/invenio-bug-verification/invenio-bug-verification/package-repo/.venv/lib/python3.12/site-packages/sqlalchemy/sql/schema.py,line=3624::datetime.datetime.utcnow() is deprecated and scheduled for removal in a future version. Use timezone-aware objects to represent datetimes in UTC: datetime.datetime.now(datetime.UTC).
::warning file=/home/runner/work/invenio-bug-verification/invenio-bug-verification/package-repo/.venv/lib/python3.12/site-packages/sqlalchemy_utils/models.py,line=33::datetime.datetime.utcnow() is deprecated and scheduled for removal in a future version. Use timezone-aware objects to represent datetimes in UTC: datetime.datetime.now(datetime.UTC).
::warning file=/home/runner/work/invenio-bug-verification/invenio-bug-verification/package-repo/.venv/lib/python3.12/site-packages/sqlalchemy_utils/models.py,line=33::datetime.datetime.utcnow() is deprecated and scheduled for removal in a future version. Use timezone-aware objects to represent datetimes in UTC: datetime.datetime.now(datetime.UTC).
::warning file=/home/runner/work/invenio-bug-verification/invenio-bug-verification/package-repo/.venv/lib/python3.12/site-packages/sqlalchemy_utils/models.py,line=33::datetime.datetime.utcnow() is deprecated and scheduled for removal in a future version. Use timezone-aware objects to represent datetimes in UTC: datetime.datetime.now(datetime.UTC).
::warning file=/home/runner/work/invenio-bug-verification/invenio-bug-verification/package-repo/.venv/lib/python3.12/site-packages/sqlalchemy_utils/models.py,line=33::datetime.datetime.utcnow() is deprecated and scheduled for removal in a future version. Use timezone-aware objects to represent datetimes in UTC: datetime.datetime.now(datetime.UTC).
::warning file=/home/runner/work/invenio-bug-verification/invenio-bug-verification/package-repo/.venv/lib/python3.12/site-packages/sqlalchemy/sql/schema.py,line=3624::datetime.datetime.utcnow() is deprecated and scheduled for removal in a future version. Use timezone-aware objects to represent datetimes in UTC: datetime.datetime.now(datetime.UTC).
::warning file=/home/runner/work/invenio-bug-verification/invenio-bug-verification/package-repo/.venv/lib/python3.12/site-packages/sqlalchemy/sql/schema.py,line=3624::datetime.datetime.utcnow() is deprecated and scheduled for removal in a future version. Use timezone-aware objects to represent datetimes in UTC: datetime.datetime.now(datetime.UTC).
::warning file=/home/runner/work/invenio-bug-verification/invenio-bug-verification/package-repo/.venv/lib/python3.12/site-packages/invenio_db/uow.py,line=193::Identity map already had an identity for (<class 'invenio_jobs.models.Run'>, (UUID('345b3e4a-2da3-4e57-a619-430e8a289a3f'),), None), replacing it with newly flushed object.   Are there load operations occurring inside of an event handler within the flush?
::warning file=/home/runner/work/invenio-bug-verification/invenio-bug-verification/package-repo/.venv/lib/python3.12/site-packages/sqlalchemy_utils/models.py,line=33::datetime.datetime.utcnow() is deprecated and scheduled for removal in a future version. Use timezone-aware objects to represent datetimes in UTC: datetime.datetime.now(datetime.UTC).

tests/test_services_subtasks.py::test_finalize_subtask_success Run created
[2025-11-18 09:23:51,148] DEBUG in services: Run created
Run created
Run created
Updating run c7f8e52e-c7ac-444a-8039-20f48f6306cf with status RunStatusEnum.QUEUED and active subtasks: False
[2025-11-18 09:23:51,155] INFO in tasks: Updating run c7f8e52e-c7ac-444a-8039-20f48f6306cf with status RunStatusEnum.QUEUED and active subtasks: False
Updating run c7f8e52e-c7ac-444a-8039-20f48f6306cf with status RunStatusEnum.QUEUED and active subtasks: False
Updating run c7f8e52e-c7ac-444a-8039-20f48f6306cf with status RunStatusEnum.QUEUED and active subtasks: False
Executing run c7f8e52e-c7ac-444a-8039-20f48f6306cf with task mock_module.tasks.mock_task and args None
[2025-11-18 09:23:51,165] DEBUG in tasks: Executing run c7f8e52e-c7ac-444a-8039-20f48f6306cf with task mock_module.tasks.mock_task and args None
Executing run c7f8e52e-c7ac-444a-8039-20f48f6306cf with task mock_module.tasks.mock_task and args None
Executing run c7f8e52e-c7ac-444a-8039-20f48f6306cf with task mock_module.tasks.mock_task and args None
Run c7f8e52e-c7ac-444a-8039-20f48f6306cf encountered an unexpected error: mock_task() got an unexpected keyword argument 'since'
[2025-11-18 09:23:51,174] ERROR in tasks: Run c7f8e52e-c7ac-444a-8039-20f48f6306cf encountered an unexpected error: mock_task() got an unexpected keyword argument 'since'
Run c7f8e52e-c7ac-444a-8039-20f48f6306cf encountered an unexpected error: mock_task() got an unexpected keyword argument 'since'
Run c7f8e52e-c7ac-444a-8039-20f48f6306cf encountered an unexpected error: mock_task() got an unexpected keyword argument 'since'
Updating run c7f8e52e-c7ac-444a-8039-20f48f6306cf with status RunStatusEnum.RUNNING and active subtasks: False
[2025-11-18 09:23:51,178] INFO in tasks: Updating run c7f8e52e-c7ac-444a-8039-20f48f6306cf with status RunStatusEnum.RUNNING and active subtasks: False
Updating run c7f8e52e-c7ac-444a-8039-20f48f6306cf with status RunStatusEnum.RUNNING and active subtasks: False
Updating run c7f8e52e-c7ac-444a-8039-20f48f6306cf with status RunStatusEnum.RUNNING and active subtasks: False
PASSED::warning file=/home/runner/work/invenio-bug-verification/invenio-bug-verification/package-repo/.venv/lib/python3.12/site-packages/pytest_invenio/user.py,line=36::datetime.datetime.utcnow() is deprecated and scheduled for removal in a future version. Use timezone-aware objects to represent datetimes in UTC: datetime.datetime.now(datetime.UTC).
::warning file=/home/runner/work/invenio-bug-verification/invenio-bug-verification/package-repo/.venv/lib/python3.12/site-packages/sqlalchemy/sql/schema.py,line=3624::datetime.datetime.utcnow() is deprecated and scheduled for removal in a future version. Use timezone-aware objects to represent datetimes in UTC: datetime.datetime.now(datetime.UTC).
::warning file=/home/runner/work/invenio-bug-verification/invenio-bug-verification/package-repo/.venv/lib/python3.12/site-packages/sqlalchemy/sql/schema.py,line=3624::datetime.datetime.utcnow() is deprecated and scheduled for removal in a future version. Use timezone-aware objects to represent datetimes in UTC: datetime.datetime.now(datetime.UTC).
::warning file=/home/runner/work/invenio-bug-verification/invenio-bug-verification/package-repo/.venv/lib/python3.12/site-packages/sqlalchemy/sql/schema.py,line=3624::datetime.datetime.utcnow() is deprecated and scheduled for removal in a future version. Use timezone-aware objects to represent datetimes in UTC: datetime.datetime.now(datetime.UTC).
::warning file=/home/runner/work/invenio-bug-verification/invenio-bug-verification/package-repo/.venv/lib/python3.12/site-packages/sqlalchemy/sql/schema.py,line=3624::datetime.datetime.utcnow() is deprecated and scheduled for removal in a future version. Use timezone-aware objects to represent datetimes in UTC: datetime.datetime.now(datetime.UTC).
::warning file=/home/runner/work/invenio-bug-verification/invenio-bug-verification/package-repo/.venv/lib/python3.12/site-packages/sqlalchemy/sql/schema.py,line=3624::datetime.datetime.utcnow() is deprecated and scheduled for removal in a future version. Use timezone-aware objects to represent datetimes in UTC: datetime.datetime.now(datetime.UTC).
::warning file=/home/runner/work/invenio-bug-verification/invenio-bug-verification/package-repo/.venv/lib/python3.12/site-packages/sqlalchemy/sql/schema.py,line=3624::datetime.datetime.utcnow() is deprecated and scheduled for removal in a future version. Use timezone-aware objects to represent datetimes in UTC: datetime.datetime.now(datetime.UTC).
::warning file=/home/runner/work/invenio-bug-verification/invenio-bug-verification/package-repo/.venv/lib/python3.12/site-packages/sqlalchemy_utils/models.py,line=33::datetime.datetime.utcnow() is deprecated and scheduled for removal in a future version. Use timezone-aware objects to represent datetimes in UTC: datetime.datetime.now(datetime.UTC).
::warning file=/home/runner/work/invenio-bug-verification/invenio-bug-verification/package-repo/.venv/lib/python3.12/site-packages/sqlalchemy/sql/schema.py,line=3624::datetime.datetime.utcnow() is deprecated and scheduled for removal in a future version. Use timezone-aware objects to represent datetimes in UTC: datetime.datetime.now(datetime.UTC).
::warning file=/home/runner/work/invenio-bug-verification/invenio-bug-verification/package-repo/.venv/lib/python3.12/site-packages/sqlalchemy/sql/schema.py,line=3624::datetime.datetime.utcnow() is deprecated and scheduled for removal in a future version. Use timezone-aware objects to represent datetimes in UTC: datetime.datetime.now(datetime.UTC).
::warning file=/home/runner/work/invenio-bug-verification/invenio-bug-verification/package-repo/.venv/lib/python3.12/site-packages/sqlalchemy_utils/models.py,line=33::datetime.datetime.utcnow() is deprecated and scheduled for removal in a future version. Use timezone-aware objects to represent datetimes in UTC: datetime.datetime.now(datetime.UTC).
::warning file=/home/runner/work/invenio-bug-verification/invenio-bug-verification/package-repo/.venv/lib/python3.12/site-packages/sqlalchemy_utils/models.py,line=33::datetime.datetime.utcnow() is deprecated and scheduled for removal in a future version. Use timezone-aware objects to represent datetimes in UTC: datetime.datetime.now(datetime.UTC).
::warning file=/home/runner/work/invenio-bug-verification/invenio-bug-verification/package-repo/.venv/lib/python3.12/site-packages/sqlalchemy_utils/models.py,line=33::datetime.datetime.utcnow() is deprecated and scheduled for removal in a future version. Use timezone-aware objects to represent datetimes in UTC: datetime.datetime.now(datetime.UTC).
::warning file=/home/runner/work/invenio-bug-verification/invenio-bug-verification/package-repo/.venv/lib/python3.12/site-packages/sqlalchemy_utils/models.py,line=33::datetime.datetime.utcnow() is deprecated and scheduled for removal in a future version. Use timezone-aware objects to represent datetimes in UTC: datetime.datetime.now(datetime.UTC).
::warning file=/home/runner/work/invenio-bug-verification/invenio-bug-verification/package-repo/.venv/lib/python3.12/site-packages/sqlalchemy/sql/schema.py,line=3624::datetime.datetime.utcnow() is deprecated and scheduled for removal in a future version. Use timezone-aware objects to represent datetimes in UTC: datetime.datetime.now(datetime.UTC).
::warning file=/home/runner/work/invenio-bug-verification/invenio-bug-verification/package-repo/.venv/lib/python3.12/site-packages/sqlalchemy/sql/schema.py,line=3624::datetime.datetime.utcnow() is deprecated and scheduled for removal in a future version. Use timezone-aware objects to represent datetimes in UTC: datetime.datetime.now(datetime.UTC).
::warning file=/home/runner/work/invenio-bug-verification/invenio-bug-verification/package-repo/.venv/lib/python3.12/site-packages/invenio_db/uow.py,line=193::Identity map already had an identity for (<class 'invenio_jobs.models.Run'>, (UUID('c7f8e52e-c7ac-444a-8039-20f48f6306cf'),), None), replacing it with newly flushed object.   Are there load operations occurring inside of an event handler within the flush?
::warning file=/home/runner/work/invenio-bug-verification/invenio-bug-verification/package-repo/invenio_jobs/services/services.py,line=354::datetime.datetime.utcnow() is deprecated and scheduled for removal in a future version. Use timezone-aware objects to represent datetimes in UTC: datetime.datetime.now(datetime.UTC).
::warning file=/home/runner/work/invenio-bug-verification/invenio-bug-verification/package-repo/.venv/lib/python3.12/site-packages/sqlalchemy_utils/models.py,line=33::datetime.datetime.utcnow() is deprecated and scheduled for removal in a future version. Use timezone-aware objects to represent datetimes in UTC: datetime.datetime.now(datetime.UTC).
::warning file=/home/runner/work/invenio-bug-verification/invenio-bug-verification/package-repo/.venv/lib/python3.12/site-packages/sqlalchemy_utils/models.py,line=33::datetime.datetime.utcnow() is deprecated and scheduled for removal in a future version. Use timezone-aware objects to represent datetimes in UTC: datetime.datetime.now(datetime.UTC).
::warning file=/home/runner/work/invenio-bug-verification/invenio-bug-verification/package-repo/invenio_jobs/services/services.py,line=451::datetime.datetime.utcnow() is deprecated and scheduled for removal in a future version. Use timezone-aware objects to represent datetimes in UTC: datetime.datetime.now(datetime.UTC).

tests/test_services_subtasks.py::test_finalize_subtask_failure Run created
[2025-11-18 09:23:51,438] DEBUG in services: Run created
Run created
Run created
Updating run f797e8aa-01b0-4b0d-b59e-4dfcfdfe764b with status RunStatusEnum.QUEUED and active subtasks: False
[2025-11-18 09:23:51,445] INFO in tasks: Updating run f797e8aa-01b0-4b0d-b59e-4dfcfdfe764b with status RunStatusEnum.QUEUED and active subtasks: False
Updating run f797e8aa-01b0-4b0d-b59e-4dfcfdfe764b with status RunStatusEnum.QUEUED and active subtasks: False
Updating run f797e8aa-01b0-4b0d-b59e-4dfcfdfe764b with status RunStatusEnum.QUEUED and active subtasks: False
Executing run f797e8aa-01b0-4b0d-b59e-4dfcfdfe764b with task mock_module.tasks.mock_task and args None
[2025-11-18 09:23:51,454] DEBUG in tasks: Executing run f797e8aa-01b0-4b0d-b59e-4dfcfdfe764b with task mock_module.tasks.mock_task and args None
Executing run f797e8aa-01b0-4b0d-b59e-4dfcfdfe764b with task mock_module.tasks.mock_task and args None
Executing run f797e8aa-01b0-4b0d-b59e-4dfcfdfe764b with task mock_module.tasks.mock_task and args None
Run f797e8aa-01b0-4b0d-b59e-4dfcfdfe764b encountered an unexpected error: mock_task() got an unexpected keyword argument 'since'
[2025-11-18 09:23:51,460] ERROR in tasks: Run f797e8aa-01b0-4b0d-b59e-4dfcfdfe764b encountered an unexpected error: mock_task() got an unexpected keyword argument 'since'
Run f797e8aa-01b0-4b0d-b59e-4dfcfdfe764b encountered an unexpected error: mock_task() got an unexpected keyword argument 'since'
Run f797e8aa-01b0-4b0d-b59e-4dfcfdfe764b encountered an unexpected error: mock_task() got an unexpected keyword argument 'since'
Updating run f797e8aa-01b0-4b0d-b59e-4dfcfdfe764b with status RunStatusEnum.RUNNING and active subtasks: False
[2025-11-18 09:23:51,462] INFO in tasks: Updating run f797e8aa-01b0-4b0d-b59e-4dfcfdfe764b with status RunStatusEnum.RUNNING and active subtasks: False
Updating run f797e8aa-01b0-4b0d-b59e-4dfcfdfe764b with status RunStatusEnum.RUNNING and active subtasks: False
Updating run f797e8aa-01b0-4b0d-b59e-4dfcfdfe764b with status RunStatusEnum.RUNNING and active subtasks: False
PASSED::warning file=/home/runner/work/invenio-bug-verification/invenio-bug-verification/package-repo/.venv/lib/python3.12/site-packages/pytest_invenio/user.py,line=36::datetime.datetime.utcnow() is deprecated and scheduled for removal in a future version. Use timezone-aware objects to represent datetimes in UTC: datetime.datetime.now(datetime.UTC).
::warning file=/home/runner/work/invenio-bug-verification/invenio-bug-verification/package-repo/.venv/lib/python3.12/site-packages/sqlalchemy/sql/schema.py,line=3624::datetime.datetime.utcnow() is deprecated and scheduled for removal in a future version. Use timezone-aware objects to represent datetimes in UTC: datetime.datetime.now(datetime.UTC).
::warning file=/home/runner/work/invenio-bug-verification/invenio-bug-verification/package-repo/.venv/lib/python3.12/site-packages/sqlalchemy/sql/schema.py,line=3624::datetime.datetime.utcnow() is deprecated and scheduled for removal in a future version. Use timezone-aware objects to represent datetimes in UTC: datetime.datetime.now(datetime.UTC).
::warning file=/home/runner/work/invenio-bug-verification/invenio-bug-verification/package-repo/.venv/lib/python3.12/site-packages/sqlalchemy/sql/schema.py,line=3624::datetime.datetime.utcnow() is deprecated and scheduled for removal in a future version. Use timezone-aware objects to represent datetimes in UTC: datetime.datetime.now(datetime.UTC).
::warning file=/home/runner/work/invenio-bug-verification/invenio-bug-verification/package-repo/.venv/lib/python3.12/site-packages/sqlalchemy/sql/schema.py,line=3624::datetime.datetime.utcnow() is deprecated and scheduled for removal in a future version. Use timezone-aware objects to represent datetimes in UTC: datetime.datetime.now(datetime.UTC).
::warning file=/home/runner/work/invenio-bug-verification/invenio-bug-verification/package-repo/.venv/lib/python3.12/site-packages/sqlalchemy/sql/schema.py,line=3624::datetime.datetime.utcnow() is deprecated and scheduled for removal in a future version. Use timezone-aware objects to represent datetimes in UTC: datetime.datetime.now(datetime.UTC).
::warning file=/home/runner/work/invenio-bug-verification/invenio-bug-verification/package-repo/.venv/lib/python3.12/site-packages/sqlalchemy/sql/schema.py,line=3624::datetime.datetime.utcnow() is deprecated and scheduled for removal in a future version. Use timezone-aware objects to represent datetimes in UTC: datetime.datetime.now(datetime.UTC).
::warning file=/home/runner/work/invenio-bug-verification/invenio-bug-verification/package-repo/.venv/lib/python3.12/site-packages/sqlalchemy_utils/models.py,line=33::datetime.datetime.utcnow() is deprecated and scheduled for removal in a future version. Use timezone-aware objects to represent datetimes in UTC: datetime.datetime.now(datetime.UTC).
::warning file=/home/runner/work/invenio-bug-verification/invenio-bug-verification/package-repo/.venv/lib/python3.12/site-packages/sqlalchemy/sql/schema.py,line=3624::datetime.datetime.utcnow() is deprecated and scheduled for removal in a future version. Use timezone-aware objects to represent datetimes in UTC: datetime.datetime.now(datetime.UTC).
::warning file=/home/runner/work/invenio-bug-verification/invenio-bug-verification/package-repo/.venv/lib/python3.12/site-packages/sqlalchemy/sql/schema.py,line=3624::datetime.datetime.utcnow() is deprecated and scheduled for removal in a future version. Use timezone-aware objects to represent datetimes in UTC: datetime.datetime.now(datetime.UTC).
::warning file=/home/runner/work/invenio-bug-verification/invenio-bug-verification/package-repo/.venv/lib/python3.12/site-packages/sqlalchemy_utils/models.py,line=33::datetime.datetime.utcnow() is deprecated and scheduled for removal in a future version. Use timezone-aware objects to represent datetimes in UTC: datetime.datetime.now(datetime.UTC).
::warning file=/home/runner/work/invenio-bug-verification/invenio-bug-verification/package-repo/.venv/lib/python3.12/site-packages/sqlalchemy_utils/models.py,line=33::datetime.datetime.utcnow() is deprecated and scheduled for removal in a future version. Use timezone-aware objects to represent datetimes in UTC: datetime.datetime.now(datetime.UTC).
::warning file=/home/runner/work/invenio-bug-verification/invenio-bug-verification/package-repo/.venv/lib/python3.12/site-packages/sqlalchemy_utils/models.py,line=33::datetime.datetime.utcnow() is deprecated and scheduled for removal in a future version. Use timezone-aware objects to represent datetimes in UTC: datetime.datetime.now(datetime.UTC).
::warning file=/home/runner/work/invenio-bug-verification/invenio-bug-verification/package-repo/.venv/lib/python3.12/site-packages/sqlalchemy_utils/models.py,line=33::datetime.datetime.utcnow() is deprecated and scheduled for removal in a future version. Use timezone-aware objects to represent datetimes in UTC: datetime.datetime.now(datetime.UTC).
::warning file=/home/runner/work/invenio-bug-verification/invenio-bug-verification/package-repo/.venv/lib/python3.12/site-packages/sqlalchemy/sql/schema.py,line=3624::datetime.datetime.utcnow() is deprecated and scheduled for removal in a future version. Use timezone-aware objects to represent datetimes in UTC: datetime.datetime.now(datetime.UTC).
::warning file=/home/runner/work/invenio-bug-verification/invenio-bug-verification/package-repo/.venv/lib/python3.12/site-packages/sqlalchemy/sql/schema.py,line=3624::datetime.datetime.utcnow() is deprecated and scheduled for removal in a future version. Use timezone-aware objects to represent datetimes in UTC: datetime.datetime.now(datetime.UTC).
::warning file=/home/runner/work/invenio-bug-verification/invenio-bug-verification/package-repo/.venv/lib/python3.12/site-packages/invenio_db/uow.py,line=193::Identity map already had an identity for (<class 'invenio_jobs.models.Run'>, (UUID('f797e8aa-01b0-4b0d-b59e-4dfcfdfe764b'),), None), replacing it with newly flushed object.   Are there load operations occurring inside of an event handler within the flush?
::warning file=/home/runner/work/invenio-bug-verification/invenio-bug-verification/package-repo/invenio_jobs/services/services.py,line=354::datetime.datetime.utcnow() is deprecated and scheduled for removal in a future version. Use timezone-aware objects to represent datetimes in UTC: datetime.datetime.now(datetime.UTC).
::warning file=/home/runner/work/invenio-bug-verification/invenio-bug-verification/package-repo/.venv/lib/python3.12/site-packages/sqlalchemy_utils/models.py,line=33::datetime.datetime.utcnow() is deprecated and scheduled for removal in a future version. Use timezone-aware objects to represent datetimes in UTC: datetime.datetime.now(datetime.UTC).
::warning file=/home/runner/work/invenio-bug-verification/invenio-bug-verification/package-repo/.venv/lib/python3.12/site-packages/sqlalchemy_utils/models.py,line=33::datetime.datetime.utcnow() is deprecated and scheduled for removal in a future version. Use timezone-aware objects to represent datetimes in UTC: datetime.datetime.now(datetime.UTC).
::warning file=/home/runner/work/invenio-bug-verification/invenio-bug-verification/package-repo/invenio_jobs/services/services.py,line=451::datetime.datetime.utcnow() is deprecated and scheduled for removal in a future version. Use timezone-aware objects to represent datetimes in UTC: datetime.datetime.now(datetime.UTC).

tests/test_services_subtasks.py::test_finalize_subtask_partial_success Run created
[2025-11-18 09:23:51,719] DEBUG in services: Run created
Run created
Run created
Updating run 5f200005-575b-4e79-b162-cc2ab0b020d8 with status RunStatusEnum.QUEUED and active subtasks: False
[2025-11-18 09:23:51,727] INFO in tasks: Updating run 5f200005-575b-4e79-b162-cc2ab0b020d8 with status RunStatusEnum.QUEUED and active subtasks: False
Updating run 5f200005-575b-4e79-b162-cc2ab0b020d8 with status RunStatusEnum.QUEUED and active subtasks: False
Updating run 5f200005-575b-4e79-b162-cc2ab0b020d8 with status RunStatusEnum.QUEUED and active subtasks: False
Executing run 5f200005-575b-4e79-b162-cc2ab0b020d8 with task mock_module.tasks.mock_task and args None
[2025-11-18 09:23:51,737] DEBUG in tasks: Executing run 5f200005-575b-4e79-b162-cc2ab0b020d8 with task mock_module.tasks.mock_task and args None
Executing run 5f200005-575b-4e79-b162-cc2ab0b020d8 with task mock_module.tasks.mock_task and args None
Executing run 5f200005-575b-4e79-b162-cc2ab0b020d8 with task mock_module.tasks.mock_task and args None
Run 5f200005-575b-4e79-b162-cc2ab0b020d8 encountered an unexpected error: mock_task() got an unexpected keyword argument 'since'
[2025-11-18 09:23:51,744] ERROR in tasks: Run 5f200005-575b-4e79-b162-cc2ab0b020d8 encountered an unexpected error: mock_task() got an unexpected keyword argument 'since'
Run 5f200005-575b-4e79-b162-cc2ab0b020d8 encountered an unexpected error: mock_task() got an unexpected keyword argument 'since'
Run 5f200005-575b-4e79-b162-cc2ab0b020d8 encountered an unexpected error: mock_task() got an unexpected keyword argument 'since'
Updating run 5f200005-575b-4e79-b162-cc2ab0b020d8 with status RunStatusEnum.RUNNING and active subtasks: False
[2025-11-18 09:23:51,747] INFO in tasks: Updating run 5f200005-575b-4e79-b162-cc2ab0b020d8 with status RunStatusEnum.RUNNING and active subtasks: False
Updating run 5f200005-575b-4e79-b162-cc2ab0b020d8 with status RunStatusEnum.RUNNING and active subtasks: False
Updating run 5f200005-575b-4e79-b162-cc2ab0b020d8 with status RunStatusEnum.RUNNING and active subtasks: False
PASSED::warning file=/home/runner/work/invenio-bug-verification/invenio-bug-verification/package-repo/.venv/lib/python3.12/site-packages/pytest_invenio/user.py,line=36::datetime.datetime.utcnow() is deprecated and scheduled for removal in a future version. Use timezone-aware objects to represent datetimes in UTC: datetime.datetime.now(datetime.UTC).
::warning file=/home/runner/work/invenio-bug-verification/invenio-bug-verification/package-repo/.venv/lib/python3.12/site-packages/sqlalchemy/sql/schema.py,line=3624::datetime.datetime.utcnow() is deprecated and scheduled for removal in a future version. Use timezone-aware objects to represent datetimes in UTC: datetime.datetime.now(datetime.UTC).
::warning file=/home/runner/work/invenio-bug-verification/invenio-bug-verification/package-repo/.venv/lib/python3.12/site-packages/sqlalchemy/sql/schema.py,line=3624::datetime.datetime.utcnow() is deprecated and scheduled for removal in a future version. Use timezone-aware objects to represent datetimes in UTC: datetime.datetime.now(datetime.UTC).
::warning file=/home/runner/work/invenio-bug-verification/invenio-bug-verification/package-repo/.venv/lib/python3.12/site-packages/sqlalchemy/sql/schema.py,line=3624::datetime.datetime.utcnow() is deprecated and scheduled for removal in a future version. Use timezone-aware objects to represent datetimes in UTC: datetime.datetime.now(datetime.UTC).
::warning file=/home/runner/work/invenio-bug-verification/invenio-bug-verification/package-repo/.venv/lib/python3.12/site-packages/sqlalchemy/sql/schema.py,line=3624::datetime.datetime.utcnow() is deprecated and scheduled for removal in a future version. Use timezone-aware objects to represent datetimes in UTC: datetime.datetime.now(datetime.UTC).
::warning file=/home/runner/work/invenio-bug-verification/invenio-bug-verification/package-repo/.venv/lib/python3.12/site-packages/sqlalchemy/sql/schema.py,line=3624::datetime.datetime.utcnow() is deprecated and scheduled for removal in a future version. Use timezone-aware objects to represent datetimes in UTC: datetime.datetime.now(datetime.UTC).
::warning file=/home/runner/work/invenio-bug-verification/invenio-bug-verification/package-repo/.venv/lib/python3.12/site-packages/sqlalchemy/sql/schema.py,line=3624::datetime.datetime.utcnow() is deprecated and scheduled for removal in a future version. Use timezone-aware objects to represent datetimes in UTC: datetime.datetime.now(datetime.UTC).
::warning file=/home/runner/work/invenio-bug-verification/invenio-bug-verification/package-repo/.venv/lib/python3.12/site-packages/sqlalchemy_utils/models.py,line=33::datetime.datetime.utcnow() is deprecated and scheduled for removal in a future version. Use timezone-aware objects to represent datetimes in UTC: datetime.datetime.now(datetime.UTC).
::warning file=/home/runner/work/invenio-bug-verification/invenio-bug-verification/package-repo/.venv/lib/python3.12/site-packages/sqlalchemy/sql/schema.py,line=3624::datetime.datetime.utcnow() is deprecated and scheduled for removal in a future version. Use timezone-aware objects to represent datetimes in UTC: datetime.datetime.now(datetime.UTC).
::warning file=/home/runner/work/invenio-bug-verification/invenio-bug-verification/package-repo/.venv/lib/python3.12/site-packages/sqlalchemy/sql/schema.py,line=3624::datetime.datetime.utcnow() is deprecated and scheduled for removal in a future version. Use timezone-aware objects to represent datetimes in UTC: datetime.datetime.now(datetime.UTC).
::warning file=/home/runner/work/invenio-bug-verification/invenio-bug-verification/package-repo/.venv/lib/python3.12/site-packages/sqlalchemy_utils/models.py,line=33::datetime.datetime.utcnow() is deprecated and scheduled for removal in a future version. Use timezone-aware objects to represent datetimes in UTC: datetime.datetime.now(datetime.UTC).
::warning file=/home/runner/work/invenio-bug-verification/invenio-bug-verification/package-repo/.venv/lib/python3.12/site-packages/sqlalchemy_utils/models.py,line=33::datetime.datetime.utcnow() is deprecated and scheduled for removal in a future version. Use timezone-aware objects to represent datetimes in UTC: datetime.datetime.now(datetime.UTC).
::warning file=/home/runner/work/invenio-bug-verification/invenio-bug-verification/package-repo/.venv/lib/python3.12/site-packages/sqlalchemy_utils/models.py,line=33::datetime.datetime.utcnow() is deprecated and scheduled for removal in a future version. Use timezone-aware objects to represent datetimes in UTC: datetime.datetime.now(datetime.UTC).
::warning file=/home/runner/work/invenio-bug-verification/invenio-bug-verification/package-repo/.venv/lib/python3.12/site-packages/sqlalchemy_utils/models.py,line=33::datetime.datetime.utcnow() is deprecated and scheduled for removal in a future version. Use timezone-aware objects to represent datetimes in UTC: datetime.datetime.now(datetime.UTC).
::warning file=/home/runner/work/invenio-bug-verification/invenio-bug-verification/package-repo/.venv/lib/python3.12/site-packages/sqlalchemy/sql/schema.py,line=3624::datetime.datetime.utcnow() is deprecated and scheduled for removal in a future version. Use timezone-aware objects to represent datetimes in UTC: datetime.datetime.now(datetime.UTC).
::warning file=/home/runner/work/invenio-bug-verification/invenio-bug-verification/package-repo/.venv/lib/python3.12/site-packages/sqlalchemy/sql/schema.py,line=3624::datetime.datetime.utcnow() is deprecated and scheduled for removal in a future version. Use timezone-aware objects to represent datetimes in UTC: datetime.datetime.now(datetime.UTC).
::warning file=/home/runner/work/invenio-bug-verification/invenio-bug-verification/package-repo/.venv/lib/python3.12/site-packages/invenio_db/uow.py,line=193::Identity map already had an identity for (<class 'invenio_jobs.models.Run'>, (UUID('5f200005-575b-4e79-b162-cc2ab0b020d8'),), None), replacing it with newly flushed object.   Are there load operations occurring inside of an event handler within the flush?
::warning file=/home/runner/work/invenio-bug-verification/invenio-bug-verification/package-repo/.venv/lib/python3.12/site-packages/sqlalchemy_utils/models.py,line=33::datetime.datetime.utcnow() is deprecated and scheduled for removal in a future version. Use timezone-aware objects to represent datetimes in UTC: datetime.datetime.now(datetime.UTC).
::warning file=/home/runner/work/invenio-bug-verification/invenio-bug-verification/package-repo/.venv/lib/python3.12/site-packages/sqlalchemy_utils/models.py,line=33::datetime.datetime.utcnow() is deprecated and scheduled for removal in a future version. Use timezone-aware objects to represent datetimes in UTC: datetime.datetime.now(datetime.UTC).
::warning file=/home/runner/work/invenio-bug-verification/invenio-bug-verification/package-repo/.venv/lib/python3.12/site-packages/sqlalchemy/sql/schema.py,line=3624::datetime.datetime.utcnow() is deprecated and scheduled for removal in a future version. Use timezone-aware objects to represent datetimes in UTC: datetime.datetime.now(datetime.UTC).
::warning file=/home/runner/work/invenio-bug-verification/invenio-bug-verification/package-repo/.venv/lib/python3.12/site-packages/sqlalchemy/sql/schema.py,line=3624::datetime.datetime.utcnow() is deprecated and scheduled for removal in a future version. Use timezone-aware objects to represent datetimes in UTC: datetime.datetime.now(datetime.UTC).
::warning file=/home/runner/work/invenio-bug-verification/invenio-bug-verification/package-repo/invenio_jobs/services/services.py,line=354::datetime.datetime.utcnow() is deprecated and scheduled for removal in a future version. Use timezone-aware objects to represent datetimes in UTC: datetime.datetime.now(datetime.UTC).
::warning file=/home/runner/work/invenio-bug-verification/invenio-bug-verification/package-repo/.venv/lib/python3.12/site-packages/sqlalchemy_utils/models.py,line=33::datetime.datetime.utcnow() is deprecated and scheduled for removal in a future version. Use timezone-aware objects to represent datetimes in UTC: datetime.datetime.now(datetime.UTC).
::warning file=/home/runner/work/invenio-bug-verification/invenio-bug-verification/package-repo/invenio_jobs/services/services.py,line=354::datetime.datetime.utcnow() is deprecated and scheduled for removal in a future version. Use timezone-aware objects to represent datetimes in UTC: datetime.datetime.now(datetime.UTC).
::warning file=/home/runner/work/invenio-bug-verification/invenio-bug-verification/package-repo/.venv/lib/python3.12/site-packages/sqlalchemy_utils/models.py,line=33::datetime.datetime.utcnow() is deprecated and scheduled for removal in a future version. Use timezone-aware objects to represent datetimes in UTC: datetime.datetime.now(datetime.UTC).
::warning file=/home/runner/work/invenio-bug-verification/invenio-bug-verification/package-repo/.venv/lib/python3.12/site-packages/sqlalchemy_utils/models.py,line=33::datetime.datetime.utcnow() is deprecated and scheduled for removal in a future version. Use timezone-aware objects to represent datetimes in UTC: datetime.datetime.now(datetime.UTC).
::warning file=/home/runner/work/invenio-bug-verification/invenio-bug-verification/package-repo/.venv/lib/python3.12/site-packages/sqlalchemy_utils/models.py,line=33::datetime.datetime.utcnow() is deprecated and scheduled for removal in a future version. Use timezone-aware objects to represent datetimes in UTC: datetime.datetime.now(datetime.UTC).
::warning file=/home/runner/work/invenio-bug-verification/invenio-bug-verification/package-repo/invenio_jobs/services/services.py,line=451::datetime.datetime.utcnow() is deprecated and scheduled for removal in a future version. Use timezone-aware objects to represent datetimes in UTC: datetime.datetime.now(datetime.UTC).

tests/test_services_subtasks.py::test_add_total_entries Run created
[2025-11-18 09:23:51,975] DEBUG in services: Run created
Run created
Run created
Updating run 790fd050-3218-4ac0-99e5-8a4d1c9f7dcb with status RunStatusEnum.QUEUED and active subtasks: False
[2025-11-18 09:23:51,982] INFO in tasks: Updating run 790fd050-3218-4ac0-99e5-8a4d1c9f7dcb with status RunStatusEnum.QUEUED and active subtasks: False
Updating run 790fd050-3218-4ac0-99e5-8a4d1c9f7dcb with status RunStatusEnum.QUEUED and active subtasks: False
Updating run 790fd050-3218-4ac0-99e5-8a4d1c9f7dcb with status RunStatusEnum.QUEUED and active subtasks: False
Executing run 790fd050-3218-4ac0-99e5-8a4d1c9f7dcb with task mock_module.tasks.mock_task and args None
[2025-11-18 09:23:51,992] DEBUG in tasks: Executing run 790fd050-3218-4ac0-99e5-8a4d1c9f7dcb with task mock_module.tasks.mock_task and args None
Executing run 790fd050-3218-4ac0-99e5-8a4d1c9f7dcb with task mock_module.tasks.mock_task and args None
Executing run 790fd050-3218-4ac0-99e5-8a4d1c9f7dcb with task mock_module.tasks.mock_task and args None
Run 790fd050-3218-4ac0-99e5-8a4d1c9f7dcb encountered an unexpected error: mock_task() got an unexpected keyword argument 'since'
[2025-11-18 09:23:52,000] ERROR in tasks: Run 790fd050-3218-4ac0-99e5-8a4d1c9f7dcb encountered an unexpected error: mock_task() got an unexpected keyword argument 'since'
Run 790fd050-3218-4ac0-99e5-8a4d1c9f7dcb encountered an unexpected error: mock_task() got an unexpected keyword argument 'since'
Run 790fd050-3218-4ac0-99e5-8a4d1c9f7dcb encountered an unexpected error: mock_task() got an unexpected keyword argument 'since'
Updating run 790fd050-3218-4ac0-99e5-8a4d1c9f7dcb with status RunStatusEnum.RUNNING and active subtasks: False
[2025-11-18 09:23:52,003] INFO in tasks: Updating run 790fd050-3218-4ac0-99e5-8a4d1c9f7dcb with status RunStatusEnum.RUNNING and active subtasks: False
Updating run 790fd050-3218-4ac0-99e5-8a4d1c9f7dcb with status RunStatusEnum.RUNNING and active subtasks: False
Updating run 790fd050-3218-4ac0-99e5-8a4d1c9f7dcb with status RunStatusEnum.RUNNING and active subtasks: False
PASSED::warning file=/home/runner/work/invenio-bug-verification/invenio-bug-verification/package-repo/.venv/lib/python3.12/site-packages/pytest_invenio/user.py,line=36::datetime.datetime.utcnow() is deprecated and scheduled for removal in a future version. Use timezone-aware objects to represent datetimes in UTC: datetime.datetime.now(datetime.UTC).
::warning file=/home/runner/work/invenio-bug-verification/invenio-bug-verification/package-repo/.venv/lib/python3.12/site-packages/sqlalchemy/sql/schema.py,line=3624::datetime.datetime.utcnow() is deprecated and scheduled for removal in a future version. Use timezone-aware objects to represent datetimes in UTC: datetime.datetime.now(datetime.UTC).
::warning file=/home/runner/work/invenio-bug-verification/invenio-bug-verification/package-repo/.venv/lib/python3.12/site-packages/sqlalchemy/sql/schema.py,line=3624::datetime.datetime.utcnow() is deprecated and scheduled for removal in a future version. Use timezone-aware objects to represent datetimes in UTC: datetime.datetime.now(datetime.UTC).
::warning file=/home/runner/work/invenio-bug-verification/invenio-bug-verification/package-repo/.venv/lib/python3.12/site-packages/sqlalchemy/sql/schema.py,line=3624::datetime.datetime.utcnow() is deprecated and scheduled for removal in a future version. Use timezone-aware objects to represent datetimes in UTC: datetime.datetime.now(datetime.UTC).
::warning file=/home/runner/work/invenio-bug-verification/invenio-bug-verification/package-repo/.venv/lib/python3.12/site-packages/sqlalchemy/sql/schema.py,line=3624::datetime.datetime.utcnow() is deprecated and scheduled for removal in a future version. Use timezone-aware objects to represent datetimes in UTC: datetime.datetime.now(datetime.UTC).
::warning file=/home/runner/work/invenio-bug-verification/invenio-bug-verification/package-repo/.venv/lib/python3.12/site-packages/sqlalchemy/sql/schema.py,line=3624::datetime.datetime.utcnow() is deprecated and scheduled for removal in a future version. Use timezone-aware objects to represent datetimes in UTC: datetime.datetime.now(datetime.UTC).
::warning file=/home/runner/work/invenio-bug-verification/invenio-bug-verification/package-repo/.venv/lib/python3.12/site-packages/sqlalchemy/sql/schema.py,line=3624::datetime.datetime.utcnow() is deprecated and scheduled for removal in a future version. Use timezone-aware objects to represent datetimes in UTC: datetime.datetime.now(datetime.UTC).
::warning file=/home/runner/work/invenio-bug-verification/invenio-bug-verification/package-repo/.venv/lib/python3.12/site-packages/sqlalchemy_utils/models.py,line=33::datetime.datetime.utcnow() is deprecated and scheduled for removal in a future version. Use timezone-aware objects to represent datetimes in UTC: datetime.datetime.now(datetime.UTC).
::warning file=/home/runner/work/invenio-bug-verification/invenio-bug-verification/package-repo/.venv/lib/python3.12/site-packages/sqlalchemy/sql/schema.py,line=3624::datetime.datetime.utcnow() is deprecated and scheduled for removal in a future version. Use timezone-aware objects to represent datetimes in UTC: datetime.datetime.now(datetime.UTC).
::warning file=/home/runner/work/invenio-bug-verification/invenio-bug-verification/package-repo/.venv/lib/python3.12/site-packages/sqlalchemy/sql/schema.py,line=3624::datetime.datetime.utcnow() is deprecated and scheduled for removal in a future version. Use timezone-aware objects to represent datetimes in UTC: datetime.datetime.now(datetime.UTC).
::warning file=/home/runner/work/invenio-bug-verification/invenio-bug-verification/package-repo/.venv/lib/python3.12/site-packages/sqlalchemy_utils/models.py,line=33::datetime.datetime.utcnow() is deprecated and scheduled for removal in a future version. Use timezone-aware objects to represent datetimes in UTC: datetime.datetime.now(datetime.UTC).
::warning file=/home/runner/work/invenio-bug-verification/invenio-bug-verification/package-repo/.venv/lib/python3.12/site-packages/sqlalchemy_utils/models.py,line=33::datetime.datetime.utcnow() is deprecated and scheduled for removal in a future version. Use timezone-aware objects to represent datetimes in UTC: datetime.datetime.now(datetime.UTC).

tests/test_services_subtasks.py::test_add_total_entries_invalid_values Run created
[2025-11-18 09:23:52,209] DEBUG in services: Run created
Run created
Run created
Updating run 6e75b359-38e3-4307-89bd-eb850342f4d1 with status RunStatusEnum.QUEUED and active subtasks: False
[2025-11-18 09:23:52,216] INFO in tasks: Updating run 6e75b359-38e3-4307-89bd-eb850342f4d1 with status RunStatusEnum.QUEUED and active subtasks: False
Updating run 6e75b359-38e3-4307-89bd-eb850342f4d1 with status RunStatusEnum.QUEUED and active subtasks: False
Updating run 6e75b359-38e3-4307-89bd-eb850342f4d1 with status RunStatusEnum.QUEUED and active subtasks: False
Executing run 6e75b359-38e3-4307-89bd-eb850342f4d1 with task mock_module.tasks.mock_task and args None
[2025-11-18 09:23:52,225] DEBUG in tasks: Executing run 6e75b359-38e3-4307-89bd-eb850342f4d1 with task mock_module.tasks.mock_task and args None
Executing run 6e75b359-38e3-4307-89bd-eb850342f4d1 with task mock_module.tasks.mock_task and args None
Executing run 6e75b359-38e3-4307-89bd-eb850342f4d1 with task mock_module.tasks.mock_task and args None
Run 6e75b359-38e3-4307-89bd-eb850342f4d1 encountered an unexpected error: mock_task() got an unexpected keyword argument 'since'
[2025-11-18 09:23:52,231] ERROR in tasks: Run 6e75b359-38e3-4307-89bd-eb850342f4d1 encountered an unexpected error: mock_task() got an unexpected keyword argument 'since'
Run 6e75b359-38e3-4307-89bd-eb850342f4d1 encountered an unexpected error: mock_task() got an unexpected keyword argument 'since'
Run 6e75b359-38e3-4307-89bd-eb850342f4d1 encountered an unexpected error: mock_task() got an unexpected keyword argument 'since'
Updating run 6e75b359-38e3-4307-89bd-eb850342f4d1 with status RunStatusEnum.RUNNING and active subtasks: False
[2025-11-18 09:23:52,234] INFO in tasks: Updating run 6e75b359-38e3-4307-89bd-eb850342f4d1 with status RunStatusEnum.RUNNING and active subtasks: False
Updating run 6e75b359-38e3-4307-89bd-eb850342f4d1 with status RunStatusEnum.RUNNING and active subtasks: False
Updating run 6e75b359-38e3-4307-89bd-eb850342f4d1 with status RunStatusEnum.RUNNING and active subtasks: False
PASSED::warning file=/home/runner/work/invenio-bug-verification/invenio-bug-verification/package-repo/.venv/lib/python3.12/site-packages/pytest_invenio/user.py,line=36::datetime.datetime.utcnow() is deprecated and scheduled for removal in a future version. Use timezone-aware objects to represent datetimes in UTC: datetime.datetime.now(datetime.UTC).
::warning file=/home/runner/work/invenio-bug-verification/invenio-bug-verification/package-repo/.venv/lib/python3.12/site-packages/sqlalchemy/sql/schema.py,line=3624::datetime.datetime.utcnow() is deprecated and scheduled for removal in a future version. Use timezone-aware objects to represent datetimes in UTC: datetime.datetime.now(datetime.UTC).
::warning file=/home/runner/work/invenio-bug-verification/invenio-bug-verification/package-repo/.venv/lib/python3.12/site-packages/sqlalchemy/sql/schema.py,line=3624::datetime.datetime.utcnow() is deprecated and scheduled for removal in a future version. Use timezone-aware objects to represent datetimes in UTC: datetime.datetime.now(datetime.UTC).
::warning file=/home/runner/work/invenio-bug-verification/invenio-bug-verification/package-repo/.venv/lib/python3.12/site-packages/sqlalchemy/sql/schema.py,line=3624::datetime.datetime.utcnow() is deprecated and scheduled for removal in a future version. Use timezone-aware objects to represent datetimes in UTC: datetime.datetime.now(datetime.UTC).
::warning file=/home/runner/work/invenio-bug-verification/invenio-bug-verification/package-repo/.venv/lib/python3.12/site-packages/sqlalchemy/sql/schema.py,line=3624::datetime.datetime.utcnow() is deprecated and scheduled for removal in a future version. Use timezone-aware objects to represent datetimes in UTC: datetime.datetime.now(datetime.UTC).
::warning file=/home/runner/work/invenio-bug-verification/invenio-bug-verification/package-repo/.venv/lib/python3.12/site-packages/sqlalchemy/sql/schema.py,line=3624::datetime.datetime.utcnow() is deprecated and scheduled for removal in a future version. Use timezone-aware objects to represent datetimes in UTC: datetime.datetime.now(datetime.UTC).
::warning file=/home/runner/work/invenio-bug-verification/invenio-bug-verification/package-repo/.venv/lib/python3.12/site-packages/sqlalchemy/sql/schema.py,line=3624::datetime.datetime.utcnow() is deprecated and scheduled for removal in a future version. Use timezone-aware objects to represent datetimes in UTC: datetime.datetime.now(datetime.UTC).
::warning file=/home/runner/work/invenio-bug-verification/invenio-bug-verification/package-repo/.venv/lib/python3.12/site-packages/sqlalchemy_utils/models.py,line=33::datetime.datetime.utcnow() is deprecated and scheduled for removal in a future version. Use timezone-aware objects to represent datetimes in UTC: datetime.datetime.now(datetime.UTC).
::warning file=/home/runner/work/invenio-bug-verification/invenio-bug-verification/package-repo/.venv/lib/python3.12/site-packages/sqlalchemy/sql/schema.py,line=3624::datetime.datetime.utcnow() is deprecated and scheduled for removal in a future version. Use timezone-aware objects to represent datetimes in UTC: datetime.datetime.now(datetime.UTC).
::warning file=/home/runner/work/invenio-bug-verification/invenio-bug-verification/package-repo/.venv/lib/python3.12/site-packages/sqlalchemy/sql/schema.py,line=3624::datetime.datetime.utcnow() is deprecated and scheduled for removal in a future version. Use timezone-aware objects to represent datetimes in UTC: datetime.datetime.now(datetime.UTC).
::warning file=/home/runner/work/invenio-bug-verification/invenio-bug-verification/package-repo/.venv/lib/python3.12/site-packages/sqlalchemy_utils/models.py,line=33::datetime.datetime.utcnow() is deprecated and scheduled for removal in a future version. Use timezone-aware objects to represent datetimes in UTC: datetime.datetime.now(datetime.UTC).
::warning file=/home/runner/work/invenio-bug-verification/invenio-bug-verification/package-repo/.venv/lib/python3.12/site-packages/sqlalchemy_utils/models.py,line=33::datetime.datetime.utcnow() is deprecated and scheduled for removal in a future version. Use timezone-aware objects to represent datetimes in UTC: datetime.datetime.now(datetime.UTC).

tests/test_services_subtasks.py::test_finalize_subtask_with_errored_entries_message Run created
[2025-11-18 09:23:52,349] DEBUG in services: Run created
Run created
Run created
Updating run 78f0ccfe-8d6c-452d-97c4-90c201457e67 with status RunStatusEnum.QUEUED and active subtasks: False
[2025-11-18 09:23:52,356] INFO in tasks: Updating run 78f0ccfe-8d6c-452d-97c4-90c201457e67 with status RunStatusEnum.QUEUED and active subtasks: False
Updating run 78f0ccfe-8d6c-452d-97c4-90c201457e67 with status RunStatusEnum.QUEUED and active subtasks: False
Updating run 78f0ccfe-8d6c-452d-97c4-90c201457e67 with status RunStatusEnum.QUEUED and active subtasks: False
Executing run 78f0ccfe-8d6c-452d-97c4-90c201457e67 with task mock_module.tasks.mock_task and args None
[2025-11-18 09:23:52,366] DEBUG in tasks: Executing run 78f0ccfe-8d6c-452d-97c4-90c201457e67 with task mock_module.tasks.mock_task and args None
Executing run 78f0ccfe-8d6c-452d-97c4-90c201457e67 with task mock_module.tasks.mock_task and args None
Executing run 78f0ccfe-8d6c-452d-97c4-90c201457e67 with task mock_module.tasks.mock_task and args None
Run 78f0ccfe-8d6c-452d-97c4-90c201457e67 encountered an unexpected error: mock_task() got an unexpected keyword argument 'since'
[2025-11-18 09:23:52,373] ERROR in tasks: Run 78f0ccfe-8d6c-452d-97c4-90c201457e67 encountered an unexpected error: mock_task() got an unexpected keyword argument 'since'
Run 78f0ccfe-8d6c-452d-97c4-90c201457e67 encountered an unexpected error: mock_task() got an unexpected keyword argument 'since'
Run 78f0ccfe-8d6c-452d-97c4-90c201457e67 encountered an unexpected error: mock_task() got an unexpected keyword argument 'since'
Updating run 78f0ccfe-8d6c-452d-97c4-90c201457e67 with status RunStatusEnum.RUNNING and active subtasks: False
[2025-11-18 09:23:52,375] INFO in tasks: Updating run 78f0ccfe-8d6c-452d-97c4-90c201457e67 with status RunStatusEnum.RUNNING and active subtasks: False
Updating run 78f0ccfe-8d6c-452d-97c4-90c201457e67 with status RunStatusEnum.RUNNING and active subtasks: False
Updating run 78f0ccfe-8d6c-452d-97c4-90c201457e67 with status RunStatusEnum.RUNNING and active subtasks: False
PASSED::warning file=/home/runner/work/invenio-bug-verification/invenio-bug-verification/package-repo/.venv/lib/python3.12/site-packages/pytest_invenio/user.py,line=36::datetime.datetime.utcnow() is deprecated and scheduled for removal in a future version. Use timezone-aware objects to represent datetimes in UTC: datetime.datetime.now(datetime.UTC).
::warning file=/home/runner/work/invenio-bug-verification/invenio-bug-verification/package-repo/.venv/lib/python3.12/site-packages/sqlalchemy/sql/schema.py,line=3624::datetime.datetime.utcnow() is deprecated and scheduled for removal in a future version. Use timezone-aware objects to represent datetimes in UTC: datetime.datetime.now(datetime.UTC).
::warning file=/home/runner/work/invenio-bug-verification/invenio-bug-verification/package-repo/.venv/lib/python3.12/site-packages/sqlalchemy/sql/schema.py,line=3624::datetime.datetime.utcnow() is deprecated and scheduled for removal in a future version. Use timezone-aware objects to represent datetimes in UTC: datetime.datetime.now(datetime.UTC).
::warning file=/home/runner/work/invenio-bug-verification/invenio-bug-verification/package-repo/.venv/lib/python3.12/site-packages/sqlalchemy/sql/schema.py,line=3624::datetime.datetime.utcnow() is deprecated and scheduled for removal in a future version. Use timezone-aware objects to represent datetimes in UTC: datetime.datetime.now(datetime.UTC).
::warning file=/home/runner/work/invenio-bug-verification/invenio-bug-verification/package-repo/.venv/lib/python3.12/site-packages/sqlalchemy/sql/schema.py,line=3624::datetime.datetime.utcnow() is deprecated and scheduled for removal in a future version. Use timezone-aware objects to represent datetimes in UTC: datetime.datetime.now(datetime.UTC).
::warning file=/home/runner/work/invenio-bug-verification/invenio-bug-verification/package-repo/.venv/lib/python3.12/site-packages/sqlalchemy/sql/schema.py,line=3624::datetime.datetime.utcnow() is deprecated and scheduled for removal in a future version. Use timezone-aware objects to represent datetimes in UTC: datetime.datetime.now(datetime.UTC).
::warning file=/home/runner/work/invenio-bug-verification/invenio-bug-verification/package-repo/.venv/lib/python3.12/site-packages/sqlalchemy/sql/schema.py,line=3624::datetime.datetime.utcnow() is deprecated and scheduled for removal in a future version. Use timezone-aware objects to represent datetimes in UTC: datetime.datetime.now(datetime.UTC).
::warning file=/home/runner/work/invenio-bug-verification/invenio-bug-verification/package-repo/.venv/lib/python3.12/site-packages/sqlalchemy_utils/models.py,line=33::datetime.datetime.utcnow() is deprecated and scheduled for removal in a future version. Use timezone-aware objects to represent datetimes in UTC: datetime.datetime.now(datetime.UTC).
::warning file=/home/runner/work/invenio-bug-verification/invenio-bug-verification/package-repo/.venv/lib/python3.12/site-packages/sqlalchemy/sql/schema.py,line=3624::datetime.datetime.utcnow() is deprecated and scheduled for removal in a future version. Use timezone-aware objects to represent datetimes in UTC: datetime.datetime.now(datetime.UTC).
::warning file=/home/runner/work/invenio-bug-verification/invenio-bug-verification/package-repo/.venv/lib/python3.12/site-packages/sqlalchemy/sql/schema.py,line=3624::datetime.datetime.utcnow() is deprecated and scheduled for removal in a future version. Use timezone-aware objects to represent datetimes in UTC: datetime.datetime.now(datetime.UTC).
::warning file=/home/runner/work/invenio-bug-verification/invenio-bug-verification/package-repo/.venv/lib/python3.12/site-packages/sqlalchemy_utils/models.py,line=33::datetime.datetime.utcnow() is deprecated and scheduled for removal in a future version. Use timezone-aware objects to represent datetimes in UTC: datetime.datetime.now(datetime.UTC).
::warning file=/home/runner/work/invenio-bug-verification/invenio-bug-verification/package-repo/.venv/lib/python3.12/site-packages/sqlalchemy_utils/models.py,line=33::datetime.datetime.utcnow() is deprecated and scheduled for removal in a future version. Use timezone-aware objects to represent datetimes in UTC: datetime.datetime.now(datetime.UTC).
::warning file=/home/runner/work/invenio-bug-verification/invenio-bug-verification/package-repo/.venv/lib/python3.12/site-packages/sqlalchemy_utils/models.py,line=33::datetime.datetime.utcnow() is deprecated and scheduled for removal in a future version. Use timezone-aware objects to represent datetimes in UTC: datetime.datetime.now(datetime.UTC).
::warning file=/home/runner/work/invenio-bug-verification/invenio-bug-verification/package-repo/.venv/lib/python3.12/site-packages/sqlalchemy_utils/models.py,line=33::datetime.datetime.utcnow() is deprecated and scheduled for removal in a future version. Use timezone-aware objects to represent datetimes in UTC: datetime.datetime.now(datetime.UTC).
::warning file=/home/runner/work/invenio-bug-verification/invenio-bug-verification/package-repo/.venv/lib/python3.12/site-packages/sqlalchemy/sql/schema.py,line=3624::datetime.datetime.utcnow() is deprecated and scheduled for removal in a future version. Use timezone-aware objects to represent datetimes in UTC: datetime.datetime.now(datetime.UTC).
::warning file=/home/runner/work/invenio-bug-verification/invenio-bug-verification/package-repo/.venv/lib/python3.12/site-packages/sqlalchemy/sql/schema.py,line=3624::datetime.datetime.utcnow() is deprecated and scheduled for removal in a future version. Use timezone-aware objects to represent datetimes in UTC: datetime.datetime.now(datetime.UTC).
::warning file=/home/runner/work/invenio-bug-verification/invenio-bug-verification/package-repo/.venv/lib/python3.12/site-packages/invenio_db/uow.py,line=193::Identity map already had an identity for (<class 'invenio_jobs.models.Run'>, (UUID('78f0ccfe-8d6c-452d-97c4-90c201457e67'),), None), replacing it with newly flushed object.   Are there load operations occurring inside of an event handler within the flush?
::warning file=/home/runner/work/invenio-bug-verification/invenio-bug-verification/package-repo/invenio_jobs/services/services.py,line=354::datetime.datetime.utcnow() is deprecated and scheduled for removal in a future version. Use timezone-aware objects to represent datetimes in UTC: datetime.datetime.now(datetime.UTC).
::warning file=/home/runner/work/invenio-bug-verification/invenio-bug-verification/package-repo/.venv/lib/python3.12/site-packages/sqlalchemy_utils/models.py,line=33::datetime.datetime.utcnow() is deprecated and scheduled for removal in a future version. Use timezone-aware objects to represent datetimes in UTC: datetime.datetime.now(datetime.UTC).
::warning file=/home/runner/work/invenio-bug-verification/invenio-bug-verification/package-repo/.venv/lib/python3.12/site-packages/sqlalchemy_utils/models.py,line=33::datetime.datetime.utcnow() is deprecated and scheduled for removal in a future version. Use timezone-aware objects to represent datetimes in UTC: datetime.datetime.now(datetime.UTC).
::warning file=/home/runner/work/invenio-bug-verification/invenio-bug-verification/package-repo/invenio_jobs/services/services.py,line=451::datetime.datetime.utcnow() is deprecated and scheduled for removal in a future version. Use timezone-aware objects to represent datetimes in UTC: datetime.datetime.now(datetime.UTC).

tests/test_services_subtasks.py::test_finalize_subtask_nonexistent_run PASSED::warning file=/home/runner/work/invenio-bug-verification/invenio-bug-verification/package-repo/.venv/lib/python3.12/site-packages/pytest_invenio/user.py,line=36::datetime.datetime.utcnow() is deprecated and scheduled for removal in a future version. Use timezone-aware objects to represent datetimes in UTC: datetime.datetime.now(datetime.UTC).
::warning file=/home/runner/work/invenio-bug-verification/invenio-bug-verification/package-repo/.venv/lib/python3.12/site-packages/sqlalchemy/sql/schema.py,line=3624::datetime.datetime.utcnow() is deprecated and scheduled for removal in a future version. Use timezone-aware objects to represent datetimes in UTC: datetime.datetime.now(datetime.UTC).
::warning file=/home/runner/work/invenio-bug-verification/invenio-bug-verification/package-repo/.venv/lib/python3.12/site-packages/sqlalchemy/sql/schema.py,line=3624::datetime.datetime.utcnow() is deprecated and scheduled for removal in a future version. Use timezone-aware objects to represent datetimes in UTC: datetime.datetime.now(datetime.UTC).
::warning file=/home/runner/work/invenio-bug-verification/invenio-bug-verification/package-repo/.venv/lib/python3.12/site-packages/sqlalchemy/sql/schema.py,line=3624::datetime.datetime.utcnow() is deprecated and scheduled for removal in a future version. Use timezone-aware objects to represent datetimes in UTC: datetime.datetime.now(datetime.UTC).
::warning file=/home/runner/work/invenio-bug-verification/invenio-bug-verification/package-repo/.venv/lib/python3.12/site-packages/sqlalchemy/sql/schema.py,line=3624::datetime.datetime.utcnow() is deprecated and scheduled for removal in a future version. Use timezone-aware objects to represent datetimes in UTC: datetime.datetime.now(datetime.UTC).
::warning file=/home/runner/work/invenio-bug-verification/invenio-bug-verification/package-repo/.venv/lib/python3.12/site-packages/sqlalchemy/sql/schema.py,line=3624::datetime.datetime.utcnow() is deprecated and scheduled for removal in a future version. Use timezone-aware objects to represent datetimes in UTC: datetime.datetime.now(datetime.UTC).
::warning file=/home/runner/work/invenio-bug-verification/invenio-bug-verification/package-repo/.venv/lib/python3.12/site-packages/sqlalchemy/sql/schema.py,line=3624::datetime.datetime.utcnow() is deprecated and scheduled for removal in a future version. Use timezone-aware objects to represent datetimes in UTC: datetime.datetime.now(datetime.UTC).

tests/test_utils.py::ISORT PASSED
tests/test_utils.py::black PASSED
tests/test_utils.py::test_job_arg_json_dumper PASSED
invenio_jobs/__init__.py::PYDOCSTYLE PASSED
invenio_jobs/__init__.py::ISORT PASSED
invenio_jobs/__init__.py::black PASSED
invenio_jobs/administration/__init__.py::PYDOCSTYLE PASSED
invenio_jobs/administration/__init__.py::ISORT PASSED
invenio_jobs/administration/__init__.py::black PASSED
invenio_jobs/administration/jobs.py::PYDOCSTYLE PASSED
invenio_jobs/administration/jobs.py::ISORT PASSED
invenio_jobs/administration/jobs.py::black PASSED
invenio_jobs/administration/runs.py::PYDOCSTYLE PASSED
invenio_jobs/administration/runs.py::ISORT PASSED
invenio_jobs/administration/runs.py::black PASSED
invenio_jobs/alembic/1753948224_add_subtasks_columns_to_jobs_run.py::PYDOCSTYLE PASSED
invenio_jobs/alembic/1753948224_add_subtasks_columns_to_jobs_run.py::ISORT PASSED
invenio_jobs/alembic/1753948224_add_subtasks_columns_to_jobs_run.py::black PASSED
invenio_jobs/alembic/1f896f6990b8_update_jobs_module_table_names.py::PYDOCSTYLE PASSED
invenio_jobs/alembic/1f896f6990b8_update_jobs_module_table_names.py::ISORT PASSED
invenio_jobs/alembic/1f896f6990b8_update_jobs_module_table_names.py::black PASSED
invenio_jobs/alembic/356496a01197_create_invenio_jobs_tables.py::PYDOCSTYLE PASSED
invenio_jobs/alembic/356496a01197_create_invenio_jobs_tables.py::ISORT PASSED
invenio_jobs/alembic/356496a01197_create_invenio_jobs_tables.py::black PASSED
invenio_jobs/alembic/371f4cbcb73d_create_invenio_jobs_branch.py::PYDOCSTYLE PASSED
invenio_jobs/alembic/371f4cbcb73d_create_invenio_jobs_branch.py::ISORT PASSED
invenio_jobs/alembic/371f4cbcb73d_create_invenio_jobs_branch.py::black PASSED
invenio_jobs/api.py::PYDOCSTYLE PASSED
invenio_jobs/api.py::ISORT PASSED
invenio_jobs/api.py::black PASSED
invenio_jobs/config.py::PYDOCSTYLE PASSED
invenio_jobs/config.py::ISORT PASSED
invenio_jobs/config.py::black PASSED
invenio_jobs/errors.py::PYDOCSTYLE PASSED
invenio_jobs/errors.py::ISORT PASSED
invenio_jobs/errors.py::black PASSED
invenio_jobs/ext.py::PYDOCSTYLE PASSED
invenio_jobs/ext.py::ISORT PASSED
invenio_jobs/ext.py::black PASSED
invenio_jobs/jobs.py::PYDOCSTYLE PASSED
invenio_jobs/jobs.py::ISORT PASSED
invenio_jobs/jobs.py::black PASSED
invenio_jobs/logging/__init__.py::PYDOCSTYLE PASSED
invenio_jobs/logging/__init__.py::ISORT PASSED
invenio_jobs/logging/__init__.py::black PASSED
invenio_jobs/logging/celery_signals.py::PYDOCSTYLE PASSED
invenio_jobs/logging/celery_signals.py::ISORT PASSED
invenio_jobs/logging/celery_signals.py::black PASSED
invenio_jobs/logging/index_templates/__init__.py::PYDOCSTYLE PASSED
invenio_jobs/logging/index_templates/__init__.py::ISORT PASSED
invenio_jobs/logging/index_templates/__init__.py::black PASSED
invenio_jobs/logging/index_templates/os-v1/__init__.py::PYDOCSTYLE PASSED
invenio_jobs/logging/index_templates/os-v1/__init__.py::ISORT PASSED
invenio_jobs/logging/index_templates/os-v1/__init__.py::black PASSED
invenio_jobs/logging/index_templates/os-v2/__init__.py::PYDOCSTYLE PASSED
invenio_jobs/logging/index_templates/os-v2/__init__.py::ISORT PASSED
invenio_jobs/logging/index_templates/os-v2/__init__.py::black PASSED
invenio_jobs/logging/jobs.py::PYDOCSTYLE PASSED
invenio_jobs/logging/jobs.py::ISORT PASSED
invenio_jobs/logging/jobs.py::black PASSED
invenio_jobs/logging/tasks.py::PYDOCSTYLE PASSED
invenio_jobs/logging/tasks.py::ISORT PASSED
invenio_jobs/logging/tasks.py::black PASSED
invenio_jobs/models.py::PYDOCSTYLE PASSED
invenio_jobs/models.py::ISORT PASSED
invenio_jobs/models.py::black PASSED
invenio_jobs/proxies.py::PYDOCSTYLE PASSED
invenio_jobs/proxies.py::ISORT PASSED
invenio_jobs/proxies.py::black PASSED
invenio_jobs/registry.py::PYDOCSTYLE PASSED
invenio_jobs/registry.py::ISORT PASSED
invenio_jobs/registry.py::black PASSED
invenio_jobs/resources/__init__.py::PYDOCSTYLE PASSED
invenio_jobs/resources/__init__.py::ISORT PASSED
invenio_jobs/resources/__init__.py::black PASSED
invenio_jobs/resources/config.py::PYDOCSTYLE PASSED
invenio_jobs/resources/config.py::ISORT PASSED
invenio_jobs/resources/config.py::black PASSED
invenio_jobs/resources/resources.py::PYDOCSTYLE PASSED
invenio_jobs/resources/resources.py::ISORT PASSED
invenio_jobs/resources/resources.py::black PASSED
invenio_jobs/services/__init__.py::PYDOCSTYLE PASSED
invenio_jobs/services/__init__.py::ISORT PASSED
invenio_jobs/services/__init__.py::black PASSED
invenio_jobs/services/config.py::PYDOCSTYLE PASSED
invenio_jobs/services/config.py::ISORT PASSED
invenio_jobs/services/config.py::black PASSED
invenio_jobs/services/errors.py::PYDOCSTYLE PASSED
invenio_jobs/services/errors.py::ISORT PASSED
invenio_jobs/services/errors.py::black PASSED
invenio_jobs/services/links.py::PYDOCSTYLE PASSED
invenio_jobs/services/links.py::ISORT PASSED
invenio_jobs/services/links.py::black PASSED
invenio_jobs/services/permissions.py::PYDOCSTYLE PASSED
invenio_jobs/services/permissions.py::ISORT PASSED
invenio_jobs/services/permissions.py::black PASSED
invenio_jobs/services/results.py::PYDOCSTYLE PASSED
invenio_jobs/services/results.py::ISORT PASSED
invenio_jobs/services/results.py::black PASSED
invenio_jobs/services/scheduler.py::PYDOCSTYLE PASSED
invenio_jobs/services/scheduler.py::ISORT PASSED
invenio_jobs/services/scheduler.py::black PASSED
invenio_jobs/services/schema.py::PYDOCSTYLE PASSED
invenio_jobs/services/schema.py::ISORT PASSED
invenio_jobs/services/schema.py::black PASSED
invenio_jobs/services/services.py::PYDOCSTYLE PASSED
invenio_jobs/services/services.py::ISORT PASSED
invenio_jobs/services/services.py::black PASSED
invenio_jobs/services/ui_schema.py::PYDOCSTYLE PASSED
invenio_jobs/services/ui_schema.py::ISORT PASSED
invenio_jobs/services/ui_schema.py::black PASSED
invenio_jobs/tasks.py::PYDOCSTYLE PASSED
invenio_jobs/tasks.py::ISORT PASSED
invenio_jobs/tasks.py::black PASSED
invenio_jobs/utils.py::PYDOCSTYLE PASSED
invenio_jobs/utils.py::ISORT PASSED
invenio_jobs/utils.py::black PASSED
invenio_jobs/views.py::PYDOCSTYLE PASSED
invenio_jobs/views.py::ISORT PASSED
invenio_jobs/views.py::black PASSED
invenio_jobs/webpack.py::PYDOCSTYLE PASSED
invenio_jobs/webpack.py::ISORT PASSED
invenio_jobs/webpack.py::black PASSED

=============================== warnings summary ===============================
.venv/lib/python3.12/site-packages/passlib/utils/__init__.py:854
  /home/runner/work/invenio-bug-verification/invenio-bug-verification/package-repo/.venv/lib/python3.12/site-packages/passlib/utils/__init__.py:854: DeprecationWarning: 'crypt' is deprecated and slated for removal in Python 3.13
    from crypt import crypt as _crypt

.venv/lib/python3.12/site-packages/marshmallow_utils/fields/generated.py:12
.venv/lib/python3.12/site-packages/marshmallow_utils/fields/generated.py:12
  /home/runner/work/invenio-bug-verification/invenio-bug-verification/package-repo/.venv/lib/python3.12/site-packages/marshmallow_utils/fields/generated.py:12: DeprecationWarning: The '__version_info__' attribute is deprecated and will be removed in in a future version. Use feature detection or 'packaging.Version(importlib.metadata.version("marshmallow")).release' instead.
    from marshmallow import __version_info__ as marshmallow_version

.venv/lib/python3.12/site-packages/jsonresolver/contrib/jsonschema.py:31
.venv/lib/python3.12/site-packages/jsonresolver/contrib/jsonschema.py:31
  /home/runner/work/invenio-bug-verification/invenio-bug-verification/package-repo/.venv/lib/python3.12/site-packages/jsonresolver/contrib/jsonschema.py:31: DeprecationWarning: jsonschema.RefResolver is deprecated as of v4.18.0, in favor of the https://github.com/python-jsonschema/referencing library, which provides more compliant referencing behavior as well as more flexible APIs for customization. A future release will remove RefResolver. Please file a feature request (on referencing) if you are missing an API for the kind of customization you need.
    from jsonschema import RefResolver as _RefResolver

.venv/lib/python3.12/site-packages/invenio_records/resolver.py:14
.venv/lib/python3.12/site-packages/invenio_records/resolver.py:14
  /home/runner/work/invenio-bug-verification/invenio-bug-verification/package-repo/.venv/lib/python3.12/site-packages/invenio_records/resolver.py:14: DeprecationWarning: jsonschema.exceptions.RefResolutionError is deprecated as of version 4.18.0. If you wish to catch potential reference resolution errors, directly catch referencing.exceptions.Unresolvable.
    from jsonschema import RefResolutionError, RefResolver

.venv/lib/python3.12/site-packages/invenio_records/resolver.py:14
.venv/lib/python3.12/site-packages/invenio_records/resolver.py:14
  /home/runner/work/invenio-bug-verification/invenio-bug-verification/package-repo/.venv/lib/python3.12/site-packages/invenio_records/resolver.py:14: DeprecationWarning: jsonschema.RefResolver is deprecated as of v4.18.0, in favor of the https://github.com/python-jsonschema/referencing library, which provides more compliant referencing behavior as well as more flexible APIs for customization. A future release will remove RefResolver. Please file a feature request (on referencing) if you are missing an API for the kind of customization you need.
    from jsonschema import RefResolutionError, RefResolver

.venv/lib/python3.12/site-packages/invenio_records_resources/services/files/schema.py:154
  /home/runner/work/invenio-bug-verification/invenio-bug-verification/package-repo/.venv/lib/python3.12/site-packages/invenio_records_resources/services/files/schema.py:154: RemovedInMarshmallow4Warning: The 'default' argument to fields is deprecated. Use 'dump_default' instead.
    storage_class = Str(default="L", dump_only=False)

.venv/lib/python3.12/site-packages/invenio_records_resources/services/base/links.py:140: 35 warnings
  /home/runner/work/invenio-bug-verification/invenio-bug-verification/package-repo/.venv/lib/python3.12/site-packages/invenio_records_resources/services/base/links.py:140: DeprecationWarning: Link is deprecated and will be removed in v14.0. Use `ExternalLink` for third-party links and `EndpointLink` for InvenioRDM links.
    warnings.warn(

.venv/lib/python3.12/site-packages/marshmallow/fields.py:986
.venv/lib/python3.12/site-packages/marshmallow/fields.py:986
.venv/lib/python3.12/site-packages/marshmallow/fields.py:986
.venv/lib/python3.12/site-packages/marshmallow/fields.py:986
.venv/lib/python3.12/site-packages/marshmallow/fields.py:986
  /home/runner/work/invenio-bug-verification/invenio-bug-verification/package-repo/.venv/lib/python3.12/site-packages/marshmallow/fields.py:986: RemovedInMarshmallow4Warning: The 'default' argument to fields is deprecated. Use 'dump_default' instead.
    super().__init__(**kwargs)

.venv/lib/python3.12/site-packages/marshmallow/utils.py:361
  /home/runner/work/invenio-bug-verification/invenio-bug-verification/package-repo/.venv/lib/python3.12/site-packages/marshmallow/utils.py:361: ChangedInMarshmallow4Warning: `Field` should not be instantiated. Use `fields.Raw` or  another field subclass instead.
    return cls_or_instance()

tests/resources/test_resources.py: 22 warnings
tests/test_services_subtasks.py: 91 warnings
  /home/runner/work/invenio-bug-verification/invenio-bug-verification/package-repo/.venv/lib/python3.12/site-packages/sqlalchemy/sql/schema.py:3624: DeprecationWarning: datetime.datetime.utcnow() is deprecated and scheduled for removal in a future version. Use timezone-aware objects to represent datetimes in UTC: datetime.datetime.now(datetime.UTC).
    return util.wrap_callable(lambda ctx: fn(), fn)  # type: ignore

tests/resources/test_resources.py: 3 warnings
tests/test_services_job_logs.py: 2 warnings
tests/test_services_subtasks.py: 11 warnings
  /home/runner/work/invenio-bug-verification/invenio-bug-verification/package-repo/.venv/lib/python3.12/site-packages/pytest_invenio/user.py:36: DeprecationWarning: datetime.datetime.utcnow() is deprecated and scheduled for removal in a future version. Use timezone-aware objects to represent datetimes in UTC: datetime.datetime.now(datetime.UTC).
    self._confirmed = datetime.utcnow() if confirmed else None

tests/resources/test_resources.py: 1 warning
tests/test_services_subtasks.py: 51 warnings
  /home/runner/work/invenio-bug-verification/invenio-bug-verification/package-repo/.venv/lib/python3.12/site-packages/sqlalchemy_utils/models.py:33: DeprecationWarning: datetime.datetime.utcnow() is deprecated and scheduled for removal in a future version. Use timezone-aware objects to represent datetimes in UTC: datetime.datetime.now(datetime.UTC).
    target.updated = datetime.utcnow()

tests/test_services_job_logs.py::test_job_logs_search_limits_to_max_docs
tests/test_services_subtasks.py::test_create_subtask_run
  /home/runner/work/invenio-bug-verification/invenio-bug-verification/package-repo/.venv/lib/python3.12/site-packages/flask_caching/__init__.py:145: DeprecationWarning: Using the initialization functions in flask_caching.backend is deprecated.  Use the a full path to backend classes directly.
    self._set_cache(app, config)

tests/test_services_subtasks.py::test_create_subtask_run
  /home/runner/work/invenio-bug-verification/invenio-bug-verification/package-repo/.venv/lib/python3.12/site-packages/invenio_db/uow.py:193: SAWarning: Identity map already had an identity for (<class 'invenio_jobs.models.Run'>, (UUID('b54191a7-3433-4d83-ac9f-2cb0b8e2cbd1'),), None), replacing it with newly flushed object.   Are there load operations occurring inside of an event handler within the flush?
    self.session.commit()

tests/test_services_subtasks.py::test_start_processing_subtask
  /home/runner/work/invenio-bug-verification/invenio-bug-verification/package-repo/.venv/lib/python3.12/site-packages/invenio_db/uow.py:193: SAWarning: Identity map already had an identity for (<class 'invenio_jobs.models.Run'>, (UUID('0aabb4a3-11de-4f24-a7d9-24748e8cd9a6'),), None), replacing it with newly flushed object.   Are there load operations occurring inside of an event handler within the flush?
    self.session.commit()

tests/test_services_subtasks.py::test_start_processing_subtask
tests/test_services_subtasks.py::test_finalize_subtask_success
tests/test_services_subtasks.py::test_finalize_subtask_failure
tests/test_services_subtasks.py::test_finalize_subtask_partial_success
tests/test_services_subtasks.py::test_finalize_subtask_partial_success
tests/test_services_subtasks.py::test_finalize_subtask_with_errored_entries_message
  /home/runner/work/invenio-bug-verification/invenio-bug-verification/package-repo/invenio_jobs/services/services.py:354: DeprecationWarning: datetime.datetime.utcnow() is deprecated and scheduled for removal in a future version. Use timezone-aware objects to represent datetimes in UTC: datetime.datetime.now(datetime.UTC).
    run.started_at = datetime.utcnow()

tests/test_services_subtasks.py::test_start_processing_subtask_invalid_status
  /home/runner/work/invenio-bug-verification/invenio-bug-verification/package-repo/.venv/lib/python3.12/site-packages/invenio_db/uow.py:193: SAWarning: Identity map already had an identity for (<class 'invenio_jobs.models.Run'>, (UUID('345b3e4a-2da3-4e57-a619-430e8a289a3f'),), None), replacing it with newly flushed object.   Are there load operations occurring inside of an event handler within the flush?
    self.session.commit()

tests/test_services_subtasks.py::test_finalize_subtask_success
  /home/runner/work/invenio-bug-verification/invenio-bug-verification/package-repo/.venv/lib/python3.12/site-packages/invenio_db/uow.py:193: SAWarning: Identity map already had an identity for (<class 'invenio_jobs.models.Run'>, (UUID('c7f8e52e-c7ac-444a-8039-20f48f6306cf'),), None), replacing it with newly flushed object.   Are there load operations occurring inside of an event handler within the flush?
    self.session.commit()

tests/test_services_subtasks.py::test_finalize_subtask_success
tests/test_services_subtasks.py::test_finalize_subtask_failure
tests/test_services_subtasks.py::test_finalize_subtask_partial_success
tests/test_services_subtasks.py::test_finalize_subtask_with_errored_entries_message
  /home/runner/work/invenio-bug-verification/invenio-bug-verification/package-repo/invenio_jobs/services/services.py:451: DeprecationWarning: datetime.datetime.utcnow() is deprecated and scheduled for removal in a future version. Use timezone-aware objects to represent datetimes in UTC: datetime.datetime.now(datetime.UTC).
    finished_at_value = datetime.utcnow()

tests/test_services_subtasks.py::test_finalize_subtask_failure
  /home/runner/work/invenio-bug-verification/invenio-bug-verification/package-repo/.venv/lib/python3.12/site-packages/invenio_db/uow.py:193: SAWarning: Identity map already had an identity for (<class 'invenio_jobs.models.Run'>, (UUID('f797e8aa-01b0-4b0d-b59e-4dfcfdfe764b'),), None), replacing it with newly flushed object.   Are there load operations occurring inside of an event handler within the flush?
    self.session.commit()

tests/test_services_subtasks.py::test_finalize_subtask_partial_success
  /home/runner/work/invenio-bug-verification/invenio-bug-verification/package-repo/.venv/lib/python3.12/site-packages/invenio_db/uow.py:193: SAWarning: Identity map already had an identity for (<class 'invenio_jobs.models.Run'>, (UUID('5f200005-575b-4e79-b162-cc2ab0b020d8'),), None), replacing it with newly flushed object.   Are there load operations occurring inside of an event handler within the flush?
    self.session.commit()

tests/test_services_subtasks.py::test_finalize_subtask_with_errored_entries_message
  /home/runner/work/invenio-bug-verification/invenio-bug-verification/package-repo/.venv/lib/python3.12/site-packages/invenio_db/uow.py:193: SAWarning: Identity map already had an identity for (<class 'invenio_jobs.models.Run'>, (UUID('78f0ccfe-8d6c-452d-97c4-90c201457e67'),), None), replacing it with newly flushed object.   Are there load operations occurring inside of an event handler within the flush?
    self.session.commit()

-- Docs: https://docs.pytest.org/en/stable/how-to/capture-warnings.html
- generated xml file: /home/runner/work/invenio-bug-verification/invenio-bug-verification/artifacts/test-report-patched.xml -
================================ tests coverage ================================
_______________ coverage: platform linux, python 3.12.12-final-0 _______________

Name                                                                  Stmts   Miss  Cover   Missing
---------------------------------------------------------------------------------------------------
invenio_jobs/__init__.py                                                  3      0   100%
invenio_jobs/administration/__init__.py                                   0      0   100%
invenio_jobs/administration/jobs.py                                      73     15    79%   105, 109-115, 119-124, 133-138
invenio_jobs/administration/runs.py                                      46     25    46%   39-54, 58-65, 69-70, 74-75
invenio_jobs/alembic/1f896f6990b8_update_jobs_module_table_names.py      20     10    50%   25-32, 40-45
invenio_jobs/alembic/371f4cbcb73d_create_invenio_jobs_branch.py          10      2    80%   22, 27
invenio_jobs/alembic/356496a01197_create_invenio_jobs_tables.py          17      4    76%   30-62, 105-106
invenio_jobs/alembic/1753948224_add_subtasks_columns_to_jobs_run.py      31     22    29%   23-91, 102-114
invenio_jobs/api.py                                                       4      0   100%
invenio_jobs/config.py                                                   32      0   100%
invenio_jobs/errors.py                                                   11      3    73%   20-22
invenio_jobs/ext.py                                                      57      1    98%   106
invenio_jobs/jobs.py                                                     32      7    78%   65-67, 89, 102, 105-113
invenio_jobs/logging/__init__.py                                          0      0   100%
invenio_jobs/logging/celery_signals.py                                   19      5    74%   23-26, 38-40, 49
invenio_jobs/logging/index_templates/__init__.py                          0      0   100%
invenio_jobs/logging/index_templates/os-v1/__init__.py                    0      0   100%
invenio_jobs/logging/index_templates/os-v2/__init__.py                    0      0   100%
invenio_jobs/logging/jobs.py                                             63      5    92%   98, 119-121, 125-126
invenio_jobs/logging/tasks.py                                             8      2    75%   20-21
invenio_jobs/models.py                                                  130     11    92%   80-88, 215-217
invenio_jobs/proxies.py                                                  12      0   100%
invenio_jobs/registry.py                                                 26      5    81%   23, 32-35
invenio_jobs/resources/__init__.py                                        3      0   100%
invenio_jobs/resources/config.py                                         57      0   100%
invenio_jobs/resources/resources.py                                     126     14    89%   48-53, 58-63, 210-217, 237-243, 249-255
invenio_jobs/services/__init__.py                                         4      0   100%
invenio_jobs/services/config.py                                          79      0   100%
invenio_jobs/services/errors.py                                          22      1    95%   63
invenio_jobs/services/links.py                                           11      1    91%   38
invenio_jobs/services/permissions.py                                     25      0   100%
invenio_jobs/services/results.py                                        100     13    87%   53-54, 83, 92-95, 120-121, 148-149, 167, 169-170
invenio_jobs/services/scheduler.py                                       55     31    44%   31-32, 37-39, 59, 66, 70-71, 75-94, 99-106, 113-117
invenio_jobs/services/schema.py                                         149     10    93%   51-56, 132, 185, 288, 321-322
invenio_jobs/services/services.py                                       246     31    87%   52, 60-64, 91-93, 192-194, 212, 309, 418, 438, 474-488, 493-499, 508, 544, 555, 561-562
invenio_jobs/services/ui_schema.py                                       19      0   100%
invenio_jobs/tasks.py                                                    63     23    63%   29, 41-44, 71, 75-90, 92-111, 116, 121, 134
invenio_jobs/utils.py                                                    28     19    32%   20-31, 36-47, 55
invenio_jobs/views.py                                                    14      0   100%
invenio_jobs/webpack.py                                                   2      0   100%
---------------------------------------------------------------------------------------------------
TOTAL                                                                  1597    260    84%
================ 171 passed, 3 skipped, 251 warnings in 24.71s =================
 Container docker_services_cli-elasticsearch-1  Stopping
 Container docker_services_cli-redis-1  Stopping
 Container docker_services_cli-rabbitmq-1  Stopping
 Container docker_services_cli-postgresql-1  Stopping
 Container docker_services_cli-redis-1  Stopped
 Container docker_services_cli-redis-1  Removing
 Container docker_services_cli-redis-1  Removed
 Container docker_services_cli-postgresql-1  Stopped
 Container docker_services_cli-postgresql-1  Removing
 Container docker_services_cli-postgresql-1  Removed
 Container docker_services_cli-elasticsearch-1  Stopped
 Container docker_services_cli-elasticsearch-1  Removing
 Container docker_services_cli-elasticsearch-1  Removed
 Container docker_services_cli-rabbitmq-1  Stopped
 Container docker_services_cli-rabbitmq-1  Removing
 Container docker_services_cli-rabbitmq-1  Removed
 Network docker_services_cli_default  Removing
 Network docker_services_cli_default  Removed
